

================================================================
== Vivado HLS Report for 'decompressf'
================================================================
* Date:           Sat May 15 17:44:12 2021

* Version:        2019.1 (Build 2552052 on Fri May 24 15:28:33 MDT 2019)
* Project:        imageprosseing
* Solution:       decomppipe
* Product family: zynq
* Target device:  xc7z020-clg484-1


================================================================
== Performance Estimates
================================================================
+ Timing (ns): 
    * Summary: 
    +--------+-------+----------+------------+
    |  Clock | Target| Estimated| Uncertainty|
    +--------+-------+----------+------------+
    |ap_clk  |  10.00|     8.279|        1.25|
    +--------+-------+----------+------------+

+ Latency (clock cycles): 
    * Summary: 
    +-----+-----+-----+-----+---------+
    |  Latency  |  Interval | Pipeline|
    | min | max | min | max |   Type  |
    +-----+-----+-----+-----+---------+
    |    ?|    ?|    ?|    ?|   none  |
    +-----+-----+-----+-----+---------+

    + Detail: 
        * Instance: 
        N/A

        * Loop: 
        +----------+------+------+----------+-----------+-----------+------+----------+
        |          |   Latency   | Iteration|  Initiation Interval  | Trip |          |
        | Loop Name|  min |  max |  Latency |  achieved |   target  | Count| Pipelined|
        +----------+------+------+----------+-----------+-----------+------+----------+
        |- col1    |     ?|     ?|         ?|          -|          -|     ?|    no    |
        | + j      |     ?|     ?|         1|          1|          2|     ?|    yes   |
        |- row     |  1300|  1300|        52|          -|          -|    25|    no    |
        | + col    |    50|    50|         2|          -|          -|    25|    no    |
        +----------+------+------+----------+-----------+-----------+------+----------+



================================================================
== Utilization Estimates
================================================================
* Summary: 
+-----------------+---------+-------+--------+-------+-----+
|       Name      | BRAM_18K| DSP48E|   FF   |  LUT  | URAM|
+-----------------+---------+-------+--------+-------+-----+
|DSP              |        -|      -|       -|      -|    -|
|Expression       |        -|      -|       0|    450|    -|
|FIFO             |        -|      -|       -|      -|    -|
|Instance         |        -|      -|       -|      -|    -|
|Memory           |        2|      -|       0|      0|    0|
|Multiplexer      |        -|      -|       -|    140|    -|
|Register         |        -|      -|     334|      -|    -|
+-----------------+---------+-------+--------+-------+-----+
|Total            |        2|      0|     334|    590|    0|
+-----------------+---------+-------+--------+-------+-----+
|Available        |      280|    220|  106400|  53200|    0|
+-----------------+---------+-------+--------+-------+-----+
|Utilization (%)  |    ~0   |      0|   ~0   |      1|    0|
+-----------------+---------+-------+--------+-------+-----+

+ Detail: 
    * Instance: 
    N/A

    * DSP48E: 
    N/A

    * Memory: 
    +---------+-------------------+---------+---+----+-----+------+-----+------+-------------+
    |  Memory |       Module      | BRAM_18K| FF| LUT| URAM| Words| Bits| Banks| W*Bits*Banks|
    +---------+-------------------+---------+---+----+-----+------+-----+------+-------------+
    |unr1d_U  |decompressf_unr1d  |        2|  0|   0|    0|   625|   32|     1|        20000|
    +---------+-------------------+---------+---+----+-----+------+-----+------+-------------+
    |Total    |                   |        2|  0|   0|    0|   625|   32|     1|        20000|
    +---------+-------------------+---------+---+----+-----+------+-----+------+-------------+

    * FIFO: 
    N/A

    * Expression: 
    +------------------------+----------+-------+---+----+------------+------------+
    |      Variable Name     | Operation| DSP48E| FF| LUT| Bitwidth P0| Bitwidth P1|
    +------------------------+----------+-------+---+----+------------+------------+
    |add_ln286_fu_284_p2     |     +    |      0|  0|  38|          31|           1|
    |add_ln291_fu_295_p2     |     +    |      0|  0|  39|          32|           1|
    |add_ln303_1_fu_381_p2   |     +    |      0|  0|  14|          10|          10|
    |add_ln303_2_fu_307_p2   |     +    |      0|  0|  14|          10|           5|
    |add_ln303_3_fu_313_p2   |     +    |      0|  0|  14|          10|           5|
    |add_ln303_fu_353_p2     |     +    |      0|  0|  14|          10|          10|
    |h_fu_301_p2             |     +    |      0|  0|  39|          32|           2|
    |i_fu_325_p2             |     +    |      0|  0|  15|           5|           1|
    |j_3_fu_269_p2           |     +    |      0|  0|  39|          32|          32|
    |j_fu_347_p2             |     +    |      0|  0|  15|           5|           1|
    |sub_ln303_fu_364_p2     |     -    |      0|  0|  15|           5|           5|
    |empty_fu_251_p2         |   icmp   |      0|  0|  18|          32|           1|
    |icmp_ln283_fu_225_p2    |   icmp   |      0|  0|  18|          32|          10|
    |icmp_ln286_fu_279_p2    |   icmp   |      0|  0|  18|          32|          32|
    |icmp_ln298_fu_319_p2    |   icmp   |      0|  0|  11|           5|           4|
    |icmp_ln300_fu_341_p2    |   icmp   |      0|  0|  11|           5|           4|
    |icmp_ln303_fu_331_p2    |   icmp   |      0|  0|  18|          32|           1|
    |or_ln286_fu_231_p2      |    or    |      0|  0|  32|          32|           1|
    |select_ln303_fu_370_p3  |  select  |      0|  0|   5|           1|           5|
    |smax_fu_257_p3          |  select  |      0|  0|  31|           1|          31|
    |x_fu_387_p2             |    xor   |      0|  0|  32|          32|           1|
    +------------------------+----------+-------+---+----+------------+------------+
    |Total                   |          |      0|  0| 450|         386|         163|
    +------------------------+----------+-------+---+----+------------+------------+

    * Multiplexer: 
    +------------------+----+-----------+-----+-----------+
    |       Name       | LUT| Input Size| Bits| Total Bits|
    +------------------+----+-----------+-----+-----------+
    |ap_NS_fsm         |  44|          9|    1|          9|
    |h_0_reg_134       |   9|          2|   32|         64|
    |i_0_reg_179       |   9|          2|    5|         10|
    |j_0_reg_122       |   9|          2|   32|         64|
    |j_1_reg_146       |   9|          2|   32|         64|
    |j_2_reg_214       |   9|          2|    5|         10|
    |k_0_reg_156       |   9|          2|   31|         62|
    |phi_mul1_reg_202  |   9|          2|   10|         20|
    |phi_mul_reg_190   |   9|          2|   10|         20|
    |unr1d_address0    |  15|          3|   10|         30|
    |x_0_reg_167       |   9|          2|   32|         64|
    +------------------+----+-----------+-----+-----------+
    |Total             | 140|         30|  200|        417|
    +------------------+----+-----------+-----+-----------+

    * Register: 
    +---------------------+----+----+-----+-----------+
    |         Name        | FF | LUT| Bits| Const Bits|
    +---------------------+----+----+-----+-----------+
    |add_ln303_1_reg_479  |  10|   0|   10|          0|
    |add_ln303_2_reg_443  |  10|   0|   10|          0|
    |add_ln303_3_reg_448  |  10|   0|   10|          0|
    |ap_CS_fsm            |   8|   0|    8|          0|
    |c_load_1_reg_415     |  32|   0|   32|          0|
    |c_load_reg_410       |  32|   0|   32|          0|
    |h_0_reg_134          |  32|   0|   32|          0|
    |i_0_reg_179          |   5|   0|    5|          0|
    |i_reg_456            |   5|   0|    5|          0|
    |icmp_ln303_reg_461   |   1|   0|    1|          0|
    |j_0_reg_122          |  32|   0|   32|          0|
    |j_1_reg_146          |  32|   0|   32|          0|
    |j_2_reg_214          |   5|   0|    5|          0|
    |j_3_reg_420          |  32|   0|   32|          0|
    |j_reg_469            |   5|   0|    5|          0|
    |k_0_reg_156          |  31|   0|   31|          0|
    |phi_mul1_reg_202     |  10|   0|   10|          0|
    |phi_mul_reg_190      |  10|   0|   10|          0|
    |x_0_reg_167          |  32|   0|   32|          0|
    +---------------------+----+----+-----+-----------+
    |Total                | 334|   0|  334|          0|
    +---------------------+----+----+-----+-----------+



================================================================
== Interface
================================================================
* Summary: 
+-------------+-----+-----+------------+--------------+--------------+
|  RTL Ports  | Dir | Bits|  Protocol  | Source Object|    C Type    |
+-------------+-----+-----+------------+--------------+--------------+
|ap_clk       |  in |    1| ap_ctrl_hs |  decompressf | return value |
|ap_rst       |  in |    1| ap_ctrl_hs |  decompressf | return value |
|ap_start     |  in |    1| ap_ctrl_hs |  decompressf | return value |
|ap_done      | out |    1| ap_ctrl_hs |  decompressf | return value |
|ap_idle      | out |    1| ap_ctrl_hs |  decompressf | return value |
|ap_ready     | out |    1| ap_ctrl_hs |  decompressf | return value |
|c_address0   | out |   10|  ap_memory |       c      |     array    |
|c_ce0        | out |    1|  ap_memory |       c      |     array    |
|c_q0         |  in |   32|  ap_memory |       c      |     array    |
|c_address1   | out |   10|  ap_memory |       c      |     array    |
|c_ce1        | out |    1|  ap_memory |       c      |     array    |
|c_q1         |  in |   32|  ap_memory |       c      |     array    |
|dc_address0  | out |   10|  ap_memory |      dc      |     array    |
|dc_ce0       | out |    1|  ap_memory |      dc      |     array    |
|dc_we0       | out |    1|  ap_memory |      dc      |     array    |
|dc_d0        | out |   32|  ap_memory |      dc      |     array    |
+-------------+-----+-----+------------+--------------+--------------+

