

================================================================
== Vivado HLS Report for 'blurf'
================================================================
* Date:           Sat May 15 16:32:50 2021

* Version:        2019.1 (Build 2552052 on Fri May 24 15:28:33 MDT 2019)
* Project:        imageprosseing
* Solution:       averagelatency
* Product family: zynq
* Target device:  xc7z020-clg484-1


================================================================
== Performance Estimates
================================================================
+ Timing (ns): 
    * Summary: 
    +--------+-------+----------+------------+
    |  Clock | Target| Estimated| Uncertainty|
    +--------+-------+----------+------------+
    |ap_clk  |  10.00|     8.742|        1.25|
    +--------+-------+----------+------------+

+ Latency (clock cycles): 
    * Summary: 
    +-------+--------+-------+--------+---------+
    |     Latency    |    Interval    | Pipeline|
    |  min  |   max  |  min  |   max  |   Type  |
    +-------+--------+-------+--------+---------+
    |  60201|  100201|  60201|  100201|   none  |
    +-------+--------+-------+--------+---------+

    + Detail: 
        * Instance: 
        N/A

        * Loop: 
        +----------+-------+--------+------------+-----------+-----------+------+----------+
        |          |     Latency    |  Iteration |  Initiation Interval  | Trip |          |
        | Loop Name|  min  |   max  |   Latency  |  achieved |   target  | Count| Pipelined|
        +----------+-------+--------+------------+-----------+-----------+------+----------+
        |- rows    |  60200|  100200| 602 ~ 1002 |          -|          -|   100|    no    |
        | + colll  |    600|    1000|   6 ~ 10   |          -|          -|   100|    no    |
        +----------+-------+--------+------------+-----------+-----------+------+----------+



================================================================
== Utilization Estimates
================================================================
* Summary: 
+-----------------+---------+-------+--------+-------+-----+
|       Name      | BRAM_18K| DSP48E|   FF   |  LUT  | URAM|
+-----------------+---------+-------+--------+-------+-----+
|DSP              |        -|      -|       -|      -|    -|
|Expression       |        -|     20|       0|   2911|    -|
|FIFO             |        -|      -|       -|      -|    -|
|Instance         |        -|      -|       -|      -|    -|
|Memory           |        -|      -|       -|      -|    -|
|Multiplexer      |        -|      -|       -|    569|    -|
|Register         |        -|      -|    1792|      -|    -|
+-----------------+---------+-------+--------+-------+-----+
|Total            |        0|     20|    1792|   3480|    0|
+-----------------+---------+-------+--------+-------+-----+
|Available        |      280|    220|  106400|  53200|    0|
+-----------------+---------+-------+--------+-------+-----+
|Utilization (%)  |        0|      9|       1|      6|    0|
+-----------------+---------+-------+--------+-------+-----+

+ Detail: 
    * Instance: 
    N/A

    * DSP48E: 
    N/A

    * Memory: 
    N/A

    * FIFO: 
    N/A

    * Expression: 
    +---------------------------+----------+-------+---+----+------------+------------+
    |       Variable Name       | Operation| DSP48E| FF| LUT| Bitwidth P0| Bitwidth P1|
    +---------------------------+----------+-------+---+----+------------+------------+
    |mul_ln106_fu_683_p2        |     *    |      0|  0|  33|           7|           7|
    |mul_ln138_fu_1461_p2       |     *    |      4|  0|  22|          32|          33|
    |mul_ln150_fu_1399_p2       |     *    |      4|  0|  22|          32|          33|
    |mul_ln162_fu_1337_p2       |     *    |      4|  0|  22|          32|          33|
    |mul_ln174_fu_1228_p2       |     *    |      4|  0|  22|          32|          33|
    |mul_ln186_fu_1115_p2       |     *    |      4|  0|  22|          32|          33|
    |mul_ln95_fu_781_p2         |     *    |      0|  0|  41|           7|           8|
    |add_ln101_3_fu_742_p2      |     +    |      0|  0|  19|           7|          14|
    |add_ln106_fu_698_p2        |     +    |      0|  0|  19|           7|          14|
    |add_ln110_fu_709_p2        |     +    |      0|  0|  19|           7|          14|
    |add_ln154_1_fu_952_p2      |     +    |      0|  0|  21|          15|          15|
    |add_ln155_fu_962_p2        |     +    |      0|  0|  19|          14|          14|
    |add_ln159_fu_1290_p2       |     +    |      0|  0|  19|          14|          14|
    |add_ln160_fu_1303_p2       |     +    |      0|  0|  19|          14|          14|
    |add_ln161_fu_1323_p2       |     +    |      0|  0|  19|          14|          14|
    |add_ln162_5_fu_1313_p2     |     +    |      0|  0|  19|          14|          14|
    |add_ln166_1_fu_920_p2      |     +    |      0|  0|  21|          15|          15|
    |add_ln168_fu_934_p2        |     +    |      0|  0|  21|          15|          15|
    |add_ln169_fu_1185_p2       |     +    |      0|  0|  21|          15|          15|
    |add_ln170_fu_1173_p2       |     +    |      0|  0|  21|          15|          15|
    |add_ln173_fu_1213_p2       |     +    |      0|  0|  19|          14|          14|
    |add_ln174_5_fu_1199_p2     |     +    |      0|  0|  19|          14|          14|
    |add_ln178_fu_891_p2        |     +    |      0|  0|  19|          14|          14|
    |add_ln179_1_fu_906_p2      |     +    |      0|  0|  21|          15|          15|
    |add_ln180_fu_1021_p2       |     +    |      0|  0|  21|          15|          15|
    |add_ln181_fu_1003_p2       |     +    |      0|  0|  21|          15|          15|
    |add_ln182_fu_1013_p2       |     +    |      0|  0|  21|          15|          15|
    |add_ln183_fu_1051_p2       |     +    |      0|  0|  19|          14|          14|
    |add_ln184_fu_1031_p2       |     +    |      0|  0|  19|          14|          14|
    |add_ln185_fu_1042_p2       |     +    |      0|  0|  19|          14|          14|
    |add_ln186_2_fu_1083_p2     |     +    |      0|  0|  32|          32|          32|
    |add_ln186_3_fu_1087_p2     |     +    |      0|  0|  32|          32|          32|
    |add_ln186_5_fu_1078_p2     |     +    |      0|  0|  32|          32|          32|
    |add_ln186_6_fu_1093_p2     |     +    |      0|  0|  32|          32|          32|
    |add_ln186_7_fu_1098_p2     |     +    |      0|  0|  32|          32|          32|
    |add_ln186_8_fu_1056_p2     |     +    |      0|  0|  19|          14|          14|
    |add_ln75_fu_657_p2         |     +    |      0|  0|  19|          14|           7|
    |add_ln86_fu_976_p2         |     +    |      0|  0|  19|          14|          14|
    |add_ln87_fu_990_p2         |     +    |      0|  0|  19|          14|          14|
    |add_ln88_fu_1607_p2        |     +    |      0|  0|  19|          14|          14|
    |add_ln89_2_fu_1623_p2      |     +    |      0|  0|  32|          32|          32|
    |add_ln89_3_fu_1597_p2      |     +    |      0|  0|  19|          14|          14|
    |add_ln89_fu_1617_p2        |     +    |      0|  0|  39|          32|          32|
    |add_ln93_fu_731_p2         |     +    |      0|  0|  19|           7|          14|
    |add_ln95_1_fu_792_p2       |     +    |      0|  0|  21|           7|          15|
    |add_ln95_fu_771_p2         |     +    |      0|  0|  15|           2|           8|
    |add_ln97_fu_803_p2         |     +    |      0|  0|  21|           7|          15|
    |grp_fu_468_p2              |     +    |      0|  0|  15|           8|           2|
    |grp_fu_473_p2              |     +    |      0|  0|  39|          32|          32|
    |grp_fu_479_p2              |     +    |      0|  0|  32|          32|          32|
    |grp_fu_495_p2              |     +    |      0|  0|  39|          32|          32|
    |grp_fu_501_p2              |     +    |      0|  0|  32|          32|          32|
    |grp_fu_507_p2              |     +    |      0|  0|  39|          32|          32|
    |grp_fu_513_p2              |     +    |      0|  0|  32|          32|          32|
    |grp_fu_519_p2              |     +    |      0|  0|  39|          32|          32|
    |grp_fu_525_p2              |     +    |      0|  0|  32|          32|          32|
    |grp_fu_551_p2              |     +    |      0|  0|  32|          32|          32|
    |grp_fu_557_p2              |     +    |      0|  0|  32|          32|          32|
    |grp_fu_571_p2              |     +    |      0|  0|  32|          32|          32|
    |grp_fu_577_p2              |     +    |      0|  0|  32|          32|          32|
    |grp_fu_591_p2              |     +    |      0|  0|  32|          32|          32|
    |i_fu_673_p2                |     +    |      0|  0|  15|           7|           1|
    |j_fu_842_p2                |     +    |      0|  0|  15|           7|           1|
    |grp_fu_605_p2              |     -    |      0|  0|  39|           1|          32|
    |sub_ln101_1_fu_1575_p2     |     -    |      0|  0|  38|           1|          31|
    |sub_ln113_1_fu_1549_p2     |     -    |      0|  0|  38|           1|          31|
    |sub_ln126_1_fu_1523_p2     |     -    |      0|  0|  38|           1|          31|
    |sub_ln138_1_fu_1506_p2     |     -    |      0|  0|  39|           1|          32|
    |sub_ln138_fu_1477_p2       |     -    |      0|  0|  72|           1|          65|
    |sub_ln150_1_fu_1444_p2     |     -    |      0|  0|  39|           1|          32|
    |sub_ln150_fu_1415_p2       |     -    |      0|  0|  72|           1|          65|
    |sub_ln162_1_fu_1382_p2     |     -    |      0|  0|  39|           1|          32|
    |sub_ln162_fu_1353_p2       |     -    |      0|  0|  72|           1|          65|
    |sub_ln174_1_fu_1273_p2     |     -    |      0|  0|  39|           1|          32|
    |sub_ln174_fu_1244_p2       |     -    |      0|  0|  72|           1|          65|
    |sub_ln186_1_fu_1160_p2     |     -    |      0|  0|  39|           1|          32|
    |sub_ln186_fu_1131_p2       |     -    |      0|  0|  72|           1|          65|
    |sub_ln89_1_fu_1665_p2      |     -    |      0|  0|  38|           1|          31|
    |sub_ln89_fu_1636_p2        |     -    |      0|  0|  39|           1|          32|
    |and_ln103_fu_871_p2        |    and   |      0|  0|   2|           1|           1|
    |and_ln116_fu_882_p2        |    and   |      0|  0|   2|           1|           1|
    |and_ln91_fu_866_p2         |    and   |      0|  0|   2|           1|           1|
    |icmp_ln103_fu_825_p2       |   icmp   |      0|  0|  11|           7|           1|
    |icmp_ln116_fu_876_p2       |   icmp   |      0|  0|  11|           7|           1|
    |icmp_ln75_fu_667_p2        |   icmp   |      0|  0|  11|           7|           6|
    |icmp_ln77_fu_836_p2        |   icmp   |      0|  0|  11|           7|           6|
    |icmp_ln79_fu_854_p2        |   icmp   |      0|  0|  11|           7|           1|
    |icmp_ln91_1_fu_860_p2      |   icmp   |      0|  0|  11|           7|           6|
    |icmp_ln91_fu_765_p2        |   icmp   |      0|  0|  11|           7|           6|
    |or_ln121_fu_814_p2         |    or    |      0|  0|  15|          15|           1|
    |or_ln125_fu_754_p2         |    or    |      0|  0|  14|          14|           1|
    |or_ln148_fu_720_p2         |    or    |      0|  0|  14|          14|           1|
    |or_ln79_fu_848_p2          |    or    |      0|  0|   7|           7|           7|
    |select_ln101_fu_1585_p3    |  select  |      0|  0|  31|           1|          31|
    |select_ln113_fu_1559_p3    |  select  |      0|  0|  31|           1|          31|
    |select_ln126_fu_1533_p3    |  select  |      0|  0|  31|           1|          31|
    |select_ln138_1_fu_1512_p3  |  select  |      0|  0|  32|           1|          32|
    |select_ln138_fu_1499_p3    |  select  |      0|  0|  32|           1|          32|
    |select_ln150_1_fu_1450_p3  |  select  |      0|  0|  32|           1|          32|
    |select_ln150_fu_1437_p3    |  select  |      0|  0|  32|           1|          32|
    |select_ln162_1_fu_1388_p3  |  select  |      0|  0|  32|           1|          32|
    |select_ln162_fu_1375_p3    |  select  |      0|  0|  32|           1|          32|
    |select_ln174_1_fu_1279_p3  |  select  |      0|  0|  32|           1|          32|
    |select_ln174_fu_1266_p3    |  select  |      0|  0|  32|           1|          32|
    |select_ln186_1_fu_1166_p3  |  select  |      0|  0|  32|           1|          32|
    |select_ln186_fu_1153_p3    |  select  |      0|  0|  32|           1|          32|
    |select_ln89_fu_1674_p3     |  select  |      0|  0|  31|           1|          31|
    +---------------------------+----------+-------+---+----+------------+------------+
    |Total                      |          |     20|  0|2911|        1385|        2441|
    +---------------------------+----------+-------+---+----+------------+------------+

    * Multiplexer: 
    +-----------------+-----+-----------+-----+-----------+
    |       Name      | LUT | Input Size| Bits| Total Bits|
    +-----------------+-----+-----------+-----+-----------+
    |a1_address0      |   97|         20|   14|        280|
    |a1_address1      |   97|         20|   14|        280|
    |ap_NS_fsm        |  245|         57|    1|         57|
    |b1_address0      |   38|          7|   14|         98|
    |b1_d0            |   47|         10|   32|        320|
    |i_0_reg_432      |    9|          2|    7|         14|
    |j_0_reg_456      |    9|          2|    7|         14|
    |phi_mul_reg_444  |    9|          2|   14|         28|
    |reg_485          |    9|          2|   32|         64|
    |reg_490          |    9|          2|   32|         64|
    +-----------------+-----+-----------+-----+-----------+
    |Total            |  569|        124|  167|       1219|
    +-----------------+-----+-----------+-----+-----------+

    * Register: 
    +-------------------------+----+----+-----+-----------+
    |           Name          | FF | LUT| Bits| Const Bits|
    +-------------------------+----+----+-----+-----------+
    |a1_addr_10_reg_1795      |  14|   0|   14|          0|
    |a1_addr_11_reg_1800      |  13|   0|   14|          1|
    |a1_addr_12_reg_1748      |  13|   0|   14|          1|
    |a1_addr_13_reg_1753      |  14|   0|   14|          0|
    |a1_addr_14_reg_1728      |  14|   0|   14|          0|
    |a1_addr_15_reg_1733      |  13|   0|   14|          1|
    |a1_addr_4_reg_1738       |  14|   0|   14|          0|
    |a1_addr_5_reg_1784       |  14|   0|   14|          0|
    |a1_addr_6_reg_1789       |  14|   0|   14|          0|
    |a1_addr_7_reg_1743       |  14|   0|   14|          0|
    |a1_addr_8_reg_1718       |  14|   0|   14|          0|
    |a1_addr_9_reg_1723       |  14|   0|   14|          0|
    |add_ln179_reg_1856       |   8|   0|    8|          0|
    |add_ln182_reg_1921       |  15|   0|   15|          0|
    |add_ln183_reg_1951       |  14|   0|   14|          0|
    |add_ln184_reg_1936       |  14|   0|   14|          0|
    |add_ln185_reg_1946       |  14|   0|   14|          0|
    |add_ln186_1_reg_1961     |  32|   0|   32|          0|
    |add_ln186_5_reg_1996     |  32|   0|   32|          0|
    |add_ln186_7_reg_2001     |  32|   0|   32|          0|
    |add_ln186_8_reg_1956     |  14|   0|   14|          0|
    |add_ln186_reg_1931       |  32|   0|   32|          0|
    |add_ln75_reg_1693        |  14|   0|   14|          0|
    |add_ln89_reg_2201        |  32|   0|   32|          0|
    |and_ln103_reg_1834       |   1|   0|    1|          0|
    |and_ln116_reg_1842       |   1|   0|    1|          0|
    |and_ln91_reg_1830        |   1|   0|    1|          0|
    |ap_CS_fsm                |  56|   0|   56|          0|
    |b1_addr_1_reg_1758       |  14|   0|   14|          0|
    |b1_addr_2_reg_1763       |  14|   0|   14|          0|
    |i_0_reg_432              |   7|   0|    7|          0|
    |i_reg_1701               |   7|   0|    7|          0|
    |icmp_ln103_reg_1805      |   1|   0|    1|          0|
    |icmp_ln116_reg_1838      |   1|   0|    1|          0|
    |icmp_ln79_reg_1822       |   1|   0|    1|          0|
    |icmp_ln91_1_reg_1826     |   1|   0|    1|          0|
    |icmp_ln91_reg_1768       |   1|   0|    1|          0|
    |j_0_reg_456              |   7|   0|    7|          0|
    |j_reg_1813               |   7|   0|    7|          0|
    |mul_ln138_reg_2156       |  64|   0|   65|          1|
    |mul_ln150_reg_2135       |  64|   0|   65|          1|
    |mul_ln162_reg_2114       |  64|   0|   65|          1|
    |mul_ln174_reg_2058       |  64|   0|   65|          1|
    |mul_ln186_reg_2012       |  62|   0|   65|          3|
    |mul_ln95_reg_1774        |  15|   0|   15|          0|
    |phi_mul_reg_444          |  14|   0|   14|          0|
    |reg_485                  |  32|   0|   32|          0|
    |reg_490                  |  32|   0|   32|          0|
    |reg_531                  |  32|   0|   32|          0|
    |reg_535                  |  32|   0|   32|          0|
    |reg_539                  |  32|   0|   32|          0|
    |reg_543                  |  32|   0|   32|          0|
    |reg_547                  |  32|   0|   32|          0|
    |reg_631                  |  32|   0|   32|          0|
    |reg_635                  |  32|   0|   32|          0|
    |reg_639                  |  30|   0|   30|          0|
    |reg_643                  |  30|   0|   30|          0|
    |se_3_reg_1991            |  32|   0|   32|          0|
    |select_ln138_1_reg_2166  |  32|   0|   32|          0|
    |select_ln150_1_reg_2145  |  32|   0|   32|          0|
    |select_ln162_1_reg_2124  |  32|   0|   32|          0|
    |select_ln174_1_reg_2068  |  32|   0|   32|          0|
    |select_ln186_1_reg_2022  |  32|   0|   32|          0|
    |sext_ln166_reg_1871      |  15|   0|   15|          0|
    |sext_ln179_reg_1861      |  15|   0|   15|          0|
    |tmp_20_reg_2206          |   1|   0|    1|          0|
    |tmp_21_reg_2181          |   1|   0|    1|          0|
    |tmp_22_reg_2176          |   1|   0|    1|          0|
    |tmp_23_reg_2171          |   1|   0|    1|          0|
    |tmp_24_reg_2150          |   1|   0|    1|          0|
    |tmp_26_reg_2161          |  30|   0|   30|          0|
    |tmp_27_reg_2129          |   1|   0|    1|          0|
    |tmp_29_reg_2140          |  30|   0|   30|          0|
    |tmp_2_reg_2211           |  30|   0|   30|          0|
    |tmp_30_reg_2108          |   1|   0|    1|          0|
    |tmp_32_reg_2119          |  30|   0|   30|          0|
    |tmp_33_reg_2052          |   1|   0|    1|          0|
    |tmp_35_reg_2063          |  30|   0|   30|          0|
    |tmp_36_reg_2006          |   1|   0|    1|          0|
    |tmp_38_reg_2017          |  29|   0|   29|          0|
    |tmp_3_reg_2216           |  30|   0|   30|          0|
    |trunc_ln106_reg_1706     |  14|   0|   14|          0|
    |zext_ln159_reg_2073      |   7|   0|   14|          7|
    |zext_ln160_reg_2083      |   7|   0|   14|          7|
    |zext_ln162_reg_2093      |  14|   0|   64|         50|
    |zext_ln174_reg_2037      |  14|   0|   64|         50|
    |zext_ln178_1_reg_1846    |   7|   0|   14|          7|
    |zext_ln186_reg_1981      |  14|   0|   64|         50|
    |zext_ln75_2_reg_1686     |  14|   0|   15|          1|
    |zext_ln86_reg_1896       |   7|   0|   14|          7|
    |zext_ln87_reg_1906       |   7|   0|   14|          7|
    |zext_ln89_2_reg_2186     |  14|   0|   64|         50|
    +-------------------------+----+----+-----+-----------+
    |Total                    |1792|   0| 2038|        246|
    +-------------------------+----+----+-----+-----------+



================================================================
== Interface
================================================================
* Summary: 
+-------------+-----+-----+------------+--------------+--------------+
|  RTL Ports  | Dir | Bits|  Protocol  | Source Object|    C Type    |
+-------------+-----+-----+------------+--------------+--------------+
|ap_clk       |  in |    1| ap_ctrl_hs |     blurf    | return value |
|ap_rst       |  in |    1| ap_ctrl_hs |     blurf    | return value |
|ap_start     |  in |    1| ap_ctrl_hs |     blurf    | return value |
|ap_done      | out |    1| ap_ctrl_hs |     blurf    | return value |
|ap_idle      | out |    1| ap_ctrl_hs |     blurf    | return value |
|ap_ready     | out |    1| ap_ctrl_hs |     blurf    | return value |
|a1_address0  | out |   14|  ap_memory |      a1      |     array    |
|a1_ce0       | out |    1|  ap_memory |      a1      |     array    |
|a1_q0        |  in |   32|  ap_memory |      a1      |     array    |
|a1_address1  | out |   14|  ap_memory |      a1      |     array    |
|a1_ce1       | out |    1|  ap_memory |      a1      |     array    |
|a1_q1        |  in |   32|  ap_memory |      a1      |     array    |
|b1_address0  | out |   14|  ap_memory |      b1      |     array    |
|b1_ce0       | out |    1|  ap_memory |      b1      |     array    |
|b1_we0       | out |    1|  ap_memory |      b1      |     array    |
|b1_d0        | out |   32|  ap_memory |      b1      |     array    |
+-------------+-----+-----+------------+--------------+--------------+

