INFO-FLOW: Workspace C:/Users/raoja/Desktop/uni/520/imageprosseing/scalefactorloopunroll opened at Sat May 15 13:33:33 -0700 2021
Execute     config_clock -quiet -name default -period 10 -default=false 
INFO: [SYN 201-201] Setting up clock 'default' with a period of 10ns.
Execute     open_platform DefaultPlatform 
Execute     import_lib D:/hell/Vivado/2019.1/common/technology/xilinx/zynq/zynq 
Execute       source D:/hell/Vivado/2019.1/common/technology/xilinx/common/xilinx.lib 
Execute         source D:/hell/Vivado/2019.1/common/technology/xilinx/interface/xilinx_interface.lib 
Execute           source D:/hell/Vivado/2019.1/common/technology/xilinx/interface/plb46.lib 
Execute           source D:/hell/Vivado/2019.1/common/technology/xilinx/interface/fsl.lib 
Execute           source D:/hell/Vivado/2019.1/common/technology/xilinx/interface/axi4.lib 
Execute           source D:/hell/Vivado/2019.1/common/technology/xilinx/interface/maxi.lib 
Execute           source D:/hell/Vivado/2019.1/common/technology/xilinx/interface/saxilite.lib 
Execute         source D:/hell/Vivado/2019.1/common/technology/xilinx/common/dsp48.lib 
Execute         source D:/hell/Vivado/2019.1/common/technology/xilinx/ip/dds_compiler.lib 
Execute         source D:/hell/Vivado/2019.1/common/technology/xilinx/ip/xfft.lib 
Execute         source D:/hell/Vivado/2019.1/common/technology/xilinx/ip/xfir.lib 
Execute       source D:/hell/Vivado/2019.1/common/technology/xilinx/common/xilinx.hlp 
Execute         source D:/hell/Vivado/2019.1/common/technology/xilinx/common/target_info.tcl 
Execute         source D:/hell/Vivado/2019.1/common/technology/xilinx/interface/xilinx_interface.hlp 
Execute           source D:/hell/Vivado/2019.1/common/technology/xilinx/interface/maxi.hlp 
Execute           source D:/hell/Vivado/2019.1/common/technology/xilinx/interface/saxilite.hlp 
Execute         source D:/hell/Vivado/2019.1/common/technology/xilinx/common/dsp48.hlp 
Execute       source D:/hell/Vivado/2019.1/common/technology/xilinx/zynq/dsp48e1.hlp 
Execute       source D:/hell/Vivado/2019.1/common/technology/xilinx/common/xilinx.hlp 
Execute         source D:/hell/Vivado/2019.1/common/technology/xilinx/common/target_info.tcl 
Execute         source D:/hell/Vivado/2019.1/common/technology/xilinx/interface/xilinx_interface.hlp 
Execute           source D:/hell/Vivado/2019.1/common/technology/xilinx/interface/maxi.hlp 
Execute           source D:/hell/Vivado/2019.1/common/technology/xilinx/interface/saxilite.hlp 
Execute         source D:/hell/Vivado/2019.1/common/technology/xilinx/common/dsp48.hlp 
Execute     source D:/hell/Vivado/2019.1/common/technology/xilinx/zynq/zynq.gen 
Execute       source D:/hell/Vivado/2019.1/common/technology/xilinx/common/xilinx.gen 
Execute         source D:/hell/Vivado/2019.1/common/technology/xilinx/interface/plb46.gen 
Execute         source D:/hell/Vivado/2019.1/common/technology/xilinx/interface/fsl.gen 
Execute         source D:/hell/Vivado/2019.1/common/technology/xilinx/interface/axi4.gen 
Execute         source D:/hell/Vivado/2019.1/common/technology/xilinx/interface/nativeAXI4.gen 
Execute           source D:/hell/Vivado/2019.1/common/technology/xilinx/interface/saxilite.gen 
Execute           source D:/hell/Vivado/2019.1/common/technology/xilinx/interface/maxi.gen 
Execute         source D:/hell/Vivado/2019.1/common/technology/xilinx/scripts/xilinxcoregen.gen 
Execute         source D:/hell/Vivado/2019.1/common/technology/xilinx/interface/XilEDKCoreGen.gen 
Execute         source D:/hell/Vivado/2019.1/common/technology/xilinx/ip/dds_compiler.gen 
Execute         source D:/hell/Vivado/2019.1/common/technology/xilinx/ip/util.gen 
Execute         source D:/hell/Vivado/2019.1/common/technology/xilinx/ip/xfft.gen 
Command         ap_source done; 0.123 sec.
Execute         source D:/hell/Vivado/2019.1/common/technology/xilinx/ip/xfir.gen 
Execute         source D:/hell/Vivado/2019.1/common/technology/xilinx/common/dsp48.gen 
Command       ap_source done; 0.179 sec.
Command     ap_source done; 0.179 sec.
Execute     open_platform DefaultPlatform 
Execute     import_lib D:/hell/Vivado/2019.1/common/technology/xilinx/zynq/zynq_fpv6 
Execute       source D:/hell/Vivado/2019.1/common/technology/xilinx/common/xilinx_fp.lib 
Execute       source D:/hell/Vivado/2019.1/common/technology/xilinx/common/xilinx_fp.hlp 
Execute         source D:/hell/Vivado/2019.1/common/technology/xilinx/common/xilinx.hlp 
Execute           source D:/hell/Vivado/2019.1/common/technology/xilinx/common/target_info.tcl 
Execute           source D:/hell/Vivado/2019.1/common/technology/xilinx/interface/xilinx_interface.hlp 
Execute             source D:/hell/Vivado/2019.1/common/technology/xilinx/interface/maxi.hlp 
Execute             source D:/hell/Vivado/2019.1/common/technology/xilinx/interface/saxilite.hlp 
Execute           source D:/hell/Vivado/2019.1/common/technology/xilinx/common/dsp48.hlp 
Execute     source D:/hell/Vivado/2019.1/common/technology/xilinx/zynq/zynq_fpv6.gen 
Execute       source D:/hell/Vivado/2019.1/common/technology/xilinx/common/xilinx_fp.gen 
Execute     set_part xc7z020-clg484-1 
Execute       ap_part_info -name xc7z020-clg484-1 -data single -quiet 
Command       ap_part_info done; 0.956 sec.
Execute       ap_part_info -name xc7z020-clg484-1 -data info 
Execute       add_library xilinx/zynq/zynq:xc7z020:-clg484:-1 
Execute         get_default_platform 
Execute         license_isbetapart xc7z020 
Command         license_isbetapart done; error code: 1; 
Execute         ap_part_info -data single -name xc7z020-clg484-1 
Execute         ap_part_info -name xc7z020-clg484-1 -data resources 
Execute         ap_part_info -name xc7z020-clg484-1 -data info 
Execute         ap_part_info -name xc7z020-clg484-1 -data info 
Execute         config_chip_info -quiet -resource {SLICE 13300} {LUT 53200} {FF 106400} {DSP48E 220} {BRAM 280} {URAM 0} 
Execute         ap_part_info -name xc7z020-clg484-1 -data info 
Execute         config_chip_info -quiet -speed slow 
Execute       add_library xilinx/zynq/zynq_fpv6 
Execute         get_default_platform 
Execute         open_platform DefaultPlatform 
Execute         import_lib D:/hell/Vivado/2019.1/common/technology/xilinx/zynq/zynq_fpv6 
Execute           source D:/hell/Vivado/2019.1/common/technology/xilinx/common/xilinx_fp.lib 
Execute           source D:/hell/Vivado/2019.1/common/technology/xilinx/common/xilinx_fp.hlp 
Execute             source D:/hell/Vivado/2019.1/common/technology/xilinx/common/xilinx.hlp 
Execute               source D:/hell/Vivado/2019.1/common/technology/xilinx/common/target_info.tcl 
Execute               source D:/hell/Vivado/2019.1/common/technology/xilinx/interface/xilinx_interface.hlp 
Execute                 source D:/hell/Vivado/2019.1/common/technology/xilinx/interface/maxi.hlp 
Execute                 source D:/hell/Vivado/2019.1/common/technology/xilinx/interface/saxilite.hlp 
Execute               source D:/hell/Vivado/2019.1/common/technology/xilinx/common/dsp48.hlp 
Execute         source D:/hell/Vivado/2019.1/common/technology/xilinx/zynq/zynq_fpv6.gen 
Execute           source D:/hell/Vivado/2019.1/common/technology/xilinx/common/xilinx_fp.gen 
INFO: [HLS 200-10] Setting target device to 'xc7z020-clg484-1'
Execute       ap_part_info -name xc7z020-clg484-1 -data info 
Execute       get_default_platform 
Command     set_part done; 1.127 sec.
Execute     ap_part_info -data single -name xc7z020-clg484-1 
Execute     ap_part_info -name xc7z020-clg484-1 -data resources 
Execute     ap_part_info -name xc7z020-clg484-1 -data info 
Execute     ap_part_info -name xc7z020-clg484-1 -data info 
Execute     config_chip_info -quiet -resource {SLICE 13300} {LUT 53200} {FF 106400} {DSP48E 220} {BRAM 280} {URAM 0} 
Execute     ap_part_info -name xc7z020-clg484-1 -data info 
Execute     config_chip_info -quiet -speed slow 
Execute     config_export -format=ip_catalog 
Execute     config_export -rtl=verilog 
Command   open_solution done; 1.396 sec.
Execute   set_part xc7z020-clg484-1 
Execute     ap_part_info -name xc7z020-clg484-1 -data single -quiet 
Execute     ap_part_info -name xc7z020-clg484-1 -data info 
Execute     add_library xilinx/zynq/zynq:xc7z020:-clg484:-1 
Execute       get_default_platform 
Execute       license_isbetapart xc7z020 
Command       license_isbetapart done; error code: 1; 
Execute       ap_part_info -data single -name xc7z020-clg484-1 
Execute       ap_part_info -name xc7z020-clg484-1 -data resources 
Execute       ap_part_info -name xc7z020-clg484-1 -data info 
Execute       ap_part_info -name xc7z020-clg484-1 -data info 
Execute       config_chip_info -quiet -resource {SLICE 13300} {LUT 53200} {FF 106400} {DSP48E 220} {BRAM 280} {URAM 0} 
Execute       ap_part_info -name xc7z020-clg484-1 -data info 
Execute       config_chip_info -quiet -speed slow 
Execute     add_library xilinx/zynq/zynq_fpv6 
Execute       get_default_platform 
Execute       open_platform DefaultPlatform 
Execute       import_lib D:/hell/Vivado/2019.1/common/technology/xilinx/zynq/zynq_fpv6 
Execute         source D:/hell/Vivado/2019.1/common/technology/xilinx/common/xilinx_fp.lib 
Execute         source D:/hell/Vivado/2019.1/common/technology/xilinx/common/xilinx_fp.hlp 
Execute           source D:/hell/Vivado/2019.1/common/technology/xilinx/common/xilinx.hlp 
Execute             source D:/hell/Vivado/2019.1/common/technology/xilinx/common/target_info.tcl 
Execute             source D:/hell/Vivado/2019.1/common/technology/xilinx/interface/xilinx_interface.hlp 
Execute               source D:/hell/Vivado/2019.1/common/technology/xilinx/interface/maxi.hlp 
Execute               source D:/hell/Vivado/2019.1/common/technology/xilinx/interface/saxilite.hlp 
Execute             source D:/hell/Vivado/2019.1/common/technology/xilinx/common/dsp48.hlp 
Execute       source D:/hell/Vivado/2019.1/common/technology/xilinx/zynq/zynq_fpv6.gen 
Execute         source D:/hell/Vivado/2019.1/common/technology/xilinx/common/xilinx_fp.gen 
Execute     ap_part_info -name xc7z020-clg484-1 -data info 
Execute     get_default_platform 
Command   set_part done; 0.151 sec.
Execute   create_clock -period 10 -name default 
Execute   config_export -format ip_catalog -rtl verilog 
Execute   source ./imageprosseing/scalefactorloopunroll/directives.tcl 
Execute     set_directive_unroll scalef/col 
INFO-FLOW: Setting directive 'UNROLL' 
Execute   csynth_design 
Execute     get_config_compile -dump_cfg 
Execute     get_config_compile -effort 
Execute     get_config_compile -enable_clang39 
Execute     get_config_compile -g 
Execute     get_config_compile -ng 
Execute     get_config_compile -opt_fp 
Execute     get_config_compile -skip_cdt 
Execute     get_config_compile -skip_syncheck 
Execute     get_config_compile -skip_transform 
Execute     get_config_compile -keep_printf 
Execute     elaborate -effort=medium -skip_syncheck=0 -keep_printf=0 -skip_cdt=0 -skip_transform=0 -ng=0 -g=0 -opt_fp=0 -from_csynth_design=1 
Execute       get_config_schedule -relax_ii_for_timing 
INFO: [SCHED 204-61] Option 'relax_ii_for_timing' is enabled, will increase II to preserve clock frequency constraints.
Execute       get_config_schedule -suppress_dependence_error_break 
INFO: [HLS 200-10] Analyzing design file 'imageprosseing/imgpro.c' ... 
INFO-FLOW: Compiling one TU...
Execute       is_m_axi_addr64 
INFO-FLOW: Handling imageprosseing/imgpro.c as C
Execute       ap_part_info -name xc7z020-clg484-1 -data info 
Execute       is_encrypted imageprosseing/imgpro.c 
INFO-FLOW: Running: GCC PP
INFO-FLOW: Source preprocessing
Execute       clang  -fno-limit-debug-info -gcc-toolchain "D:/hell/Vivado/2019.1/msys" -hls  -fno-exceptions  -D__llvm__  -E "imageprosseing/imgpro.c"     -fno-math-errno -c -emit-llvm -O0  -mllvm -disable-llvm-optzns -std=gnu89   -DAESL_SYN -D__SYNTHESIS__ -D__HLS_SYN__ -I "D:/hell/Vivado/2019.1/common/technology/autopilot" -I "D:/hell/Vivado/2019.1/common/technology/autopilot/ap_sysc" -include etc/autopilot_ssdm_op.h -D__DSP48E1__ -D__cdecl=  -o "C:/Users/raoja/Desktop/uni/520/imageprosseing/scalefactorloopunroll/.autopilot/db/imgpro.pp.0.c" 
INFO-FLOW: exec D:/hell/Vivado/2019.1/win64/tools/clang/bin/clang -fno-limit-debug-info -gcc-toolchain D:/hell/Vivado/2019.1/msys -hls -fno-exceptions -D__llvm__ -E imageprosseing/imgpro.c -fno-math-errno -c -emit-llvm -O0 -mllvm -disable-llvm-optzns -std=gnu89 -DAESL_SYN -D__SYNTHESIS__ -D__HLS_SYN__ -I D:/hell/Vivado/2019.1/common/technology/autopilot -I D:/hell/Vivado/2019.1/common/technology/autopilot/ap_sysc -include etc/autopilot_ssdm_op.h -D__DSP48E1__ -D__cdecl= -o C:/Users/raoja/Desktop/uni/520/imageprosseing/scalefactorloopunroll/.autopilot/db/imgpro.pp.0.c
Command       clang done; 5.611 sec.
Execute       tidy_31 xilinx-xfmat-array-geometry C:/Users/raoja/Desktop/uni/520/imageprosseing/scalefactorloopunroll/.autopilot/db/imgpro.pp.0.c std=gnu89 
INFO-FLOW: exec D:/hell/Vivado/2019.1/win64/tools/clang-3.9-csynth/bin/tidy-3.1 -header-filter=.* -checks=-*,xilinx-xfmat-array-geometry -quiet -fix C:/Users/raoja/Desktop/uni/520/imageprosseing/scalefactorloopunroll/.autopilot/db/imgpro.pp.0.c -- -std=gnu89 -fhls -ferror-limit=0
Command       tidy_31 done; 1.658 sec.
INFO-FLOW: Syntax Checking before pre-processing...
Execute       clang -syntaxcheck -src C:/Users/raoja/Desktop/uni/520/imageprosseing/scalefactorloopunroll/.autopilot/db/imgpro.pp.0.c  -fno-limit-debug-info -gcc-toolchain "D:/hell/Vivado/2019.1/msys" -hls    -fno-math-errno -c -emit-llvm -O0  -mllvm -disable-llvm-optzns -std=gnu89   -DAESL_SYN -D__SYNTHESIS__ -D__HLS_SYN__ -I "D:/hell/Vivado/2019.1/common/technology/autopilot" -I "D:/hell/Vivado/2019.1/common/technology/autopilot/ap_sysc" -include etc/autopilot_ssdm_op.h -D__DSP48E1__ -D__cdecl=  "C:/Users/raoja/Desktop/uni/520/imageprosseing/scalefactorloopunroll/.autopilot/db/imgpro.pp.0.c"  -o "C:/Users/raoja/Desktop/uni/520/imageprosseing/scalefactorloopunroll/.autopilot/db/useless.bc"  
INFO-FLOW: exec D:/hell/Vivado/2019.1/win64/tools/clang/bin/clang -fno-limit-debug-info -gcc-toolchain D:/hell/Vivado/2019.1/msys -hls -fno-math-errno -c -emit-llvm -O0 -mllvm -disable-llvm-optzns -std=gnu89 -DAESL_SYN -D__SYNTHESIS__ -D__HLS_SYN__ -I D:/hell/Vivado/2019.1/common/technology/autopilot -I D:/hell/Vivado/2019.1/common/technology/autopilot/ap_sysc -include etc/autopilot_ssdm_op.h -D__DSP48E1__ -D__cdecl= C:/Users/raoja/Desktop/uni/520/imageprosseing/scalefactorloopunroll/.autopilot/db/imgpro.pp.0.c -o C:/Users/raoja/Desktop/uni/520/imageprosseing/scalefactorloopunroll/.autopilot/db/useless.bc
Command       clang done; 4.308 sec.
INFO-FLOW: Done: GCC PP time: 11.6 seconds per iteration
INFO-FLOW: Setting directive 'UNROLL' 
Execute       source D:/hell/Vivado/2019.1/tps/tcl/tcllib1.11.1/yaml/huddle.tcl 
Execute       source D:/hell/Vivado/2019.1/tps/tcl/tcllib1.11.1/yaml/json2huddle.tcl 
Execute         source D:/hell/Vivado/2019.1/tps/tcl/tcllib1.11.1/try/try.tcl 
Command         ap_source done; 0.105 sec.
Command       ap_source done; 0.129 sec.
INFO-FLOW: Setting directive 'UNROLL' 
Execute       list_core -type functional_unit 
Execute       tidy_31 xilinx-systemc-detector C:/Users/raoja/Desktop/uni/520/imageprosseing/scalefactorloopunroll/.autopilot/db/imgpro.pp.0.c std=gnu89 -directive=C:/Users/raoja/Desktop/uni/520/imageprosseing/scalefactorloopunroll/.autopilot/db/.systemc_flag 
INFO-FLOW: exec D:/hell/Vivado/2019.1/win64/tools/clang-3.9-csynth/bin/tidy-3.1 -header-filter=.* -checks=-*,xilinx-systemc-detector -import-directive=C:/Users/raoja/Desktop/uni/520/imageprosseing/scalefactorloopunroll/.autopilot/db/.systemc_flag -quiet -fix-errors C:/Users/raoja/Desktop/uni/520/imageprosseing/scalefactorloopunroll/.autopilot/db/imgpro.pp.0.c -- -std=gnu89 -fhls -ferror-limit=0
Command       tidy_31 done; 0.174 sec.
INFO-FLOW: Running: tidy-3.1 CDT preprocess
Execute       tidy_31 xilinx-directive2pragma C:/Users/raoja/Desktop/uni/520/imageprosseing/scalefactorloopunroll/.autopilot/db/imgpro.pp.0.c std=gnu89 -directive=C:/Users/raoja/Desktop/uni/520/imageprosseing/scalefactorloopunroll/.autopilot/db/all.directive.json 
INFO-FLOW: exec D:/hell/Vivado/2019.1/win64/tools/clang-3.9-csynth/bin/tidy-3.1 -header-filter=.* -checks=-*,xilinx-directive2pragma -import-directive=C:/Users/raoja/Desktop/uni/520/imageprosseing/scalefactorloopunroll/.autopilot/db/all.directive.json -quiet -fix-errors C:/Users/raoja/Desktop/uni/520/imageprosseing/scalefactorloopunroll/.autopilot/db/imgpro.pp.0.c -- -std=gnu89 -fhls -ferror-limit=0
Command       tidy_31 done; 0.19 sec.
Execute       get_config_dataflow -strict_mode 
Execute       ap_eval exec -ignorestderr D:/hell/Vivado/2019.1/win64/tools/clang-3.9-csynth/bin/xilinx-dataflow-lawyer -export-fixes=C:/Users/raoja/Desktop/uni/520/imageprosseing/scalefactorloopunroll/.autopilot/db/xilinx-dataflow-lawyer.imgpro.pp.0.c.diag.yml C:/Users/raoja/Desktop/uni/520/imageprosseing/scalefactorloopunroll/.autopilot/db/imgpro.pp.0.c -- -std=gnu99 -fhls -ferror-limit=0 -fstrict-dataflow > C:/Users/raoja/Desktop/uni/520/imageprosseing/scalefactorloopunroll/.autopilot/db/xilinx-dataflow-lawyer.imgpro.pp.0.c.out.log 2> C:/Users/raoja/Desktop/uni/520/imageprosseing/scalefactorloopunroll/.autopilot/db/xilinx-dataflow-lawyer.imgpro.pp.0.c.err.log 
Command       ap_eval done; 0.578 sec.
Execute       tidy_31 -errorcheck xilinx-constantarray-param,xilinx-resource-pragma-transformer,xilinx-xfmat-array-geometry C:/Users/raoja/Desktop/uni/520/imageprosseing/scalefactorloopunroll/.autopilot/db/imgpro.pp.0.c std=gnu89 
Execute         ap_eval exec -ignorestderr D:/hell/Vivado/2019.1/win64/tools/clang-3.9-csynth/bin/tidy-3.1 -export-fixes=C:/Users/raoja/Desktop/uni/520/imageprosseing/scalefactorloopunroll/.autopilot/db/tidy-3.1.imgpro.pp.0.c.diag.yml -header-filter=.* -checks=-*,xilinx-constantarray-param,xilinx-resource-pragma-transformer,xilinx-xfmat-array-geometry -quiet -fix-errors C:/Users/raoja/Desktop/uni/520/imageprosseing/scalefactorloopunroll/.autopilot/db/imgpro.pp.0.c -- -std=gnu89 -fhls -ferror-limit=0 > C:/Users/raoja/Desktop/uni/520/imageprosseing/scalefactorloopunroll/.autopilot/db/tidy-3.1.imgpro.pp.0.c.out.log 2> C:/Users/raoja/Desktop/uni/520/imageprosseing/scalefactorloopunroll/.autopilot/db/tidy-3.1.imgpro.pp.0.c.err.log 
Command         ap_eval done; 0.37 sec.
Execute         source D:/hell/Vivado/2019.1/tps/tcl/tcllib1.11.1/yaml/yaml.tcl 
Execute           source D:/hell/Vivado/2019.1/tps/tcl/tcllib1.11.1/cmdline/cmdline.tcl 
Command           ap_source done; 0.102 sec.
Command         ap_source done; 0.16 sec.
Execute         ap_eval exec -ignorestderr D:/hell/Vivado/2019.1/win64/tools/clang-3.9-csynth/bin/xilinx-legacy-rewriter C:/Users/raoja/Desktop/uni/520/imageprosseing/scalefactorloopunroll/.autopilot/db/imgpro.pp.0.c -- -std=gnu89 -fhls -ferror-limit=0 > C:/Users/raoja/Desktop/uni/520/imageprosseing/scalefactorloopunroll/.autopilot/db/xilinx-legacy-rewriter.imgpro.pp.0.c.out.log 2> C:/Users/raoja/Desktop/uni/520/imageprosseing/scalefactorloopunroll/.autopilot/db/xilinx-legacy-rewriter.imgpro.pp.0.c.err.log 
Command         ap_eval done; 0.45 sec.
Command       tidy_31 done; 1.197 sec.
INFO-FLOW: Done: tidy-3.1 CDT preprocess time: 2 seconds per iteration
INFO-FLOW: Pragma Handling...
Execute       tidy_31 xilinx-ssdm-intrinsics-arguments C:/Users/raoja/Desktop/uni/520/imageprosseing/scalefactorloopunroll/.autopilot/db/imgpro.pragma.1.c std=gnu89 
INFO-FLOW: exec D:/hell/Vivado/2019.1/win64/tools/clang-3.9-csynth/bin/tidy-3.1 -header-filter=.* -checks=-*,xilinx-ssdm-intrinsics-arguments -quiet -fix-errors C:/Users/raoja/Desktop/uni/520/imageprosseing/scalefactorloopunroll/.autopilot/db/imgpro.pragma.1.c -- -std=gnu89 -fhls -ferror-limit=0
Command       tidy_31 done; 0.111 sec.
Execute       ap_part_info -name xc7z020-clg484-1 -data info 
INFO-FLOW: Processing labels
Execute       clang -src C:/Users/raoja/Desktop/uni/520/imageprosseing/scalefactorloopunroll/.autopilot/db/imgpro.pragma.2.c  -fno-limit-debug-info -gcc-toolchain D:/hell/Vivado/2019.1/msys -hls -hls-analyze-label -hls-analyze-pragma -fno-exceptions  -D__llvm__  -w  "C:/Users/raoja/Desktop/uni/520/imageprosseing/scalefactorloopunroll/.autopilot/db/imgpro.pragma.2.c"    -fno-math-errno -c -emit-llvm -O0  -mllvm -disable-llvm-optzns -std=gnu89  -DAESL_SYN -D__SYNTHESIS__ -D__HLS_SYN__ -I "D:/hell/Vivado/2019.1/common/technology/autopilot" -I "D:/hell/Vivado/2019.1/common/technology/autopilot/ap_sysc" -include etc/autopilot_ssdm_op.h -D__DSP48E1__ -g -o "C:/Users/raoja/Desktop/uni/520/imageprosseing/scalefactorloopunroll/.autopilot/db/imgpro.bc" 
INFO-FLOW: exec D:/hell/Vivado/2019.1/win64/tools/clang/bin/clang -fno-limit-debug-info -gcc-toolchain D:/hell/Vivado/2019.1/msys -hls -hls-analyze-label -hls-analyze-pragma -fno-exceptions -D__llvm__ -w C:/Users/raoja/Desktop/uni/520/imageprosseing/scalefactorloopunroll/.autopilot/db/imgpro.pragma.2.c -fno-math-errno -c -emit-llvm -O0 -mllvm -disable-llvm-optzns -std=gnu89 -DAESL_SYN -D__SYNTHESIS__ -D__HLS_SYN__ -I D:/hell/Vivado/2019.1/common/technology/autopilot -I D:/hell/Vivado/2019.1/common/technology/autopilot/ap_sysc -include etc/autopilot_ssdm_op.h -D__DSP48E1__ -g -o C:/Users/raoja/Desktop/uni/520/imageprosseing/scalefactorloopunroll/.autopilot/db/imgpro.bc
Command       clang done; 2.696 sec.
INFO-FLOW: Linking Debug ...
Execute       llvm-ld C:/Users/raoja/Desktop/uni/520/imageprosseing/scalefactorloopunroll/.autopilot/db/imgpro.g.bc -hls-opt -except-internalize scalef -LD:/hell/Vivado/2019.1/win64/lib -lhlsm -lhlsmc++ -o C:/Users/raoja/Desktop/uni/520/imageprosseing/scalefactorloopunroll/.autopilot/db/a.g 
Command       llvm-ld done; 52.492 sec.
INFO: [HLS 200-111] Finished Linking Time (s): cpu = 00:00:02 ; elapsed = 00:01:12 . Memory (MB): peak = 175.785 ; gain = 84.773
INFO: [HLS 200-111] Finished Checking Pragmas Time (s): cpu = 00:00:02 ; elapsed = 00:01:12 . Memory (MB): peak = 175.785 ; gain = 84.773
Execute       get_config_sdx -target 
Execute       opt_and_import_c a -opt_level=2 -skip_syncheck=0 -ng=0 -keep_printf=0 
Execute         cleanup_all_models 
INFO: [HLS 200-10] Starting code transformations ...
Execute         transform -promote-dbg-pointer C:/Users/raoja/Desktop/uni/520/imageprosseing/scalefactorloopunroll/.autopilot/db/a.pp.bc -o C:/Users/raoja/Desktop/uni/520/imageprosseing/scalefactorloopunroll/.autopilot/db/a.pp.0.bc -f 
Command         transform done; 1.821 sec.
Execute         llvm-ld C:/Users/raoja/Desktop/uni/520/imageprosseing/scalefactorloopunroll/.autopilot/db/a.pp.0.bc -disable-opt -LD:/hell/Vivado/2019.1/win64/lib -lfloatconversion -o C:/Users/raoja/Desktop/uni/520/imageprosseing/scalefactorloopunroll/.autopilot/db/a.g.0 
Command         llvm-ld done; 3.631 sec.
INFO-FLOW: Running Standard Transforms...
Execute         transform -hls -share-std-xform -demangle-name -inline-byval-memcpy -always-inline -promote-dbg-pointer -interface-preproc -mem2reg -scalarrepl -mem2reg -keep-read-access -instcombine -dce -promote-dbg-pointer -bitop-raise -loop-simplify -indvarspre -indvars -loop-simplify -xunroll -constprop -instcombine -simplifycfg -indvars -simplifycfg -dce -globaldce -basicaa -simplifycfg -mem2reg -globalopt -global-constprop -deadargelim -instcombine -simplifycfg -prune-eh -simplifycfg -scalarrepl -instcombine -reassociate -licm -simplifycfg -loop-simplify -indvars -instcombine -simplifycfg -mem2reg -loop-simplify -indvars -instcombine -gvn -gvn -instcombine -adce -break-crit-edges -simplifycfg -loop-delete -global-array-opt -dce -dse -adce -find-syn-modules -top scalef -deadargelim -mem2reg -instcombine -dce -presyn-prepare -auto-rom-infer -interface-preproc -syn-check -check-rec-only -find-region -simplifycfg -func-extr -function-inline -globaldce -mem2reg -instcombine -dce -gvn -globaldce -adce -adse -constprop -instcombine -bit-constprop -instcombine -dce -simplifycfg -bitop-raise -simplifycfg -dce -loop-delete -reassociate -globalopt -global-privatize -mem2reg -dce -global-constprop -pointer-simplify -constprop -dce -func-inst -deadargelim -auto-shift-reg-idiom -promote-dbg-pointer -norm-name C:/Users/raoja/Desktop/uni/520/imageprosseing/scalefactorloopunroll/.autopilot/db/a.g.0.bc -o C:/Users/raoja/Desktop/uni/520/imageprosseing/scalefactorloopunroll/.autopilot/db/a.g.1.bc -f -phase std-opt 
Command         transform done; 2.08 sec.
INFO: [HLS 200-111] Finished Standard Transforms Time (s): cpu = 00:00:03 ; elapsed = 00:01:20 . Memory (MB): peak = 175.785 ; gain = 84.773
INFO: [HLS 200-10] Checking synthesizability ...
INFO-FLOW: Checking Synthesizability 1/2..
Execute         transform -hls -syn-check -check-rec-only -disaggr -scalarrepl -norm-name -dce -mem2reg -instcombine -function-uniquify -directive-preproc -mem2reg -dse -dce -auto-rom-infer -dce -pag -array-normalize -instcombine -dce -warn-fifo-pointer -array-seg-normalize -instcombine -dce -array-flatten -instcombine -dce -array-burst -dce -deadargelim -promote-global-argument -simplifycfg -mem2reg -globaldce -dce -deadargelim -dce -instcombine -function-inline -globaldce -dce -doublePtrSimplify -doublePtrElim -dce -doublePtrSimplify -promote-dbg-pointer -dce -scalarrepl -dse -adse -instcombine -ptrLegalization -simplifycfg -dce -instcombine -pointer-simplify -ptrArgReplace -dce -instcombine -resolve-double-ptr -disaggr -scalarrepl -norm-name -dce -mem2reg -instcombine -ptrLegalization -simplifycfg -deadargelim -instcombine -dce -inst-simplify -function-uniquify -directive-preproc -mem2reg -dse -dce -globaldce -check-dspbuiltin C:/Users/raoja/Desktop/uni/520/imageprosseing/scalefactorloopunroll/.autopilot/db/a.g.1.bc -o C:/Users/raoja/Desktop/uni/520/imageprosseing/scalefactorloopunroll/.autopilot/db/a.g.2.prechk.bc -f 
INFO: [XFORM 203-602] Inlining function 'fp_struct<double>::mantissa' into 'generic_cast_IEEE754<int, (ap_q_mode)6, double>' (r:/builds/2019.1/continuous/2019_05_24_2552052/src/products/hls/hls_lib/hlsmath/include/FloatingPoint\hls_case_IEEE754.h:15) automatically.
INFO: [XFORM 203-602] Inlining function 'fp_struct<double>::expv' into 'generic_cast_IEEE754<int, (ap_q_mode)6, double>' (r:/builds/2019.1/continuous/2019_05_24_2552052/src/products/hls/hls_lib/hlsmath/include/FloatingPoint\hls_case_IEEE754.h:18) automatically.
INFO: [XFORM 203-602] Inlining function 'fp_struct<double>::__signbit' into 'generic_cast_IEEE754<int, (ap_q_mode)6, double>' (r:/builds/2019.1/continuous/2019_05_24_2552052/src/products/hls/hls_lib/hlsmath/include/FloatingPoint\hls_case_IEEE754.h:59) automatically.
INFO: [XFORM 203-602] Inlining function 'generic_cast_IEEE754<int, (ap_q_mode)6, double>' into 'generic_cast_IEEE754<int, double>' (r:/builds/2019.1/continuous/2019_05_24_2552052/src/products/hls/hls_lib/hlsmath/include/FloatingPoint\hls_case_IEEE754.h:117) automatically.
INFO: [XFORM 203-602] Inlining function 'generic_cast_IEEE754<int, double>' into '__hls_fptosi_double_i32' (r:/builds/2019.1/continuous/2019_05_24_2552052/src/products/hls/hls_lib/hlsmath/src/lib_floatconversion.cpp:55) automatically.
INFO: [XFORM 203-602] Inlining function '__hls_fptosi_double_i32' into 'scalef' (imageprosseing/imgpro.c:24) automatically.
Command         transform done; 1.143 sec.
INFO-FLOW: Checking Synthesizability 2/2..
Execute         transform -syn-check C:/Users/raoja/Desktop/uni/520/imageprosseing/scalefactorloopunroll/.autopilot/db/a.g.2.prechk.bc -o C:/Users/raoja/Desktop/uni/520/imageprosseing/scalefactorloopunroll/.autopilot/db/a.g.2.bc -f -phase syn-check 
Command         transform done; 0.204 sec.
INFO: [HLS 200-111] Finished Checking Synthesizability Time (s): cpu = 00:00:04 ; elapsed = 00:01:23 . Memory (MB): peak = 195.898 ; gain = 104.887
INFO-FLOW: Compiler optimizing ...
INFO-FLOW: Share syncheck's 1.bc for syn flow: copy C:/Users/raoja/Desktop/uni/520/imageprosseing/scalefactorloopunroll/.autopilot/db/a.g.1.bc to C:/Users/raoja/Desktop/uni/520/imageprosseing/scalefactorloopunroll/.autopilot/db/a.o.1.bc
INFO-FLOW: Presyn 1...
Execute         transform -hls -tmp C:/Users/raoja/Desktop/uni/520/imageprosseing/scalefactorloopunroll/.autopilot/db -interface-port-rename -type-info -function-uniquify -directive-preproc -mem2reg -dse -dce -disaggr -scalarrepl -norm-name -deadargelim -mem2reg -instcombine -dce -simplifycfg -auto-rom-infer -dce -function-uniquify -resource-proc -clib-intrinsic-prepare -dce -func-buffer -dce -pag -array-normalize -func-legal -instcombine -gvn -constprop -dce -simplifycfg -mem2reg -globaldce -resolve-double-ptr -dce -deadargelim -dce -instcombine -ptrArgReplace -mem2reg -dce -array-seg-normalize -deadargelim -instcombine -dce -pointer-simplify -dce -port-alignment -dce -interface-preproc -data-pack -instcombine -dce -basicaa -aggr-aa -aggrmodref-aa -aggr-aa -gvn -gvn -basicaa -aggr-aa -aggrmodref-aa -aggr-aa -dse -adse -adce -loop-simplify -indvars -instcombine -gvn -loop-simplify -mem2reg -dce -find-region -instcombine -auto-loop-pipeline -inst-simplify -interface-preproc -cfgopt -instcombine -indvars -auto-loop-unroll -loop-simplify -loop-bound -xunroll -constprop -instcombine -simplifycfg -indvars -simplifycfg -dce -globaldce -clean-region -attach-range -gvn -inst-simplify -constprop -simplifycfg -dce -pointer-simplify -dce -globalopt -constprop -dce -array-promote -constprop -dce -ptrArgReplace -mem2reg -simplifycfg -dce -auto-par -instcombine -dce -array-transform-check -array-reshape -instcombine -simplifycfg -dce -ptrArgReplace -deadargelim -mem2reg -instcombine -simplifycfg -dce -indvars -loop-simplify -loop-bound -xunroll -constprop -instcombine -simplifycfg -indvars -simplifycfg -dce -globaldce -basicaa -aggr-aa -aggrmodref-aa -aggr-aa -dse -duplicate-dataflow-processes -globaldce -instcombine -array-partition -instcombine -simplifycfg -dce -ptrArgReplace -global-constprop -deadargelim -mem2reg -func-legal -dce -global-constprop -deadargelim -mem2reg -simplifycfg -dce -merge-param -deadargelim -globalopt -constprop -dce -array-promote -constprop -dce -ptrArgReplace -mem2reg -simplifycfg -dce -mem-intrinsic-preproc -dce -global-internalize -global-privatize -mem2reg -globaldce -promote-global-argument -ptrArgReplace -mem2reg -dce -globalopt -mergereturn -simplify-global-access -mem2reg -dce -pointer-simplify -dce -functionattrs -basicaa -aggr-aa -aggrmodref-aa -aggr-aa -gvn -gvn -basicaa -aggr-aa -aggrmodref-aa -aggr-aa -dse -adse -adce -dce -norm-name -function-inline -complex-op-raise -inst-simplify -globaldce -func-inst -constprop -instcombine -simplifycfg -dce -func-legal -dce -loop-bound -arraycheck -bitwidthmin -on-by-dataflow -loop-delete -instcombine -simplifycfg -globaldce -dce -gvn -deadargelim -dce -loop-simplify -clean-region -simplifycfg -propagate-stable-arguments -loop-stream -instcombine -simplifycfg -dce -globaldce -duplicate-dataflow-processes -stream-intrinsic-preproc -dce -check-ap-stream -loop-simplify -eliminate-keepreads -extract-dataflow-in-loop -loop-simplify -dce -gvn -deadargelim -dse -check-dataflow-syntax -legalize-stream-variable -legalize-global -extract-subproc -dce -dead-channel-elimination -canonicalize-gep -globaldce -dce -gvn -deadargelim -annotate-dataflow-channels -scalar-propagation -deadargelim -globaldce -mem2reg -check-dataflow-channels -function-stream -dce -globaldce -prop-fifo-spec -internal-stream-gen -canonicalize-gep -globaldce -dce -gvn -deadargelim -mergereturn -indvars -loop-simplify -instcombine -array-stream -array-seg-normalize -array-partition -func-legal -instcombine -simplifycfg -dce -bundle-memfifo-ops -deadargelim -function-uniquify -directive-preproc -mem2reg -dse -dce -group-axi-access -licm -simplifycfg -dce -loop-delete -norm-name C:/Users/raoja/Desktop/uni/520/imageprosseing/scalefactorloopunroll/.autopilot/db/a.o.1.bc -o C:/Users/raoja/Desktop/uni/520/imageprosseing/scalefactorloopunroll/.autopilot/db/a.o.1.tmp.bc -f 
INFO: [HLS 200-489] Unrolling loop 'col' (imageprosseing/imgpro.c:23) in function 'scalef' completely with a factor of 100.
INFO: [XFORM 203-602] Inlining function 'fp_struct<double>::mantissa' into 'generic_cast_IEEE754<int, (ap_q_mode)6, double>' (r:/builds/2019.1/continuous/2019_05_24_2552052/src/products/hls/hls_lib/hlsmath/include/FloatingPoint\hls_case_IEEE754.h:15) automatically.
INFO: [XFORM 203-602] Inlining function 'fp_struct<double>::expv' into 'generic_cast_IEEE754<int, (ap_q_mode)6, double>' (r:/builds/2019.1/continuous/2019_05_24_2552052/src/products/hls/hls_lib/hlsmath/include/FloatingPoint\hls_case_IEEE754.h:18) automatically.
INFO: [XFORM 203-602] Inlining function 'fp_struct<double>::__signbit' into 'generic_cast_IEEE754<int, (ap_q_mode)6, double>' (r:/builds/2019.1/continuous/2019_05_24_2552052/src/products/hls/hls_lib/hlsmath/include/FloatingPoint\hls_case_IEEE754.h:59) automatically.
INFO: [XFORM 203-602] Inlining function 'generic_cast_IEEE754<int, (ap_q_mode)6, double>' into 'generic_cast_IEEE754<int, double>' (r:/builds/2019.1/continuous/2019_05_24_2552052/src/products/hls/hls_lib/hlsmath/include/FloatingPoint\hls_case_IEEE754.h:117) automatically.
INFO: [XFORM 203-602] Inlining function 'generic_cast_IEEE754<int, double>' into '__hls_fptosi_double_i32' (r:/builds/2019.1/continuous/2019_05_24_2552052/src/products/hls/hls_lib/hlsmath/src/lib_floatconversion.cpp:55) automatically.
Command         transform done; 1.38 sec.
INFO-FLOW: Presyn 2...
Execute         transform -hls -keep-callgraph -scalarrepl -mem2reg -port-alignment -attach-range -dce -pipe-mux-gen -indvars -loop-bound -inst-simplify -instcombine -dce -merge-array-access -mem2reg -dce -clean-region -mergereturn -if-conv -instcombine -dce -constprop -basicaa -aggr-aa -aggrmodref-aa -aggr-aa -gvn -gvn -basicaa -aggr-aa -aggrmodref-aa -aggr-aa -dse -adse -adce -scalarrepl -mem2reg -global-constprop -deadargelim -deadargelim -instcombine -dce -simplifycfg -ptrArgReplace -mem2reg -function-inline -globaldce -mem2reg -instcombine -dce -expr-balance -instcombine -dce -bitwidthmin -interface-preproc -directive-preproc -inst-rectify -instcombine -dce -functionattrs -constprop -instcombine -bit-constprop -simplify-global-access -globalopt -globaldce -inst-simplify -instcombine -elimdeaddata -dce -loop-delete -simplifycfg -loop-simplify -auto-burst -norm-name C:/Users/raoja/Desktop/uni/520/imageprosseing/scalefactorloopunroll/.autopilot/db/a.o.1.tmp.bc -o C:/Users/raoja/Desktop/uni/520/imageprosseing/scalefactorloopunroll/.autopilot/db/a.o.2.bc -f -phase presyn 
Command         transform done; 0.727 sec.
INFO: [HLS 200-111] Finished Pre-synthesis Time (s): cpu = 00:00:05 ; elapsed = 00:01:25 . Memory (MB): peak = 244.531 ; gain = 153.520
INFO-FLOW: Building ssdm...
Execute         transform -hls -function-uniquify -auto-function-inline -globaldce -ptrArgReplace -mem2reg -dce -reset-lda -loop-simplify -indvars -licm -loop-dep -loop-bound -licm -loop-simplify -flattenloopnest -array-flatten -gvn -instcombine -dce -array-map -dce -func-legal -gvn -adce -instcombine -cfgopt -simplifycfg -loop-simplify -array-burst -promote-global-argument -dce -ptrLegalization -axi4-lower -array-seg-normalize -basicaa -aggrmodref-aa -globalsmodref-aa -aggr-aa -gvn -gvn -basicaa -aggrmodref-aa -globalsmodref-aa -aggr-aa -dse -adse -adce -licm -inst-simplify -dce -globaldce -instcombine -array-stream -eliminate-keepreads -instcombine -dce -deadargelim -doublePtrSimplify -doublePtrElim -dce -doublePtrSimplify -promote-dbg-pointer -dce -scalarrepl -mem2reg -disaggr -norm-name -mem2reg -instcombine -dse -adse -adce -ptrLegalization -dce -auto-rom-infer -array-flatten -dce -instcombine -check-doubleptr -loop-rot -constprop -cfgopt -simplifycfg -loop-simplify -indvars -pointer-simplify -dce -loop-bound -loop-simplify -loop-preproc -constprop -global-constprop -gvn -mem2reg -instcombine -dce -loop-bound -loop-merge -dce -bitwidthmin -deadargelim -dce -canonicalize-dataflow -dce -scalar-propagation -deadargelim -globaldce -mem2reg -read-loop-dep -interface-preproc -directive-preproc -interface-gen -bram-byte-enable -deadargelim -inst-simplify -dce -gvn -mem2reg -instcombine -dce -adse -loop-bound -instcombine -cfgopt -simplifycfg -loop-simplify -clean-region -io-protocol -find-region -mem2reg -bitop-raise -complex-op-raise -inst-simplify -inst-rectify -instcombine -adce -deadargelim -loop-simplify -phi-opt -bitop-raise -cfgopt -simplifycfg -strip-dead-prototypes -interface-lower -bitop-lower -intrinsic-lower -auto-function-inline -basicaa -aggrmodref-aa -globalsmodref-aa -aggr-aa -inst-simplify -simplifycfg -loop-simplify -mergereturn -inst-simplify -inst-rectify -dce -load-elim -bitop-lower -loop-rewind -pointer-simplify -dce -cfgopt -dce -loop-bound -loop-dep -read-loop-dep -dce -check-stream -norm-name -legalize -validate-dataflow -inst-clarity -bitwidth -dump-loop-dep-to-ir -check-all-ssdm -cdfg-build C:/Users/raoja/Desktop/uni/520/imageprosseing/scalefactorloopunroll/.autopilot/db/a.o.2.bc -o C:/Users/raoja/Desktop/uni/520/imageprosseing/scalefactorloopunroll/.autopilot/db/a.o.3.bc -f -phase build-ssdm 
WARNING: [XFORM 203-631] Renaming function '__hls_fptosi_double_i32' to '__hls_fptosi_double_' (r:/builds/2019.1/continuous/2019_05_24_2552052/src/products/hls/hls_lib/hlsmath/src/lib_floatconversion.cpp:15:56)
Command         transform done; 1.875 sec.
INFO: [HLS 200-111] Finished Architecture Synthesis Time (s): cpu = 00:00:07 ; elapsed = 00:01:27 . Memory (MB): peak = 252.285 ; gain = 161.273
INFO-FLOW: Finish building internal data model.
Command       opt_and_import_c done; 14.995 sec.
Command     elaborate done; 84.54 sec.
Execute     autosyn -from_csynth_design=1 
INFO: [HLS 200-10] Starting hardware synthesis ...
INFO-FLOW: Synthesizing C/C++ design ...
INFO: [HLS 200-10] Synthesizing 'scalef' ...
Execute       ap_set_top_model scalef 
WARNING: [SYN 201-103] Legalizing function name '__hls_fptosi_double_' to 'p_hls_fptosi_double_s'.
Execute       get_model_list scalef -filter all-wo-channel -topdown 
Execute       preproc_iomode -model scalef 
Execute       preproc_iomode -model __hls_fptosi_double_ 
Execute       get_model_list scalef -filter all-wo-channel 
INFO-FLOW: Model list for configure: __hls_fptosi_double_ scalef
INFO-FLOW: Configuring Module : __hls_fptosi_double_ ...
Execute       set_default_model __hls_fptosi_double_ 
Execute       apply_spec_resource_limit __hls_fptosi_double_ 
INFO-FLOW: Configuring Module : scalef ...
Execute       set_default_model scalef 
Execute       apply_spec_resource_limit scalef 
INFO-FLOW: Model list for preprocess: __hls_fptosi_double_ scalef
INFO-FLOW: Preprocessing Module: __hls_fptosi_double_ ...
Execute       set_default_model __hls_fptosi_double_ 
Execute       cdfg_preprocess -model __hls_fptosi_double_ 
Execute       rtl_gen_preprocess __hls_fptosi_double_ 
INFO-FLOW: Preprocessing Module: scalef ...
Execute       set_default_model scalef 
Execute       cdfg_preprocess -model scalef 
Execute       rtl_gen_preprocess scalef 
INFO-FLOW: Model list for synthesis: __hls_fptosi_double_ scalef
INFO: [HLS 200-10] ----------------------------------------------------------------
INFO: [HLS 200-42] -- Implementing module 'p_hls_fptosi_double_s' 
INFO: [HLS 200-10] ----------------------------------------------------------------
Execute       set_default_model __hls_fptosi_double_ 
Execute       schedule -model __hls_fptosi_double_ 
INFO: [SCHED 204-11] Starting scheduling ...
INFO: [SCHED 204-11] Finished scheduling.
Command       schedule done; 0.957 sec.
INFO: [HLS 200-111]  Elapsed time: 87.989 seconds; current allocated memory: 197.251 MB.
Execute       syn_report -verbosereport -o C:/Users/raoja/Desktop/uni/520/imageprosseing/scalefactorloopunroll/.autopilot/db/p_hls_fptosi_double_s.verbose.sched.rpt 
Execute       db_write -o C:/Users/raoja/Desktop/uni/520/imageprosseing/scalefactorloopunroll/.autopilot/db/p_hls_fptosi_double_s.sched.adb -f 
Command       db_write done; 0.15 sec.
INFO-FLOW: Finish scheduling __hls_fptosi_double_.
Execute       set_default_model __hls_fptosi_double_ 
Execute       bind -model __hls_fptosi_double_ 
BIND OPTION: model=__hls_fptosi_double_
INFO: [BIND 205-100] Starting micro-architecture generation ...
INFO: [BIND 205-101] Performing variable lifetime analysis.
INFO: [BIND 205-101] Exploring resource sharing.
INFO: [BIND 205-101] Binding ...
INFO: [BIND 205-100] Finished micro-architecture generation.
INFO: [HLS 200-111]  Elapsed time: 0.322 seconds; current allocated memory: 197.358 MB.
Execute       syn_report -verbosereport -o C:/Users/raoja/Desktop/uni/520/imageprosseing/scalefactorloopunroll/.autopilot/db/p_hls_fptosi_double_s.verbose.bind.rpt 
Execute       db_write -o C:/Users/raoja/Desktop/uni/520/imageprosseing/scalefactorloopunroll/.autopilot/db/p_hls_fptosi_double_s.bind.adb -f 
INFO-FLOW: Finish binding __hls_fptosi_double_.
INFO: [HLS 200-10] ----------------------------------------------------------------
INFO: [HLS 200-42] -- Implementing module 'scalef' 
INFO: [HLS 200-10] ----------------------------------------------------------------
Execute       set_default_model scalef 
Execute       schedule -model scalef 
INFO: [SCHED 204-11] Starting scheduling ...
INFO: [SCHED 204-11] Finished scheduling.
Command       schedule done; 2.858 sec.
INFO: [HLS 200-111]  Elapsed time: 2.987 seconds; current allocated memory: 200.234 MB.
Execute       syn_report -verbosereport -o C:/Users/raoja/Desktop/uni/520/imageprosseing/scalefactorloopunroll/.autopilot/db/scalef.verbose.sched.rpt 
INFO: [HLS 200-434] Only 0 loops out of a total 1 loops have been pipelined in this design.
Command       syn_report done; 1.275 sec.
Execute       db_write -o C:/Users/raoja/Desktop/uni/520/imageprosseing/scalefactorloopunroll/.autopilot/db/scalef.sched.adb -f 
Command       db_write done; 0.356 sec.
INFO-FLOW: Finish scheduling scalef.
Execute       set_default_model scalef 
Execute       bind -model scalef 
BIND OPTION: model=scalef
INFO: [BIND 205-100] Starting micro-architecture generation ...
INFO: [BIND 205-101] Performing variable lifetime analysis.
INFO: [BIND 205-101] Exploring resource sharing.
INFO: [BIND 205-101] Binding ...
INFO: [BIND 205-100] After resource sharing, estimated clock period (10.9826ns) exceeds the target (target clock period: 10ns, clock uncertainty: 1.25ns, effective delay budget: 8.75ns).
INFO: [BIND 205-100] The critical path consists of the following:
	'call' operation ('tmp_2', imageprosseing/imgpro.c:24) to '__hls_fptosi_double_' (11 ns)
INFO: [BIND 205-100] Finished micro-architecture generation.
Command       bind done; 0.387 sec.
INFO: [HLS 200-111]  Elapsed time: 2.1 seconds; current allocated memory: 203.336 MB.
Execute       syn_report -verbosereport -o C:/Users/raoja/Desktop/uni/520/imageprosseing/scalefactorloopunroll/.autopilot/db/scalef.verbose.bind.rpt 
Command       syn_report done; 1.691 sec.
Execute       db_write -o C:/Users/raoja/Desktop/uni/520/imageprosseing/scalefactorloopunroll/.autopilot/db/scalef.bind.adb -f 
Command       db_write done; 0.45 sec.
INFO-FLOW: Finish binding scalef.
Execute       get_model_list scalef -filter all-wo-channel 
INFO-FLOW: Preprocessing for RTLGen ...
Execute       rtl_gen_preprocess __hls_fptosi_double_ 
Execute       rtl_gen_preprocess scalef 
INFO-FLOW: Model list for RTL generation: __hls_fptosi_double_ scalef
INFO: [HLS 200-10] ----------------------------------------------------------------
INFO: [HLS 200-10] -- Generating RTL for module 'p_hls_fptosi_double_s' 
INFO: [HLS 200-10] ----------------------------------------------------------------
Execute       get_config_rtl -module_prefix 
Execute       get_config_rtl -module_auto_prefix 
Execute       create_rtl_model __hls_fptosi_double_ -vendor xilinx -mg_file C:/Users/raoja/Desktop/uni/520/imageprosseing/scalefactorloopunroll/.autopilot/db/p_hls_fptosi_double_s.compgen.tcl 
INFO: [RTGEN 206-100] Finished creating RTL model for 'p_hls_fptosi_double_s'.
Command       create_rtl_model done; 0.232 sec.
INFO: [HLS 200-111]  Elapsed time: 2.489 seconds; current allocated memory: 203.671 MB.
Execute       source C:/Users/raoja/Desktop/uni/520/imageprosseing/scalefactorloopunroll/.autopilot/db/scalef.rtl_wrap.cfg.tcl 
Execute       gen_rtl __hls_fptosi_double_ -style xilinx -tracefl mytrace -tracefmt vcd -traceopt all -f -lang sc -o C:/Users/raoja/Desktop/uni/520/imageprosseing/scalefactorloopunroll/syn/systemc/p_hls_fptosi_double_s -synmodules __hls_fptosi_double_ scalef 
Execute       gen_rtl __hls_fptosi_double_ -style xilinx -f -lang vhdl -o C:/Users/raoja/Desktop/uni/520/imageprosseing/scalefactorloopunroll/syn/vhdl/p_hls_fptosi_double_s 
Execute       gen_rtl __hls_fptosi_double_ -style xilinx -f -lang vlog -o C:/Users/raoja/Desktop/uni/520/imageprosseing/scalefactorloopunroll/syn/verilog/p_hls_fptosi_double_s 
Execute       syn_report -csynth -model __hls_fptosi_double_ -o C:/Users/raoja/Desktop/uni/520/imageprosseing/scalefactorloopunroll/syn/report/p_hls_fptosi_double_s_csynth.rpt 
Execute       syn_report -rtlxml -model __hls_fptosi_double_ -o C:/Users/raoja/Desktop/uni/520/imageprosseing/scalefactorloopunroll/syn/report/p_hls_fptosi_double_s_csynth.xml 
Execute       syn_report -verbosereport -model __hls_fptosi_double_ -o C:/Users/raoja/Desktop/uni/520/imageprosseing/scalefactorloopunroll/.autopilot/db/p_hls_fptosi_double_s.verbose.rpt 
Execute       db_write -model __hls_fptosi_double_ -f -o C:/Users/raoja/Desktop/uni/520/imageprosseing/scalefactorloopunroll/.autopilot/db/p_hls_fptosi_double_s.adb 
Execute       gen_tb_info __hls_fptosi_double_ -p C:/Users/raoja/Desktop/uni/520/imageprosseing/scalefactorloopunroll/.autopilot/db -o C:/Users/raoja/Desktop/uni/520/imageprosseing/scalefactorloopunroll/.autopilot/db/p_hls_fptosi_double_s 
INFO: [HLS 200-10] ----------------------------------------------------------------
INFO: [HLS 200-10] -- Generating RTL for module 'scalef' 
INFO: [HLS 200-10] ----------------------------------------------------------------
Execute       get_config_rtl -module_prefix 
Execute       get_config_rtl -module_auto_prefix 
Execute       create_rtl_model scalef -vendor xilinx -mg_file C:/Users/raoja/Desktop/uni/520/imageprosseing/scalefactorloopunroll/.autopilot/db/scalef.compgen.tcl 
INFO: [RTGEN 206-500] Setting interface mode on port 'scalef/as' to 'ap_memory'.
INFO: [RTGEN 206-500] Setting interface mode on port 'scalef/bs' to 'ap_memory'.
INFO: [RTGEN 206-500] Setting interface mode on function 'scalef' to 'ap_ctrl_hs'.
INFO: [SYN 201-210] Renamed object name 'scalef_dmul_64ns_64ns_64_6_max_dsp_1' to 'scalef_dmul_64ns_bkb' due to the length limit 20
INFO: [SYN 201-210] Renamed object name 'scalef_sitodp_32ns_64_6_1' to 'scalef_sitodp_32ncud' due to the length limit 20
INFO: [RTGEN 206-100] Generating core module 'scalef_dmul_64ns_bkb': 2 instance(s).
INFO: [RTGEN 206-100] Generating core module 'scalef_sitodp_32ncud': 2 instance(s).
INFO: [RTGEN 206-100] Finished creating RTL model for 'scalef'.
Command       create_rtl_model done; 0.602 sec.
INFO: [HLS 200-111]  Elapsed time: 0.884 seconds; current allocated memory: 208.363 MB.
Execute       source C:/Users/raoja/Desktop/uni/520/imageprosseing/scalefactorloopunroll/.autopilot/db/scalef.rtl_wrap.cfg.tcl 
Execute       gen_rtl scalef -istop -style xilinx -tracefl mytrace -tracefmt vcd -traceopt all -f -lang sc -o C:/Users/raoja/Desktop/uni/520/imageprosseing/scalefactorloopunroll/syn/systemc/scalef -synmodules __hls_fptosi_double_ scalef 
Execute       gen_rtl scalef -istop -style xilinx -f -lang vhdl -o C:/Users/raoja/Desktop/uni/520/imageprosseing/scalefactorloopunroll/syn/vhdl/scalef 
Command       gen_rtl done; 0.202 sec.
Execute       gen_rtl scalef -istop -style xilinx -f -lang vlog -o C:/Users/raoja/Desktop/uni/520/imageprosseing/scalefactorloopunroll/syn/verilog/scalef 
Command       gen_rtl done; 0.115 sec.
Execute       syn_report -csynth -model scalef -o C:/Users/raoja/Desktop/uni/520/imageprosseing/scalefactorloopunroll/syn/report/scalef_csynth.rpt 
Command       syn_report done; 0.112 sec.
Execute       syn_report -rtlxml -model scalef -o C:/Users/raoja/Desktop/uni/520/imageprosseing/scalefactorloopunroll/syn/report/scalef_csynth.xml 
Execute       syn_report -verbosereport -model scalef -o C:/Users/raoja/Desktop/uni/520/imageprosseing/scalefactorloopunroll/.autopilot/db/scalef.verbose.rpt 
Command       syn_report done; 1.782 sec.
Execute       db_write -model scalef -f -o C:/Users/raoja/Desktop/uni/520/imageprosseing/scalefactorloopunroll/.autopilot/db/scalef.adb 
Command       db_write done; 0.751 sec.
Execute       gen_tb_info scalef -p C:/Users/raoja/Desktop/uni/520/imageprosseing/scalefactorloopunroll/.autopilot/db -o C:/Users/raoja/Desktop/uni/520/imageprosseing/scalefactorloopunroll/.autopilot/db/scalef 
Execute       export_constraint_db -f -tool general -o C:/Users/raoja/Desktop/uni/520/imageprosseing/scalefactorloopunroll/.autopilot/db/scalef.constraint.tcl 
Execute       syn_report -designview -model scalef -o C:/Users/raoja/Desktop/uni/520/imageprosseing/scalefactorloopunroll/.autopilot/db/scalef.design.xml 
Command       syn_report done; 0.209 sec.
Execute       get_config_rtl -disable_wave_debug 
Execute       syn_report -wcfg -model scalef -o C:/Users/raoja/Desktop/uni/520/imageprosseing/scalefactorloopunroll/.autopilot/db/scalef_dataflow_ana.wcfg 
Execute       syn_report -protoinst -model scalef -o C:/Users/raoja/Desktop/uni/520/imageprosseing/scalefactorloopunroll/.autopilot/db/scalef.protoinst 
Execute       get_config_debug -directory 
Execute       sc_get_clocks scalef 
Execute       get_config_export -vivado_clock 
Execute       sc_get_portdomain scalef 
INFO-FLOW: Model list for RTL component generation: __hls_fptosi_double_ scalef
INFO-FLOW: Handling components in module [p_hls_fptosi_double_s] ... 
Execute       source C:/Users/raoja/Desktop/uni/520/imageprosseing/scalefactorloopunroll/.autopilot/db/p_hls_fptosi_double_s.compgen.tcl 
INFO-FLOW: Handling components in module [scalef] ... 
Execute       source C:/Users/raoja/Desktop/uni/520/imageprosseing/scalefactorloopunroll/.autopilot/db/scalef.compgen.tcl 
INFO-FLOW: Found component scalef_dmul_64ns_bkb.
INFO-FLOW: Append model scalef_dmul_64ns_bkb
INFO-FLOW: Found component scalef_sitodp_32ncud.
INFO-FLOW: Append model scalef_sitodp_32ncud
INFO-FLOW: Append model p_hls_fptosi_double_s
INFO-FLOW: Append model scalef
INFO-FLOW: Generating RTL model list ...
INFO-FLOW: All models in this session: scalef_dmul_64ns_bkb scalef_sitodp_32ncud p_hls_fptosi_double_s scalef
INFO-FLOW: To file: write model scalef_dmul_64ns_bkb
INFO-FLOW: To file: write model scalef_sitodp_32ncud
INFO-FLOW: To file: write model p_hls_fptosi_double_s
INFO-FLOW: To file: write model scalef
INFO-FLOW: Finished generating RTL model list.


INFO-FLOW: RTL Generation done.
INFO-FLOW: CAS Generation done.
INFO-FLOW: CBC Generation done.
INFO-FLOW: DBG:CMD: auto_generate_csynth_design
INFO-FLOW: DBG:CMD:     auto_generate --sim-model -phase csynth_design -d C:/Users/raoja/Desktop/uni/520/imageprosseing/scalefactorloopunroll
Execute       source C:/Users/raoja/Desktop/uni/520/imageprosseing/scalefactorloopunroll/.autopilot/db/global.setting.tcl 
INFO-FLOW: DBG:CMD: read_platform_lib C:/Users/raoja/Desktop/uni/520/imageprosseing/scalefactorloopunroll/.autopilot/db/global.setting.tcl
Execute       source D:/hell/Vivado/2019.1/common/technology/generic/autopilot/common.gen 
Execute         source D:/hell/Vivado/2019.1/common/technology/generic/autopilot/APCoreGen.gen 
Execute       source D:/hell/Vivado/2019.1/common/technology/generic/autopilot/op.gen 
Execute       source D:/hell/Vivado/2019.1/common/technology/generic/autopilot/op_simcore.gen 
Execute       source D:/hell/Vivado/2019.1/common/technology/generic/autopilot/interface.gen 
Execute       source C:/Users/raoja/Desktop/uni/520/imageprosseing/scalefactorloopunroll/.autopilot/db/global.setting.tcl 
Execute       source D:/hell/Vivado/2019.1/common/technology/xilinx/zynq/zynq.gen 
Execute         source D:/hell/Vivado/2019.1/common/technology/xilinx/common/xilinx.gen 
Execute           source D:/hell/Vivado/2019.1/common/technology/xilinx/interface/plb46.gen 
Execute           source D:/hell/Vivado/2019.1/common/technology/xilinx/interface/fsl.gen 
Execute           source D:/hell/Vivado/2019.1/common/technology/xilinx/interface/axi4.gen 
Execute           source D:/hell/Vivado/2019.1/common/technology/xilinx/interface/nativeAXI4.gen 
Execute             source D:/hell/Vivado/2019.1/common/technology/xilinx/interface/saxilite.gen 
Execute             source D:/hell/Vivado/2019.1/common/technology/xilinx/interface/maxi.gen 
Execute           source D:/hell/Vivado/2019.1/common/technology/xilinx/scripts/xilinxcoregen.gen 
Execute           source D:/hell/Vivado/2019.1/common/technology/xilinx/interface/XilEDKCoreGen.gen 
Execute           source D:/hell/Vivado/2019.1/common/technology/xilinx/ip/dds_compiler.gen 
Execute           source D:/hell/Vivado/2019.1/common/technology/xilinx/ip/util.gen 
Execute           source D:/hell/Vivado/2019.1/common/technology/xilinx/ip/xfft.gen 
Command           ap_source done; 0.163 sec.
Execute           source D:/hell/Vivado/2019.1/common/technology/xilinx/ip/xfir.gen 
Execute           source D:/hell/Vivado/2019.1/common/technology/xilinx/common/dsp48.gen 
Command         ap_source done; 0.412 sec.
Command       ap_source done; 0.412 sec.
Execute       source D:/hell/Vivado/2019.1/common/technology/xilinx/zynq/zynq_fpv6.gen 
Execute         source D:/hell/Vivado/2019.1/common/technology/xilinx/common/xilinx_fp.gen 
INFO-FLOW: DBG:CMD:   using AESL_AUTOCG::g_clock_period=10.000 (was NA)
INFO-FLOW: DBG:CMD:       generate_ip_cores sim=1 export=0 expOnly=0 dstVlogDir=syn/verilog
Execute       source C:/Users/raoja/Desktop/uni/520/imageprosseing/scalefactorloopunroll/.autopilot/db/global.setting.tcl 
Execute       ap_part_info -name xc7z020-clg484-1 -data names -quiet 
Execute       ap_part_info -name xc7z020-clg484-1 -data info -quiet 
Execute       source C:/Users/raoja/Desktop/uni/520/imageprosseing/scalefactorloopunroll/.autopilot/db/global.setting.tcl 
Execute       source C:/Users/raoja/Desktop/uni/520/imageprosseing/scalefactorloopunroll/.autopilot/db/global.setting.tcl 
Execute       source C:/Users/raoja/Desktop/uni/520/imageprosseing/scalefactorloopunroll/.autopilot/db/p_hls_fptosi_double_s.compgen.tcl 
Execute       source C:/Users/raoja/Desktop/uni/520/imageprosseing/scalefactorloopunroll/.autopilot/db/scalef.compgen.tcl 
Execute         ap_part_info -name xc7z020-clg484-1 -data names -quiet 
Execute         ap_part_info -name xc7z020-clg484-1 -data info -quiet 
Execute         ap_part_info -name xc7z020-clg484-1 -data names -quiet 
Execute         ap_part_info -name xc7z020-clg484-1 -data info -quiet 
Command       ap_source done; 0.176 sec.
INFO-FLOW: DBG:CMD:     auto_generate -export -impltomg_flag -rtl both -tool Vivado -pcore_version 1.00.a -phase csynth_design -d C:/Users/raoja/Desktop/uni/520/imageprosseing/scalefactorloopunroll
Execute       source C:/Users/raoja/Desktop/uni/520/imageprosseing/scalefactorloopunroll/.autopilot/db/global.setting.tcl 
INFO-FLOW: DBG:CMD: read_platform_lib C:/Users/raoja/Desktop/uni/520/imageprosseing/scalefactorloopunroll/.autopilot/db/global.setting.tcl
Execute       source D:/hell/Vivado/2019.1/common/technology/generic/autopilot/common.gen 
Execute         source D:/hell/Vivado/2019.1/common/technology/generic/autopilot/APCoreGen.gen 
Execute       source D:/hell/Vivado/2019.1/common/technology/generic/autopilot/op.gen 
Execute       source D:/hell/Vivado/2019.1/common/technology/generic/autopilot/op_simcore.gen 
Execute       source D:/hell/Vivado/2019.1/common/technology/generic/autopilot/interface.gen 
Execute       source C:/Users/raoja/Desktop/uni/520/imageprosseing/scalefactorloopunroll/.autopilot/db/global.setting.tcl 
Execute       source D:/hell/Vivado/2019.1/common/technology/xilinx/zynq/zynq.gen 
Execute         source D:/hell/Vivado/2019.1/common/technology/xilinx/common/xilinx.gen 
Execute           source D:/hell/Vivado/2019.1/common/technology/xilinx/interface/plb46.gen 
Execute           source D:/hell/Vivado/2019.1/common/technology/xilinx/interface/fsl.gen 
Execute           source D:/hell/Vivado/2019.1/common/technology/xilinx/interface/axi4.gen 
Execute           source D:/hell/Vivado/2019.1/common/technology/xilinx/interface/nativeAXI4.gen 
Execute             source D:/hell/Vivado/2019.1/common/technology/xilinx/interface/saxilite.gen 
Execute             source D:/hell/Vivado/2019.1/common/technology/xilinx/interface/maxi.gen 
Execute           source D:/hell/Vivado/2019.1/common/technology/xilinx/scripts/xilinxcoregen.gen 
Execute           source D:/hell/Vivado/2019.1/common/technology/xilinx/interface/XilEDKCoreGen.gen 
Execute           source D:/hell/Vivado/2019.1/common/technology/xilinx/ip/dds_compiler.gen 
Execute           source D:/hell/Vivado/2019.1/common/technology/xilinx/ip/util.gen 
Execute           source D:/hell/Vivado/2019.1/common/technology/xilinx/ip/xfft.gen 
Command           ap_source done; 0.173 sec.
Execute           source D:/hell/Vivado/2019.1/common/technology/xilinx/ip/xfir.gen 
Execute           source D:/hell/Vivado/2019.1/common/technology/xilinx/common/dsp48.gen 
Command         ap_source done; 0.261 sec.
Command       ap_source done; 0.262 sec.
Execute       source D:/hell/Vivado/2019.1/common/technology/xilinx/zynq/zynq_fpv6.gen 
Execute         source D:/hell/Vivado/2019.1/common/technology/xilinx/common/xilinx_fp.gen 
INFO-FLOW: DBG:CMD:       initCTypeInfo top_module=scalef xml_exists=0
Execute       source C:/Users/raoja/Desktop/uni/520/imageprosseing/scalefactorloopunroll/.autopilot/db/scalef.rtl_wrap.cfg.tcl 
Execute       source C:/Users/raoja/Desktop/uni/520/imageprosseing/scalefactorloopunroll/.autopilot/db/scalef.rtl_wrap.cfg.tcl 
Execute       source C:/Users/raoja/Desktop/uni/520/imageprosseing/scalefactorloopunroll/.autopilot/db/scalef.rtl_wrap.cfg.tcl 
Execute       source C:/Users/raoja/Desktop/uni/520/imageprosseing/scalefactorloopunroll/.autopilot/db/scalef.tbgen.tcl 
Execute       source C:/Users/raoja/Desktop/uni/520/imageprosseing/scalefactorloopunroll/.autopilot/db/scalef.tbgen.tcl 
INFO-FLOW: DBG:CMD:       export_impl_rtl
INFO-FLOW: DBG:CMD:       generate_ip_cores sim=0 export=0 expOnly=0 dstVlogDir=impl/.verilog
Execute       source C:/Users/raoja/Desktop/uni/520/imageprosseing/scalefactorloopunroll/.autopilot/db/global.setting.tcl 
Execute       source C:/Users/raoja/Desktop/uni/520/imageprosseing/scalefactorloopunroll/.autopilot/db/p_hls_fptosi_double_s.compgen.tcl 
Execute       source C:/Users/raoja/Desktop/uni/520/imageprosseing/scalefactorloopunroll/.autopilot/db/scalef.compgen.tcl 
Execute         ap_part_info -name xc7z020-clg484-1 -data names -quiet 
Execute         ap_part_info -name xc7z020-clg484-1 -data info -quiet 
Execute         ap_part_info -name xc7z020-clg484-1 -data names -quiet 
Execute         ap_part_info -name xc7z020-clg484-1 -data info -quiet 
INFO-FLOW: DBG:CMD:       generate_ip_cores sim=0 export=1 expOnly=1 dstVlogDir=impl/.pcores/verilog
Execute       source C:/Users/raoja/Desktop/uni/520/imageprosseing/scalefactorloopunroll/.autopilot/db/global.setting.tcl 
Execute       source C:/Users/raoja/Desktop/uni/520/imageprosseing/scalefactorloopunroll/.autopilot/db/p_hls_fptosi_double_s.compgen.tcl 
Execute       source C:/Users/raoja/Desktop/uni/520/imageprosseing/scalefactorloopunroll/.autopilot/db/scalef.compgen.tcl 
Execute         ap_part_info -name xc7z020-clg484-1 -data names -quiet 
Execute         ap_part_info -name xc7z020-clg484-1 -data info -quiet 
Execute         ap_part_info -name xc7z020-clg484-1 -data names -quiet 
Execute         ap_part_info -name xc7z020-clg484-1 -data info -quiet 
Execute         source C:/Users/raoja/Desktop/uni/520/imageprosseing/scalefactorloopunroll/.autopilot/db/scalef.tbgen.tcl 
Execute         source C:/Users/raoja/Desktop/uni/520/imageprosseing/scalefactorloopunroll/.autopilot/db/scalef.tbgen.tcl 
Execute         ap_part_info -name xc7z020-clg484-1 -data names -quiet 
Execute         ap_part_info -name xc7z020-clg484-1 -data info -quiet 
Execute         ap_part_info -name xc7z020-clg484-1 -data names -quiet 
Execute         ap_part_info -name xc7z020-clg484-1 -data info -quiet 
Execute         ap_part_info -name xc7z020-clg484-1 -data names -quiet 
Execute         ap_part_info -name xc7z020-clg484-1 -data info -quiet 
Execute         ap_part_info -name xc7z020-clg484-1 -data names -quiet 
Execute         ap_part_info -name xc7z020-clg484-1 -data info -quiet 
Execute         ap_part_info -name xc7z020-clg484-1 -data names -quiet 
Execute         ap_part_info -name xc7z020-clg484-1 -data info -quiet 
Execute       ap_part_info -name xc7z020-clg484-1 -data names -quiet 
Execute       ap_part_info -name xc7z020-clg484-1 -data info -quiet 
INFO-FLOW: DBG:CMD:       generate_ip_cores sim=0 export=0 expOnly=0 dstVlogDir=impl/.pcores/verilog_sim
Execute       source C:/Users/raoja/Desktop/uni/520/imageprosseing/scalefactorloopunroll/.autopilot/db/global.setting.tcl 
Execute       source C:/Users/raoja/Desktop/uni/520/imageprosseing/scalefactorloopunroll/.autopilot/db/p_hls_fptosi_double_s.compgen.tcl 
Execute       source C:/Users/raoja/Desktop/uni/520/imageprosseing/scalefactorloopunroll/.autopilot/db/scalef.compgen.tcl 
Execute       ap_part_info -name xc7z020-clg484-1 -data names -quiet 
Execute       ap_part_info -name xc7z020-clg484-1 -data info -quiet 
Execute       ap_part_info -name xc7z020-clg484-1 -data names -quiet 
Execute       ap_part_info -name xc7z020-clg484-1 -data info -quiet 
Execute       source C:/Users/raoja/Desktop/uni/520/imageprosseing/scalefactorloopunroll/.autopilot/db/global.setting.tcl 
Execute       ap_part_info -name xc7z020-clg484-1 -data names -quiet 
Execute       ap_part_info -name xc7z020-clg484-1 -data info -quiet 
Execute       source C:/Users/raoja/Desktop/uni/520/imageprosseing/scalefactorloopunroll/.autopilot/db/scalef.constraint.tcl 
Execute       source C:/Users/raoja/Desktop/uni/520/imageprosseing/scalefactorloopunroll/.autopilot/db/scalef.tbgen.tcl 
INFO-FLOW: DBG:CMD:       hasPcoreIpAdapter=false #gSsdmPorts=6
INFO-FLOW: DBG:CMD: Skipping loadAnalyze_DB, #g_database=2
INFO-FLOW: DBG:CMD:       generate_json is_phase_csynth=1 g_has_adaptors=false generate_bd_files=0 #modelList=4 #gSsdmPorts=6
Execute       source D:/hell/Vivado/2019.1/tps/tcl/tcllib1.11.1/fileutil/fileutil.tcl 
Execute       source C:/Users/raoja/Desktop/uni/520/imageprosseing/scalefactorloopunroll/.autopilot/db/global.setting.tcl 
Execute       source C:/Users/raoja/Desktop/uni/520/imageprosseing/scalefactorloopunroll/.autopilot/db/global.setting.tcl 
Execute       get_config_export -xo 
Execute       source C:/Users/raoja/Desktop/uni/520/imageprosseing/scalefactorloopunroll/.autopilot/db/scalef.tbgen.tcl 
Execute       source C:/Users/raoja/Desktop/uni/520/imageprosseing/scalefactorloopunroll/.autopilot/db/scalef.tbgen.tcl 
Execute       source C:/Users/raoja/Desktop/uni/520/imageprosseing/scalefactorloopunroll/.autopilot/db/scalef.tbgen.tcl 
Execute       source C:/Users/raoja/Desktop/uni/520/imageprosseing/scalefactorloopunroll/.autopilot/db/scalef.tbgen.tcl 
Execute       source C:/Users/raoja/Desktop/uni/520/imageprosseing/scalefactorloopunroll/.autopilot/db/global.setting.tcl 
Execute       get_config_sdx -target 
Execute       source C:/Users/raoja/Desktop/uni/520/imageprosseing/scalefactorloopunroll/.autopilot/db/scalef.rtl_wrap.cfg.tcl 
Execute       source C:/Users/raoja/Desktop/uni/520/imageprosseing/scalefactorloopunroll/.autopilot/db/scalef.compgen.dataonly.tcl 
Execute       source C:/Users/raoja/Desktop/uni/520/imageprosseing/scalefactorloopunroll/.autopilot/db/global.setting.tcl 
Execute       ap_part_info -name xc7z020-clg484-1 -data names -quiet 
Execute       ap_part_info -name xc7z020-clg484-1 -data info -quiet 
Execute       source C:/Users/raoja/Desktop/uni/520/imageprosseing/scalefactorloopunroll/.autopilot/db/scalef.constraint.tcl 
Execute       sc_get_clocks scalef 
Execute       ap_part_info -name xc7z020-clg484-1 -data names -quiet 
Execute       ap_part_info -name xc7z020-clg484-1 -data info -quiet 
Execute       source C:/Users/raoja/Desktop/uni/520/imageprosseing/scalefactorloopunroll/.autopilot/db/global.setting.tcl 
Execute       get_config_debug -directory 
Execute       source C:/Users/raoja/Desktop/uni/520/imageprosseing/scalefactorloopunroll/impl/misc/scalef_ap_dmul_4_max_dsp_64_ip.tcl 
Execute       source C:/Users/raoja/Desktop/uni/520/imageprosseing/scalefactorloopunroll/impl/misc/scalef_ap_sitodp_4_no_dsp_32_ip.tcl 
Execute       source C:/Users/raoja/Desktop/uni/520/imageprosseing/scalefactorloopunroll/.autopilot/db/p_hls_fptosi_double_s.tbgen.tcl 
Execute       source C:/Users/raoja/Desktop/uni/520/imageprosseing/scalefactorloopunroll/.autopilot/db/scalef.tbgen.tcl 
Execute       get_config_sdx -target 
Execute       get_config_sdx -profile 
Execute       get_config_rtl -kernel_profile 
Execute       get_config_rtl -stall_sig_gen 
Execute       get_config_rtl -profile 
INFO-FLOW: DBG:CMD: add_json_sdx_info kernel file does not exist, skipping opencl info: C:/Users/raoja/Desktop/uni/520/imageprosseing/scalefactorloopunroll/.autopilot/db/kernel.internal.xml
INFO-FLOW: DBG:CMD:       delete-temp-dirs (skipped for debug)
INFO: [HLS 200-111] Finished generating all RTL models Time (s): cpu = 00:00:17 ; elapsed = 00:01:46 . Memory (MB): peak = 287.375 ; gain = 196.363
INFO: [VHDL 208-304] Generating VHDL RTL for scalef.
INFO: [VLOG 209-307] Generating Verilog RTL for scalef.
Command     autosyn done; 19.318 sec.
Command   csynth_design done; 103.874 sec.
Command ap_source done; 105.488 sec.
Execute cleanup_all 
