INFO: [SIM 2] *************** CSIM start ***************
INFO: [SIM 4] CSIM will launch GCC as the compiler.
   Compiling(apcc) ../../../testyy.c in debug mode
INFO: [HLS 200-10] Running 'D:/hell/Vivado/2019.1/bin/unwrapped/win64.o/apcc.exe'
INFO: [HLS 200-10] For user 'raoja' on host 'heaven' (Windows NT_amd64 version 6.2) on Sat May 15 16:08:21 -0700 2021
INFO: [HLS 200-10] In directory 'C:/Users/raoja/Desktop/uni/520/imageprosseing/averagepipe/csim/build'
INFO: [APCC 202-3] Tmp directory is apcc_db
INFO: [APCC 202-1] APCC is done.
   Generating csim.exe
decompressed 25x25 image 
 255 255 255 245 193 192 193 193 193 192 202 229 206 218 255 255 255 255 255 255 255 255 255 255 255; 
 255 255 254 202 190 193 193 193 193 193 192 209 228 197 227 255 255 255 255 255 255 255 255 255 255; 
 255 255 231 187 193 193 193 193 193 193 193 192 198 196 191 245 255 255 255 255 255 255 255 255 255; 
 255 255 205 191 193 193 193 193 193 193 193 193 192 193 190 210 255 255 255 255 255 255 255 255 255; 
 255 250 194 192 193 193 193 193 194 193 193 193 190 185 186 189 243 255 255 255 255 255 255 255 255; 
 255 243 190 193 193 193 194 192 187 191 193 193 188 189 190 189 218 255 255 255 255 255 255 255 255; 
 255 239 189 193 193 193 186 183 188 192 193 193 193 191 192 190 198 255 255 255 255 255 255 255 255; 
 255 240 189 193 193 190 187 193 192 190 193 190 187 213 218 200 183 228 255 255 255 255 255 255 255; 
 255 245 190 193 193 193 193 191 201 208 191 192 183 211 211 193 187 188 254 255 255 255 255 255 255; 
 255 252 194 192 193 193 190 218 226 220 190 194 184 189 190 193 192 179 247 255 255 255 255 255 255; 
 255 255 205 191 193 193 192 201 211 194 192 193 189 187 194 193 193 178 245 255 255 255 255 255 255; 
 255 255 224 187 193 193 193 191 190 192 193 193 194 176 192 193 193 184 249 255 255 255 255 255 255; 
 255 255 218 180 193 193 193 193 193 193 193 193 193 182 192 193 192 195 252 255 255 255 255 255 255; 
 255 255 193 161 192 194 193 193 193 193 193 193 193 195 196 193 192 194 250 255 255 255 255 255 255; 
 255 255 207 155 167 192 193 193 193 193 193 194 193 184 144 184 194 193 250 255 255 255 255 255 255; 
 255 255 242 176 159 179 195 193 193 193 193 162 144 136 143 192 193 194 252 255 255 255 255 255 255; 
 255 255 255 217 181 169 195 193 193 193 193 187 170 169 190 194 192 200 255 255 255 255 255 255 255; 
 255 255 255 253 203 174 180 194 193 193 193 194 195 195 194 193 192 194 243 251 255 255 255 255 255; 
 255 255 255 255 252 201 145 169 197 193 193 193 193 193 193 193 190 204 207 207 239 255 255 255 255; 
 255 255 255 255 255 227 169 123 169 197 194 193 193 193 193 194 180 225 215 209 219 216 223 254 255; 
 255 255 255 255 255 217 164 124 123 151 186 196 196 196 196 187 179 213 226 225 238 215 194 235 255; 
 255 255 255 255 241 202 166 131 128 124 125 141 154 156 143 158 218 198 231 181 157 189 208 224 253; 
 255 255 255 254 221 212 175 173 150 127 128 125 123 122 130 170 199 219 188 72 88 117 221 219 254; 
 255 255 253 231 221 218 188 176 195 165 135 127 127 128 154 189 197 225 174 44 63 98 223 190 243; 
 255 247 219 221 206 220 202 173 195 195 189 172 163 175 190 187 219 212 225 92 37 117 218 183 226; 
/nbinary image passed
averaging filter image passed
invert image passed
scaling image passed
compressing passed
decompressed image passed
decompressed 25x25 image 
 255 255 255 245 193 192 193 193 193 192 202 229 206 218 255 255 255 255 255 255 255 255 255 255 255; 
 255 255 254 202 190 193 193 193 193 193 192 209 228 197 227 255 255 255 255 255 255 255 255 255 255; 
 255 255 231 187 193 193 193 193 193 193 193 192 198 196 191 245 255 255 255 255 255 255 255 255 255; 
 255 255 205 191 193 193 193 193 193 193 193 193 192 193 190 210 255 255 255 255 255 255 255 255 255; 
 255 250 194 192 193 193 193 193 194 193 193 193 190 185 186 189 243 255 255 255 255 255 255 255 255; 
 255 243 190 193 193 193 194 192 187 191 193 193 188 189 190 189 218 255 255 255 255 255 255 255 255; 
 255 239 189 193 193 193 186 183 188 192 193 193 193 191 192 190 198 255 255 255 255 255 255 255 255; 
 255 240 189 193 193 190 187 193 192 190 193 190 187 213 218 200 183 228 255 255 255 255 255 255 255; 
 255 245 190 193 193 193 193 191 201 208 191 192 183 211 211 193 187 188 254 255 255 255 255 255 255; 
 255 252 194 192 193 193 190 218 226 220 190 194 184 189 190 193 192 179 247 255 255 255 255 255 255; 
 255 255 205 191 193 193 192 201 211 194 192 193 189 187 194 193 193 178 245 255 255 255 255 255 255; 
 255 255 224 187 193 193 193 191 190 192 193 193 194 176 192 193 193 184 249 255 255 255 255 255 255; 
 255 255 218 180 193 193 193 193 193 193 193 193 193 182 192 193 192 195 252 255 255 255 255 255 255; 
 255 255 193 161 192 194 193 193 193 193 193 193 193 195 196 193 192 194 250 255 255 255 255 255 255; 
 255 255 207 155 167 192 193 193 193 193 193 194 193 184 144 184 194 193 250 255 255 255 255 255 255; 
 255 255 242 176 159 179 195 193 193 193 193 162 144 136 143 192 193 194 252 255 255 255 255 255 255; 
 255 255 255 217 181 169 195 193 193 193 193 187 170 169 190 194 192 200 255 255 255 255 255 255 255; 
 255 255 255 253 203 174 180 194 193 193 193 194 195 195 194 193 192 194 243 251 255 255 255 255 255; 
 255 255 255 255 252 201 145 169 197 193 193 193 193 193 193 193 190 204 207 207 239 255 255 255 255; 
 255 255 255 255 255 227 169 123 169 197 194 193 193 193 193 194 180 225 215 209 219 216 223 254 255; 
 255 255 255 255 255 217 164 124 123 151 186 196 196 196 196 187 179 213 226 225 238 215 194 235 255; 
 255 255 255 255 241 202 166 131 128 124 125 141 154 156 143 158 218 198 231 181 157 189 208 224 253; 
 255 255 255 254 221 212 175 173 150 127 128 125 123 122 130 170 199 219 188 72 88 117 221 219 254; 
 255 255 253 231 221 218 188 176 195 165 135 127 127 128 154 189 197 225 174 44 63 98 223 190 243; 
 255 247 219 221 206 220 202 173 195 195 189 172 163 175 190 187 219 212 225 92 37 117 218 183 226; 
/n
INFO: [SIM 1] CSim done with 0 errors.
INFO: [SIM 3] *************** CSIM finish ***************
