

================================================================
== Vivado HLS Report for 'invertf'
================================================================
* Date:           Sat May 15 17:12:13 2021

* Version:        2019.1 (Build 2552052 on Fri May 24 15:28:33 MDT 2019)
* Project:        imageprosseing
* Solution:       invertunroll
* Product family: zynq
* Target device:  xc7z020-clg484-1


================================================================
== Performance Estimates
================================================================
+ Timing (ns): 
    * Summary: 
    +--------+-------+----------+------------+
    |  Clock | Target| Estimated| Uncertainty|
    +--------+-------+----------+------------+
    |ap_clk  |  10.00|     5.806|        1.25|
    +--------+-------+----------+------------+

+ Latency (clock cycles): 
    * Summary: 
    +------+------+------+------+---------+
    |   Latency   |   Interval  | Pipeline|
    |  min |  max |  min |  max |   Type  |
    +------+------+------+------+---------+
    |  5201|  5201|  5201|  5201|   none  |
    +------+------+------+------+---------+

    + Detail: 
        * Instance: 
        N/A

        * Loop: 
        +----------+------+------+----------+-----------+-----------+------+----------+
        |          |   Latency   | Iteration|  Initiation Interval  | Trip |          |
        | Loop Name|  min |  max |  Latency |  achieved |   target  | Count| Pipelined|
        +----------+------+------+----------+-----------+-----------+------+----------+
        |- row     |  5200|  5200|        52|          -|          -|   100|    no    |
        +----------+------+------+----------+-----------+-----------+------+----------+



================================================================
== Utilization Estimates
================================================================
* Summary: 
+-----------------+---------+-------+--------+-------+-----+
|       Name      | BRAM_18K| DSP48E|   FF   |  LUT  | URAM|
+-----------------+---------+-------+--------+-------+-----+
|DSP              |        -|      -|       -|      -|    -|
|Expression       |        -|      -|       0|   1989|    -|
|FIFO             |        -|      -|       -|      -|    -|
|Instance         |        -|      -|       -|      -|    -|
|Memory           |        -|      -|       -|      -|    -|
|Multiplexer      |        -|      -|       -|   1135|    -|
|Register         |        -|      -|    1555|      -|    -|
+-----------------+---------+-------+--------+-------+-----+
|Total            |        0|      0|    1555|   3124|    0|
+-----------------+---------+-------+--------+-------+-----+
|Available        |      280|    220|  106400|  53200|    0|
+-----------------+---------+-------+--------+-------+-----+
|Utilization (%)  |        0|      0|       1|      5|    0|
+-----------------+---------+-------+--------+-------+-----+

+ Detail: 
    * Instance: 
    N/A

    * DSP48E: 
    N/A

    * Memory: 
    N/A

    * FIFO: 
    N/A

    * Expression: 
    +-------------------------+----------+-------+---+----+------------+------------+
    |      Variable Name      | Operation| DSP48E| FF| LUT| Bitwidth P0| Bitwidth P1|
    +-------------------------+----------+-------+---+----+------------+------------+
    |add_ln328_10_fu_2053_p2  |     +    |      0|  0|  19|          14|           4|
    |add_ln328_11_fu_2064_p2  |     +    |      0|  0|  19|          14|           4|
    |add_ln328_12_fu_2075_p2  |     +    |      0|  0|  19|          14|           5|
    |add_ln328_13_fu_2086_p2  |     +    |      0|  0|  19|          14|           5|
    |add_ln328_14_fu_2097_p2  |     +    |      0|  0|  19|          14|           5|
    |add_ln328_15_fu_2108_p2  |     +    |      0|  0|  19|          14|           5|
    |add_ln328_16_fu_2119_p2  |     +    |      0|  0|  19|          14|           5|
    |add_ln328_17_fu_2130_p2  |     +    |      0|  0|  19|          14|           5|
    |add_ln328_18_fu_2141_p2  |     +    |      0|  0|  19|          14|           5|
    |add_ln328_19_fu_2152_p2  |     +    |      0|  0|  19|          14|           5|
    |add_ln328_1_fu_1954_p2   |     +    |      0|  0|  19|          14|           3|
    |add_ln328_20_fu_2163_p2  |     +    |      0|  0|  19|          14|           5|
    |add_ln328_21_fu_2174_p2  |     +    |      0|  0|  19|          14|           5|
    |add_ln328_22_fu_2185_p2  |     +    |      0|  0|  19|          14|           5|
    |add_ln328_23_fu_2196_p2  |     +    |      0|  0|  19|          14|           5|
    |add_ln328_24_fu_2207_p2  |     +    |      0|  0|  19|          14|           5|
    |add_ln328_25_fu_2218_p2  |     +    |      0|  0|  19|          14|           5|
    |add_ln328_26_fu_2229_p2  |     +    |      0|  0|  19|          14|           5|
    |add_ln328_27_fu_2240_p2  |     +    |      0|  0|  19|          14|           5|
    |add_ln328_28_fu_2251_p2  |     +    |      0|  0|  19|          14|           6|
    |add_ln328_29_fu_2262_p2  |     +    |      0|  0|  19|          14|           6|
    |add_ln328_2_fu_1965_p2   |     +    |      0|  0|  19|          14|           3|
    |add_ln328_30_fu_2273_p2  |     +    |      0|  0|  19|          14|           6|
    |add_ln328_31_fu_2284_p2  |     +    |      0|  0|  19|          14|           6|
    |add_ln328_32_fu_2295_p2  |     +    |      0|  0|  19|          14|           6|
    |add_ln328_33_fu_2306_p2  |     +    |      0|  0|  19|          14|           6|
    |add_ln328_34_fu_2317_p2  |     +    |      0|  0|  19|          14|           6|
    |add_ln328_35_fu_2328_p2  |     +    |      0|  0|  19|          14|           6|
    |add_ln328_36_fu_2339_p2  |     +    |      0|  0|  19|          14|           6|
    |add_ln328_37_fu_2350_p2  |     +    |      0|  0|  19|          14|           6|
    |add_ln328_38_fu_2361_p2  |     +    |      0|  0|  19|          14|           6|
    |add_ln328_39_fu_2372_p2  |     +    |      0|  0|  19|          14|           6|
    |add_ln328_3_fu_1976_p2   |     +    |      0|  0|  19|          14|           3|
    |add_ln328_40_fu_2383_p2  |     +    |      0|  0|  19|          14|           6|
    |add_ln328_41_fu_2394_p2  |     +    |      0|  0|  19|          14|           6|
    |add_ln328_42_fu_2405_p2  |     +    |      0|  0|  19|          14|           6|
    |add_ln328_43_fu_2416_p2  |     +    |      0|  0|  19|          14|           6|
    |add_ln328_44_fu_2427_p2  |     +    |      0|  0|  19|          14|           6|
    |add_ln328_45_fu_2438_p2  |     +    |      0|  0|  19|          14|           6|
    |add_ln328_46_fu_2449_p2  |     +    |      0|  0|  19|          14|           6|
    |add_ln328_47_fu_2460_p2  |     +    |      0|  0|  19|          14|           6|
    |add_ln328_48_fu_2471_p2  |     +    |      0|  0|  19|          14|           6|
    |add_ln328_49_fu_2482_p2  |     +    |      0|  0|  19|          14|           6|
    |add_ln328_4_fu_1987_p2   |     +    |      0|  0|  19|          14|           4|
    |add_ln328_50_fu_2493_p2  |     +    |      0|  0|  19|          14|           6|
    |add_ln328_51_fu_2504_p2  |     +    |      0|  0|  19|          14|           6|
    |add_ln328_52_fu_2515_p2  |     +    |      0|  0|  19|          14|           6|
    |add_ln328_53_fu_2526_p2  |     +    |      0|  0|  19|          14|           6|
    |add_ln328_54_fu_2537_p2  |     +    |      0|  0|  19|          14|           6|
    |add_ln328_55_fu_2548_p2  |     +    |      0|  0|  19|          14|           6|
    |add_ln328_56_fu_2559_p2  |     +    |      0|  0|  19|          14|           6|
    |add_ln328_57_fu_2570_p2  |     +    |      0|  0|  19|          14|           6|
    |add_ln328_58_fu_2581_p2  |     +    |      0|  0|  19|          14|           6|
    |add_ln328_59_fu_2592_p2  |     +    |      0|  0|  19|          14|           6|
    |add_ln328_5_fu_1998_p2   |     +    |      0|  0|  19|          14|           4|
    |add_ln328_60_fu_2603_p2  |     +    |      0|  0|  19|          14|           7|
    |add_ln328_61_fu_2614_p2  |     +    |      0|  0|  19|          14|           7|
    |add_ln328_62_fu_2625_p2  |     +    |      0|  0|  19|          14|           7|
    |add_ln328_63_fu_2636_p2  |     +    |      0|  0|  19|          14|           7|
    |add_ln328_64_fu_2647_p2  |     +    |      0|  0|  19|          14|           7|
    |add_ln328_65_fu_2658_p2  |     +    |      0|  0|  19|          14|           7|
    |add_ln328_66_fu_2669_p2  |     +    |      0|  0|  19|          14|           7|
    |add_ln328_67_fu_2680_p2  |     +    |      0|  0|  19|          14|           7|
    |add_ln328_68_fu_2691_p2  |     +    |      0|  0|  19|          14|           7|
    |add_ln328_69_fu_2702_p2  |     +    |      0|  0|  19|          14|           7|
    |add_ln328_6_fu_2009_p2   |     +    |      0|  0|  19|          14|           4|
    |add_ln328_70_fu_2713_p2  |     +    |      0|  0|  19|          14|           7|
    |add_ln328_71_fu_2724_p2  |     +    |      0|  0|  19|          14|           7|
    |add_ln328_72_fu_2735_p2  |     +    |      0|  0|  19|          14|           7|
    |add_ln328_73_fu_2746_p2  |     +    |      0|  0|  19|          14|           7|
    |add_ln328_74_fu_2757_p2  |     +    |      0|  0|  19|          14|           7|
    |add_ln328_75_fu_2768_p2  |     +    |      0|  0|  19|          14|           7|
    |add_ln328_76_fu_2779_p2  |     +    |      0|  0|  19|          14|           7|
    |add_ln328_77_fu_2790_p2  |     +    |      0|  0|  19|          14|           7|
    |add_ln328_78_fu_2801_p2  |     +    |      0|  0|  19|          14|           7|
    |add_ln328_79_fu_2812_p2  |     +    |      0|  0|  19|          14|           7|
    |add_ln328_7_fu_2020_p2   |     +    |      0|  0|  19|          14|           4|
    |add_ln328_80_fu_2823_p2  |     +    |      0|  0|  19|          14|           7|
    |add_ln328_81_fu_2834_p2  |     +    |      0|  0|  19|          14|           7|
    |add_ln328_82_fu_2845_p2  |     +    |      0|  0|  19|          14|           7|
    |add_ln328_83_fu_2856_p2  |     +    |      0|  0|  19|          14|           7|
    |add_ln328_84_fu_2867_p2  |     +    |      0|  0|  19|          14|           7|
    |add_ln328_85_fu_2878_p2  |     +    |      0|  0|  19|          14|           7|
    |add_ln328_86_fu_2889_p2  |     +    |      0|  0|  19|          14|           7|
    |add_ln328_87_fu_2900_p2  |     +    |      0|  0|  19|          14|           7|
    |add_ln328_88_fu_2911_p2  |     +    |      0|  0|  19|          14|           7|
    |add_ln328_89_fu_2922_p2  |     +    |      0|  0|  19|          14|           7|
    |add_ln328_8_fu_2031_p2   |     +    |      0|  0|  19|          14|           4|
    |add_ln328_90_fu_2933_p2  |     +    |      0|  0|  19|          14|           7|
    |add_ln328_91_fu_2944_p2  |     +    |      0|  0|  19|          14|           7|
    |add_ln328_92_fu_2955_p2  |     +    |      0|  0|  19|          14|           7|
    |add_ln328_93_fu_2966_p2  |     +    |      0|  0|  19|          14|           7|
    |add_ln328_94_fu_2983_p2  |     +    |      0|  0|  19|          14|           7|
    |add_ln328_95_fu_2994_p2  |     +    |      0|  0|  19|          14|           7|
    |add_ln328_96_fu_2977_p2  |     +    |      0|  0|  19|          14|           7|
    |add_ln328_9_fu_2042_p2   |     +    |      0|  0|  19|          14|           4|
    |add_ln328_fu_1943_p2     |     +    |      0|  0|  19|          14|           3|
    |i_fu_1904_p2             |     +    |      0|  0|  15|           7|           1|
    |bi_d0                    |     -    |      0|  0|  39|           8|          32|
    |bi_d1                    |     -    |      0|  0|  39|           8|          32|
    |icmp_ln324_fu_1898_p2    |   icmp   |      0|  0|  11|           7|           6|
    |or_ln328_1_fu_1921_p2    |    or    |      0|  0|  14|          14|           2|
    |or_ln328_2_fu_1932_p2    |    or    |      0|  0|  14|          14|           2|
    |or_ln328_fu_1910_p2      |    or    |      0|  0|  14|          14|           1|
    +-------------------------+----------+-------+---+----+------------+------------+
    |Total                    |          |      0|  0|1989|        1430|         651|
    +-------------------------+----------+-------+---+----+------------+------------+

    * Multiplexer: 
    +------------------+-----+-----------+-----+-----------+
    |       Name       | LUT | Input Size| Bits| Total Bits|
    +------------------+-----+-----------+-----+-----------+
    |ai_address0       |  221|         51|   14|        714|
    |ai_address1       |  221|         51|   14|        714|
    |ap_NS_fsm         |  233|         54|    1|         54|
    |bi_address0       |  221|         51|   14|        714|
    |bi_address1       |  221|         51|   14|        714|
    |i_0_reg_1848      |    9|          2|    7|         14|
    |phi_mul_reg_1859  |    9|          2|   14|         28|
    +------------------+-----+-----------+-----+-----------+
    |Total             | 1135|        262|   78|       2952|
    +------------------+-----+-----------+-----+-----------+

    * Register: 
    +------------------------+----+----+-----+-----------+
    |          Name          | FF | LUT| Bits| Const Bits|
    +------------------------+----+----+-----+-----------+
    |add_ln328_96_reg_3993   |  14|   0|   14|          0|
    |ap_CS_fsm               |  53|   0|   53|          0|
    |i_0_reg_1848            |   7|   0|    7|          0|
    |i_reg_3013              |   7|   0|    7|          0|
    |phi_mul_reg_1859        |  14|   0|   14|          0|
    |reg_1871                |  32|   0|   32|          0|
    |reg_1875                |  32|   0|   32|          0|
    |zext_ln324_reg_3005     |  14|   0|   64|         50|
    |zext_ln328_10_reg_3123  |  14|   0|   64|         50|
    |zext_ln328_11_reg_3133  |  14|   0|   64|         50|
    |zext_ln328_12_reg_3143  |  14|   0|   64|         50|
    |zext_ln328_13_reg_3153  |  14|   0|   64|         50|
    |zext_ln328_14_reg_3163  |  14|   0|   64|         50|
    |zext_ln328_15_reg_3173  |  14|   0|   64|         50|
    |zext_ln328_16_reg_3183  |  14|   0|   64|         50|
    |zext_ln328_17_reg_3193  |  14|   0|   64|         50|
    |zext_ln328_18_reg_3203  |  14|   0|   64|         50|
    |zext_ln328_19_reg_3213  |  14|   0|   64|         50|
    |zext_ln328_1_reg_3033   |  13|   0|   64|         51|
    |zext_ln328_20_reg_3223  |  14|   0|   64|         50|
    |zext_ln328_21_reg_3233  |  14|   0|   64|         50|
    |zext_ln328_22_reg_3243  |  14|   0|   64|         50|
    |zext_ln328_23_reg_3253  |  14|   0|   64|         50|
    |zext_ln328_24_reg_3263  |  14|   0|   64|         50|
    |zext_ln328_25_reg_3273  |  14|   0|   64|         50|
    |zext_ln328_26_reg_3283  |  14|   0|   64|         50|
    |zext_ln328_27_reg_3293  |  14|   0|   64|         50|
    |zext_ln328_28_reg_3303  |  14|   0|   64|         50|
    |zext_ln328_29_reg_3313  |  14|   0|   64|         50|
    |zext_ln328_2_reg_3043   |  12|   0|   64|         52|
    |zext_ln328_30_reg_3323  |  14|   0|   64|         50|
    |zext_ln328_31_reg_3333  |  14|   0|   64|         50|
    |zext_ln328_32_reg_3343  |  14|   0|   64|         50|
    |zext_ln328_33_reg_3353  |  14|   0|   64|         50|
    |zext_ln328_34_reg_3363  |  14|   0|   64|         50|
    |zext_ln328_35_reg_3373  |  14|   0|   64|         50|
    |zext_ln328_36_reg_3383  |  14|   0|   64|         50|
    |zext_ln328_37_reg_3393  |  14|   0|   64|         50|
    |zext_ln328_38_reg_3403  |  14|   0|   64|         50|
    |zext_ln328_39_reg_3413  |  14|   0|   64|         50|
    |zext_ln328_3_reg_3053   |  14|   0|   64|         50|
    |zext_ln328_40_reg_3423  |  14|   0|   64|         50|
    |zext_ln328_41_reg_3433  |  14|   0|   64|         50|
    |zext_ln328_42_reg_3443  |  14|   0|   64|         50|
    |zext_ln328_43_reg_3453  |  14|   0|   64|         50|
    |zext_ln328_44_reg_3463  |  14|   0|   64|         50|
    |zext_ln328_45_reg_3473  |  14|   0|   64|         50|
    |zext_ln328_46_reg_3483  |  14|   0|   64|         50|
    |zext_ln328_47_reg_3493  |  14|   0|   64|         50|
    |zext_ln328_48_reg_3503  |  14|   0|   64|         50|
    |zext_ln328_49_reg_3513  |  14|   0|   64|         50|
    |zext_ln328_4_reg_3063   |  14|   0|   64|         50|
    |zext_ln328_50_reg_3523  |  14|   0|   64|         50|
    |zext_ln328_51_reg_3533  |  14|   0|   64|         50|
    |zext_ln328_52_reg_3543  |  14|   0|   64|         50|
    |zext_ln328_53_reg_3553  |  14|   0|   64|         50|
    |zext_ln328_54_reg_3563  |  14|   0|   64|         50|
    |zext_ln328_55_reg_3573  |  14|   0|   64|         50|
    |zext_ln328_56_reg_3583  |  14|   0|   64|         50|
    |zext_ln328_57_reg_3593  |  14|   0|   64|         50|
    |zext_ln328_58_reg_3603  |  14|   0|   64|         50|
    |zext_ln328_59_reg_3613  |  14|   0|   64|         50|
    |zext_ln328_5_reg_3073   |  14|   0|   64|         50|
    |zext_ln328_60_reg_3623  |  14|   0|   64|         50|
    |zext_ln328_61_reg_3633  |  14|   0|   64|         50|
    |zext_ln328_62_reg_3643  |  14|   0|   64|         50|
    |zext_ln328_63_reg_3653  |  14|   0|   64|         50|
    |zext_ln328_64_reg_3663  |  14|   0|   64|         50|
    |zext_ln328_65_reg_3673  |  14|   0|   64|         50|
    |zext_ln328_66_reg_3683  |  14|   0|   64|         50|
    |zext_ln328_67_reg_3693  |  14|   0|   64|         50|
    |zext_ln328_68_reg_3703  |  14|   0|   64|         50|
    |zext_ln328_69_reg_3713  |  14|   0|   64|         50|
    |zext_ln328_6_reg_3083   |  14|   0|   64|         50|
    |zext_ln328_70_reg_3723  |  14|   0|   64|         50|
    |zext_ln328_71_reg_3733  |  14|   0|   64|         50|
    |zext_ln328_72_reg_3743  |  14|   0|   64|         50|
    |zext_ln328_73_reg_3753  |  14|   0|   64|         50|
    |zext_ln328_74_reg_3763  |  14|   0|   64|         50|
    |zext_ln328_75_reg_3773  |  14|   0|   64|         50|
    |zext_ln328_76_reg_3783  |  14|   0|   64|         50|
    |zext_ln328_77_reg_3793  |  14|   0|   64|         50|
    |zext_ln328_78_reg_3803  |  14|   0|   64|         50|
    |zext_ln328_79_reg_3813  |  14|   0|   64|         50|
    |zext_ln328_7_reg_3093   |  14|   0|   64|         50|
    |zext_ln328_80_reg_3823  |  14|   0|   64|         50|
    |zext_ln328_81_reg_3833  |  14|   0|   64|         50|
    |zext_ln328_82_reg_3843  |  14|   0|   64|         50|
    |zext_ln328_83_reg_3853  |  14|   0|   64|         50|
    |zext_ln328_84_reg_3863  |  14|   0|   64|         50|
    |zext_ln328_85_reg_3873  |  14|   0|   64|         50|
    |zext_ln328_86_reg_3883  |  14|   0|   64|         50|
    |zext_ln328_87_reg_3893  |  14|   0|   64|         50|
    |zext_ln328_88_reg_3903  |  14|   0|   64|         50|
    |zext_ln328_89_reg_3913  |  14|   0|   64|         50|
    |zext_ln328_8_reg_3103   |  14|   0|   64|         50|
    |zext_ln328_90_reg_3923  |  14|   0|   64|         50|
    |zext_ln328_91_reg_3933  |  14|   0|   64|         50|
    |zext_ln328_92_reg_3943  |  14|   0|   64|         50|
    |zext_ln328_93_reg_3953  |  14|   0|   64|         50|
    |zext_ln328_94_reg_3963  |  14|   0|   64|         50|
    |zext_ln328_95_reg_3973  |  14|   0|   64|         50|
    |zext_ln328_96_reg_3983  |  14|   0|   64|         50|
    |zext_ln328_97_reg_3998  |  14|   0|   64|         50|
    |zext_ln328_98_reg_4008  |  14|   0|   64|         50|
    |zext_ln328_9_reg_3113   |  14|   0|   64|         50|
    |zext_ln328_reg_3023     |  13|   0|   64|         51|
    +------------------------+----+----+-----+-----------+
    |Total                   |1555|   0| 6559|       5004|
    +------------------------+----+----+-----+-----------+



================================================================
== Interface
================================================================
* Summary: 
+-------------+-----+-----+------------+--------------+--------------+
|  RTL Ports  | Dir | Bits|  Protocol  | Source Object|    C Type    |
+-------------+-----+-----+------------+--------------+--------------+
|ap_clk       |  in |    1| ap_ctrl_hs |    invertf   | return value |
|ap_rst       |  in |    1| ap_ctrl_hs |    invertf   | return value |
|ap_start     |  in |    1| ap_ctrl_hs |    invertf   | return value |
|ap_done      | out |    1| ap_ctrl_hs |    invertf   | return value |
|ap_idle      | out |    1| ap_ctrl_hs |    invertf   | return value |
|ap_ready     | out |    1| ap_ctrl_hs |    invertf   | return value |
|ai_address0  | out |   14|  ap_memory |      ai      |     array    |
|ai_ce0       | out |    1|  ap_memory |      ai      |     array    |
|ai_q0        |  in |   32|  ap_memory |      ai      |     array    |
|ai_address1  | out |   14|  ap_memory |      ai      |     array    |
|ai_ce1       | out |    1|  ap_memory |      ai      |     array    |
|ai_q1        |  in |   32|  ap_memory |      ai      |     array    |
|bi_address0  | out |   14|  ap_memory |      bi      |     array    |
|bi_ce0       | out |    1|  ap_memory |      bi      |     array    |
|bi_we0       | out |    1|  ap_memory |      bi      |     array    |
|bi_d0        | out |   32|  ap_memory |      bi      |     array    |
|bi_address1  | out |   14|  ap_memory |      bi      |     array    |
|bi_ce1       | out |    1|  ap_memory |      bi      |     array    |
|bi_we1       | out |    1|  ap_memory |      bi      |     array    |
|bi_d1        | out |   32|  ap_memory |      bi      |     array    |
+-------------+-----+-----+------------+--------------+--------------+

