

================================================================
== Vivado HLS Report for 'blurf'
================================================================
* Date:           Sat May 15 16:21:26 2021

* Version:        2019.1 (Build 2552052 on Fri May 24 15:28:33 MDT 2019)
* Project:        imageprosseing
* Solution:       averagepipe
* Product family: zynq
* Target device:  xc7z020-clg484-1


================================================================
== Performance Estimates
================================================================
+ Timing (ns): 
    * Summary: 
    +--------+-------+----------+------------+
    |  Clock | Target| Estimated| Uncertainty|
    +--------+-------+----------+------------+
    |ap_clk  |  10.00|     8.495|        1.25|
    +--------+-------+----------+------------+

+ Latency (clock cycles): 
    * Summary: 
    +-------+-------+-------+-------+---------+
    |    Latency    |    Interval   | Pipeline|
    |  min  |  max  |  min  |  max  |   Type  |
    +-------+-------+-------+-------+---------+
    |  50007|  50007|  50007|  50007|   none  |
    +-------+-------+-------+-------+---------+

    + Detail: 
        * Instance: 
        N/A

        * Loop: 
        +--------------+-------+-------+----------+-----------+-----------+-------+----------+
        |              |    Latency    | Iteration|  Initiation Interval  |  Trip |          |
        |   Loop Name  |  min  |  max  |  Latency |  achieved |   target  | Count | Pipelined|
        +--------------+-------+-------+----------+-----------+-----------+-------+----------+
        |- rows_colll  |  50005|  50005|        11|          5|          2|  10000|    yes   |
        +--------------+-------+-------+----------+-----------+-----------+-------+----------+



================================================================
== Utilization Estimates
================================================================
* Summary: 
+-----------------+---------+-------+--------+-------+-----+
|       Name      | BRAM_18K| DSP48E|   FF   |  LUT  | URAM|
+-----------------+---------+-------+--------+-------+-----+
|DSP              |        -|      -|       -|      -|    -|
|Expression       |        -|     20|       0|   3289|    -|
|FIFO             |        -|      -|       -|      -|    -|
|Instance         |        -|      -|       -|      -|    -|
|Memory           |        -|      -|       -|      -|    -|
|Multiplexer      |        -|      -|       -|    467|    -|
|Register         |        -|      -|    1965|      -|    -|
+-----------------+---------+-------+--------+-------+-----+
|Total            |        0|     20|    1965|   3756|    0|
+-----------------+---------+-------+--------+-------+-----+
|Available        |      280|    220|  106400|  53200|    0|
+-----------------+---------+-------+--------+-------+-----+
|Utilization (%)  |        0|      9|       1|      7|    0|
+-----------------+---------+-------+--------+-------+-----+

+ Detail: 
    * Instance: 
    N/A

    * DSP48E: 
    N/A

    * Memory: 
    N/A

    * FIFO: 
    N/A

    * Expression: 
    +---------------------------+----------+-------+---+----+------------+------------+
    |       Variable Name       | Operation| DSP48E| FF| LUT| Bitwidth P0| Bitwidth P1|
    +---------------------------+----------+-------+---+----+------------+------------+
    |mul_ln138_fu_1554_p2       |     *    |      4|  0|  22|          32|          33|
    |mul_ln150_fu_1535_p2       |     *    |      4|  0|  22|          32|          33|
    |mul_ln162_fu_1515_p2       |     *    |      4|  0|  22|          32|          33|
    |mul_ln174_fu_1495_p2       |     *    |      4|  0|  22|          32|          33|
    |mul_ln186_fu_1768_p2       |     *    |      4|  0|  22|          32|          33|
    |mul_ln86_fu_708_p2         |     *    |      0|  0|  33|           7|           7|
    |mul_ln88_fu_730_p2         |     *    |      0|  0|  33|           7|           7|
    |mul_ln95_fu_868_p2         |     *    |      0|  0|  41|           7|           8|
    |add_ln101_2_fu_1204_p2     |     +    |      0|  0|  32|          32|          32|
    |add_ln101_3_fu_854_p2      |     +    |      0|  0|  19|           7|          14|
    |add_ln106_fu_824_p2        |     +    |      0|  0|  19|           7|          14|
    |add_ln110_fu_834_p2        |     +    |      0|  0|  19|           7|          14|
    |add_ln138_1_fu_1392_p2     |     +    |      0|  0|  32|          32|          32|
    |add_ln138_3_fu_1283_p2     |     +    |      0|  0|  32|          32|          32|
    |add_ln138_4_fu_1397_p2     |     +    |      0|  0|  32|          32|          32|
    |add_ln138_fu_1198_p2       |     +    |      0|  0|  39|          32|          32|
    |add_ln154_1_fu_1185_p2     |     +    |      0|  0|  21|          15|          15|
    |add_ln155_fu_953_p2        |     +    |      0|  0|  21|          15|          15|
    |add_ln159_fu_966_p2        |     +    |      0|  0|  19|          14|          14|
    |add_ln160_1_fu_1110_p2     |     +    |      0|  0|  19|          14|          14|
    |add_ln161_fu_1120_p2       |     +    |      0|  0|  19|          14|          14|
    |add_ln162_5_fu_1102_p2     |     +    |      0|  0|  19|          14|          14|
    |add_ln166_1_fu_1165_p2     |     +    |      0|  0|  21|          15|          15|
    |add_ln168_fu_1078_p2       |     +    |      0|  0|  21|          15|          15|
    |add_ln169_1_fu_1092_p2     |     +    |      0|  0|  21|          15|          15|
    |add_ln170_fu_1175_p2       |     +    |      0|  0|  21|          15|          15|
    |add_ln173_fu_939_p2        |     +    |      0|  0|  19|          14|          14|
    |add_ln174_1_fu_1373_p2     |     +    |      0|  0|  32|          32|          32|
    |add_ln174_2_fu_1271_p2     |     +    |      0|  0|  32|          32|          32|
    |add_ln174_3_fu_1277_p2     |     +    |      0|  0|  32|          32|          32|
    |add_ln174_4_fu_1379_p2     |     +    |      0|  0|  32|          32|          32|
    |add_ln174_5_fu_925_p2      |     +    |      0|  0|  19|          14|          14|
    |add_ln178_1_fu_898_p2      |     +    |      0|  0|  19|          14|          14|
    |add_ln179_1_fu_912_p2      |     +    |      0|  0|  21|          15|          15|
    |add_ln180_fu_1255_p2       |     +    |      0|  0|  21|          15|          15|
    |add_ln181_fu_1238_p2       |     +    |      0|  0|  21|          15|          15|
    |add_ln182_fu_1248_p2       |     +    |      0|  0|  21|          15|          15|
    |add_ln183_fu_1060_p2       |     +    |      0|  0|  19|          14|          14|
    |add_ln184_fu_1048_p2       |     +    |      0|  0|  19|          14|          14|
    |add_ln185_fu_1148_p2       |     +    |      0|  0|  21|          15|          15|
    |add_ln186_2_fu_1578_p2     |     +    |      0|  0|  32|          32|          32|
    |add_ln186_3_fu_1481_p2     |     +    |      0|  0|  32|          32|          32|
    |add_ln186_5_fu_1265_p2     |     +    |      0|  0|  32|          32|          32|
    |add_ln186_6_fu_1487_p2     |     +    |      0|  0|  32|          32|          32|
    |add_ln186_7_fu_1584_p2     |     +    |      0|  0|  32|          32|          32|
    |add_ln186_8_fu_1070_p2     |     +    |      0|  0|  19|          14|          14|
    |add_ln75_1_fu_670_p2       |     +    |      0|  0|  19|          14|           1|
    |add_ln75_fu_758_p2         |     +    |      0|  0|  15|           2|           8|
    |add_ln86_1_fu_979_p2       |     +    |      0|  0|  19|          14|          14|
    |add_ln86_fu_690_p2         |     +    |      0|  0|  15|           2|           7|
    |add_ln87_1_fu_993_p2       |     +    |      0|  0|  19|          14|          14|
    |add_ln88_fu_1139_p2        |     +    |      0|  0|  19|          14|          14|
    |add_ln89_1_fu_1324_p2      |     +    |      0|  0|  32|          32|          32|
    |add_ln89_2_fu_1330_p2      |     +    |      0|  0|  32|          32|          32|
    |add_ln89_3_fu_1130_p2      |     +    |      0|  0|  19|          14|          14|
    |add_ln89_fu_1228_p2        |     +    |      0|  0|  39|          32|          32|
    |add_ln93_fu_844_p2         |     +    |      0|  0|  19|           7|          14|
    |add_ln95_fu_1028_p2        |     +    |      0|  0|  21|           7|          15|
    |add_ln97_fu_1038_p2        |     +    |      0|  0|  21|           7|          15|
    |grp_fu_484_p2              |     +    |      0|  0|  15|           7|           1|
    |grp_fu_489_p2              |     +    |      0|  0|  15|           8|           2|
    |grp_fu_494_p2              |     +    |      0|  0|  39|          32|          32|
    |grp_fu_500_p2              |     +    |      0|  0|  39|          32|          32|
    |grp_fu_506_p2              |     +    |      0|  0|  32|          32|          32|
    |grp_fu_542_p2              |     +    |      0|  0|  39|          32|          32|
    |grp_fu_548_p2              |     +    |      0|  0|  32|          32|          32|
    |grp_fu_554_p2              |     +    |      0|  0|  32|          32|          32|
    |grp_fu_560_p2              |     +    |      0|  0|  32|          32|          32|
    |grp_fu_566_p2              |     +    |      0|  0|  32|          32|          32|
    |grp_fu_580_p2              |     +    |      0|  0|  32|          32|          32|
    |grp_fu_620_p2              |     +    |      0|  0|  32|          32|          32|
    |i_fu_646_p2                |     +    |      0|  0|  15|           7|           1|
    |grp_fu_594_p2              |     -    |      0|  0|  39|           1|          32|
    |sub_ln101_1_fu_1308_p2     |     -    |      0|  0|  38|           1|          31|
    |sub_ln101_fu_1289_p2       |     -    |      0|  0|  39|           1|          32|
    |sub_ln113_1_fu_1440_p2     |     -    |      0|  0|  38|           1|          31|
    |sub_ln126_1_fu_1414_p2     |     -    |      0|  0|  38|           1|          31|
    |sub_ln138_1_fu_1752_p2     |     -    |      0|  0|  39|           1|          32|
    |sub_ln138_fu_1723_p2       |     -    |      0|  0|  72|           1|          65|
    |sub_ln150_1_fu_1710_p2     |     -    |      0|  0|  39|           1|          32|
    |sub_ln150_fu_1681_p2       |     -    |      0|  0|  72|           1|          65|
    |sub_ln162_1_fu_1668_p2     |     -    |      0|  0|  39|           1|          32|
    |sub_ln162_fu_1639_p2       |     -    |      0|  0|  72|           1|          65|
    |sub_ln174_1_fu_1626_p2     |     -    |      0|  0|  39|           1|          32|
    |sub_ln174_fu_1597_p2       |     -    |      0|  0|  72|           1|          65|
    |sub_ln186_1_fu_1813_p2     |     -    |      0|  0|  39|           1|          32|
    |sub_ln186_fu_1784_p2       |     -    |      0|  0|  72|           1|          65|
    |sub_ln89_1_fu_1460_p2      |     -    |      0|  0|  38|           1|          31|
    |sub_ln89_fu_1343_p2        |     -    |      0|  0|  39|           1|          32|
    |and_ln103_fu_802_p2        |    and   |      0|  0|   2|           1|           1|
    |and_ln116_fu_814_p2        |    and   |      0|  0|   2|           1|           1|
    |and_ln91_fu_796_p2         |    and   |      0|  0|   2|           1|           1|
    |ap_condition_1664          |    and   |      0|  0|   2|           1|           1|
    |ap_condition_1668          |    and   |      0|  0|   2|           1|           1|
    |ap_condition_1679          |    and   |      0|  0|   2|           1|           1|
    |ap_condition_1683          |    and   |      0|  0|   2|           1|           1|
    |ap_condition_1687          |    and   |      0|  0|   2|           1|           1|
    |ap_condition_1691          |    and   |      0|  0|   2|           1|           1|
    |icmp_ln103_1_fu_764_p2     |   icmp   |      0|  0|  11|           7|           1|
    |icmp_ln103_fu_658_p2       |   icmp   |      0|  0|  11|           7|           1|
    |icmp_ln116_fu_808_p2       |   icmp   |      0|  0|  11|           7|           1|
    |icmp_ln75_fu_664_p2        |   icmp   |      0|  0|  13|          14|          14|
    |icmp_ln77_fu_676_p2        |   icmp   |      0|  0|  11|           7|           6|
    |icmp_ln79_fu_784_p2        |   icmp   |      0|  0|  11|           7|           1|
    |icmp_ln91_1_fu_790_p2      |   icmp   |      0|  0|  11|           7|           6|
    |icmp_ln91_2_fu_740_p2      |   icmp   |      0|  0|  11|           7|           6|
    |icmp_ln91_fu_652_p2        |   icmp   |      0|  0|  11|           7|           6|
    |or_ln121_fu_879_p2         |    or    |      0|  0|  15|          15|           1|
    |or_ln125_fu_1018_p2        |    or    |      0|  0|  14|          14|           1|
    |or_ln148_fu_1003_p2        |    or    |      0|  0|  14|          14|           1|
    |or_ln79_fu_778_p2          |    or    |      0|  0|   7|           7|           7|
    |select_ln101_fu_1317_p3    |  select  |      0|  0|  31|           1|          31|
    |select_ln113_fu_1450_p3    |  select  |      0|  0|  31|           1|          31|
    |select_ln126_fu_1424_p3    |  select  |      0|  0|  31|           1|          31|
    |select_ln138_1_fu_1758_p3  |  select  |      0|  0|  32|           1|          32|
    |select_ln138_fu_1745_p3    |  select  |      0|  0|  32|           1|          32|
    |select_ln150_1_fu_1716_p3  |  select  |      0|  0|  32|           1|          32|
    |select_ln150_fu_1703_p3    |  select  |      0|  0|  32|           1|          32|
    |select_ln162_1_fu_1674_p3  |  select  |      0|  0|  32|           1|          32|
    |select_ln162_fu_1661_p3    |  select  |      0|  0|  32|           1|          32|
    |select_ln174_1_fu_1632_p3  |  select  |      0|  0|  32|           1|          32|
    |select_ln174_fu_1619_p3    |  select  |      0|  0|  32|           1|          32|
    |select_ln186_1_fu_1819_p3  |  select  |      0|  0|  32|           1|          32|
    |select_ln186_fu_1806_p3    |  select  |      0|  0|  32|           1|          32|
    |select_ln75_1_fu_696_p3    |  select  |      0|  0|   7|           1|           7|
    |select_ln75_2_fu_718_p3    |  select  |      0|  0|   7|           1|           7|
    |select_ln75_3_fu_746_p3    |  select  |      0|  0|   2|           1|           1|
    |select_ln75_4_fu_770_p3    |  select  |      0|  0|   2|           1|           1|
    |select_ln75_fu_682_p3      |  select  |      0|  0|   7|           1|           1|
    |select_ln89_fu_1469_p3     |  select  |      0|  0|  31|           1|          31|
    |ap_enable_pp0              |    xor   |      0|  0|   2|           1|           2|
    +---------------------------+----------+-------+---+----+------------+------------+
    |Total                      |          |     20|  0|3289|        1654|        2747|
    +---------------------------+----------+-------+---+----+------------+------------+

    * Multiplexer: 
    +-----------------------------------------+-----+-----------+-----+-----------+
    |                   Name                  | LUT | Input Size| Bits| Total Bits|
    +-----------------------------------------+-----+-----------+-----+-----------+
    |a1_address0                              |  105|         22|   14|        308|
    |a1_address1                              |  113|         24|   14|        336|
    |ap_NS_fsm                                |   41|          8|    1|          8|
    |ap_enable_reg_pp0_iter2                  |    9|          2|    1|          2|
    |ap_phi_mux_i_0_phi_fu_466_p4             |    9|          2|    7|         14|
    |ap_phi_mux_indvar_flatten_phi_fu_455_p4  |    9|          2|   14|         28|
    |ap_phi_mux_j_0_phi_fu_477_p4             |    9|          2|    7|         14|
    |b1_address0                              |   38|          7|   14|         98|
    |b1_address1                              |   15|          3|   14|         42|
    |b1_d0                                    |   38|          7|   32|        224|
    |b1_d1                                    |   21|          4|   32|        128|
    |grp_fu_489_p0                            |   15|          3|    8|         24|
    |i_0_reg_462                              |    9|          2|    7|         14|
    |indvar_flatten_reg_451                   |    9|          2|   14|         28|
    |j_0_reg_473                              |    9|          2|    7|         14|
    |reg_520                                  |    9|          2|   32|         64|
    |reg_529                                  |    9|          2|   32|         64|
    +-----------------------------------------+-----+-----------+-----+-----------+
    |Total                                    |  467|         96|  250|       1410|
    +-----------------------------------------+-----+-----------+-----+-----------+

    * Register: 
    +--------------------------------------+----+----+-----+-----------+
    |                 Name                 | FF | LUT| Bits| Const Bits|
    +--------------------------------------+----+----+-----+-----------+
    |a1_addr_11_reg_2078                   |  14|   0|   14|          0|
    |a1_addr_13_reg_2093                   |  14|   0|   14|          0|
    |a1_addr_15_reg_1981                   |  13|   0|   14|          1|
    |a1_addr_4_reg_1932                    |  14|   0|   14|          0|
    |a1_addr_5_reg_1937                    |  14|   0|   14|          0|
    |a1_addr_9_reg_1952                    |  14|   0|   14|          0|
    |add_ln101_2_reg_2198                  |  32|   0|   32|          0|
    |add_ln138_3_reg_2243                  |  32|   0|   32|          0|
    |add_ln138_4_reg_2311                  |  32|   0|   32|          0|
    |add_ln138_reg_2193                    |  32|   0|   32|          0|
    |add_ln162_5_reg_2123                  |  14|   0|   14|          0|
    |add_ln174_3_reg_2238                  |  32|   0|   32|          0|
    |add_ln174_4_reg_2288                  |  32|   0|   32|          0|
    |add_ln182_reg_2223                    |  15|   0|   15|          0|
    |add_ln186_5_reg_2233                  |  32|   0|   32|          0|
    |add_ln186_6_reg_2327                  |  32|   0|   32|          0|
    |add_ln186_7_reg_2372                  |  32|   0|   32|          0|
    |add_ln186_8_reg_2108                  |  14|   0|   14|          0|
    |add_ln75_1_reg_1830                   |  14|   0|   14|          0|
    |add_ln75_reg_1899                     |   8|   0|    8|          0|
    |add_ln89_reg_2213                     |  32|   0|   32|          0|
    |and_ln103_reg_1920                    |   1|   0|    1|          0|
    |and_ln103_reg_1920_pp0_iter1_reg      |   1|   0|    1|          0|
    |and_ln116_reg_1928                    |   1|   0|    1|          0|
    |and_ln116_reg_1928_pp0_iter1_reg      |   1|   0|    1|          0|
    |and_ln91_reg_1916                     |   1|   0|    1|          0|
    |and_ln91_reg_1916_pp0_iter1_reg       |   1|   0|    1|          0|
    |ap_CS_fsm                             |   7|   0|    7|          0|
    |ap_enable_reg_pp0_iter0               |   1|   0|    1|          0|
    |ap_enable_reg_pp0_iter1               |   1|   0|    1|          0|
    |ap_enable_reg_pp0_iter2               |   1|   0|    1|          0|
    |b1_addr_1_reg_1958                    |  14|   0|   14|          0|
    |b1_addr_1_reg_1958_pp0_iter1_reg      |  14|   0|   14|          0|
    |b1_addr_2_reg_2083                    |  14|   0|   14|          0|
    |b1_addr_2_reg_2083_pp0_iter1_reg      |  14|   0|   14|          0|
    |i_0_reg_462                           |   7|   0|    7|          0|
    |icmp_ln116_reg_1924                   |   1|   0|    1|          0|
    |icmp_ln116_reg_1924_pp0_iter1_reg     |   1|   0|    1|          0|
    |icmp_ln75_reg_1826                    |   1|   0|    1|          0|
    |icmp_ln79_reg_1908                    |   1|   0|    1|          0|
    |icmp_ln79_reg_1908_pp0_iter1_reg      |   1|   0|    1|          0|
    |icmp_ln91_1_reg_1912                  |   1|   0|    1|          0|
    |icmp_ln91_1_reg_1912_pp0_iter1_reg    |   1|   0|    1|          0|
    |indvar_flatten_reg_451                |  14|   0|   14|          0|
    |j_0_reg_473                           |   7|   0|    7|          0|
    |j_reg_2278                            |   7|   0|    7|          0|
    |mul_ln138_reg_2362                    |  64|   0|   65|          1|
    |mul_ln150_reg_2352                    |  64|   0|   65|          1|
    |mul_ln162_reg_2342                    |  64|   0|   65|          1|
    |mul_ln174_reg_2332                    |  64|   0|   65|          1|
    |mul_ln186_reg_2403                    |  62|   0|   65|          3|
    |mul_ln86_reg_1847                     |  15|   0|   15|          0|
    |mul_ln88_reg_1872                     |  15|   0|   15|          0|
    |mul_ln95_reg_1964                     |  15|   0|   15|          0|
    |reg_512                               |   7|   0|    7|          0|
    |reg_516                               |  32|   0|   32|          0|
    |reg_520                               |  32|   0|   32|          0|
    |reg_525                               |  32|   0|   32|          0|
    |reg_529                               |  32|   0|   32|          0|
    |reg_534                               |  32|   0|   32|          0|
    |reg_538                               |  32|   0|   32|          0|
    |reg_572                               |  32|   0|   32|          0|
    |reg_576                               |  32|   0|   32|          0|
    |reg_634                               |  30|   0|   30|          0|
    |reg_638                               |  30|   0|   30|          0|
    |reg_642                               |  32|   0|   32|          0|
    |select_ln101_reg_2258                 |  31|   0|   31|          0|
    |select_ln113_reg_2322                 |  31|   0|   31|          0|
    |select_ln138_1_reg_2398               |  32|   0|   32|          0|
    |select_ln150_1_reg_2393               |  32|   0|   32|          0|
    |select_ln162_1_reg_2388               |  32|   0|   32|          0|
    |select_ln174_1_reg_2383               |  32|   0|   32|          0|
    |select_ln186_1_reg_2413               |  32|   0|   32|          0|
    |select_ln75_2_reg_1867                |   7|   0|    7|          0|
    |select_ln75_3_reg_1895                |   1|   0|    1|          0|
    |select_ln75_3_reg_1895_pp0_iter1_reg  |   1|   0|    1|          0|
    |select_ln75_4_reg_1904                |   1|   0|    1|          0|
    |select_ln75_4_reg_1904_pp0_iter1_reg  |   1|   0|    1|          0|
    |select_ln75_reg_1835                  |   7|   0|    7|          0|
    |sext_ln154_reg_2027                   |  15|   0|   15|          0|
    |sext_ln179_reg_2001                   |  15|   0|   15|          0|
    |tmp_19_reg_2263                       |   1|   0|    1|          0|
    |tmp_20_reg_2203                       |   1|   0|    1|          0|
    |tmp_21_reg_2253                       |   1|   0|    1|          0|
    |tmp_22_reg_2248                       |   1|   0|    1|          0|
    |tmp_23_reg_2316                       |   1|   0|    1|          0|
    |tmp_25_reg_2367                       |  30|   0|   30|          0|
    |tmp_26_reg_2305                       |   1|   0|    1|          0|
    |tmp_28_reg_2357                       |  30|   0|   30|          0|
    |tmp_29_reg_2299                       |   1|   0|    1|          0|
    |tmp_2_reg_2273                        |  30|   0|   30|          0|
    |tmp_31_reg_2347                       |  30|   0|   30|          0|
    |tmp_32_reg_2293                       |   1|   0|    1|          0|
    |tmp_34_reg_2337                       |  30|   0|   30|          0|
    |tmp_35_reg_2377                       |   1|   0|    1|          0|
    |tmp_37_reg_2408                       |  29|   0|   29|          0|
    |tmp_4_reg_2208                        |  30|   0|   30|          0|
    |tmp_reg_2268                          |  30|   0|   30|          0|
    |trunc_ln86_reg_1854                   |  14|   0|   14|          0|
    |trunc_ln88_reg_1880                   |  14|   0|   14|          0|
    |zext_ln159_reg_2037                   |   7|   0|   14|          7|
    |zext_ln162_reg_2183                   |  14|   0|   64|         50|
    |zext_ln174_reg_2012                   |  14|   0|   64|         50|
    |zext_ln174_reg_2012_pp0_iter1_reg     |  14|   0|   64|         50|
    |zext_ln178_1_reg_1991                 |   7|   0|   14|          7|
    |zext_ln186_reg_2158                   |  14|   0|   64|         50|
    |zext_ln186_reg_2158_pp0_iter1_reg     |  14|   0|   64|         50|
    |zext_ln77_reg_1986                    |   7|   0|    8|          1|
    |zext_ln86_1_reg_2047                  |   7|   0|   14|          7|
    |zext_ln87_reg_2057                    |   7|   0|   14|          7|
    |zext_ln89_2_reg_2138                  |  14|   0|   64|         50|
    +--------------------------------------+----+----+-----+-----------+
    |Total                                 |1965|   0| 2302|        337|
    +--------------------------------------+----+----+-----+-----------+



================================================================
== Interface
================================================================
* Summary: 
+-------------+-----+-----+------------+--------------+--------------+
|  RTL Ports  | Dir | Bits|  Protocol  | Source Object|    C Type    |
+-------------+-----+-----+------------+--------------+--------------+
|ap_clk       |  in |    1| ap_ctrl_hs |     blurf    | return value |
|ap_rst       |  in |    1| ap_ctrl_hs |     blurf    | return value |
|ap_start     |  in |    1| ap_ctrl_hs |     blurf    | return value |
|ap_done      | out |    1| ap_ctrl_hs |     blurf    | return value |
|ap_idle      | out |    1| ap_ctrl_hs |     blurf    | return value |
|ap_ready     | out |    1| ap_ctrl_hs |     blurf    | return value |
|a1_address0  | out |   14|  ap_memory |      a1      |     array    |
|a1_ce0       | out |    1|  ap_memory |      a1      |     array    |
|a1_q0        |  in |   32|  ap_memory |      a1      |     array    |
|a1_address1  | out |   14|  ap_memory |      a1      |     array    |
|a1_ce1       | out |    1|  ap_memory |      a1      |     array    |
|a1_q1        |  in |   32|  ap_memory |      a1      |     array    |
|b1_address0  | out |   14|  ap_memory |      b1      |     array    |
|b1_ce0       | out |    1|  ap_memory |      b1      |     array    |
|b1_we0       | out |    1|  ap_memory |      b1      |     array    |
|b1_d0        | out |   32|  ap_memory |      b1      |     array    |
|b1_address1  | out |   14|  ap_memory |      b1      |     array    |
|b1_ce1       | out |    1|  ap_memory |      b1      |     array    |
|b1_we1       | out |    1|  ap_memory |      b1      |     array    |
|b1_d1        | out |   32|  ap_memory |      b1      |     array    |
+-------------+-----+-----+------------+--------------+--------------+

