

================================================================
== Vivado HLS Report for 'scalef'
================================================================
* Date:           Sat May 15 12:16:07 2021

* Version:        2019.1 (Build 2552052 on Fri May 24 15:28:33 MDT 2019)
* Project:        imageprosseing
* Solution:       scalefactor
* Product family: zynq
* Target device:  xc7z020-clg484-1


================================================================
== Performance Estimates
================================================================
+ Timing (ns): 
    * Summary: 
    +--------+-------+----------+------------+
    |  Clock | Target| Estimated| Uncertainty|
    +--------+-------+----------+------------+
    |ap_clk  |  10.00|     7.789|        1.25|
    +--------+-------+----------+------------+

+ Latency (clock cycles): 
    * Summary: 
    +--------+--------+--------+--------+---------+
    |     Latency     |     Interval    | Pipeline|
    |   min  |   max  |   min  |   max  |   Type  |
    +--------+--------+--------+--------+---------+
    |  160201|  160201|  160201|  160201|   none  |
    +--------+--------+--------+--------+---------+

    + Detail: 
        * Instance: 
        N/A

        * Loop: 
        +-------------+--------+--------+----------+-----------+-----------+------+----------+
        |             |     Latency     | Iteration|  Initiation Interval  | Trip |          |
        |  Loop Name  |   min  |   max  |  Latency |  achieved |   target  | Count| Pipelined|
        +-------------+--------+--------+----------+-----------+-----------+------+----------+
        |- Loop 1     |  160200|  160200|      1602|          -|          -|   100|    no    |
        | + Loop 1.1  |    1600|    1600|        16|          -|          -|   100|    no    |
        +-------------+--------+--------+----------+-----------+-----------+------+----------+



================================================================
== Utilization Estimates
================================================================
* Summary: 
+-----------------+---------+-------+--------+-------+-----+
|       Name      | BRAM_18K| DSP48E|   FF   |  LUT  | URAM|
+-----------------+---------+-------+--------+-------+-----+
|DSP              |        -|      -|       -|      -|    -|
|Expression       |        -|      -|       0|    866|    -|
|FIFO             |        -|      -|       -|      -|    -|
|Instance         |        -|     11|     729|   1223|    -|
|Memory           |        -|      -|       -|      -|    -|
|Multiplexer      |        -|      -|       -|    120|    -|
|Register         |        -|      -|     281|      -|    -|
+-----------------+---------+-------+--------+-------+-----+
|Total            |        0|     11|    1010|   2209|    0|
+-----------------+---------+-------+--------+-------+-----+
|Available        |      280|    220|  106400|  53200|    0|
+-----------------+---------+-------+--------+-------+-----+
|Utilization (%)  |        0|      5|   ~0   |      4|    0|
+-----------------+---------+-------+--------+-------+-----+

+ Detail: 
    * Instance: 
    +-------------------------+----------------------+---------+-------+-----+-----+-----+
    |         Instance        |        Module        | BRAM_18K| DSP48E|  FF | LUT | URAM|
    +-------------------------+----------------------+---------+-------+-----+-----+-----+
    |scalef_dmul_64ns_bkb_U1  |scalef_dmul_64ns_bkb  |        0|     11|  317|  578|    0|
    |scalef_sitodp_32ncud_U2  |scalef_sitodp_32ncud  |        0|      0|  412|  645|    0|
    +-------------------------+----------------------+---------+-------+-----+-----+-----+
    |Total                    |                      |        0|     11|  729| 1223|    0|
    +-------------------------+----------------------+---------+-------+-----+-----+-----+

    * DSP48E: 
    N/A

    * Memory: 
    N/A

    * FIFO: 
    N/A

    * Expression: 
    +----------------------+----------+-------+---+-----+------------+------------+
    |     Variable Name    | Operation| DSP48E| FF| LUT | Bitwidth P0| Bitwidth P1|
    +----------------------+----------+-------+---+-----+------------+------------+
    |add_ln20_fu_130_p2    |     +    |      0|  0|   19|          14|           7|
    |add_ln24_fu_164_p2    |     +    |      0|  0|   19|          14|          14|
    |add_ln502_fu_218_p2   |     +    |      0|  0|   12|          11|          12|
    |i_fu_142_p2           |     +    |      0|  0|   15|           7|           1|
    |j_fu_154_p2           |     +    |      0|  0|   15|           7|           1|
    |result_V_1_fu_304_p2  |     -    |      0|  0|   39|           1|          32|
    |sub_ln1311_fu_232_p2  |     -    |      0|  0|   13|          10|          11|
    |icmp_ln20_fu_136_p2   |   icmp   |      0|  0|   11|           7|           6|
    |icmp_ln22_fu_148_p2   |   icmp   |      0|  0|   11|           7|           6|
    |r_V_fu_262_p2         |   lshr   |      0|  0|  162|          54|          54|
    |bs_d0                 |  select  |      0|  0|   32|           1|          32|
    |p_Val2_5_fu_296_p3    |  select  |      0|  0|   32|           1|          32|
    |ush_fu_242_p3         |  select  |      0|  0|   12|           1|          12|
    |r_V_1_fu_268_p2       |    shl   |      0|  0|  474|         137|         137|
    +----------------------+----------+-------+---+-----+------------+------------+
    |Total                 |          |      0|  0|  866|         272|         357|
    +----------------------+----------+-------+---+-----+------------+------------+

    * Multiplexer: 
    +----------------+----+-----------+-----+-----------+
    |      Name      | LUT| Input Size| Bits| Total Bits|
    +----------------+----+-----------+-----+-----------+
    |ap_NS_fsm       |  93|         19|    1|         19|
    |i_0_reg_88      |   9|          2|    7|         14|
    |j_0_reg_111     |   9|          2|    7|         14|
    |phi_mul_reg_99  |   9|          2|   14|         28|
    +----------------+----+-----------+-----+-----------+
    |Total           | 120|         25|   29|         75|
    +----------------+----+-----------+-----+-----------+

    * Register: 
    +---------------------+----+----+-----+-----------+
    |         Name        | FF | LUT| Bits| Const Bits|
    +---------------------+----+----+-----+-----------+
    |add_ln20_reg_316     |  14|   0|   14|          0|
    |ap_CS_fsm            |  18|   0|   18|          0|
    |as_load_reg_347      |  32|   0|   32|          0|
    |i_0_reg_88           |   7|   0|    7|          0|
    |i_reg_324            |   7|   0|    7|          0|
    |j_0_reg_111          |   7|   0|    7|          0|
    |j_reg_332            |   7|   0|    7|          0|
    |p_Result_s_reg_362   |   1|   0|    1|          0|
    |p_Val2_5_reg_367     |  32|   0|   32|          0|
    |phi_mul_reg_99       |  14|   0|   14|          0|
    |tmp_reg_352          |  64|   0|   64|          0|
    |x_assign_reg_357     |  64|   0|   64|          0|
    |zext_ln24_1_reg_337  |  14|   0|   64|         50|
    +---------------------+----+----+-----+-----------+
    |Total                | 281|   0|  331|         50|
    +---------------------+----+----+-----+-----------+



================================================================
== Interface
================================================================
* Summary: 
+-------------+-----+-----+------------+--------------+--------------+
|  RTL Ports  | Dir | Bits|  Protocol  | Source Object|    C Type    |
+-------------+-----+-----+------------+--------------+--------------+
|ap_clk       |  in |    1| ap_ctrl_hs |    scalef    | return value |
|ap_rst       |  in |    1| ap_ctrl_hs |    scalef    | return value |
|ap_start     |  in |    1| ap_ctrl_hs |    scalef    | return value |
|ap_done      | out |    1| ap_ctrl_hs |    scalef    | return value |
|ap_idle      | out |    1| ap_ctrl_hs |    scalef    | return value |
|ap_ready     | out |    1| ap_ctrl_hs |    scalef    | return value |
|as_address0  | out |   14|  ap_memory |      as      |     array    |
|as_ce0       | out |    1|  ap_memory |      as      |     array    |
|as_q0        |  in |   32|  ap_memory |      as      |     array    |
|bs_address0  | out |   14|  ap_memory |      bs      |     array    |
|bs_ce0       | out |    1|  ap_memory |      bs      |     array    |
|bs_we0       | out |    1|  ap_memory |      bs      |     array    |
|bs_d0        | out |   32|  ap_memory |      bs      |     array    |
+-------------+-----+-----+------------+--------------+--------------+

