==============================================================
Vivado(TM) HLS - High-Level Synthesis from C, C++ and SystemC v2019.1 (64-bit)
Copyright 1986-2019 Xilinx, Inc. All Rights Reserved.
==============================================================
INFO: [SYN 201-201] Setting up clock 'default' with a period of 10ns.
INFO: [HLS 200-10] Setting target device to 'xc7z020-clg484-1'
INFO: [SCHED 204-61] Option 'relax_ii_for_timing' is enabled, will increase II to preserve clock frequency constraints.
INFO: [HLS 200-10] Analyzing design file 'imageprosseing/imgpro.c' ... 
INFO: [HLS 200-111] Finished Linking Time (s): cpu = 00:00:01 ; elapsed = 00:00:09 . Memory (MB): peak = 175.473 ; gain = 84.563
INFO: [HLS 200-111] Finished Checking Pragmas Time (s): cpu = 00:00:01 ; elapsed = 00:00:09 . Memory (MB): peak = 175.473 ; gain = 84.563
INFO: [HLS 200-10] Starting code transformations ...
INFO: [HLS 200-111] Finished Standard Transforms Time (s): cpu = 00:00:01 ; elapsed = 00:00:10 . Memory (MB): peak = 175.473 ; gain = 84.563
INFO: [HLS 200-10] Checking synthesizability ...
INFO: [HLS 200-111] Finished Checking Synthesizability Time (s): cpu = 00:00:01 ; elapsed = 00:00:10 . Memory (MB): peak = 175.473 ; gain = 84.563
INFO: [XFORM 203-11] Balancing expressions in function 'blurf' (imageprosseing/imgpro.c:71)...40 expression(s) balanced.
INFO: [HLS 200-111] Finished Pre-synthesis Time (s): cpu = 00:00:02 ; elapsed = 00:00:10 . Memory (MB): peak = 175.473 ; gain = 84.563
INFO: [HLS 200-111] Finished Architecture Synthesis Time (s): cpu = 00:00:02 ; elapsed = 00:00:11 . Memory (MB): peak = 175.473 ; gain = 84.563
INFO: [HLS 200-10] Starting hardware synthesis ...
INFO: [HLS 200-10] Synthesizing 'blurf' ...
INFO: [HLS 200-10] ----------------------------------------------------------------
INFO: [HLS 200-42] -- Implementing module 'blurf' 
INFO: [HLS 200-10] ----------------------------------------------------------------
INFO: [SCHED 204-11] Starting scheduling ...
INFO: [SCHED 204-11] Finished scheduling.
INFO: [HLS 200-111]  Elapsed time: 12.405 seconds; current allocated memory: 96.497 MB.
INFO: [HLS 200-434] Only 0 loops out of a total 2 loops have been pipelined in this design.
INFO: [BIND 205-100] Starting micro-architecture generation ...
INFO: [BIND 205-101] Performing variable lifetime analysis.
INFO: [BIND 205-101] Exploring resource sharing.
INFO: [BIND 205-101] Binding ...
INFO: [BIND 205-100] Finished micro-architecture generation.
INFO: [HLS 200-111]  Elapsed time: 0.44 seconds; current allocated memory: 97.796 MB.
INFO: [HLS 200-10] ----------------------------------------------------------------
INFO: [HLS 200-10] -- Generating RTL for module 'blurf' 
INFO: [HLS 200-10] ----------------------------------------------------------------
INFO: [RTGEN 206-500] Setting interface mode on port 'blurf/a1' to 'ap_memory'.
INFO: [RTGEN 206-500] Setting interface mode on port 'blurf/b1' to 'ap_memory'.
INFO: [RTGEN 206-500] Setting interface mode on function 'blurf' to 'ap_ctrl_hs'.
INFO: [RTGEN 206-100] Finished creating RTL model for 'blurf'.
INFO: [HLS 200-111]  Elapsed time: 0.564 seconds; current allocated memory: 99.961 MB.
INFO: [HLS 200-111] Finished generating all RTL models Time (s): cpu = 00:00:05 ; elapsed = 00:00:17 . Memory (MB): peak = 175.473 ; gain = 84.563
INFO: [VHDL 208-304] Generating VHDL RTL for blurf.
INFO: [VLOG 209-307] Generating Verilog RTL for blurf.
INFO: [HLS 200-112] Total elapsed time: 16.856 seconds; peak allocated memory: 99.961 MB.
