INFO-FLOW: Workspace C:/Users/raoja/Desktop/uni/520/imageprosseing/scalefactor opened at Sat May 15 12:15:14 -0700 2021
Execute     config_clock -quiet -name default -period 10 -default=false 
INFO: [SYN 201-201] Setting up clock 'default' with a period of 10ns.
Execute     open_platform DefaultPlatform 
Command     open_platform done; 0.131 sec.
Execute     import_lib D:/hell/Vivado/2019.1/common/technology/xilinx/zynq/zynq 
Execute       source D:/hell/Vivado/2019.1/common/technology/xilinx/common/xilinx.lib 
Execute         source D:/hell/Vivado/2019.1/common/technology/xilinx/interface/xilinx_interface.lib 
Execute           source D:/hell/Vivado/2019.1/common/technology/xilinx/interface/plb46.lib 
Command           ap_source done; 0.195 sec.
Execute           source D:/hell/Vivado/2019.1/common/technology/xilinx/interface/fsl.lib 
Execute           source D:/hell/Vivado/2019.1/common/technology/xilinx/interface/axi4.lib 
Execute           source D:/hell/Vivado/2019.1/common/technology/xilinx/interface/maxi.lib 
Execute           source D:/hell/Vivado/2019.1/common/technology/xilinx/interface/saxilite.lib 
Command         ap_source done; 0.26 sec.
Execute         source D:/hell/Vivado/2019.1/common/technology/xilinx/common/dsp48.lib 
Execute         source D:/hell/Vivado/2019.1/common/technology/xilinx/ip/dds_compiler.lib 
Execute         source D:/hell/Vivado/2019.1/common/technology/xilinx/ip/xfft.lib 
Execute         source D:/hell/Vivado/2019.1/common/technology/xilinx/ip/xfir.lib 
Command       ap_source done; 0.471 sec.
Execute       source D:/hell/Vivado/2019.1/common/technology/xilinx/common/xilinx.hlp 
Execute         source D:/hell/Vivado/2019.1/common/technology/xilinx/common/target_info.tcl 
Execute         source D:/hell/Vivado/2019.1/common/technology/xilinx/interface/xilinx_interface.hlp 
Execute           source D:/hell/Vivado/2019.1/common/technology/xilinx/interface/maxi.hlp 
Execute           source D:/hell/Vivado/2019.1/common/technology/xilinx/interface/saxilite.hlp 
Execute         source D:/hell/Vivado/2019.1/common/technology/xilinx/common/dsp48.hlp 
Command         ap_source done; 0.101 sec.
Command       ap_source done; 0.236 sec.
Execute       source D:/hell/Vivado/2019.1/common/technology/xilinx/zynq/dsp48e1.hlp 
Execute       source D:/hell/Vivado/2019.1/common/technology/xilinx/common/xilinx.hlp 
Execute         source D:/hell/Vivado/2019.1/common/technology/xilinx/common/target_info.tcl 
Execute         source D:/hell/Vivado/2019.1/common/technology/xilinx/interface/xilinx_interface.hlp 
Execute           source D:/hell/Vivado/2019.1/common/technology/xilinx/interface/maxi.hlp 
Execute           source D:/hell/Vivado/2019.1/common/technology/xilinx/interface/saxilite.hlp 
Execute         source D:/hell/Vivado/2019.1/common/technology/xilinx/common/dsp48.hlp 
Command     import_lib done; 0.916 sec.
Execute     source D:/hell/Vivado/2019.1/common/technology/xilinx/zynq/zynq.gen 
Execute       source D:/hell/Vivado/2019.1/common/technology/xilinx/common/xilinx.gen 
Execute         source D:/hell/Vivado/2019.1/common/technology/xilinx/interface/plb46.gen 
Execute         source D:/hell/Vivado/2019.1/common/technology/xilinx/interface/fsl.gen 
Execute         source D:/hell/Vivado/2019.1/common/technology/xilinx/interface/axi4.gen 
Command         ap_source done; 0.102 sec.
Execute         source D:/hell/Vivado/2019.1/common/technology/xilinx/interface/nativeAXI4.gen 
Execute           source D:/hell/Vivado/2019.1/common/technology/xilinx/interface/saxilite.gen 
Execute           source D:/hell/Vivado/2019.1/common/technology/xilinx/interface/maxi.gen 
Command           ap_source done; 0.221 sec.
Command         ap_source done; 0.272 sec.
Execute         source D:/hell/Vivado/2019.1/common/technology/xilinx/scripts/xilinxcoregen.gen 
Command         ap_source done; 0.119 sec.
Execute         source D:/hell/Vivado/2019.1/common/technology/xilinx/interface/XilEDKCoreGen.gen 
Execute         source D:/hell/Vivado/2019.1/common/technology/xilinx/ip/dds_compiler.gen 
Command         ap_source done; 0.151 sec.
Execute         source D:/hell/Vivado/2019.1/common/technology/xilinx/ip/util.gen 
Execute         source D:/hell/Vivado/2019.1/common/technology/xilinx/ip/xfft.gen 
Command         ap_source done; 0.236 sec.
Execute         source D:/hell/Vivado/2019.1/common/technology/xilinx/ip/xfir.gen 
Execute         source D:/hell/Vivado/2019.1/common/technology/xilinx/common/dsp48.gen 
Command       ap_source done; 1.23 sec.
Command     ap_source done; 1.246 sec.
Execute     set_part xc7z020-clg484-1 
Execute       ap_part_info -name xc7z020-clg484-1 -data single -quiet 
Command       ap_part_info done; 1.581 sec.
Execute       ap_part_info -name xc7z020-clg484-1 -data info 
Execute       add_library xilinx/zynq/zynq:xc7z020:-clg484:-1 
Execute         get_default_platform 
Execute         license_isbetapart xc7z020 
Command         license_isbetapart done; error code: 1; 0.165 sec.
Execute         ap_part_info -data single -name xc7z020-clg484-1 
Execute         ap_part_info -name xc7z020-clg484-1 -data resources 
Execute         ap_part_info -name xc7z020-clg484-1 -data info 
Execute         ap_part_info -name xc7z020-clg484-1 -data info 
Execute         config_chip_info -quiet -resource {SLICE 13300} {LUT 53200} {FF 106400} {DSP48E 220} {BRAM 280} {URAM 0} 
Execute         ap_part_info -name xc7z020-clg484-1 -data info 
Execute         config_chip_info -quiet -speed slow 
Command       add_library done; 0.201 sec.
Execute       add_library xilinx/zynq/zynq_fpv6 
Execute         get_default_platform 
Execute         open_platform DefaultPlatform 
Execute         import_lib D:/hell/Vivado/2019.1/common/technology/xilinx/zynq/zynq_fpv6 
Execute           source D:/hell/Vivado/2019.1/common/technology/xilinx/common/xilinx_fp.lib 
Execute           source D:/hell/Vivado/2019.1/common/technology/xilinx/common/xilinx_fp.hlp 
Execute             source D:/hell/Vivado/2019.1/common/technology/xilinx/common/xilinx.hlp 
Execute               source D:/hell/Vivado/2019.1/common/technology/xilinx/common/target_info.tcl 
Execute               source D:/hell/Vivado/2019.1/common/technology/xilinx/interface/xilinx_interface.hlp 
Execute                 source D:/hell/Vivado/2019.1/common/technology/xilinx/interface/maxi.hlp 
Execute                 source D:/hell/Vivado/2019.1/common/technology/xilinx/interface/saxilite.hlp 
Execute               source D:/hell/Vivado/2019.1/common/technology/xilinx/common/dsp48.hlp 
Execute         source D:/hell/Vivado/2019.1/common/technology/xilinx/zynq/zynq_fpv6.gen 
Execute           source D:/hell/Vivado/2019.1/common/technology/xilinx/common/xilinx_fp.gen 
Command       add_library done; 0.169 sec.
INFO: [HLS 200-10] Setting target device to 'xc7z020-clg484-1'
Execute       ap_part_info -name xc7z020-clg484-1 -data info 
Execute       get_default_platform 
Command     set_part done; 2.139 sec.
Execute     ap_part_info -data single -name xc7z020-clg484-1 
Execute     ap_part_info -name xc7z020-clg484-1 -data resources 
Execute     ap_part_info -name xc7z020-clg484-1 -data info 
Execute     ap_part_info -name xc7z020-clg484-1 -data info 
Execute     config_chip_info -quiet -resource {SLICE 13300} {LUT 53200} {FF 106400} {DSP48E 220} {BRAM 280} {URAM 0} 
Execute     ap_part_info -name xc7z020-clg484-1 -data info 
Execute     config_chip_info -quiet -speed slow 
Execute     config_export -format=ip_catalog 
Execute     config_export -rtl=verilog 
Command   open_solution done; 4.824 sec.
Execute   set_part xc7z020-clg484-1 
Execute     ap_part_info -name xc7z020-clg484-1 -data single -quiet 
Execute     ap_part_info -name xc7z020-clg484-1 -data info 
Execute     add_library xilinx/zynq/zynq:xc7z020:-clg484:-1 
Execute       get_default_platform 
Execute       license_isbetapart xc7z020 
Command       license_isbetapart done; error code: 1; 
Execute       ap_part_info -data single -name xc7z020-clg484-1 
Execute       ap_part_info -name xc7z020-clg484-1 -data resources 
Execute       ap_part_info -name xc7z020-clg484-1 -data info 
Execute       ap_part_info -name xc7z020-clg484-1 -data info 
Execute       config_chip_info -quiet -resource {SLICE 13300} {LUT 53200} {FF 106400} {DSP48E 220} {BRAM 280} {URAM 0} 
Execute       ap_part_info -name xc7z020-clg484-1 -data info 
Execute       config_chip_info -quiet -speed slow 
Execute     add_library xilinx/zynq/zynq_fpv6 
Execute       get_default_platform 
Execute       open_platform DefaultPlatform 
Execute       import_lib D:/hell/Vivado/2019.1/common/technology/xilinx/zynq/zynq_fpv6 
Execute         source D:/hell/Vivado/2019.1/common/technology/xilinx/common/xilinx_fp.lib 
Execute         source D:/hell/Vivado/2019.1/common/technology/xilinx/common/xilinx_fp.hlp 
Execute           source D:/hell/Vivado/2019.1/common/technology/xilinx/common/xilinx.hlp 
Execute             source D:/hell/Vivado/2019.1/common/technology/xilinx/common/target_info.tcl 
Execute             source D:/hell/Vivado/2019.1/common/technology/xilinx/interface/xilinx_interface.hlp 
Execute               source D:/hell/Vivado/2019.1/common/technology/xilinx/interface/maxi.hlp 
Execute               source D:/hell/Vivado/2019.1/common/technology/xilinx/interface/saxilite.hlp 
Execute             source D:/hell/Vivado/2019.1/common/technology/xilinx/common/dsp48.hlp 
Execute       source D:/hell/Vivado/2019.1/common/technology/xilinx/zynq/zynq_fpv6.gen 
Execute         source D:/hell/Vivado/2019.1/common/technology/xilinx/common/xilinx_fp.gen 
Execute     ap_part_info -name xc7z020-clg484-1 -data info 
Execute     get_default_platform 
Command   set_part done; 0.139 sec.
Execute   create_clock -period 10 -name default 
Execute   config_export -format ip_catalog -rtl verilog 
Execute   source ./imageprosseing/scalefactor/directives.tcl 
Execute   csynth_design 
Execute     get_config_compile -dump_cfg 
Execute     get_config_compile -effort 
Execute     get_config_compile -enable_clang39 
Execute     get_config_compile -g 
Execute     get_config_compile -ng 
Execute     get_config_compile -opt_fp 
Execute     get_config_compile -skip_cdt 
Execute     get_config_compile -skip_syncheck 
Execute     get_config_compile -skip_transform 
Execute     get_config_compile -keep_printf 
Execute     elaborate -effort=medium -skip_syncheck=0 -keep_printf=0 -skip_cdt=0 -skip_transform=0 -ng=0 -g=0 -opt_fp=0 -from_csynth_design=1 
Execute       get_config_schedule -relax_ii_for_timing 
INFO: [SCHED 204-61] Option 'relax_ii_for_timing' is enabled, will increase II to preserve clock frequency constraints.
Execute       get_config_schedule -suppress_dependence_error_break 
INFO: [HLS 200-10] Analyzing design file 'imageprosseing/imgpro.c' ... 
INFO-FLOW: Compiling one TU...
Execute       is_m_axi_addr64 
INFO-FLOW: Handling imageprosseing/imgpro.c as C
Execute       ap_part_info -name xc7z020-clg484-1 -data info 
Execute       is_encrypted imageprosseing/imgpro.c 
INFO-FLOW: Running: GCC PP
INFO-FLOW: Source preprocessing
Execute       clang  -fno-limit-debug-info -gcc-toolchain "D:/hell/Vivado/2019.1/msys" -hls  -fno-exceptions  -D__llvm__  -E "imageprosseing/imgpro.c"     -fno-math-errno -c -emit-llvm -O0  -mllvm -disable-llvm-optzns -std=gnu89   -DAESL_SYN -D__SYNTHESIS__ -D__HLS_SYN__ -I "D:/hell/Vivado/2019.1/common/technology/autopilot" -I "D:/hell/Vivado/2019.1/common/technology/autopilot/ap_sysc" -include etc/autopilot_ssdm_op.h -D__DSP48E1__ -D__cdecl=  -o "C:/Users/raoja/Desktop/uni/520/imageprosseing/scalefactor/.autopilot/db/imgpro.pp.0.c" 
INFO-FLOW: exec D:/hell/Vivado/2019.1/win64/tools/clang/bin/clang -fno-limit-debug-info -gcc-toolchain D:/hell/Vivado/2019.1/msys -hls -fno-exceptions -D__llvm__ -E imageprosseing/imgpro.c -fno-math-errno -c -emit-llvm -O0 -mllvm -disable-llvm-optzns -std=gnu89 -DAESL_SYN -D__SYNTHESIS__ -D__HLS_SYN__ -I D:/hell/Vivado/2019.1/common/technology/autopilot -I D:/hell/Vivado/2019.1/common/technology/autopilot/ap_sysc -include etc/autopilot_ssdm_op.h -D__DSP48E1__ -D__cdecl= -o C:/Users/raoja/Desktop/uni/520/imageprosseing/scalefactor/.autopilot/db/imgpro.pp.0.c
Command       clang done; 7.928 sec.
Execute       tidy_31 xilinx-xfmat-array-geometry C:/Users/raoja/Desktop/uni/520/imageprosseing/scalefactor/.autopilot/db/imgpro.pp.0.c std=gnu89 
INFO-FLOW: exec D:/hell/Vivado/2019.1/win64/tools/clang-3.9-csynth/bin/tidy-3.1 -header-filter=.* -checks=-*,xilinx-xfmat-array-geometry -quiet -fix C:/Users/raoja/Desktop/uni/520/imageprosseing/scalefactor/.autopilot/db/imgpro.pp.0.c -- -std=gnu89 -fhls -ferror-limit=0
Command       tidy_31 done; 1.273 sec.
INFO-FLOW: Syntax Checking before pre-processing...
Execute       clang -syntaxcheck -src C:/Users/raoja/Desktop/uni/520/imageprosseing/scalefactor/.autopilot/db/imgpro.pp.0.c  -fno-limit-debug-info -gcc-toolchain "D:/hell/Vivado/2019.1/msys" -hls    -fno-math-errno -c -emit-llvm -O0  -mllvm -disable-llvm-optzns -std=gnu89   -DAESL_SYN -D__SYNTHESIS__ -D__HLS_SYN__ -I "D:/hell/Vivado/2019.1/common/technology/autopilot" -I "D:/hell/Vivado/2019.1/common/technology/autopilot/ap_sysc" -include etc/autopilot_ssdm_op.h -D__DSP48E1__ -D__cdecl=  "C:/Users/raoja/Desktop/uni/520/imageprosseing/scalefactor/.autopilot/db/imgpro.pp.0.c"  -o "C:/Users/raoja/Desktop/uni/520/imageprosseing/scalefactor/.autopilot/db/useless.bc"  
INFO-FLOW: exec D:/hell/Vivado/2019.1/win64/tools/clang/bin/clang -fno-limit-debug-info -gcc-toolchain D:/hell/Vivado/2019.1/msys -hls -fno-math-errno -c -emit-llvm -O0 -mllvm -disable-llvm-optzns -std=gnu89 -DAESL_SYN -D__SYNTHESIS__ -D__HLS_SYN__ -I D:/hell/Vivado/2019.1/common/technology/autopilot -I D:/hell/Vivado/2019.1/common/technology/autopilot/ap_sysc -include etc/autopilot_ssdm_op.h -D__DSP48E1__ -D__cdecl= C:/Users/raoja/Desktop/uni/520/imageprosseing/scalefactor/.autopilot/db/imgpro.pp.0.c -o C:/Users/raoja/Desktop/uni/520/imageprosseing/scalefactor/.autopilot/db/useless.bc
Command       clang done; 2.078 sec.
INFO-FLOW: Done: GCC PP time: 11.3 seconds per iteration
Execute       source D:/hell/Vivado/2019.1/tps/tcl/tcllib1.11.1/yaml/huddle.tcl 
Execute       source D:/hell/Vivado/2019.1/tps/tcl/tcllib1.11.1/yaml/json2huddle.tcl 
Execute         source D:/hell/Vivado/2019.1/tps/tcl/tcllib1.11.1/try/try.tcl 
Command         ap_source done; 0.135 sec.
Command       ap_source done; 0.163 sec.
Execute       list_core -type functional_unit 
Execute       tidy_31 xilinx-systemc-detector C:/Users/raoja/Desktop/uni/520/imageprosseing/scalefactor/.autopilot/db/imgpro.pp.0.c std=gnu89 -directive=C:/Users/raoja/Desktop/uni/520/imageprosseing/scalefactor/.autopilot/db/.systemc_flag 
INFO-FLOW: exec D:/hell/Vivado/2019.1/win64/tools/clang-3.9-csynth/bin/tidy-3.1 -header-filter=.* -checks=-*,xilinx-systemc-detector -import-directive=C:/Users/raoja/Desktop/uni/520/imageprosseing/scalefactor/.autopilot/db/.systemc_flag -quiet -fix-errors C:/Users/raoja/Desktop/uni/520/imageprosseing/scalefactor/.autopilot/db/imgpro.pp.0.c -- -std=gnu89 -fhls -ferror-limit=0
Command       tidy_31 done; 0.335 sec.
INFO-FLOW: Running: tidy-3.1 CDT preprocess
Execute       tidy_31 xilinx-directive2pragma C:/Users/raoja/Desktop/uni/520/imageprosseing/scalefactor/.autopilot/db/imgpro.pp.0.c std=gnu89 -directive=C:/Users/raoja/Desktop/uni/520/imageprosseing/scalefactor/.autopilot/db/all.directive.json 
INFO-FLOW: exec D:/hell/Vivado/2019.1/win64/tools/clang-3.9-csynth/bin/tidy-3.1 -header-filter=.* -checks=-*,xilinx-directive2pragma -import-directive=C:/Users/raoja/Desktop/uni/520/imageprosseing/scalefactor/.autopilot/db/all.directive.json -quiet -fix-errors C:/Users/raoja/Desktop/uni/520/imageprosseing/scalefactor/.autopilot/db/imgpro.pp.0.c -- -std=gnu89 -fhls -ferror-limit=0
Execute       get_config_dataflow -strict_mode 
Execute       ap_eval exec -ignorestderr D:/hell/Vivado/2019.1/win64/tools/clang-3.9-csynth/bin/xilinx-dataflow-lawyer -export-fixes=C:/Users/raoja/Desktop/uni/520/imageprosseing/scalefactor/.autopilot/db/xilinx-dataflow-lawyer.imgpro.pp.0.c.diag.yml C:/Users/raoja/Desktop/uni/520/imageprosseing/scalefactor/.autopilot/db/imgpro.pp.0.c -- -std=gnu99 -fhls -ferror-limit=0 -fstrict-dataflow > C:/Users/raoja/Desktop/uni/520/imageprosseing/scalefactor/.autopilot/db/xilinx-dataflow-lawyer.imgpro.pp.0.c.out.log 2> C:/Users/raoja/Desktop/uni/520/imageprosseing/scalefactor/.autopilot/db/xilinx-dataflow-lawyer.imgpro.pp.0.c.err.log 
Command       ap_eval done; 0.635 sec.
Execute       tidy_31 -errorcheck xilinx-constantarray-param,xilinx-resource-pragma-transformer,xilinx-xfmat-array-geometry C:/Users/raoja/Desktop/uni/520/imageprosseing/scalefactor/.autopilot/db/imgpro.pp.0.c std=gnu89 
Execute         ap_eval exec -ignorestderr D:/hell/Vivado/2019.1/win64/tools/clang-3.9-csynth/bin/tidy-3.1 -export-fixes=C:/Users/raoja/Desktop/uni/520/imageprosseing/scalefactor/.autopilot/db/tidy-3.1.imgpro.pp.0.c.diag.yml -header-filter=.* -checks=-*,xilinx-constantarray-param,xilinx-resource-pragma-transformer,xilinx-xfmat-array-geometry -quiet -fix-errors C:/Users/raoja/Desktop/uni/520/imageprosseing/scalefactor/.autopilot/db/imgpro.pp.0.c -- -std=gnu89 -fhls -ferror-limit=0 > C:/Users/raoja/Desktop/uni/520/imageprosseing/scalefactor/.autopilot/db/tidy-3.1.imgpro.pp.0.c.out.log 2> C:/Users/raoja/Desktop/uni/520/imageprosseing/scalefactor/.autopilot/db/tidy-3.1.imgpro.pp.0.c.err.log 
Command         ap_eval done; 0.13 sec.
Execute         source D:/hell/Vivado/2019.1/tps/tcl/tcllib1.11.1/yaml/yaml.tcl 
Execute           source D:/hell/Vivado/2019.1/tps/tcl/tcllib1.11.1/cmdline/cmdline.tcl 
Command         ap_source done; 0.182 sec.
Execute         ap_eval exec -ignorestderr D:/hell/Vivado/2019.1/win64/tools/clang-3.9-csynth/bin/xilinx-legacy-rewriter C:/Users/raoja/Desktop/uni/520/imageprosseing/scalefactor/.autopilot/db/imgpro.pp.0.c -- -std=gnu89 -fhls -ferror-limit=0 > C:/Users/raoja/Desktop/uni/520/imageprosseing/scalefactor/.autopilot/db/xilinx-legacy-rewriter.imgpro.pp.0.c.out.log 2> C:/Users/raoja/Desktop/uni/520/imageprosseing/scalefactor/.autopilot/db/xilinx-legacy-rewriter.imgpro.pp.0.c.err.log 
Command         ap_eval done; 0.508 sec.
Command       tidy_31 done; 0.953 sec.
INFO-FLOW: Done: tidy-3.1 CDT preprocess time: 1.7 seconds per iteration
INFO-FLOW: Pragma Handling...
Execute       tidy_31 xilinx-ssdm-intrinsics-arguments C:/Users/raoja/Desktop/uni/520/imageprosseing/scalefactor/.autopilot/db/imgpro.pragma.1.c std=gnu89 
INFO-FLOW: exec D:/hell/Vivado/2019.1/win64/tools/clang-3.9-csynth/bin/tidy-3.1 -header-filter=.* -checks=-*,xilinx-ssdm-intrinsics-arguments -quiet -fix-errors C:/Users/raoja/Desktop/uni/520/imageprosseing/scalefactor/.autopilot/db/imgpro.pragma.1.c -- -std=gnu89 -fhls -ferror-limit=0
Command       tidy_31 done; 0.192 sec.
Execute       ap_part_info -name xc7z020-clg484-1 -data info 
INFO-FLOW: Processing labels
Execute       clang -src C:/Users/raoja/Desktop/uni/520/imageprosseing/scalefactor/.autopilot/db/imgpro.pragma.2.c  -fno-limit-debug-info -gcc-toolchain D:/hell/Vivado/2019.1/msys -hls -hls-analyze-label -hls-analyze-pragma -fno-exceptions  -D__llvm__  -w  "C:/Users/raoja/Desktop/uni/520/imageprosseing/scalefactor/.autopilot/db/imgpro.pragma.2.c"    -fno-math-errno -c -emit-llvm -O0  -mllvm -disable-llvm-optzns -std=gnu89  -DAESL_SYN -D__SYNTHESIS__ -D__HLS_SYN__ -I "D:/hell/Vivado/2019.1/common/technology/autopilot" -I "D:/hell/Vivado/2019.1/common/technology/autopilot/ap_sysc" -include etc/autopilot_ssdm_op.h -D__DSP48E1__ -g -o "C:/Users/raoja/Desktop/uni/520/imageprosseing/scalefactor/.autopilot/db/imgpro.bc" 
INFO-FLOW: exec D:/hell/Vivado/2019.1/win64/tools/clang/bin/clang -fno-limit-debug-info -gcc-toolchain D:/hell/Vivado/2019.1/msys -hls -hls-analyze-label -hls-analyze-pragma -fno-exceptions -D__llvm__ -w C:/Users/raoja/Desktop/uni/520/imageprosseing/scalefactor/.autopilot/db/imgpro.pragma.2.c -fno-math-errno -c -emit-llvm -O0 -mllvm -disable-llvm-optzns -std=gnu89 -DAESL_SYN -D__SYNTHESIS__ -D__HLS_SYN__ -I D:/hell/Vivado/2019.1/common/technology/autopilot -I D:/hell/Vivado/2019.1/common/technology/autopilot/ap_sysc -include etc/autopilot_ssdm_op.h -D__DSP48E1__ -g -o C:/Users/raoja/Desktop/uni/520/imageprosseing/scalefactor/.autopilot/db/imgpro.bc
Command       clang done; 1.869 sec.
INFO-FLOW: Linking Debug ...
Execute       llvm-ld C:/Users/raoja/Desktop/uni/520/imageprosseing/scalefactor/.autopilot/db/imgpro.g.bc -hls-opt -except-internalize scalef -LD:/hell/Vivado/2019.1/win64/lib -lhlsm -lhlsmc++ -o C:/Users/raoja/Desktop/uni/520/imageprosseing/scalefactor/.autopilot/db/a.g 
Command       llvm-ld done; 20.045 sec.
INFO: [HLS 200-111] Finished Linking Time (s): cpu = 00:00:02 ; elapsed = 00:00:50 . Memory (MB): peak = 174.977 ; gain = 98.172
INFO: [HLS 200-111] Finished Checking Pragmas Time (s): cpu = 00:00:02 ; elapsed = 00:00:50 . Memory (MB): peak = 174.977 ; gain = 98.172
Execute       get_config_sdx -target 
Execute       opt_and_import_c a -opt_level=2 -skip_syncheck=0 -ng=0 -keep_printf=0 
Execute         cleanup_all_models 
INFO: [HLS 200-10] Starting code transformations ...
Execute         transform -promote-dbg-pointer C:/Users/raoja/Desktop/uni/520/imageprosseing/scalefactor/.autopilot/db/a.pp.bc -o C:/Users/raoja/Desktop/uni/520/imageprosseing/scalefactor/.autopilot/db/a.pp.0.bc -f 
Command         transform done; 1.597 sec.
Execute         llvm-ld C:/Users/raoja/Desktop/uni/520/imageprosseing/scalefactor/.autopilot/db/a.pp.0.bc -disable-opt -LD:/hell/Vivado/2019.1/win64/lib -lfloatconversion -o C:/Users/raoja/Desktop/uni/520/imageprosseing/scalefactor/.autopilot/db/a.g.0 
Command         llvm-ld done; 2.815 sec.
INFO-FLOW: Running Standard Transforms...
Execute         transform -hls -share-std-xform -demangle-name -inline-byval-memcpy -always-inline -promote-dbg-pointer -interface-preproc -mem2reg -scalarrepl -mem2reg -keep-read-access -instcombine -dce -promote-dbg-pointer -bitop-raise -loop-simplify -indvarspre -indvars -loop-simplify -xunroll -constprop -instcombine -simplifycfg -indvars -simplifycfg -dce -globaldce -basicaa -simplifycfg -mem2reg -globalopt -global-constprop -deadargelim -instcombine -simplifycfg -prune-eh -simplifycfg -scalarrepl -instcombine -reassociate -licm -simplifycfg -loop-simplify -indvars -instcombine -simplifycfg -mem2reg -loop-simplify -indvars -instcombine -gvn -gvn -instcombine -adce -break-crit-edges -simplifycfg -loop-delete -global-array-opt -dce -dse -adce -find-syn-modules -top scalef -deadargelim -mem2reg -instcombine -dce -presyn-prepare -auto-rom-infer -interface-preproc -syn-check -check-rec-only -find-region -simplifycfg -func-extr -function-inline -globaldce -mem2reg -instcombine -dce -gvn -globaldce -adce -adse -constprop -instcombine -bit-constprop -instcombine -dce -simplifycfg -bitop-raise -simplifycfg -dce -loop-delete -reassociate -globalopt -global-privatize -mem2reg -dce -global-constprop -pointer-simplify -constprop -dce -func-inst -deadargelim -auto-shift-reg-idiom -promote-dbg-pointer -norm-name C:/Users/raoja/Desktop/uni/520/imageprosseing/scalefactor/.autopilot/db/a.g.0.bc -o C:/Users/raoja/Desktop/uni/520/imageprosseing/scalefactor/.autopilot/db/a.g.1.bc -f -phase std-opt 
Command         transform done; 1.919 sec.
INFO: [HLS 200-111] Finished Standard Transforms Time (s): cpu = 00:00:03 ; elapsed = 00:00:56 . Memory (MB): peak = 174.977 ; gain = 98.172
INFO: [HLS 200-10] Checking synthesizability ...
INFO-FLOW: Checking Synthesizability 1/2..
Execute         transform -hls -syn-check -check-rec-only -disaggr -scalarrepl -norm-name -dce -mem2reg -instcombine -function-uniquify -directive-preproc -mem2reg -dse -dce -auto-rom-infer -dce -pag -array-normalize -instcombine -dce -warn-fifo-pointer -array-seg-normalize -instcombine -dce -array-flatten -instcombine -dce -array-burst -dce -deadargelim -promote-global-argument -simplifycfg -mem2reg -globaldce -dce -deadargelim -dce -instcombine -function-inline -globaldce -dce -doublePtrSimplify -doublePtrElim -dce -doublePtrSimplify -promote-dbg-pointer -dce -scalarrepl -dse -adse -instcombine -ptrLegalization -simplifycfg -dce -instcombine -pointer-simplify -ptrArgReplace -dce -instcombine -resolve-double-ptr -disaggr -scalarrepl -norm-name -dce -mem2reg -instcombine -ptrLegalization -simplifycfg -deadargelim -instcombine -dce -inst-simplify -function-uniquify -directive-preproc -mem2reg -dse -dce -globaldce -check-dspbuiltin C:/Users/raoja/Desktop/uni/520/imageprosseing/scalefactor/.autopilot/db/a.g.1.bc -o C:/Users/raoja/Desktop/uni/520/imageprosseing/scalefactor/.autopilot/db/a.g.2.prechk.bc -f 
INFO: [XFORM 203-602] Inlining function 'fp_struct<double>::mantissa' into 'generic_cast_IEEE754<int, (ap_q_mode)6, double>' (r:/builds/2019.1/continuous/2019_05_24_2552052/src/products/hls/hls_lib/hlsmath/include/FloatingPoint\hls_case_IEEE754.h:15) automatically.
INFO: [XFORM 203-602] Inlining function 'fp_struct<double>::expv' into 'generic_cast_IEEE754<int, (ap_q_mode)6, double>' (r:/builds/2019.1/continuous/2019_05_24_2552052/src/products/hls/hls_lib/hlsmath/include/FloatingPoint\hls_case_IEEE754.h:18) automatically.
INFO: [XFORM 203-602] Inlining function 'fp_struct<double>::__signbit' into 'generic_cast_IEEE754<int, (ap_q_mode)6, double>' (r:/builds/2019.1/continuous/2019_05_24_2552052/src/products/hls/hls_lib/hlsmath/include/FloatingPoint\hls_case_IEEE754.h:59) automatically.
INFO: [XFORM 203-602] Inlining function 'generic_cast_IEEE754<int, (ap_q_mode)6, double>' into 'generic_cast_IEEE754<int, double>' (r:/builds/2019.1/continuous/2019_05_24_2552052/src/products/hls/hls_lib/hlsmath/include/FloatingPoint\hls_case_IEEE754.h:117) automatically.
INFO: [XFORM 203-602] Inlining function 'generic_cast_IEEE754<int, double>' into '__hls_fptosi_double_i32' (r:/builds/2019.1/continuous/2019_05_24_2552052/src/products/hls/hls_lib/hlsmath/src/lib_floatconversion.cpp:55) automatically.
INFO: [XFORM 203-602] Inlining function '__hls_fptosi_double_i32' into 'scalef' (imageprosseing/imgpro.c:24) automatically.
Command         transform done; 0.761 sec.
INFO-FLOW: Checking Synthesizability 2/2..
Execute         transform -syn-check C:/Users/raoja/Desktop/uni/520/imageprosseing/scalefactor/.autopilot/db/a.g.2.prechk.bc -o C:/Users/raoja/Desktop/uni/520/imageprosseing/scalefactor/.autopilot/db/a.g.2.bc -f -phase syn-check 
Command         transform done; 0.127 sec.
INFO: [HLS 200-111] Finished Checking Synthesizability Time (s): cpu = 00:00:03 ; elapsed = 00:00:57 . Memory (MB): peak = 196.211 ; gain = 119.406
INFO-FLOW: Compiler optimizing ...
INFO-FLOW: Share syncheck's 1.bc for syn flow: copy C:/Users/raoja/Desktop/uni/520/imageprosseing/scalefactor/.autopilot/db/a.g.1.bc to C:/Users/raoja/Desktop/uni/520/imageprosseing/scalefactor/.autopilot/db/a.o.1.bc
INFO-FLOW: Presyn 1...
Execute         transform -hls -tmp C:/Users/raoja/Desktop/uni/520/imageprosseing/scalefactor/.autopilot/db -interface-port-rename -type-info -function-uniquify -directive-preproc -mem2reg -dse -dce -disaggr -scalarrepl -norm-name -deadargelim -mem2reg -instcombine -dce -simplifycfg -auto-rom-infer -dce -function-uniquify -resource-proc -clib-intrinsic-prepare -dce -func-buffer -dce -pag -array-normalize -func-legal -instcombine -gvn -constprop -dce -simplifycfg -mem2reg -globaldce -resolve-double-ptr -dce -deadargelim -dce -instcombine -ptrArgReplace -mem2reg -dce -array-seg-normalize -deadargelim -instcombine -dce -pointer-simplify -dce -port-alignment -dce -interface-preproc -data-pack -instcombine -dce -basicaa -aggr-aa -aggrmodref-aa -aggr-aa -gvn -gvn -basicaa -aggr-aa -aggrmodref-aa -aggr-aa -dse -adse -adce -loop-simplify -indvars -instcombine -gvn -loop-simplify -mem2reg -dce -find-region -instcombine -auto-loop-pipeline -inst-simplify -interface-preproc -cfgopt -instcombine -indvars -auto-loop-unroll -loop-simplify -loop-bound -xunroll -constprop -instcombine -simplifycfg -indvars -simplifycfg -dce -globaldce -clean-region -attach-range -gvn -inst-simplify -constprop -simplifycfg -dce -pointer-simplify -dce -globalopt -constprop -dce -array-promote -constprop -dce -ptrArgReplace -mem2reg -simplifycfg -dce -auto-par -instcombine -dce -array-transform-check -array-reshape -instcombine -simplifycfg -dce -ptrArgReplace -deadargelim -mem2reg -instcombine -simplifycfg -dce -indvars -loop-simplify -loop-bound -xunroll -constprop -instcombine -simplifycfg -indvars -simplifycfg -dce -globaldce -basicaa -aggr-aa -aggrmodref-aa -aggr-aa -dse -duplicate-dataflow-processes -globaldce -instcombine -array-partition -instcombine -simplifycfg -dce -ptrArgReplace -global-constprop -deadargelim -mem2reg -func-legal -dce -global-constprop -deadargelim -mem2reg -simplifycfg -dce -merge-param -deadargelim -globalopt -constprop -dce -array-promote -constprop -dce -ptrArgReplace -mem2reg -simplifycfg -dce -mem-intrinsic-preproc -dce -global-internalize -global-privatize -mem2reg -globaldce -promote-global-argument -ptrArgReplace -mem2reg -dce -globalopt -mergereturn -simplify-global-access -mem2reg -dce -pointer-simplify -dce -functionattrs -basicaa -aggr-aa -aggrmodref-aa -aggr-aa -gvn -gvn -basicaa -aggr-aa -aggrmodref-aa -aggr-aa -dse -adse -adce -dce -norm-name -function-inline -complex-op-raise -inst-simplify -globaldce -func-inst -constprop -instcombine -simplifycfg -dce -func-legal -dce -loop-bound -arraycheck -bitwidthmin -on-by-dataflow -loop-delete -instcombine -simplifycfg -globaldce -dce -gvn -deadargelim -dce -loop-simplify -clean-region -simplifycfg -propagate-stable-arguments -loop-stream -instcombine -simplifycfg -dce -globaldce -duplicate-dataflow-processes -stream-intrinsic-preproc -dce -check-ap-stream -loop-simplify -eliminate-keepreads -extract-dataflow-in-loop -loop-simplify -dce -gvn -deadargelim -dse -check-dataflow-syntax -legalize-stream-variable -legalize-global -extract-subproc -dce -dead-channel-elimination -canonicalize-gep -globaldce -dce -gvn -deadargelim -annotate-dataflow-channels -scalar-propagation -deadargelim -globaldce -mem2reg -check-dataflow-channels -function-stream -dce -globaldce -prop-fifo-spec -internal-stream-gen -canonicalize-gep -globaldce -dce -gvn -deadargelim -mergereturn -indvars -loop-simplify -instcombine -array-stream -array-seg-normalize -array-partition -func-legal -instcombine -simplifycfg -dce -bundle-memfifo-ops -deadargelim -function-uniquify -directive-preproc -mem2reg -dse -dce -group-axi-access -licm -simplifycfg -dce -loop-delete -norm-name C:/Users/raoja/Desktop/uni/520/imageprosseing/scalefactor/.autopilot/db/a.o.1.bc -o C:/Users/raoja/Desktop/uni/520/imageprosseing/scalefactor/.autopilot/db/a.o.1.tmp.bc -f 
INFO: [XFORM 203-602] Inlining function 'fp_struct<double>::mantissa' into 'generic_cast_IEEE754<int, (ap_q_mode)6, double>' (r:/builds/2019.1/continuous/2019_05_24_2552052/src/products/hls/hls_lib/hlsmath/include/FloatingPoint\hls_case_IEEE754.h:15) automatically.
INFO: [XFORM 203-602] Inlining function 'fp_struct<double>::expv' into 'generic_cast_IEEE754<int, (ap_q_mode)6, double>' (r:/builds/2019.1/continuous/2019_05_24_2552052/src/products/hls/hls_lib/hlsmath/include/FloatingPoint\hls_case_IEEE754.h:18) automatically.
INFO: [XFORM 203-602] Inlining function 'fp_struct<double>::__signbit' into 'generic_cast_IEEE754<int, (ap_q_mode)6, double>' (r:/builds/2019.1/continuous/2019_05_24_2552052/src/products/hls/hls_lib/hlsmath/include/FloatingPoint\hls_case_IEEE754.h:59) automatically.
INFO: [XFORM 203-602] Inlining function 'generic_cast_IEEE754<int, (ap_q_mode)6, double>' into 'generic_cast_IEEE754<int, double>' (r:/builds/2019.1/continuous/2019_05_24_2552052/src/products/hls/hls_lib/hlsmath/include/FloatingPoint\hls_case_IEEE754.h:117) automatically.
INFO: [XFORM 203-602] Inlining function 'generic_cast_IEEE754<int, double>' into '__hls_fptosi_double_i32' (r:/builds/2019.1/continuous/2019_05_24_2552052/src/products/hls/hls_lib/hlsmath/src/lib_floatconversion.cpp:55) automatically.
INFO: [XFORM 203-602] Inlining function '__hls_fptosi_double_i32' into 'scalef' (imageprosseing/imgpro.c:24) automatically.
Command         transform done; 0.599 sec.
INFO-FLOW: Presyn 2...
Execute         transform -hls -keep-callgraph -scalarrepl -mem2reg -port-alignment -attach-range -dce -pipe-mux-gen -indvars -loop-bound -inst-simplify -instcombine -dce -merge-array-access -mem2reg -dce -clean-region -mergereturn -if-conv -instcombine -dce -constprop -basicaa -aggr-aa -aggrmodref-aa -aggr-aa -gvn -gvn -basicaa -aggr-aa -aggrmodref-aa -aggr-aa -dse -adse -adce -scalarrepl -mem2reg -global-constprop -deadargelim -deadargelim -instcombine -dce -simplifycfg -ptrArgReplace -mem2reg -function-inline -globaldce -mem2reg -instcombine -dce -expr-balance -instcombine -dce -bitwidthmin -interface-preproc -directive-preproc -inst-rectify -instcombine -dce -functionattrs -constprop -instcombine -bit-constprop -simplify-global-access -globalopt -globaldce -inst-simplify -instcombine -elimdeaddata -dce -loop-delete -simplifycfg -loop-simplify -auto-burst -norm-name C:/Users/raoja/Desktop/uni/520/imageprosseing/scalefactor/.autopilot/db/a.o.1.tmp.bc -o C:/Users/raoja/Desktop/uni/520/imageprosseing/scalefactor/.autopilot/db/a.o.2.bc -f -phase presyn 
Command         transform done; 0.155 sec.
INFO: [HLS 200-111] Finished Pre-synthesis Time (s): cpu = 00:00:04 ; elapsed = 00:00:58 . Memory (MB): peak = 243.504 ; gain = 166.699
INFO-FLOW: Building ssdm...
Execute         transform -hls -function-uniquify -auto-function-inline -globaldce -ptrArgReplace -mem2reg -dce -reset-lda -loop-simplify -indvars -licm -loop-dep -loop-bound -licm -loop-simplify -flattenloopnest -array-flatten -gvn -instcombine -dce -array-map -dce -func-legal -gvn -adce -instcombine -cfgopt -simplifycfg -loop-simplify -array-burst -promote-global-argument -dce -ptrLegalization -axi4-lower -array-seg-normalize -basicaa -aggrmodref-aa -globalsmodref-aa -aggr-aa -gvn -gvn -basicaa -aggrmodref-aa -globalsmodref-aa -aggr-aa -dse -adse -adce -licm -inst-simplify -dce -globaldce -instcombine -array-stream -eliminate-keepreads -instcombine -dce -deadargelim -doublePtrSimplify -doublePtrElim -dce -doublePtrSimplify -promote-dbg-pointer -dce -scalarrepl -mem2reg -disaggr -norm-name -mem2reg -instcombine -dse -adse -adce -ptrLegalization -dce -auto-rom-infer -array-flatten -dce -instcombine -check-doubleptr -loop-rot -constprop -cfgopt -simplifycfg -loop-simplify -indvars -pointer-simplify -dce -loop-bound -loop-simplify -loop-preproc -constprop -global-constprop -gvn -mem2reg -instcombine -dce -loop-bound -loop-merge -dce -bitwidthmin -deadargelim -dce -canonicalize-dataflow -dce -scalar-propagation -deadargelim -globaldce -mem2reg -read-loop-dep -interface-preproc -directive-preproc -interface-gen -bram-byte-enable -deadargelim -inst-simplify -dce -gvn -mem2reg -instcombine -dce -adse -loop-bound -instcombine -cfgopt -simplifycfg -loop-simplify -clean-region -io-protocol -find-region -mem2reg -bitop-raise -complex-op-raise -inst-simplify -inst-rectify -instcombine -adce -deadargelim -loop-simplify -phi-opt -bitop-raise -cfgopt -simplifycfg -strip-dead-prototypes -interface-lower -bitop-lower -intrinsic-lower -auto-function-inline -basicaa -aggrmodref-aa -globalsmodref-aa -aggr-aa -inst-simplify -simplifycfg -loop-simplify -mergereturn -inst-simplify -inst-rectify -dce -load-elim -bitop-lower -loop-rewind -pointer-simplify -dce -cfgopt -dce -loop-bound -loop-dep -read-loop-dep -dce -check-stream -norm-name -legalize -validate-dataflow -inst-clarity -bitwidth -dump-loop-dep-to-ir -check-all-ssdm -cdfg-build C:/Users/raoja/Desktop/uni/520/imageprosseing/scalefactor/.autopilot/db/a.o.2.bc -o C:/Users/raoja/Desktop/uni/520/imageprosseing/scalefactor/.autopilot/db/a.o.3.bc -f -phase build-ssdm 
Command         transform done; 0.872 sec.
INFO: [HLS 200-111] Finished Architecture Synthesis Time (s): cpu = 00:00:04 ; elapsed = 00:00:59 . Memory (MB): peak = 248.137 ; gain = 171.332
INFO-FLOW: Finish building internal data model.
Command       opt_and_import_c done; 8.899 sec.
Command     elaborate done; 44.949 sec.
Execute     autosyn -from_csynth_design=1 
INFO: [HLS 200-10] Starting hardware synthesis ...
INFO-FLOW: Synthesizing C/C++ design ...
INFO: [HLS 200-10] Synthesizing 'scalef' ...
Execute       ap_set_top_model scalef 
Execute       get_model_list scalef -filter all-wo-channel -topdown 
Execute       preproc_iomode -model scalef 
Execute       get_model_list scalef -filter all-wo-channel 
INFO-FLOW: Model list for configure: scalef
INFO-FLOW: Configuring Module : scalef ...
Execute       set_default_model scalef 
Execute       apply_spec_resource_limit scalef 
INFO-FLOW: Model list for preprocess: scalef
INFO-FLOW: Preprocessing Module: scalef ...
Execute       set_default_model scalef 
Execute       cdfg_preprocess -model scalef 
Execute       rtl_gen_preprocess scalef 
INFO-FLOW: Model list for synthesis: scalef
INFO: [HLS 200-10] ----------------------------------------------------------------
INFO: [HLS 200-42] -- Implementing module 'scalef' 
INFO: [HLS 200-10] ----------------------------------------------------------------
Execute       set_default_model scalef 
Execute       schedule -model scalef 
INFO: [SCHED 204-11] Starting scheduling ...
INFO: [SCHED 204-11] Finished scheduling.
Command       schedule done; 0.974 sec.
INFO: [HLS 200-111]  Elapsed time: 60.05 seconds; current allocated memory: 183.164 MB.
Execute       syn_report -verbosereport -o C:/Users/raoja/Desktop/uni/520/imageprosseing/scalefactor/.autopilot/db/scalef.verbose.sched.rpt 
INFO: [HLS 200-434] Only 0 loops out of a total 2 loops have been pipelined in this design.
Command       syn_report done; 0.584 sec.
Execute       db_write -o C:/Users/raoja/Desktop/uni/520/imageprosseing/scalefactor/.autopilot/db/scalef.sched.adb -f 
Command       db_write done; 0.244 sec.
INFO-FLOW: Finish scheduling scalef.
Execute       set_default_model scalef 
Execute       bind -model scalef 
BIND OPTION: model=scalef
INFO: [BIND 205-100] Starting micro-architecture generation ...
INFO: [BIND 205-101] Performing variable lifetime analysis.
INFO: [BIND 205-101] Exploring resource sharing.
INFO: [BIND 205-101] Binding ...
INFO: [BIND 205-100] Finished micro-architecture generation.
Command       bind done; 0.124 sec.
INFO: [HLS 200-111]  Elapsed time: 1 seconds; current allocated memory: 183.501 MB.
Execute       syn_report -verbosereport -o C:/Users/raoja/Desktop/uni/520/imageprosseing/scalefactor/.autopilot/db/scalef.verbose.bind.rpt 
Command       syn_report done; 0.106 sec.
Execute       db_write -o C:/Users/raoja/Desktop/uni/520/imageprosseing/scalefactor/.autopilot/db/scalef.bind.adb -f 
INFO-FLOW: Finish binding scalef.
Execute       get_model_list scalef -filter all-wo-channel 
INFO-FLOW: Preprocessing for RTLGen ...
Execute       rtl_gen_preprocess scalef 
INFO-FLOW: Model list for RTL generation: scalef
INFO: [HLS 200-10] ----------------------------------------------------------------
INFO: [HLS 200-10] -- Generating RTL for module 'scalef' 
INFO: [HLS 200-10] ----------------------------------------------------------------
Execute       get_config_rtl -module_prefix 
Execute       get_config_rtl -module_auto_prefix 
Execute       create_rtl_model scalef -vendor xilinx -mg_file C:/Users/raoja/Desktop/uni/520/imageprosseing/scalefactor/.autopilot/db/scalef.compgen.tcl 
INFO: [RTGEN 206-500] Setting interface mode on port 'scalef/as' to 'ap_memory'.
INFO: [RTGEN 206-500] Setting interface mode on port 'scalef/bs' to 'ap_memory'.
INFO: [RTGEN 206-500] Setting interface mode on function 'scalef' to 'ap_ctrl_hs'.
INFO: [SYN 201-210] Renamed object name 'scalef_dmul_64ns_64ns_64_6_max_dsp_1' to 'scalef_dmul_64ns_bkb' due to the length limit 20
INFO: [SYN 201-210] Renamed object name 'scalef_sitodp_32ns_64_6_1' to 'scalef_sitodp_32ncud' due to the length limit 20
INFO: [RTGEN 206-100] Generating core module 'scalef_dmul_64ns_bkb': 1 instance(s).
INFO: [RTGEN 206-100] Generating core module 'scalef_sitodp_32ncud': 1 instance(s).
INFO: [RTGEN 206-100] Finished creating RTL model for 'scalef'.
Command       create_rtl_model done; 0.334 sec.
INFO: [HLS 200-111]  Elapsed time: 0.532 seconds; current allocated memory: 183.963 MB.
Execute       source C:/Users/raoja/Desktop/uni/520/imageprosseing/scalefactor/.autopilot/db/scalef.rtl_wrap.cfg.tcl 
Execute       gen_rtl scalef -istop -style xilinx -tracefl mytrace -tracefmt vcd -traceopt all -f -lang sc -o C:/Users/raoja/Desktop/uni/520/imageprosseing/scalefactor/syn/systemc/scalef -synmodules scalef 
Execute       gen_rtl scalef -istop -style xilinx -f -lang vhdl -o C:/Users/raoja/Desktop/uni/520/imageprosseing/scalefactor/syn/vhdl/scalef 
Execute       gen_rtl scalef -istop -style xilinx -f -lang vlog -o C:/Users/raoja/Desktop/uni/520/imageprosseing/scalefactor/syn/verilog/scalef 
Execute       syn_report -csynth -model scalef -o C:/Users/raoja/Desktop/uni/520/imageprosseing/scalefactor/syn/report/scalef_csynth.rpt 
Execute       syn_report -rtlxml -model scalef -o C:/Users/raoja/Desktop/uni/520/imageprosseing/scalefactor/syn/report/scalef_csynth.xml 
Execute       syn_report -verbosereport -model scalef -o C:/Users/raoja/Desktop/uni/520/imageprosseing/scalefactor/.autopilot/db/scalef.verbose.rpt 
Execute       db_write -model scalef -f -o C:/Users/raoja/Desktop/uni/520/imageprosseing/scalefactor/.autopilot/db/scalef.adb 
Command       db_write done; 0.307 sec.
Execute       gen_tb_info scalef -p C:/Users/raoja/Desktop/uni/520/imageprosseing/scalefactor/.autopilot/db -o C:/Users/raoja/Desktop/uni/520/imageprosseing/scalefactor/.autopilot/db/scalef 
Execute       export_constraint_db -f -tool general -o C:/Users/raoja/Desktop/uni/520/imageprosseing/scalefactor/.autopilot/db/scalef.constraint.tcl 
Execute       syn_report -designview -model scalef -o C:/Users/raoja/Desktop/uni/520/imageprosseing/scalefactor/.autopilot/db/scalef.design.xml 
Execute       get_config_rtl -disable_wave_debug 
Execute       syn_report -wcfg -model scalef -o C:/Users/raoja/Desktop/uni/520/imageprosseing/scalefactor/.autopilot/db/scalef_dataflow_ana.wcfg 
Execute       syn_report -protoinst -model scalef -o C:/Users/raoja/Desktop/uni/520/imageprosseing/scalefactor/.autopilot/db/scalef.protoinst 
Command       syn_report done; 0.247 sec.
Execute       get_config_debug -directory 
Execute       sc_get_clocks scalef 
Execute       get_config_export -vivado_clock 
Execute       sc_get_portdomain scalef 
INFO-FLOW: Model list for RTL component generation: scalef
INFO-FLOW: Handling components in module [scalef] ... 
Execute       source C:/Users/raoja/Desktop/uni/520/imageprosseing/scalefactor/.autopilot/db/scalef.compgen.tcl 
INFO-FLOW: Found component scalef_dmul_64ns_bkb.
INFO-FLOW: Append model scalef_dmul_64ns_bkb
INFO-FLOW: Found component scalef_sitodp_32ncud.
INFO-FLOW: Append model scalef_sitodp_32ncud
INFO-FLOW: Append model scalef
INFO-FLOW: Generating RTL model list ...
INFO-FLOW: All models in this session: scalef_dmul_64ns_bkb scalef_sitodp_32ncud scalef
INFO-FLOW: To file: write model scalef_dmul_64ns_bkb
INFO-FLOW: To file: write model scalef_sitodp_32ncud
INFO-FLOW: To file: write model scalef
INFO-FLOW: Finished generating RTL model list.


INFO-FLOW: RTL Generation done.
INFO-FLOW: CAS Generation done.
INFO-FLOW: CBC Generation done.
INFO-FLOW: DBG:CMD: auto_generate_csynth_design
INFO-FLOW: DBG:CMD:     auto_generate --sim-model -phase csynth_design -d C:/Users/raoja/Desktop/uni/520/imageprosseing/scalefactor
Execute       source C:/Users/raoja/Desktop/uni/520/imageprosseing/scalefactor/.autopilot/db/global.setting.tcl 
INFO-FLOW: DBG:CMD: read_platform_lib C:/Users/raoja/Desktop/uni/520/imageprosseing/scalefactor/.autopilot/db/global.setting.tcl
Execute       source D:/hell/Vivado/2019.1/common/technology/generic/autopilot/common.gen 
Execute         source D:/hell/Vivado/2019.1/common/technology/generic/autopilot/APCoreGen.gen 
Command         ap_source done; 0.109 sec.
Command       ap_source done; 0.142 sec.
Execute       source D:/hell/Vivado/2019.1/common/technology/generic/autopilot/op.gen 
Execute       source D:/hell/Vivado/2019.1/common/technology/generic/autopilot/op_simcore.gen 
Command       ap_source done; 0.114 sec.
Execute       source D:/hell/Vivado/2019.1/common/technology/generic/autopilot/interface.gen 
Execute       source C:/Users/raoja/Desktop/uni/520/imageprosseing/scalefactor/.autopilot/db/global.setting.tcl 
Execute       source D:/hell/Vivado/2019.1/common/technology/xilinx/zynq/zynq.gen 
Execute         source D:/hell/Vivado/2019.1/common/technology/xilinx/common/xilinx.gen 
Execute           source D:/hell/Vivado/2019.1/common/technology/xilinx/interface/plb46.gen 
Execute           source D:/hell/Vivado/2019.1/common/technology/xilinx/interface/fsl.gen 
Execute           source D:/hell/Vivado/2019.1/common/technology/xilinx/interface/axi4.gen 
Execute           source D:/hell/Vivado/2019.1/common/technology/xilinx/interface/nativeAXI4.gen 
Execute             source D:/hell/Vivado/2019.1/common/technology/xilinx/interface/saxilite.gen 
Execute             source D:/hell/Vivado/2019.1/common/technology/xilinx/interface/maxi.gen 
Command             ap_source done; 0.225 sec.
Command           ap_source done; 0.234 sec.
Execute           source D:/hell/Vivado/2019.1/common/technology/xilinx/scripts/xilinxcoregen.gen 
Command           ap_source done; 0.241 sec.
Execute           source D:/hell/Vivado/2019.1/common/technology/xilinx/interface/XilEDKCoreGen.gen 
Command           ap_source done; 0.11 sec.
Execute           source D:/hell/Vivado/2019.1/common/technology/xilinx/ip/dds_compiler.gen 
Execute           source D:/hell/Vivado/2019.1/common/technology/xilinx/ip/util.gen 
Execute           source D:/hell/Vivado/2019.1/common/technology/xilinx/ip/xfft.gen 
Command           ap_source done; 0.277 sec.
Execute           source D:/hell/Vivado/2019.1/common/technology/xilinx/ip/xfir.gen 
Execute           source D:/hell/Vivado/2019.1/common/technology/xilinx/common/dsp48.gen 
Command           ap_source done; 0.135 sec.
Command         ap_source done; 1.351 sec.
Command       ap_source done; 1.352 sec.
Execute       source D:/hell/Vivado/2019.1/common/technology/xilinx/zynq/zynq_fpv6.gen 
Execute         source D:/hell/Vivado/2019.1/common/technology/xilinx/common/xilinx_fp.gen 
INFO-FLOW: DBG:CMD:   using AESL_AUTOCG::g_clock_period=10.000 (was NA)
INFO-FLOW: DBG:CMD:       generate_ip_cores sim=1 export=0 expOnly=0 dstVlogDir=syn/verilog
Execute       source C:/Users/raoja/Desktop/uni/520/imageprosseing/scalefactor/.autopilot/db/global.setting.tcl 
Execute       ap_part_info -name xc7z020-clg484-1 -data names -quiet 
Execute       ap_part_info -name xc7z020-clg484-1 -data info -quiet 
Execute       source C:/Users/raoja/Desktop/uni/520/imageprosseing/scalefactor/.autopilot/db/global.setting.tcl 
Execute       source C:/Users/raoja/Desktop/uni/520/imageprosseing/scalefactor/.autopilot/db/global.setting.tcl 
Execute       source C:/Users/raoja/Desktop/uni/520/imageprosseing/scalefactor/.autopilot/db/scalef.compgen.tcl 
Execute         ap_part_info -name xc7z020-clg484-1 -data names -quiet 
Execute         ap_part_info -name xc7z020-clg484-1 -data info -quiet 
Execute         ap_part_info -name xc7z020-clg484-1 -data names -quiet 
Execute         ap_part_info -name xc7z020-clg484-1 -data info -quiet 
Command       ap_source done; 0.268 sec.
INFO-FLOW: DBG:CMD:     auto_generate -export -impltomg_flag -rtl both -tool Vivado -pcore_version 1.00.a -phase csynth_design -d C:/Users/raoja/Desktop/uni/520/imageprosseing/scalefactor
Execute       source C:/Users/raoja/Desktop/uni/520/imageprosseing/scalefactor/.autopilot/db/global.setting.tcl 
INFO-FLOW: DBG:CMD: read_platform_lib C:/Users/raoja/Desktop/uni/520/imageprosseing/scalefactor/.autopilot/db/global.setting.tcl
Execute       source D:/hell/Vivado/2019.1/common/technology/generic/autopilot/common.gen 
Execute         source D:/hell/Vivado/2019.1/common/technology/generic/autopilot/APCoreGen.gen 
Execute       source D:/hell/Vivado/2019.1/common/technology/generic/autopilot/op.gen 
Execute       source D:/hell/Vivado/2019.1/common/technology/generic/autopilot/op_simcore.gen 
Execute       source D:/hell/Vivado/2019.1/common/technology/generic/autopilot/interface.gen 
Execute       source C:/Users/raoja/Desktop/uni/520/imageprosseing/scalefactor/.autopilot/db/global.setting.tcl 
Execute       source D:/hell/Vivado/2019.1/common/technology/xilinx/zynq/zynq.gen 
Execute         source D:/hell/Vivado/2019.1/common/technology/xilinx/common/xilinx.gen 
Execute           source D:/hell/Vivado/2019.1/common/technology/xilinx/interface/plb46.gen 
Execute           source D:/hell/Vivado/2019.1/common/technology/xilinx/interface/fsl.gen 
Execute           source D:/hell/Vivado/2019.1/common/technology/xilinx/interface/axi4.gen 
Execute           source D:/hell/Vivado/2019.1/common/technology/xilinx/interface/nativeAXI4.gen 
Execute             source D:/hell/Vivado/2019.1/common/technology/xilinx/interface/saxilite.gen 
Execute             source D:/hell/Vivado/2019.1/common/technology/xilinx/interface/maxi.gen 
Execute           source D:/hell/Vivado/2019.1/common/technology/xilinx/scripts/xilinxcoregen.gen 
Execute           source D:/hell/Vivado/2019.1/common/technology/xilinx/interface/XilEDKCoreGen.gen 
Execute           source D:/hell/Vivado/2019.1/common/technology/xilinx/ip/dds_compiler.gen 
Execute           source D:/hell/Vivado/2019.1/common/technology/xilinx/ip/util.gen 
Execute           source D:/hell/Vivado/2019.1/common/technology/xilinx/ip/xfft.gen 
Execute           source D:/hell/Vivado/2019.1/common/technology/xilinx/ip/xfir.gen 
Execute           source D:/hell/Vivado/2019.1/common/technology/xilinx/common/dsp48.gen 
Command         ap_source done; 0.173 sec.
Command       ap_source done; 0.173 sec.
Execute       source D:/hell/Vivado/2019.1/common/technology/xilinx/zynq/zynq_fpv6.gen 
Execute         source D:/hell/Vivado/2019.1/common/technology/xilinx/common/xilinx_fp.gen 
INFO-FLOW: DBG:CMD:       initCTypeInfo top_module=scalef xml_exists=0
Execute       source C:/Users/raoja/Desktop/uni/520/imageprosseing/scalefactor/.autopilot/db/scalef.rtl_wrap.cfg.tcl 
Execute       source C:/Users/raoja/Desktop/uni/520/imageprosseing/scalefactor/.autopilot/db/scalef.rtl_wrap.cfg.tcl 
Execute       source C:/Users/raoja/Desktop/uni/520/imageprosseing/scalefactor/.autopilot/db/scalef.rtl_wrap.cfg.tcl 
Execute       source C:/Users/raoja/Desktop/uni/520/imageprosseing/scalefactor/.autopilot/db/scalef.tbgen.tcl 
Execute       source C:/Users/raoja/Desktop/uni/520/imageprosseing/scalefactor/.autopilot/db/scalef.tbgen.tcl 
INFO-FLOW: DBG:CMD:       export_impl_rtl
INFO-FLOW: DBG:CMD:       generate_ip_cores sim=0 export=0 expOnly=0 dstVlogDir=impl/.verilog
Execute       source C:/Users/raoja/Desktop/uni/520/imageprosseing/scalefactor/.autopilot/db/global.setting.tcl 
Execute       source C:/Users/raoja/Desktop/uni/520/imageprosseing/scalefactor/.autopilot/db/scalef.compgen.tcl 
Execute         ap_part_info -name xc7z020-clg484-1 -data names -quiet 
Execute         ap_part_info -name xc7z020-clg484-1 -data info -quiet 
Execute         ap_part_info -name xc7z020-clg484-1 -data names -quiet 
Execute         ap_part_info -name xc7z020-clg484-1 -data info -quiet 
INFO-FLOW: DBG:CMD:       generate_ip_cores sim=0 export=1 expOnly=1 dstVlogDir=impl/.pcores/verilog
Execute       source C:/Users/raoja/Desktop/uni/520/imageprosseing/scalefactor/.autopilot/db/global.setting.tcl 
Execute       source C:/Users/raoja/Desktop/uni/520/imageprosseing/scalefactor/.autopilot/db/scalef.compgen.tcl 
Execute         ap_part_info -name xc7z020-clg484-1 -data names -quiet 
Execute         ap_part_info -name xc7z020-clg484-1 -data info -quiet 
Execute         ap_part_info -name xc7z020-clg484-1 -data names -quiet 
Execute         ap_part_info -name xc7z020-clg484-1 -data info -quiet 
Execute         source C:/Users/raoja/Desktop/uni/520/imageprosseing/scalefactor/.autopilot/db/scalef.tbgen.tcl 
Execute         source C:/Users/raoja/Desktop/uni/520/imageprosseing/scalefactor/.autopilot/db/scalef.tbgen.tcl 
Execute         ap_part_info -name xc7z020-clg484-1 -data names -quiet 
Execute         ap_part_info -name xc7z020-clg484-1 -data info -quiet 
Execute         ap_part_info -name xc7z020-clg484-1 -data names -quiet 
Execute         ap_part_info -name xc7z020-clg484-1 -data info -quiet 
Execute         ap_part_info -name xc7z020-clg484-1 -data names -quiet 
Execute         ap_part_info -name xc7z020-clg484-1 -data info -quiet 
Execute         ap_part_info -name xc7z020-clg484-1 -data names -quiet 
Execute         ap_part_info -name xc7z020-clg484-1 -data info -quiet 
Execute         ap_part_info -name xc7z020-clg484-1 -data names -quiet 
Execute         ap_part_info -name xc7z020-clg484-1 -data info -quiet 
Execute       ap_part_info -name xc7z020-clg484-1 -data names -quiet 
Execute       ap_part_info -name xc7z020-clg484-1 -data info -quiet 
INFO-FLOW: DBG:CMD:       generate_ip_cores sim=0 export=0 expOnly=0 dstVlogDir=impl/.pcores/verilog_sim
Execute       source C:/Users/raoja/Desktop/uni/520/imageprosseing/scalefactor/.autopilot/db/global.setting.tcl 
Execute       source C:/Users/raoja/Desktop/uni/520/imageprosseing/scalefactor/.autopilot/db/scalef.compgen.tcl 
Execute       ap_part_info -name xc7z020-clg484-1 -data names -quiet 
Execute       ap_part_info -name xc7z020-clg484-1 -data info -quiet 
Execute       ap_part_info -name xc7z020-clg484-1 -data names -quiet 
Execute       ap_part_info -name xc7z020-clg484-1 -data info -quiet 
Execute       source C:/Users/raoja/Desktop/uni/520/imageprosseing/scalefactor/.autopilot/db/global.setting.tcl 
Execute       ap_part_info -name xc7z020-clg484-1 -data names -quiet 
Execute       ap_part_info -name xc7z020-clg484-1 -data info -quiet 
Execute       source C:/Users/raoja/Desktop/uni/520/imageprosseing/scalefactor/.autopilot/db/scalef.constraint.tcl 
Execute       source C:/Users/raoja/Desktop/uni/520/imageprosseing/scalefactor/.autopilot/db/scalef.tbgen.tcl 
INFO-FLOW: DBG:CMD:       hasPcoreIpAdapter=false #gSsdmPorts=6
INFO-FLOW: DBG:CMD: Skipping loadAnalyze_DB, #g_database=2
INFO-FLOW: DBG:CMD:       generate_json is_phase_csynth=1 g_has_adaptors=false generate_bd_files=0 #modelList=3 #gSsdmPorts=6
Execute       source D:/hell/Vivado/2019.1/tps/tcl/tcllib1.11.1/fileutil/fileutil.tcl 
Execute       source C:/Users/raoja/Desktop/uni/520/imageprosseing/scalefactor/.autopilot/db/global.setting.tcl 
Execute       source C:/Users/raoja/Desktop/uni/520/imageprosseing/scalefactor/.autopilot/db/global.setting.tcl 
Execute       get_config_export -xo 
Execute       source C:/Users/raoja/Desktop/uni/520/imageprosseing/scalefactor/.autopilot/db/scalef.tbgen.tcl 
Execute       source C:/Users/raoja/Desktop/uni/520/imageprosseing/scalefactor/.autopilot/db/scalef.tbgen.tcl 
Execute       source C:/Users/raoja/Desktop/uni/520/imageprosseing/scalefactor/.autopilot/db/scalef.tbgen.tcl 
Execute       source C:/Users/raoja/Desktop/uni/520/imageprosseing/scalefactor/.autopilot/db/global.setting.tcl 
Execute       get_config_sdx -target 
Execute       source C:/Users/raoja/Desktop/uni/520/imageprosseing/scalefactor/.autopilot/db/scalef.rtl_wrap.cfg.tcl 
Execute       source C:/Users/raoja/Desktop/uni/520/imageprosseing/scalefactor/.autopilot/db/scalef.compgen.dataonly.tcl 
Execute       source C:/Users/raoja/Desktop/uni/520/imageprosseing/scalefactor/.autopilot/db/global.setting.tcl 
Execute       ap_part_info -name xc7z020-clg484-1 -data names -quiet 
Execute       ap_part_info -name xc7z020-clg484-1 -data info -quiet 
Execute       source C:/Users/raoja/Desktop/uni/520/imageprosseing/scalefactor/.autopilot/db/scalef.constraint.tcl 
Execute       sc_get_clocks scalef 
Execute       ap_part_info -name xc7z020-clg484-1 -data names -quiet 
Execute       ap_part_info -name xc7z020-clg484-1 -data info -quiet 
Execute       source C:/Users/raoja/Desktop/uni/520/imageprosseing/scalefactor/.autopilot/db/global.setting.tcl 
Execute       get_config_debug -directory 
Execute       source C:/Users/raoja/Desktop/uni/520/imageprosseing/scalefactor/impl/misc/scalef_ap_dmul_4_max_dsp_64_ip.tcl 
Execute       source C:/Users/raoja/Desktop/uni/520/imageprosseing/scalefactor/impl/misc/scalef_ap_sitodp_4_no_dsp_32_ip.tcl 
Execute       source C:/Users/raoja/Desktop/uni/520/imageprosseing/scalefactor/.autopilot/db/scalef.tbgen.tcl 
Execute       get_config_sdx -target 
Execute       get_config_sdx -profile 
Execute       get_config_rtl -kernel_profile 
Execute       get_config_rtl -stall_sig_gen 
Execute       get_config_rtl -profile 
INFO-FLOW: DBG:CMD: add_json_sdx_info kernel file does not exist, skipping opencl info: C:/Users/raoja/Desktop/uni/520/imageprosseing/scalefactor/.autopilot/db/kernel.internal.xml
INFO-FLOW: DBG:CMD:       delete-temp-dirs (skipped for debug)
INFO: [HLS 200-111] Finished generating all RTL models Time (s): cpu = 00:00:05 ; elapsed = 00:01:06 . Memory (MB): peak = 260.918 ; gain = 184.113
INFO: [VHDL 208-304] Generating VHDL RTL for scalef.
INFO: [VLOG 209-307] Generating Verilog RTL for scalef.
Command     autosyn done; 6.981 sec.
Command   csynth_design done; 51.946 sec.
Command ap_source done; 57.121 sec.
Execute cleanup_all 
