

================================================================
== Vivado HLS Report for 'scalef'
================================================================
* Date:           Sat May 15 12:16:05 2021

* Version:        2019.1 (Build 2552052 on Fri May 24 15:28:33 MDT 2019)
* Project:        imageprosseing
* Solution:       scalefactor
* Product family: zynq
* Target device:  xc7z020-clg484-1


================================================================
== Performance Estimates
================================================================
+ Timing (ns): 
    * Summary: 
    +--------+-------+----------+------------+
    |  Clock | Target| Estimated| Uncertainty|
    +--------+-------+----------+------------+
    |ap_clk  |  10.00|     7.789|        1.25|
    +--------+-------+----------+------------+

+ Latency (clock cycles): 
    * Summary: 
    +--------+--------+--------+--------+---------+
    |     Latency     |     Interval    | Pipeline|
    |   min  |   max  |   min  |   max  |   Type  |
    +--------+--------+--------+--------+---------+
    |  160201|  160201|  160201|  160201|   none  |
    +--------+--------+--------+--------+---------+

    + Detail: 
        * Instance: 
        N/A

        * Loop: 
        +-------------+--------+--------+----------+-----------+-----------+------+----------+
        |             |     Latency     | Iteration|  Initiation Interval  | Trip |          |
        |  Loop Name  |   min  |   max  |  Latency |  achieved |   target  | Count| Pipelined|
        +-------------+--------+--------+----------+-----------+-----------+------+----------+
        |- Loop 1     |  160200|  160200|      1602|          -|          -|   100|    no    |
        | + Loop 1.1  |    1600|    1600|        16|          -|          -|   100|    no    |
        +-------------+--------+--------+----------+-----------+-----------+------+----------+

============================================================
+ Verbose Summary: Synthesis Manager
============================================================
InlineROM: 1
ExposeGlobal: 0
============================================================
+ Verbose Summary: CDFG Model
============================================================
IsTopModel: 1
ResetActiveHigh: 1
IsCombinational: 0
IsDatapathOnly: 0
HasWiredReturn: 1
HasMFsm: 0
HasVarLatency: 1
IsPipeline: 0
IsRtlPipelined: 0
IsInstanceOverlapped: 0
IsDontTouch: 0
HasImplIP: 0
IsGatedGlobalClock: 0


============================================================
+ Verbose Summary: Schedule
============================================================
* Number of FSM states : 18
* Pipeline : 0
* Dataflow Pipeline: 0

* FSM state transitions: 
1 --> 2 
2 --> 3 
3 --> 4 2 
4 --> 5 
5 --> 6 
6 --> 7 
7 --> 8 
8 --> 9 
9 --> 10 
10 --> 11 
11 --> 12 
12 --> 13 
13 --> 14 
14 --> 15 
15 --> 16 
16 --> 17 
17 --> 18 
18 --> 3 

* FSM state operations: 

State 1 <SV = 0> <Delay = 1.76>
ST_1 : Operation 19 [1/1] (0.00ns)   --->   "call void (...)* @_ssdm_op_SpecBitsMap([10000 x i32]* %as) nounwind, !map !64"   --->   Operation 19 'specbitsmap' <Predicate = true> <Delay = 0.00>
ST_1 : Operation 20 [1/1] (0.00ns)   --->   "call void (...)* @_ssdm_op_SpecBitsMap([10000 x i32]* %bs) nounwind, !map !68"   --->   Operation 20 'specbitsmap' <Predicate = true> <Delay = 0.00>
ST_1 : Operation 21 [1/1] (0.00ns)   --->   "call void (...)* @_ssdm_op_SpecTopModule([7 x i8]* @scalef_str) nounwind"   --->   Operation 21 'spectopmodule' <Predicate = true> <Delay = 0.00>
ST_1 : Operation 22 [1/1] (1.76ns)   --->   "br label %.loopexit" [imageprosseing/imgpro.c:20]   --->   Operation 22 'br' <Predicate = true> <Delay = 1.76>

State 2 <SV = 1> <Delay = 1.87>
ST_2 : Operation 23 [1/1] (0.00ns)   --->   "%i_0 = phi i7 [ 0, %0 ], [ %i, %.loopexit.loopexit ]"   --->   Operation 23 'phi' 'i_0' <Predicate = true> <Delay = 0.00>
ST_2 : Operation 24 [1/1] (0.00ns)   --->   "%phi_mul = phi i14 [ 0, %0 ], [ %add_ln20, %.loopexit.loopexit ]" [imageprosseing/imgpro.c:20]   --->   Operation 24 'phi' 'phi_mul' <Predicate = true> <Delay = 0.00>
ST_2 : Operation 25 [1/1] (1.81ns)   --->   "%add_ln20 = add i14 %phi_mul, 100" [imageprosseing/imgpro.c:20]   --->   Operation 25 'add' 'add_ln20' <Predicate = true> <Delay = 1.81> <Core = "AddSub">   --->   Core 14 'AddSub' <Latency = 0> <II = 1> <Delay = 2.55> <FuncUnit> <Opcode : 'add' 'sub'> <InPorts = 2> <OutPorts = 1>
ST_2 : Operation 26 [1/1] (1.48ns)   --->   "%icmp_ln20 = icmp eq i7 %i_0, -28" [imageprosseing/imgpro.c:20]   --->   Operation 26 'icmp' 'icmp_ln20' <Predicate = true> <Delay = 1.48> <Core = "Cmp">   --->   Core 25 'Cmp' <Latency = 0> <II = 1> <Delay = 1.48> <FuncUnit> <Opcode : 'icmp'> <InPorts = 2> <OutPorts = 1>
ST_2 : Operation 27 [1/1] (0.00ns)   --->   "%empty = call i32 (...)* @_ssdm_op_SpecLoopTripCount(i64 100, i64 100, i64 100) nounwind"   --->   Operation 27 'speclooptripcount' 'empty' <Predicate = true> <Delay = 0.00>
ST_2 : Operation 28 [1/1] (1.87ns)   --->   "%i = add i7 %i_0, 1" [imageprosseing/imgpro.c:20]   --->   Operation 28 'add' 'i' <Predicate = true> <Delay = 1.87> <Core = "AddSub">   --->   Core 14 'AddSub' <Latency = 0> <II = 1> <Delay = 2.55> <FuncUnit> <Opcode : 'add' 'sub'> <InPorts = 2> <OutPorts = 1>
ST_2 : Operation 29 [1/1] (0.00ns)   --->   "br i1 %icmp_ln20, label %2, label %.preheader.preheader" [imageprosseing/imgpro.c:20]   --->   Operation 29 'br' <Predicate = true> <Delay = 0.00>
ST_2 : Operation 30 [1/1] (1.76ns)   --->   "br label %.preheader" [imageprosseing/imgpro.c:22]   --->   Operation 30 'br' <Predicate = (!icmp_ln20)> <Delay = 1.76>
ST_2 : Operation 31 [1/1] (0.00ns)   --->   "ret void" [imageprosseing/imgpro.c:38]   --->   Operation 31 'ret' <Predicate = (icmp_ln20)> <Delay = 0.00>

State 3 <SV = 2> <Delay = 5.06>
ST_3 : Operation 32 [1/1] (0.00ns)   --->   "%j_0 = phi i7 [ %j, %1 ], [ 0, %.preheader.preheader ]"   --->   Operation 32 'phi' 'j_0' <Predicate = true> <Delay = 0.00>
ST_3 : Operation 33 [1/1] (1.48ns)   --->   "%icmp_ln22 = icmp eq i7 %j_0, -28" [imageprosseing/imgpro.c:22]   --->   Operation 33 'icmp' 'icmp_ln22' <Predicate = true> <Delay = 1.48> <Core = "Cmp">   --->   Core 25 'Cmp' <Latency = 0> <II = 1> <Delay = 1.48> <FuncUnit> <Opcode : 'icmp'> <InPorts = 2> <OutPorts = 1>
ST_3 : Operation 34 [1/1] (0.00ns)   --->   "%empty_6 = call i32 (...)* @_ssdm_op_SpecLoopTripCount(i64 100, i64 100, i64 100) nounwind"   --->   Operation 34 'speclooptripcount' 'empty_6' <Predicate = true> <Delay = 0.00>
ST_3 : Operation 35 [1/1] (1.87ns)   --->   "%j = add i7 %j_0, 1" [imageprosseing/imgpro.c:22]   --->   Operation 35 'add' 'j' <Predicate = true> <Delay = 1.87> <Core = "AddSub">   --->   Core 14 'AddSub' <Latency = 0> <II = 1> <Delay = 2.55> <FuncUnit> <Opcode : 'add' 'sub'> <InPorts = 2> <OutPorts = 1>
ST_3 : Operation 36 [1/1] (0.00ns)   --->   "br i1 %icmp_ln22, label %.loopexit.loopexit, label %1" [imageprosseing/imgpro.c:22]   --->   Operation 36 'br' <Predicate = true> <Delay = 0.00>
ST_3 : Operation 37 [1/1] (0.00ns)   --->   "%zext_ln24 = zext i7 %j_0 to i14" [imageprosseing/imgpro.c:24]   --->   Operation 37 'zext' 'zext_ln24' <Predicate = (!icmp_ln22)> <Delay = 0.00>
ST_3 : Operation 38 [1/1] (1.81ns)   --->   "%add_ln24 = add i14 %phi_mul, %zext_ln24" [imageprosseing/imgpro.c:24]   --->   Operation 38 'add' 'add_ln24' <Predicate = (!icmp_ln22)> <Delay = 1.81> <Core = "AddSub">   --->   Core 14 'AddSub' <Latency = 0> <II = 1> <Delay = 2.55> <FuncUnit> <Opcode : 'add' 'sub'> <InPorts = 2> <OutPorts = 1>
ST_3 : Operation 39 [1/1] (0.00ns)   --->   "%zext_ln24_1 = zext i14 %add_ln24 to i64" [imageprosseing/imgpro.c:24]   --->   Operation 39 'zext' 'zext_ln24_1' <Predicate = (!icmp_ln22)> <Delay = 0.00>
ST_3 : Operation 40 [1/1] (0.00ns)   --->   "%as_addr = getelementptr [10000 x i32]* %as, i64 0, i64 %zext_ln24_1" [imageprosseing/imgpro.c:24]   --->   Operation 40 'getelementptr' 'as_addr' <Predicate = (!icmp_ln22)> <Delay = 0.00>
ST_3 : Operation 41 [2/2] (3.25ns)   --->   "%as_load = load i32* %as_addr, align 4" [imageprosseing/imgpro.c:24]   --->   Operation 41 'load' 'as_load' <Predicate = (!icmp_ln22)> <Delay = 3.25> <Core = "RAM">   --->   Core 37 'RAM' <Latency = 1> <II = 1> <Delay = 3.25> <Storage> <Opcode : 'load' 'store'> <Ports = 2> <Width = 32> <Depth = 10000> <RAM>
ST_3 : Operation 42 [1/1] (0.00ns)   --->   "br label %.loopexit"   --->   Operation 42 'br' <Predicate = (icmp_ln22)> <Delay = 0.00>

State 4 <SV = 3> <Delay = 3.25>
ST_4 : Operation 43 [1/2] (3.25ns)   --->   "%as_load = load i32* %as_addr, align 4" [imageprosseing/imgpro.c:24]   --->   Operation 43 'load' 'as_load' <Predicate = true> <Delay = 3.25> <Core = "RAM">   --->   Core 37 'RAM' <Latency = 1> <II = 1> <Delay = 3.25> <Storage> <Opcode : 'load' 'store'> <Ports = 2> <Width = 32> <Depth = 10000> <RAM>

State 5 <SV = 4> <Delay = 6.28>
ST_5 : Operation 44 [6/6] (6.28ns)   --->   "%tmp = sitofp i32 %as_load to double" [imageprosseing/imgpro.c:24]   --->   Operation 44 'sitodp' 'tmp' <Predicate = true> <Delay = 6.28> <Core = "Int2Double">   --->   Core 122 'Int2Double' <Latency = 5> <II = 1> <Delay = 6.28> <FuncUnit> <Opcode : 'sitodp' 'uitodp'> <InPorts = 1> <OutPorts = 1>

State 6 <SV = 5> <Delay = 6.28>
ST_6 : Operation 45 [5/6] (6.28ns)   --->   "%tmp = sitofp i32 %as_load to double" [imageprosseing/imgpro.c:24]   --->   Operation 45 'sitodp' 'tmp' <Predicate = true> <Delay = 6.28> <Core = "Int2Double">   --->   Core 122 'Int2Double' <Latency = 5> <II = 1> <Delay = 6.28> <FuncUnit> <Opcode : 'sitodp' 'uitodp'> <InPorts = 1> <OutPorts = 1>

State 7 <SV = 6> <Delay = 6.28>
ST_7 : Operation 46 [4/6] (6.28ns)   --->   "%tmp = sitofp i32 %as_load to double" [imageprosseing/imgpro.c:24]   --->   Operation 46 'sitodp' 'tmp' <Predicate = true> <Delay = 6.28> <Core = "Int2Double">   --->   Core 122 'Int2Double' <Latency = 5> <II = 1> <Delay = 6.28> <FuncUnit> <Opcode : 'sitodp' 'uitodp'> <InPorts = 1> <OutPorts = 1>

State 8 <SV = 7> <Delay = 6.28>
ST_8 : Operation 47 [3/6] (6.28ns)   --->   "%tmp = sitofp i32 %as_load to double" [imageprosseing/imgpro.c:24]   --->   Operation 47 'sitodp' 'tmp' <Predicate = true> <Delay = 6.28> <Core = "Int2Double">   --->   Core 122 'Int2Double' <Latency = 5> <II = 1> <Delay = 6.28> <FuncUnit> <Opcode : 'sitodp' 'uitodp'> <InPorts = 1> <OutPorts = 1>

State 9 <SV = 8> <Delay = 6.28>
ST_9 : Operation 48 [2/6] (6.28ns)   --->   "%tmp = sitofp i32 %as_load to double" [imageprosseing/imgpro.c:24]   --->   Operation 48 'sitodp' 'tmp' <Predicate = true> <Delay = 6.28> <Core = "Int2Double">   --->   Core 122 'Int2Double' <Latency = 5> <II = 1> <Delay = 6.28> <FuncUnit> <Opcode : 'sitodp' 'uitodp'> <InPorts = 1> <OutPorts = 1>

State 10 <SV = 9> <Delay = 6.28>
ST_10 : Operation 49 [1/6] (6.28ns)   --->   "%tmp = sitofp i32 %as_load to double" [imageprosseing/imgpro.c:24]   --->   Operation 49 'sitodp' 'tmp' <Predicate = true> <Delay = 6.28> <Core = "Int2Double">   --->   Core 122 'Int2Double' <Latency = 5> <II = 1> <Delay = 6.28> <FuncUnit> <Opcode : 'sitodp' 'uitodp'> <InPorts = 1> <OutPorts = 1>

State 11 <SV = 10> <Delay = 7.78>
ST_11 : Operation 50 [6/6] (7.78ns)   --->   "%x_assign = fmul double %tmp, 5.000000e-01" [imageprosseing/imgpro.c:24]   --->   Operation 50 'dmul' 'x_assign' <Predicate = true> <Delay = 7.78> <Core = "DMul">   --->   Core 116 'DMul' <Latency = 5> <II = 1> <Delay = 7.78> <FuncUnit> <Opcode : 'dmul'> <InPorts = 2> <OutPorts = 1>

State 12 <SV = 11> <Delay = 7.78>
ST_12 : Operation 51 [5/6] (7.78ns)   --->   "%x_assign = fmul double %tmp, 5.000000e-01" [imageprosseing/imgpro.c:24]   --->   Operation 51 'dmul' 'x_assign' <Predicate = true> <Delay = 7.78> <Core = "DMul">   --->   Core 116 'DMul' <Latency = 5> <II = 1> <Delay = 7.78> <FuncUnit> <Opcode : 'dmul'> <InPorts = 2> <OutPorts = 1>

State 13 <SV = 12> <Delay = 7.78>
ST_13 : Operation 52 [4/6] (7.78ns)   --->   "%x_assign = fmul double %tmp, 5.000000e-01" [imageprosseing/imgpro.c:24]   --->   Operation 52 'dmul' 'x_assign' <Predicate = true> <Delay = 7.78> <Core = "DMul">   --->   Core 116 'DMul' <Latency = 5> <II = 1> <Delay = 7.78> <FuncUnit> <Opcode : 'dmul'> <InPorts = 2> <OutPorts = 1>

State 14 <SV = 13> <Delay = 7.78>
ST_14 : Operation 53 [3/6] (7.78ns)   --->   "%x_assign = fmul double %tmp, 5.000000e-01" [imageprosseing/imgpro.c:24]   --->   Operation 53 'dmul' 'x_assign' <Predicate = true> <Delay = 7.78> <Core = "DMul">   --->   Core 116 'DMul' <Latency = 5> <II = 1> <Delay = 7.78> <FuncUnit> <Opcode : 'dmul'> <InPorts = 2> <OutPorts = 1>

State 15 <SV = 14> <Delay = 7.78>
ST_15 : Operation 54 [2/6] (7.78ns)   --->   "%x_assign = fmul double %tmp, 5.000000e-01" [imageprosseing/imgpro.c:24]   --->   Operation 54 'dmul' 'x_assign' <Predicate = true> <Delay = 7.78> <Core = "DMul">   --->   Core 116 'DMul' <Latency = 5> <II = 1> <Delay = 7.78> <FuncUnit> <Opcode : 'dmul'> <InPorts = 2> <OutPorts = 1>

State 16 <SV = 15> <Delay = 7.78>
ST_16 : Operation 55 [1/6] (7.78ns)   --->   "%x_assign = fmul double %tmp, 5.000000e-01" [imageprosseing/imgpro.c:24]   --->   Operation 55 'dmul' 'x_assign' <Predicate = true> <Delay = 7.78> <Core = "DMul">   --->   Core 116 'DMul' <Latency = 5> <II = 1> <Delay = 7.78> <FuncUnit> <Opcode : 'dmul'> <InPorts = 2> <OutPorts = 1>

State 17 <SV = 16> <Delay = 6.94>
ST_17 : Operation 56 [1/1] (0.00ns)   --->   "%p_Val2_s = bitcast double %x_assign to i64" [r:/builds/2019.1/continuous/2019_05_24_2552052/src/products/hls/hls_lib/src/hls\utils/x_hls_utils.h:475->r:/builds/2019.1/continuous/2019_05_24_2552052/src/products/hls/hls_lib/src/hls\utils/x_hls_utils.h:479->r:/builds/2019.1/continuous/2019_05_24_2552052/src/products/hls/hls_lib/hlsmath/include/FloatingPoint\hls_case_IEEE754.h:13->r:/builds/2019.1/continuous/2019_05_24_2552052/src/products/hls/hls_lib/hlsmath/include/FloatingPoint\hls_case_IEEE754.h:117->r:/builds/2019.1/continuous/2019_05_24_2552052/src/products/hls/hls_lib/hlsmath/src/lib_floatconversion.cpp:55->imageprosseing/imgpro.c:24]   --->   Operation 56 'bitcast' 'p_Val2_s' <Predicate = true> <Delay = 0.00>
ST_17 : Operation 57 [1/1] (0.00ns)   --->   "%p_Result_s = call i1 @_ssdm_op_BitSelect.i1.i64.i32(i64 %p_Val2_s, i32 63)" [r:/builds/2019.1/continuous/2019_05_24_2552052/src/products/hls/hls_lib/src/hls\utils/x_hls_utils.h:476->r:/builds/2019.1/continuous/2019_05_24_2552052/src/products/hls/hls_lib/src/hls\utils/x_hls_utils.h:479->r:/builds/2019.1/continuous/2019_05_24_2552052/src/products/hls/hls_lib/hlsmath/include/FloatingPoint\hls_case_IEEE754.h:13->r:/builds/2019.1/continuous/2019_05_24_2552052/src/products/hls/hls_lib/hlsmath/include/FloatingPoint\hls_case_IEEE754.h:117->r:/builds/2019.1/continuous/2019_05_24_2552052/src/products/hls/hls_lib/hlsmath/src/lib_floatconversion.cpp:55->imageprosseing/imgpro.c:24]   --->   Operation 57 'bitselect' 'p_Result_s' <Predicate = true> <Delay = 0.00>
ST_17 : Operation 58 [1/1] (0.00ns)   --->   "%tmp_V = call i11 @_ssdm_op_PartSelect.i11.i64.i32.i32(i64 %p_Val2_s, i32 52, i32 62) nounwind" [r:/builds/2019.1/continuous/2019_05_24_2552052/src/products/hls/hls_lib/src/hls\utils/x_hls_utils.h:477->r:/builds/2019.1/continuous/2019_05_24_2552052/src/products/hls/hls_lib/src/hls\utils/x_hls_utils.h:479->r:/builds/2019.1/continuous/2019_05_24_2552052/src/products/hls/hls_lib/hlsmath/include/FloatingPoint\hls_case_IEEE754.h:13->r:/builds/2019.1/continuous/2019_05_24_2552052/src/products/hls/hls_lib/hlsmath/include/FloatingPoint\hls_case_IEEE754.h:117->r:/builds/2019.1/continuous/2019_05_24_2552052/src/products/hls/hls_lib/hlsmath/src/lib_floatconversion.cpp:55->imageprosseing/imgpro.c:24]   --->   Operation 58 'partselect' 'tmp_V' <Predicate = true> <Delay = 0.00>
ST_17 : Operation 59 [1/1] (0.00ns)   --->   "%tmp_V_1 = trunc i64 %p_Val2_s to i52" [r:/builds/2019.1/continuous/2019_05_24_2552052/src/products/hls/hls_lib/src/hls\utils/x_hls_utils.h:478->r:/builds/2019.1/continuous/2019_05_24_2552052/src/products/hls/hls_lib/src/hls\utils/x_hls_utils.h:479->r:/builds/2019.1/continuous/2019_05_24_2552052/src/products/hls/hls_lib/hlsmath/include/FloatingPoint\hls_case_IEEE754.h:13->r:/builds/2019.1/continuous/2019_05_24_2552052/src/products/hls/hls_lib/hlsmath/include/FloatingPoint\hls_case_IEEE754.h:117->r:/builds/2019.1/continuous/2019_05_24_2552052/src/products/hls/hls_lib/hlsmath/src/lib_floatconversion.cpp:55->imageprosseing/imgpro.c:24]   --->   Operation 59 'trunc' 'tmp_V_1' <Predicate = true> <Delay = 0.00>
ST_17 : Operation 60 [1/1] (0.00ns)   --->   "%mantissa_V = call i54 @_ssdm_op_BitConcatenate.i54.i1.i52.i1(i1 true, i52 %tmp_V_1, i1 false)" [r:/builds/2019.1/continuous/2019_05_24_2552052/src/products/hls/hls_lib/hlsmath/include/FloatingPoint\hls_case_IEEE754.h:15->r:/builds/2019.1/continuous/2019_05_24_2552052/src/products/hls/hls_lib/hlsmath/include/FloatingPoint\hls_case_IEEE754.h:117->r:/builds/2019.1/continuous/2019_05_24_2552052/src/products/hls/hls_lib/hlsmath/src/lib_floatconversion.cpp:55->imageprosseing/imgpro.c:24]   --->   Operation 60 'bitconcatenate' 'mantissa_V' <Predicate = true> <Delay = 0.00>
ST_17 : Operation 61 [1/1] (0.00ns) (grouped into LUT with out node p_Val2_5)   --->   "%zext_ln682 = zext i54 %mantissa_V to i137" [r:/builds/2019.1/continuous/2019_05_24_2552052/src/products/hls/hls_lib/hlsmath/include/FloatingPoint\hls_case_IEEE754.h:15->r:/builds/2019.1/continuous/2019_05_24_2552052/src/products/hls/hls_lib/hlsmath/include/FloatingPoint\hls_case_IEEE754.h:117->r:/builds/2019.1/continuous/2019_05_24_2552052/src/products/hls/hls_lib/hlsmath/src/lib_floatconversion.cpp:55->imageprosseing/imgpro.c:24]   --->   Operation 61 'zext' 'zext_ln682' <Predicate = true> <Delay = 0.00>
ST_17 : Operation 62 [1/1] (0.00ns)   --->   "%zext_ln502 = zext i11 %tmp_V to i12" [r:/builds/2019.1/continuous/2019_05_24_2552052/src/products/hls/hls_lib/src/hls\utils/x_hls_utils.h:502->r:/builds/2019.1/continuous/2019_05_24_2552052/src/products/hls/hls_lib/hlsmath/include/FloatingPoint\hls_case_IEEE754.h:18->r:/builds/2019.1/continuous/2019_05_24_2552052/src/products/hls/hls_lib/hlsmath/include/FloatingPoint\hls_case_IEEE754.h:117->r:/builds/2019.1/continuous/2019_05_24_2552052/src/products/hls/hls_lib/hlsmath/src/lib_floatconversion.cpp:55->imageprosseing/imgpro.c:24]   --->   Operation 62 'zext' 'zext_ln502' <Predicate = true> <Delay = 0.00>
ST_17 : Operation 63 [1/1] (1.63ns)   --->   "%add_ln502 = add i12 -1023, %zext_ln502" [r:/builds/2019.1/continuous/2019_05_24_2552052/src/products/hls/hls_lib/src/hls\utils/x_hls_utils.h:502->r:/builds/2019.1/continuous/2019_05_24_2552052/src/products/hls/hls_lib/hlsmath/include/FloatingPoint\hls_case_IEEE754.h:18->r:/builds/2019.1/continuous/2019_05_24_2552052/src/products/hls/hls_lib/hlsmath/include/FloatingPoint\hls_case_IEEE754.h:117->r:/builds/2019.1/continuous/2019_05_24_2552052/src/products/hls/hls_lib/hlsmath/src/lib_floatconversion.cpp:55->imageprosseing/imgpro.c:24]   --->   Operation 63 'add' 'add_ln502' <Predicate = true> <Delay = 1.63> <Core = "AddSub">   --->   Core 14 'AddSub' <Latency = 0> <II = 1> <Delay = 2.55> <FuncUnit> <Opcode : 'add' 'sub'> <InPorts = 2> <OutPorts = 1>
ST_17 : Operation 64 [1/1] (0.00ns)   --->   "%isNeg = call i1 @_ssdm_op_BitSelect.i1.i12.i32(i12 %add_ln502, i32 11)" [r:/builds/2019.1/continuous/2019_05_24_2552052/src/products/hls/hls_lib/hlsmath/include/FloatingPoint\hls_case_IEEE754.h:18->r:/builds/2019.1/continuous/2019_05_24_2552052/src/products/hls/hls_lib/hlsmath/include/FloatingPoint\hls_case_IEEE754.h:117->r:/builds/2019.1/continuous/2019_05_24_2552052/src/products/hls/hls_lib/hlsmath/src/lib_floatconversion.cpp:55->imageprosseing/imgpro.c:24]   --->   Operation 64 'bitselect' 'isNeg' <Predicate = true> <Delay = 0.00>
ST_17 : Operation 65 [1/1] (1.63ns)   --->   "%sub_ln1311 = sub i11 1023, %tmp_V" [r:/builds/2019.1/continuous/2019_05_24_2552052/src/products/hls/hls_lib/hlsmath/include/FloatingPoint\hls_case_IEEE754.h:18->r:/builds/2019.1/continuous/2019_05_24_2552052/src/products/hls/hls_lib/hlsmath/include/FloatingPoint\hls_case_IEEE754.h:117->r:/builds/2019.1/continuous/2019_05_24_2552052/src/products/hls/hls_lib/hlsmath/src/lib_floatconversion.cpp:55->imageprosseing/imgpro.c:24]   --->   Operation 65 'sub' 'sub_ln1311' <Predicate = true> <Delay = 1.63> <Core = "AddSub">   --->   Core 14 'AddSub' <Latency = 0> <II = 1> <Delay = 2.55> <FuncUnit> <Opcode : 'add' 'sub'> <InPorts = 2> <OutPorts = 1>
ST_17 : Operation 66 [1/1] (0.00ns)   --->   "%sext_ln1311 = sext i11 %sub_ln1311 to i12" [r:/builds/2019.1/continuous/2019_05_24_2552052/src/products/hls/hls_lib/hlsmath/include/FloatingPoint\hls_case_IEEE754.h:18->r:/builds/2019.1/continuous/2019_05_24_2552052/src/products/hls/hls_lib/hlsmath/include/FloatingPoint\hls_case_IEEE754.h:117->r:/builds/2019.1/continuous/2019_05_24_2552052/src/products/hls/hls_lib/hlsmath/src/lib_floatconversion.cpp:55->imageprosseing/imgpro.c:24]   --->   Operation 66 'sext' 'sext_ln1311' <Predicate = true> <Delay = 0.00>
ST_17 : Operation 67 [1/1] (0.69ns)   --->   "%ush = select i1 %isNeg, i12 %sext_ln1311, i12 %add_ln502" [r:/builds/2019.1/continuous/2019_05_24_2552052/src/products/hls/hls_lib/hlsmath/include/FloatingPoint\hls_case_IEEE754.h:18->r:/builds/2019.1/continuous/2019_05_24_2552052/src/products/hls/hls_lib/hlsmath/include/FloatingPoint\hls_case_IEEE754.h:117->r:/builds/2019.1/continuous/2019_05_24_2552052/src/products/hls/hls_lib/hlsmath/src/lib_floatconversion.cpp:55->imageprosseing/imgpro.c:24]   --->   Operation 67 'select' 'ush' <Predicate = true> <Delay = 0.69> <Core = "Sel">   --->   Core 26 'Sel' <Latency = 0> <II = 1> <Delay = 0.69> <FuncUnit> <Opcode : 'select'> <InPorts = 3> <OutPorts = 1>
ST_17 : Operation 68 [1/1] (0.00ns)   --->   "%sext_ln1311_1 = sext i12 %ush to i32" [r:/builds/2019.1/continuous/2019_05_24_2552052/src/products/hls/hls_lib/hlsmath/include/FloatingPoint\hls_case_IEEE754.h:18->r:/builds/2019.1/continuous/2019_05_24_2552052/src/products/hls/hls_lib/hlsmath/include/FloatingPoint\hls_case_IEEE754.h:117->r:/builds/2019.1/continuous/2019_05_24_2552052/src/products/hls/hls_lib/hlsmath/src/lib_floatconversion.cpp:55->imageprosseing/imgpro.c:24]   --->   Operation 68 'sext' 'sext_ln1311_1' <Predicate = true> <Delay = 0.00>
ST_17 : Operation 69 [1/1] (0.00ns) (grouped into LUT with out node p_Val2_5)   --->   "%zext_ln1287 = zext i32 %sext_ln1311_1 to i137" [r:/builds/2019.1/continuous/2019_05_24_2552052/src/products/hls/hls_lib/hlsmath/include/FloatingPoint\hls_case_IEEE754.h:18->r:/builds/2019.1/continuous/2019_05_24_2552052/src/products/hls/hls_lib/hlsmath/include/FloatingPoint\hls_case_IEEE754.h:117->r:/builds/2019.1/continuous/2019_05_24_2552052/src/products/hls/hls_lib/hlsmath/src/lib_floatconversion.cpp:55->imageprosseing/imgpro.c:24]   --->   Operation 69 'zext' 'zext_ln1287' <Predicate = true> <Delay = 0.00>
ST_17 : Operation 70 [1/1] (0.00ns) (grouped into LUT with out node p_Val2_5)   --->   "%zext_ln1285 = zext i32 %sext_ln1311_1 to i54" [r:/builds/2019.1/continuous/2019_05_24_2552052/src/products/hls/hls_lib/hlsmath/include/FloatingPoint\hls_case_IEEE754.h:18->r:/builds/2019.1/continuous/2019_05_24_2552052/src/products/hls/hls_lib/hlsmath/include/FloatingPoint\hls_case_IEEE754.h:117->r:/builds/2019.1/continuous/2019_05_24_2552052/src/products/hls/hls_lib/hlsmath/src/lib_floatconversion.cpp:55->imageprosseing/imgpro.c:24]   --->   Operation 70 'zext' 'zext_ln1285' <Predicate = true> <Delay = 0.00>
ST_17 : Operation 71 [1/1] (0.00ns) (grouped into LUT with out node p_Val2_5)   --->   "%r_V = lshr i54 %mantissa_V, %zext_ln1285" [r:/builds/2019.1/continuous/2019_05_24_2552052/src/products/hls/hls_lib/hlsmath/include/FloatingPoint\hls_case_IEEE754.h:18->r:/builds/2019.1/continuous/2019_05_24_2552052/src/products/hls/hls_lib/hlsmath/include/FloatingPoint\hls_case_IEEE754.h:117->r:/builds/2019.1/continuous/2019_05_24_2552052/src/products/hls/hls_lib/hlsmath/src/lib_floatconversion.cpp:55->imageprosseing/imgpro.c:24]   --->   Operation 71 'lshr' 'r_V' <Predicate = true> <Delay = 0.00> <Core = "Shift">   --->   Core 28 'Shift' <Latency = 0> <II = 1> <Delay = 4.61> <FuncUnit> <Opcode : 'shl' 'lshr' 'ashr'> <InPorts = 2> <OutPorts = 1>
ST_17 : Operation 72 [1/1] (0.00ns) (grouped into LUT with out node p_Val2_5)   --->   "%r_V_1 = shl i137 %zext_ln682, %zext_ln1287" [r:/builds/2019.1/continuous/2019_05_24_2552052/src/products/hls/hls_lib/hlsmath/include/FloatingPoint\hls_case_IEEE754.h:18->r:/builds/2019.1/continuous/2019_05_24_2552052/src/products/hls/hls_lib/hlsmath/include/FloatingPoint\hls_case_IEEE754.h:117->r:/builds/2019.1/continuous/2019_05_24_2552052/src/products/hls/hls_lib/hlsmath/src/lib_floatconversion.cpp:55->imageprosseing/imgpro.c:24]   --->   Operation 72 'shl' 'r_V_1' <Predicate = true> <Delay = 0.00> <Core = "Shift">   --->   Core 28 'Shift' <Latency = 0> <II = 1> <Delay = 4.61> <FuncUnit> <Opcode : 'shl' 'lshr' 'ashr'> <InPorts = 2> <OutPorts = 1>
ST_17 : Operation 73 [1/1] (0.00ns) (grouped into LUT with out node p_Val2_5)   --->   "%tmp_4 = call i1 @_ssdm_op_BitSelect.i1.i54.i32(i54 %r_V, i32 53)" [r:/builds/2019.1/continuous/2019_05_24_2552052/src/products/hls/hls_lib/hlsmath/include/FloatingPoint\hls_case_IEEE754.h:21->r:/builds/2019.1/continuous/2019_05_24_2552052/src/products/hls/hls_lib/hlsmath/include/FloatingPoint\hls_case_IEEE754.h:117->r:/builds/2019.1/continuous/2019_05_24_2552052/src/products/hls/hls_lib/hlsmath/src/lib_floatconversion.cpp:55->imageprosseing/imgpro.c:24]   --->   Operation 73 'bitselect' 'tmp_4' <Predicate = true> <Delay = 0.00>
ST_17 : Operation 74 [1/1] (0.00ns) (grouped into LUT with out node p_Val2_5)   --->   "%zext_ln662 = zext i1 %tmp_4 to i32" [r:/builds/2019.1/continuous/2019_05_24_2552052/src/products/hls/hls_lib/hlsmath/include/FloatingPoint\hls_case_IEEE754.h:21->r:/builds/2019.1/continuous/2019_05_24_2552052/src/products/hls/hls_lib/hlsmath/include/FloatingPoint\hls_case_IEEE754.h:117->r:/builds/2019.1/continuous/2019_05_24_2552052/src/products/hls/hls_lib/hlsmath/src/lib_floatconversion.cpp:55->imageprosseing/imgpro.c:24]   --->   Operation 74 'zext' 'zext_ln662' <Predicate = true> <Delay = 0.00>
ST_17 : Operation 75 [1/1] (0.00ns) (grouped into LUT with out node p_Val2_5)   --->   "%tmp_2 = call i32 @_ssdm_op_PartSelect.i32.i137.i32.i32(i137 %r_V_1, i32 53, i32 84)" [r:/builds/2019.1/continuous/2019_05_24_2552052/src/products/hls/hls_lib/hlsmath/include/FloatingPoint\hls_case_IEEE754.h:21->r:/builds/2019.1/continuous/2019_05_24_2552052/src/products/hls/hls_lib/hlsmath/include/FloatingPoint\hls_case_IEEE754.h:117->r:/builds/2019.1/continuous/2019_05_24_2552052/src/products/hls/hls_lib/hlsmath/src/lib_floatconversion.cpp:55->imageprosseing/imgpro.c:24]   --->   Operation 75 'partselect' 'tmp_2' <Predicate = true> <Delay = 0.00>
ST_17 : Operation 76 [1/1] (4.61ns) (out node of the LUT)   --->   "%p_Val2_5 = select i1 %isNeg, i32 %zext_ln662, i32 %tmp_2" [r:/builds/2019.1/continuous/2019_05_24_2552052/src/products/hls/hls_lib/hlsmath/include/FloatingPoint\hls_case_IEEE754.h:18->r:/builds/2019.1/continuous/2019_05_24_2552052/src/products/hls/hls_lib/hlsmath/include/FloatingPoint\hls_case_IEEE754.h:117->r:/builds/2019.1/continuous/2019_05_24_2552052/src/products/hls/hls_lib/hlsmath/src/lib_floatconversion.cpp:55->imageprosseing/imgpro.c:24]   --->   Operation 76 'select' 'p_Val2_5' <Predicate = true> <Delay = 4.61> <Core = "Sel">   --->   Core 26 'Sel' <Latency = 0> <II = 1> <Delay = 0.69> <FuncUnit> <Opcode : 'select'> <InPorts = 3> <OutPorts = 1>

State 18 <SV = 17> <Delay = 6.50>
ST_18 : Operation 77 [1/1] (0.00ns)   --->   "%bs_addr = getelementptr [10000 x i32]* %bs, i64 0, i64 %zext_ln24_1" [imageprosseing/imgpro.c:24]   --->   Operation 77 'getelementptr' 'bs_addr' <Predicate = true> <Delay = 0.00>
ST_18 : Operation 78 [1/1] (2.55ns)   --->   "%result_V_1 = sub i32 0, %p_Val2_5" [r:/builds/2019.1/continuous/2019_05_24_2552052/src/products/hls/hls_lib/hlsmath/include/FloatingPoint\hls_case_IEEE754.h:59->r:/builds/2019.1/continuous/2019_05_24_2552052/src/products/hls/hls_lib/hlsmath/include/FloatingPoint\hls_case_IEEE754.h:117->r:/builds/2019.1/continuous/2019_05_24_2552052/src/products/hls/hls_lib/hlsmath/src/lib_floatconversion.cpp:55->imageprosseing/imgpro.c:24]   --->   Operation 78 'sub' 'result_V_1' <Predicate = (p_Result_s)> <Delay = 2.55> <Core = "AddSub">   --->   Core 14 'AddSub' <Latency = 0> <II = 1> <Delay = 2.55> <FuncUnit> <Opcode : 'add' 'sub'> <InPorts = 2> <OutPorts = 1>
ST_18 : Operation 79 [1/1] (0.69ns)   --->   "%p_Val2_6 = select i1 %p_Result_s, i32 %result_V_1, i32 %p_Val2_5" [r:/builds/2019.1/continuous/2019_05_24_2552052/src/products/hls/hls_lib/hlsmath/include/FloatingPoint\hls_case_IEEE754.h:59->r:/builds/2019.1/continuous/2019_05_24_2552052/src/products/hls/hls_lib/hlsmath/include/FloatingPoint\hls_case_IEEE754.h:117->r:/builds/2019.1/continuous/2019_05_24_2552052/src/products/hls/hls_lib/hlsmath/src/lib_floatconversion.cpp:55->imageprosseing/imgpro.c:24]   --->   Operation 79 'select' 'p_Val2_6' <Predicate = true> <Delay = 0.69> <Core = "Sel">   --->   Core 26 'Sel' <Latency = 0> <II = 1> <Delay = 0.69> <FuncUnit> <Opcode : 'select'> <InPorts = 3> <OutPorts = 1>
ST_18 : Operation 80 [1/1] (3.25ns)   --->   "store i32 %p_Val2_6, i32* %bs_addr, align 4" [imageprosseing/imgpro.c:24]   --->   Operation 80 'store' <Predicate = true> <Delay = 3.25> <Core = "RAM">   --->   Core 37 'RAM' <Latency = 1> <II = 1> <Delay = 3.25> <Storage> <Opcode : 'load' 'store'> <Ports = 2> <Width = 32> <Depth = 10000> <RAM>
ST_18 : Operation 81 [1/1] (0.00ns)   --->   "br label %.preheader" [imageprosseing/imgpro.c:22]   --->   Operation 81 'br' <Predicate = true> <Delay = 0.00>


============================================================
+ Verbose Summary: Timing violations
============================================================
Target clock period: 10ns, clock uncertainty: 1.25ns.

 <State 1>: 1.77ns
The critical path consists of the following:
	multiplexor before 'phi' operation ('i') with incoming values : ('i', imageprosseing/imgpro.c:20) [8]  (1.77 ns)

 <State 2>: 1.87ns
The critical path consists of the following:
	'phi' operation ('i') with incoming values : ('i', imageprosseing/imgpro.c:20) [8]  (0 ns)
	'add' operation ('i', imageprosseing/imgpro.c:20) [13]  (1.87 ns)

 <State 3>: 5.07ns
The critical path consists of the following:
	'phi' operation ('j') with incoming values : ('j', imageprosseing/imgpro.c:22) [18]  (0 ns)
	'add' operation ('add_ln24', imageprosseing/imgpro.c:24) [25]  (1.81 ns)
	'getelementptr' operation ('as_addr', imageprosseing/imgpro.c:24) [27]  (0 ns)
	'load' operation ('as_load', imageprosseing/imgpro.c:24) on array 'as' [29]  (3.25 ns)

 <State 4>: 3.25ns
The critical path consists of the following:
	'load' operation ('as_load', imageprosseing/imgpro.c:24) on array 'as' [29]  (3.25 ns)

 <State 5>: 6.28ns
The critical path consists of the following:
	'sitodp' operation ('tmp', imageprosseing/imgpro.c:24) [30]  (6.28 ns)

 <State 6>: 6.28ns
The critical path consists of the following:
	'sitodp' operation ('tmp', imageprosseing/imgpro.c:24) [30]  (6.28 ns)

 <State 7>: 6.28ns
The critical path consists of the following:
	'sitodp' operation ('tmp', imageprosseing/imgpro.c:24) [30]  (6.28 ns)

 <State 8>: 6.28ns
The critical path consists of the following:
	'sitodp' operation ('tmp', imageprosseing/imgpro.c:24) [30]  (6.28 ns)

 <State 9>: 6.28ns
The critical path consists of the following:
	'sitodp' operation ('tmp', imageprosseing/imgpro.c:24) [30]  (6.28 ns)

 <State 10>: 6.28ns
The critical path consists of the following:
	'sitodp' operation ('tmp', imageprosseing/imgpro.c:24) [30]  (6.28 ns)

 <State 11>: 7.79ns
The critical path consists of the following:
	'dmul' operation ('x', imageprosseing/imgpro.c:24) [31]  (7.79 ns)

 <State 12>: 7.79ns
The critical path consists of the following:
	'dmul' operation ('x', imageprosseing/imgpro.c:24) [31]  (7.79 ns)

 <State 13>: 7.79ns
The critical path consists of the following:
	'dmul' operation ('x', imageprosseing/imgpro.c:24) [31]  (7.79 ns)

 <State 14>: 7.79ns
The critical path consists of the following:
	'dmul' operation ('x', imageprosseing/imgpro.c:24) [31]  (7.79 ns)

 <State 15>: 7.79ns
The critical path consists of the following:
	'dmul' operation ('x', imageprosseing/imgpro.c:24) [31]  (7.79 ns)

 <State 16>: 7.79ns
The critical path consists of the following:
	'dmul' operation ('x', imageprosseing/imgpro.c:24) [31]  (7.79 ns)

 <State 17>: 6.95ns
The critical path consists of the following:
	'add' operation ('sh', r:/builds/2019.1/continuous/2019_05_24_2552052/src/products/hls/hls_lib/src/hls\utils/x_hls_utils.h:502->r:/builds/2019.1/continuous/2019_05_24_2552052/src/products/hls/hls_lib/hlsmath/include/FloatingPoint\hls_case_IEEE754.h:18->r:/builds/2019.1/continuous/2019_05_24_2552052/src/products/hls/hls_lib/hlsmath/include/FloatingPoint\hls_case_IEEE754.h:117->r:/builds/2019.1/continuous/2019_05_24_2552052/src/products/hls/hls_lib/hlsmath/src/lib_floatconversion.cpp:55->imageprosseing/imgpro.c:24) [39]  (1.64 ns)
	'select' operation ('sh', r:/builds/2019.1/continuous/2019_05_24_2552052/src/products/hls/hls_lib/hlsmath/include/FloatingPoint\hls_case_IEEE754.h:18->r:/builds/2019.1/continuous/2019_05_24_2552052/src/products/hls/hls_lib/hlsmath/include/FloatingPoint\hls_case_IEEE754.h:117->r:/builds/2019.1/continuous/2019_05_24_2552052/src/products/hls/hls_lib/hlsmath/src/lib_floatconversion.cpp:55->imageprosseing/imgpro.c:24) [43]  (0.697 ns)
	'shl' operation ('r.V', r:/builds/2019.1/continuous/2019_05_24_2552052/src/products/hls/hls_lib/hlsmath/include/FloatingPoint\hls_case_IEEE754.h:18->r:/builds/2019.1/continuous/2019_05_24_2552052/src/products/hls/hls_lib/hlsmath/include/FloatingPoint\hls_case_IEEE754.h:117->r:/builds/2019.1/continuous/2019_05_24_2552052/src/products/hls/hls_lib/hlsmath/src/lib_floatconversion.cpp:55->imageprosseing/imgpro.c:24) [48]  (0 ns)
	'select' operation ('__Val2__', r:/builds/2019.1/continuous/2019_05_24_2552052/src/products/hls/hls_lib/hlsmath/include/FloatingPoint\hls_case_IEEE754.h:18->r:/builds/2019.1/continuous/2019_05_24_2552052/src/products/hls/hls_lib/hlsmath/include/FloatingPoint\hls_case_IEEE754.h:117->r:/builds/2019.1/continuous/2019_05_24_2552052/src/products/hls/hls_lib/hlsmath/src/lib_floatconversion.cpp:55->imageprosseing/imgpro.c:24) [52]  (4.61 ns)

 <State 18>: 6.5ns
The critical path consists of the following:
	'sub' operation ('result.V', r:/builds/2019.1/continuous/2019_05_24_2552052/src/products/hls/hls_lib/hlsmath/include/FloatingPoint\hls_case_IEEE754.h:59->r:/builds/2019.1/continuous/2019_05_24_2552052/src/products/hls/hls_lib/hlsmath/include/FloatingPoint\hls_case_IEEE754.h:117->r:/builds/2019.1/continuous/2019_05_24_2552052/src/products/hls/hls_lib/hlsmath/src/lib_floatconversion.cpp:55->imageprosseing/imgpro.c:24) [53]  (2.55 ns)
	'select' operation ('__Val2__', r:/builds/2019.1/continuous/2019_05_24_2552052/src/products/hls/hls_lib/hlsmath/include/FloatingPoint\hls_case_IEEE754.h:59->r:/builds/2019.1/continuous/2019_05_24_2552052/src/products/hls/hls_lib/hlsmath/include/FloatingPoint\hls_case_IEEE754.h:117->r:/builds/2019.1/continuous/2019_05_24_2552052/src/products/hls/hls_lib/hlsmath/src/lib_floatconversion.cpp:55->imageprosseing/imgpro.c:24) [54]  (0.698 ns)
	'store' operation ('store_ln24', imageprosseing/imgpro.c:24) of variable '__Val2__', r:/builds/2019.1/continuous/2019_05_24_2552052/src/products/hls/hls_lib/hlsmath/include/FloatingPoint\hls_case_IEEE754.h:59->r:/builds/2019.1/continuous/2019_05_24_2552052/src/products/hls/hls_lib/hlsmath/include/FloatingPoint\hls_case_IEEE754.h:117->r:/builds/2019.1/continuous/2019_05_24_2552052/src/products/hls/hls_lib/hlsmath/src/lib_floatconversion.cpp:55->imageprosseing/imgpro.c:24 on array 'bs' [55]  (3.25 ns)


============================================================
+ Verbose Summary: Binding
============================================================
N/A
* FSMD analyzer results:
  - Output states:
 - Input state : 
  - Chain level:
	State 1
	State 2
	State 3
	State 4
	State 5
	State 6
	State 7
	State 8
	State 9
	State 10
	State 11
	State 12
	State 13
	State 14
	State 15
	State 16
	State 17
	State 18


============================================================
+ Verbose Summary: Datapath Resource usage 
============================================================
N/A
