

================================================================
== Vivado HLS Report for 'decompressf'
================================================================
* Date:           Sat May 15 17:47:48 2021

* Version:        2019.1 (Build 2552052 on Fri May 24 15:28:33 MDT 2019)
* Project:        imageprosseing
* Solution:       decompunroll
* Product family: zynq
* Target device:  xc7z020-clg484-1


================================================================
== Performance Estimates
================================================================
+ Timing (ns): 
    * Summary: 
    +--------+-------+----------+------------+
    |  Clock | Target| Estimated| Uncertainty|
    +--------+-------+----------+------------+
    |ap_clk  |  10.00|     8.279|        1.25|
    +--------+-------+----------+------------+

+ Latency (clock cycles): 
    * Summary: 
    +-----+-----+-----+-----+---------+
    |  Latency  |  Interval | Pipeline|
    | min | max | min | max |   Type  |
    +-----+-----+-----+-----+---------+
    |    ?|    ?|    ?|    ?|   none  |
    +-----+-----+-----+-----+---------+

    + Detail: 
        * Instance: 
        N/A

        * Loop: 
        +----------+-----+-----+----------+-----------+-----------+------+----------+
        |          |  Latency  | Iteration|  Initiation Interval  | Trip |          |
        | Loop Name| min | max |  Latency |  achieved |   target  | Count| Pipelined|
        +----------+-----+-----+----------+-----------+-----------+------+----------+
        |- col1    |    ?|    ?|         ?|          -|          -|     ?|    no    |
        | + j      |    ?|    ?|         1|          -|          -|     ?|    no    |
        |- row     |  650|  650|        26|          -|          -|    25|    no    |
        +----------+-----+-----+----------+-----------+-----------+------+----------+



================================================================
== Utilization Estimates
================================================================
* Summary: 
+-----------------+---------+-------+--------+-------+-----+
|       Name      | BRAM_18K| DSP48E|   FF   |  LUT  | URAM|
+-----------------+---------+-------+--------+-------+-----+
|DSP              |        -|      -|       -|      -|    -|
|Expression       |        -|      -|       0|   1176|    -|
|FIFO             |        -|      -|       -|      -|    -|
|Instance         |        -|      -|       -|      -|    -|
|Memory           |        2|      -|       0|      0|    0|
|Multiplexer      |        -|      -|       -|    459|    -|
|Register         |        -|      -|     378|      -|    -|
+-----------------+---------+-------+--------+-------+-----+
|Total            |        2|      0|     378|   1635|    0|
+-----------------+---------+-------+--------+-------+-----+
|Available        |      280|    220|  106400|  53200|    0|
+-----------------+---------+-------+--------+-------+-----+
|Utilization (%)  |    ~0   |      0|   ~0   |      3|    0|
+-----------------+---------+-------+--------+-------+-----+

+ Detail: 
    * Instance: 
    N/A

    * DSP48E: 
    N/A

    * Memory: 
    +---------+-------------------+---------+---+----+-----+------+-----+------+-------------+
    |  Memory |       Module      | BRAM_18K| FF| LUT| URAM| Words| Bits| Banks| W*Bits*Banks|
    +---------+-------------------+---------+---+----+-----+------+-----+------+-------------+
    |unr1d_U  |decompressf_unr1d  |        2|  0|   0|    0|   625|   32|     1|        20000|
    +---------+-------------------+---------+---+----+-----+------+-----+------+-------------+
    |Total    |                   |        2|  0|   0|    0|   625|   32|     1|        20000|
    +---------+-------------------+---------+---+----+-----+------+-----+------+-------------+

    * FIFO: 
    N/A

    * Expression: 
    +----------------------------+----------+-------+---+----+------------+------------+
    |        Variable Name       | Operation| DSP48E| FF| LUT| Bitwidth P0| Bitwidth P1|
    +----------------------------+----------+-------+---+----+------------+------------+
    |add_ln291_fu_683_p2         |     +    |      0|  0|  39|          32|           1|
    |add_ln303_10_fu_1032_p2     |     +    |      0|  0|  14|          10|           4|
    |add_ln303_11_fu_1061_p2     |     +    |      0|  0|  14|          10|           4|
    |add_ln303_12_fu_1083_p2     |     +    |      0|  0|  14|          10|           4|
    |add_ln303_13_fu_1112_p2     |     +    |      0|  0|  14|          10|           4|
    |add_ln303_14_fu_1141_p2     |     +    |      0|  0|  14|          10|           4|
    |add_ln303_15_fu_1170_p2     |     +    |      0|  0|  14|          10|           5|
    |add_ln303_16_fu_1199_p2     |     +    |      0|  0|  14|          10|           5|
    |add_ln303_17_fu_1228_p2     |     +    |      0|  0|  14|          10|           5|
    |add_ln303_18_fu_1257_p2     |     +    |      0|  0|  14|          10|           5|
    |add_ln303_19_fu_1286_p2     |     +    |      0|  0|  14|          10|           5|
    |add_ln303_1_fu_771_p2       |     +    |      0|  0|  14|          10|           2|
    |add_ln303_20_fu_1315_p2     |     +    |      0|  0|  14|          10|           5|
    |add_ln303_21_fu_1344_p2     |     +    |      0|  0|  14|          10|           5|
    |add_ln303_22_fu_1373_p2     |     +    |      0|  0|  14|          10|           5|
    |add_ln303_23_fu_1414_p2     |     +    |      0|  0|  14|          10|           5|
    |add_ln303_24_fu_1072_p2     |     +    |      0|  0|  14|          10|           4|
    |add_ln303_25_fu_731_p2      |     +    |      0|  0|  14|          10|          10|
    |add_ln303_26_fu_760_p2      |     +    |      0|  0|  14|          10|          10|
    |add_ln303_27_fu_789_p2      |     +    |      0|  0|  14|          10|          10|
    |add_ln303_28_fu_818_p2      |     +    |      0|  0|  14|          10|          10|
    |add_ln303_29_fu_847_p2      |     +    |      0|  0|  14|          10|          10|
    |add_ln303_2_fu_800_p2       |     +    |      0|  0|  14|          10|           2|
    |add_ln303_30_fu_876_p2      |     +    |      0|  0|  14|          10|          10|
    |add_ln303_31_fu_905_p2      |     +    |      0|  0|  14|          10|          10|
    |add_ln303_32_fu_934_p2      |     +    |      0|  0|  14|          10|          10|
    |add_ln303_33_fu_963_p2      |     +    |      0|  0|  14|          10|          10|
    |add_ln303_34_fu_992_p2      |     +    |      0|  0|  14|          10|          10|
    |add_ln303_35_fu_1021_p2     |     +    |      0|  0|  14|          10|          10|
    |add_ln303_36_fu_1050_p2     |     +    |      0|  0|  14|          10|          10|
    |add_ln303_37_fu_1101_p2     |     +    |      0|  0|  14|          10|          10|
    |add_ln303_38_fu_1130_p2     |     +    |      0|  0|  14|          10|          10|
    |add_ln303_39_fu_1159_p2     |     +    |      0|  0|  14|          10|          10|
    |add_ln303_3_fu_829_p2       |     +    |      0|  0|  14|          10|           3|
    |add_ln303_40_fu_1188_p2     |     +    |      0|  0|  14|          10|          10|
    |add_ln303_41_fu_1217_p2     |     +    |      0|  0|  14|          10|          10|
    |add_ln303_42_fu_1246_p2     |     +    |      0|  0|  14|          10|          10|
    |add_ln303_43_fu_1275_p2     |     +    |      0|  0|  14|          10|          10|
    |add_ln303_44_fu_1304_p2     |     +    |      0|  0|  14|          10|          10|
    |add_ln303_45_fu_1333_p2     |     +    |      0|  0|  14|          10|          10|
    |add_ln303_46_fu_1362_p2     |     +    |      0|  0|  14|          10|          10|
    |add_ln303_47_fu_1403_p2     |     +    |      0|  0|  14|          10|          10|
    |add_ln303_48_fu_1432_p2     |     +    |      0|  0|  14|          10|          10|
    |add_ln303_49_fu_1384_p2     |     +    |      0|  0|  14|          10|           5|
    |add_ln303_4_fu_858_p2       |     +    |      0|  0|  14|          10|           3|
    |add_ln303_50_fu_1390_p2     |     +    |      0|  0|  14|          10|           5|
    |add_ln303_5_fu_887_p2       |     +    |      0|  0|  14|          10|           3|
    |add_ln303_6_fu_916_p2       |     +    |      0|  0|  14|          10|           3|
    |add_ln303_7_fu_945_p2       |     +    |      0|  0|  14|          10|           4|
    |add_ln303_8_fu_974_p2       |     +    |      0|  0|  14|          10|           4|
    |add_ln303_9_fu_1003_p2      |     +    |      0|  0|  14|          10|           4|
    |add_ln303_fu_742_p2         |     +    |      0|  0|  14|          10|           1|
    |h_fu_689_p2                 |     +    |      0|  0|  39|          32|           2|
    |i_fu_701_p2                 |     +    |      0|  0|  15|           5|           1|
    |j_fu_657_p2                 |     +    |      0|  0|  39|          32|          32|
    |k_fu_672_p2                 |     +    |      0|  0|  38|          31|           1|
    |empty_fu_639_p2             |   icmp   |      0|  0|  18|          32|           1|
    |icmp_ln283_fu_613_p2        |   icmp   |      0|  0|  18|          32|          10|
    |icmp_ln286_fu_667_p2        |   icmp   |      0|  0|  18|          32|          32|
    |icmp_ln298_fu_695_p2        |   icmp   |      0|  0|  11|           5|           4|
    |icmp_ln303_fu_707_p2        |   icmp   |      0|  0|  18|          32|           1|
    |or_ln286_fu_619_p2          |    or    |      0|  0|  32|          32|           1|
    |select_ln303_10_fu_1014_p3  |  select  |      0|  0|   4|           1|           4|
    |select_ln303_11_fu_1043_p3  |  select  |      0|  0|   4|           1|           4|
    |select_ln303_12_fu_1094_p3  |  select  |      0|  0|   4|           1|           4|
    |select_ln303_13_fu_1123_p3  |  select  |      0|  0|   4|           1|           4|
    |select_ln303_14_fu_1152_p3  |  select  |      0|  0|   4|           1|           4|
    |select_ln303_15_fu_1181_p3  |  select  |      0|  0|   5|           1|           5|
    |select_ln303_16_fu_1210_p3  |  select  |      0|  0|   5|           1|           5|
    |select_ln303_17_fu_1239_p3  |  select  |      0|  0|   5|           1|           5|
    |select_ln303_18_fu_1268_p3  |  select  |      0|  0|   5|           1|           5|
    |select_ln303_19_fu_1297_p3  |  select  |      0|  0|   5|           1|           5|
    |select_ln303_1_fu_753_p3    |  select  |      0|  0|   5|           1|           1|
    |select_ln303_20_fu_1326_p3  |  select  |      0|  0|   5|           1|           5|
    |select_ln303_21_fu_1355_p3  |  select  |      0|  0|   5|           1|           5|
    |select_ln303_22_fu_1396_p3  |  select  |      0|  0|   5|           1|           5|
    |select_ln303_23_fu_1425_p3  |  select  |      0|  0|   5|           1|           5|
    |select_ln303_2_fu_782_p3    |  select  |      0|  0|   5|           1|           2|
    |select_ln303_3_fu_811_p3    |  select  |      0|  0|   5|           1|           2|
    |select_ln303_4_fu_840_p3    |  select  |      0|  0|   5|           1|           3|
    |select_ln303_5_fu_869_p3    |  select  |      0|  0|   5|           1|           3|
    |select_ln303_6_fu_898_p3    |  select  |      0|  0|   5|           1|           3|
    |select_ln303_7_fu_927_p3    |  select  |      0|  0|   5|           1|           3|
    |select_ln303_8_fu_956_p3    |  select  |      0|  0|   5|           1|           4|
    |select_ln303_9_fu_985_p3    |  select  |      0|  0|   4|           1|           4|
    |select_ln303_fu_724_p3      |  select  |      0|  0|   5|           1|           1|
    |smax_fu_645_p3              |  select  |      0|  0|  31|           1|          31|
    |x_fu_718_p2                 |    xor   |      0|  0|  32|          32|           1|
    +----------------------------+----------+-------+---+----+------------+------------+
    |Total                       |          |      0|  0|1176|         864|         557|
    +----------------------------+----------+-------+---+----+------------+------------+

    * Multiplexer: 
    +------------------+-----+-----------+-----+-----------+
    |       Name       | LUT | Input Size| Bits| Total Bits|
    +------------------+-----+-----------+-----+-----------+
    |ap_NS_fsm         |  141|         31|    1|         31|
    |dc_address0       |  121|         26|   10|        260|
    |h_0_reg_534       |    9|          2|   32|         64|
    |i_0_reg_578       |    9|          2|    5|         10|
    |j_0_reg_522       |    9|          2|   32|         64|
    |j_1_reg_546       |    9|          2|   32|         64|
    |k_0_reg_556       |    9|          2|   31|         62|
    |phi_mul1_reg_601  |    9|          2|   10|         20|
    |phi_mul_reg_589   |    9|          2|   10|         20|
    |unr1d_address0    |  125|         27|   10|        270|
    |x_0_reg_567       |    9|          2|   32|         64|
    +------------------+-----+-----------+-----+-----------+
    |Total             |  459|        100|  205|        929|
    +------------------+-----+-----------+-----+-----------+

    * Register: 
    +-----------------------+----+----+-----+-----------+
    |          Name         | FF | LUT| Bits| Const Bits|
    +-----------------------+----+----+-----+-----------+
    |add_ln303_48_reg_1664  |  10|   0|   10|          0|
    |add_ln303_49_reg_1649  |  10|   0|   10|          0|
    |add_ln303_50_reg_1654  |  10|   0|   10|          0|
    |ap_CS_fsm              |  30|   0|   30|          0|
    |c_load_1_reg_1460      |  32|   0|   32|          0|
    |c_load_reg_1455        |  32|   0|   32|          0|
    |h_0_reg_534            |  32|   0|   32|          0|
    |i_0_reg_578            |   5|   0|    5|          0|
    |i_reg_1491             |   5|   0|    5|          0|
    |icmp_ln303_reg_1496    |   1|   0|    1|          0|
    |j_0_reg_522            |  32|   0|   32|          0|
    |j_1_reg_546            |  32|   0|   32|          0|
    |j_reg_1465             |  32|   0|   32|          0|
    |k_0_reg_556            |  31|   0|   31|          0|
    |phi_mul1_reg_601       |  10|   0|   10|          0|
    |phi_mul_reg_589        |  10|   0|   10|          0|
    |x_0_reg_567            |  32|   0|   32|          0|
    |x_reg_1529             |  32|   0|   32|          0|
    +-----------------------+----+----+-----+-----------+
    |Total                  | 378|   0|  378|          0|
    +-----------------------+----+----+-----+-----------+



================================================================
== Interface
================================================================
* Summary: 
+-------------+-----+-----+------------+--------------+--------------+
|  RTL Ports  | Dir | Bits|  Protocol  | Source Object|    C Type    |
+-------------+-----+-----+------------+--------------+--------------+
|ap_clk       |  in |    1| ap_ctrl_hs |  decompressf | return value |
|ap_rst       |  in |    1| ap_ctrl_hs |  decompressf | return value |
|ap_start     |  in |    1| ap_ctrl_hs |  decompressf | return value |
|ap_done      | out |    1| ap_ctrl_hs |  decompressf | return value |
|ap_idle      | out |    1| ap_ctrl_hs |  decompressf | return value |
|ap_ready     | out |    1| ap_ctrl_hs |  decompressf | return value |
|c_address0   | out |   10|  ap_memory |       c      |     array    |
|c_ce0        | out |    1|  ap_memory |       c      |     array    |
|c_q0         |  in |   32|  ap_memory |       c      |     array    |
|c_address1   | out |   10|  ap_memory |       c      |     array    |
|c_ce1        | out |    1|  ap_memory |       c      |     array    |
|c_q1         |  in |   32|  ap_memory |       c      |     array    |
|dc_address0  | out |   10|  ap_memory |      dc      |     array    |
|dc_ce0       | out |    1|  ap_memory |      dc      |     array    |
|dc_we0       | out |    1|  ap_memory |      dc      |     array    |
|dc_d0        | out |   32|  ap_memory |      dc      |     array    |
+-------------+-----+-----+------------+--------------+--------------+

