#-----------------------------------------------------------
# Vivado v2019.2 (64-bit)
# SW Build 2708876 on Wed Nov  6 21:40:23 MST 2019
# IP Build 2700528 on Thu Nov  7 00:09:20 MST 2019
# Start of session at: Wed May 12 20:59:17 2021
# Process ID: 16500
# Current directory: C:/Users/raoja/Desktop/uni/520/finalproject/maybe
# Command line: vivado.exe -gui_launcher_event rodinguilauncherevent8868 C:\Users\raoja\Desktop\uni\520\finalproject\maybe\maybe.xpr
# Log file: C:/Users/raoja/Desktop/uni/520/finalproject/maybe/vivado.log
# Journal file: C:/Users/raoja/Desktop/uni/520/finalproject/maybe\vivado.jou
#-----------------------------------------------------------
start_gui
open_project C:/Users/raoja/Desktop/uni/520/finalproject/maybe/maybe.xpr
Scanning sources...
Finished scanning sources
INFO: [IP_Flow 19-234] Refreshing IP repositories
INFO: [IP_Flow 19-1700] Loaded user IP repository 'c:/Users/raoja/Desktop/uni/520/finalproject/ip_repo/myip_1.0'.
INFO: [IP_Flow 19-1700] Loaded user IP repository 'c:/Users/raoja/Desktop/uni/520/sources/zybo/adventures_with_ip_integrator/ip'.
INFO: [IP_Flow 19-2313] Loaded Vivado IP repository 'C:/Xilinx/Vivado/2019.2/data/ip'.
open_project: Time (s): cpu = 00:00:52 ; elapsed = 00:00:36 . Memory (MB): peak = 939.074 ; gain = 289.090
update_compile_order -fileset sources_1
INFO: [Vivado 12-8231] Launching Vitis
INFO: [Vivado 12-417] Running vitis
INFO: [Vivado 12-8232] Vitis launch initiated. Please check console for any further messages.
exit
INFO: [Common 17-206] Exiting Vivado at Thu May 13 20:34:11 2021...
