

================================================================
== Vivado HLS Report for 'compressf'
================================================================
* Date:           Sat May 15 17:33:14 2021

* Version:        2019.1 (Build 2552052 on Fri May 24 15:28:33 MDT 2019)
* Project:        imageprosseing
* Solution:       compressionlat
* Product family: zynq
* Target device:  xc7z020-clg484-1


================================================================
== Performance Estimates
================================================================
+ Timing (ns): 
    * Summary: 
    +--------+-------+----------+------------+
    |  Clock | Target| Estimated| Uncertainty|
    +--------+-------+----------+------------+
    |ap_clk  |  10.00|     8.240|        1.25|
    +--------+-------+----------+------------+

+ Latency (clock cycles): 
    * Summary: 
    +------+------+------+------+---------+
    |   Latency   |   Interval  | Pipeline|
    |  min |  max |  min |  max |   Type  |
    +------+------+------+------+---------+
    |  3802|  4427|  3802|  4427|   none  |
    +------+------+------+------+---------+

    + Detail: 
        * Instance: 
        N/A

        * Loop: 
        +----------+------+------+----------+-----------+-----------+------+----------+
        |          |   Latency   | Iteration|  Initiation Interval  | Trip |          |
        | Loop Name|  min |  max |  Latency |  achieved |   target  | Count| Pipelined|
        +----------+------+------+----------+-----------+-----------+------+----------+
        |- row1    |  1925|  1925|        77|          -|          -|    25|    no    |
        | + col1   |    75|    75|         3|          -|          -|    25|    no    |
        |- row     |  1875|  2500|   3 ~ 4  |          -|          -|   625|    no    |
        +----------+------+------+----------+-----------+-----------+------+----------+



================================================================
== Utilization Estimates
================================================================
* Summary: 
+-----------------+---------+-------+--------+-------+-----+
|       Name      | BRAM_18K| DSP48E|   FF   |  LUT  | URAM|
+-----------------+---------+-------+--------+-------+-----+
|DSP              |        -|      -|       -|      -|    -|
|Expression       |        -|      -|       0|    445|    -|
|FIFO             |        -|      -|       -|      -|    -|
|Instance         |        -|      -|       -|      -|    -|
|Memory           |        2|      -|       0|      0|    0|
|Multiplexer      |        -|      -|       -|    194|    -|
|Register         |        -|      -|     353|      -|    -|
+-----------------+---------+-------+--------+-------+-----+
|Total            |        2|      0|     353|    639|    0|
+-----------------+---------+-------+--------+-------+-----+
|Available        |      280|    220|  106400|  53200|    0|
+-----------------+---------+-------+--------+-------+-----+
|Utilization (%)  |    ~0   |      0|   ~0   |      1|    0|
+-----------------+---------+-------+--------+-------+-----+

+ Detail: 
    * Instance: 
    N/A

    * DSP48E: 
    N/A

    * Memory: 
    +----------+------------------+---------+---+----+-----+------+-----+------+-------------+
    |  Memory  |      Module      | BRAM_18K| FF| LUT| URAM| Words| Bits| Banks| W*Bits*Banks|
    +----------+------------------+---------+---+----+-----+------+-----+------+-------------+
    |odoarr_U  |compressf_odoarr  |        2|  0|   0|    0|   625|   32|     1|        20000|
    +----------+------------------+---------+---+----+-----+------+-----+------+-------------+
    |Total     |                  |        2|  0|   0|    0|   625|   32|     1|        20000|
    +----------+------------------+---------+---+----+-----+------+-----+------+-------------+

    * FIFO: 
    N/A

    * Expression: 
    +------------------------+----------+-------+---+----+------------+------------+
    |      Variable Name     | Operation| DSP48E| FF| LUT| Bitwidth P0| Bitwidth P1|
    +------------------------+----------+-------+---+----+------------+------------+
    |add_ln218_fu_317_p2     |     +    |      0|  0|  14|          10|          10|
    |add_ln219_fu_368_p2     |     +    |      0|  0|  14|          10|           1|
    |add_ln220_1_fu_345_p2   |     +    |      0|  0|  14|          10|          10|
    |add_ln220_2_fu_255_p2   |     +    |      0|  0|  14|          10|           5|
    |add_ln220_3_fu_261_p2   |     +    |      0|  0|  14|          10|           5|
    |add_ln220_fu_351_p2     |     +    |      0|  0|  14|          10|          10|
    |add_ln237_fu_417_p2     |     +    |      0|  0|  13|          11|           2|
    |add_ln241_fu_463_p2     |     +    |      0|  0|  39|          32|           1|
    |count_fu_427_p2         |     +    |      0|  0|  39|          32|           1|
    |cp_fu_474_p2            |     +    |      0|  0|  39|          32|           2|
    |i_2_fu_273_p2           |     +    |      0|  0|  15|           5|           1|
    |i_fu_392_p2             |     +    |      0|  0|  14|          10|           1|
    |j_fu_311_p2             |     +    |      0|  0|  15|           5|           1|
    |k_fu_279_p2             |     +    |      0|  0|  14|          10|           5|
    |sub_ln220_fu_328_p2     |     -    |      0|  0|  15|           5|           5|
    |icmp_ln211_fu_267_p2    |   icmp   |      0|  0|  11|           5|           4|
    |icmp_ln214_fu_305_p2    |   icmp   |      0|  0|  11|           5|           4|
    |icmp_ln220_fu_285_p2    |   icmp   |      0|  0|  18|          32|           1|
    |icmp_ln228_fu_386_p2    |   icmp   |      0|  0|  13|          10|          10|
    |icmp_ln232_fu_408_p2    |   icmp   |      0|  0|  18|          32|          32|
    |icmp_ln237_fu_438_p2    |   icmp   |      0|  0|  18|          32|          32|
    |select_ln220_fu_334_p3  |  select  |      0|  0|   5|           1|           5|
    |select_ln243_fu_443_p3  |  select  |      0|  0|  32|           1|          32|
    |x_fu_357_p2             |    xor   |      0|  0|  32|          32|           1|
    +------------------------+----------+-------+---+----+------------+------------+
    |Total                   |          |      0|  0| 445|         352|         181|
    +------------------------+----------+-------+---+----+------------+------------+

    * Multiplexer: 
    +------------------+----+-----------+-----+-----------+
    |       Name       | LUT| Input Size| Bits| Total Bits|
    +------------------+----+-----------+-----+-----------+
    |ap_NS_fsm         |  47|         10|    1|         10|
    |as_address0       |  15|          3|   10|         30|
    |count_1_fu_64     |  15|          3|   32|         96|
    |cp_1_fu_68        |   9|          2|   32|         64|
    |i_0_reg_175       |   9|          2|    5|         10|
    |i_1_reg_244       |   9|          2|   10|         20|
    |j_0_reg_233       |   9|          2|    5|         10|
    |k_0_reg_163       |   9|          2|   10|         20|
    |k_1_reg_222       |   9|          2|   10|         20|
    |odoarr_address0   |  21|          4|   10|         40|
    |odoarr_address1   |  15|          3|   10|         30|
    |phi_mul1_reg_210  |   9|          2|   10|         20|
    |phi_mul_reg_198   |   9|          2|   10|         20|
    |x_0_reg_186       |   9|          2|   32|         64|
    +------------------+----+-----------+-----+-----------+
    |Total             | 194|         41|  187|        454|
    +------------------+----+-----------+-----+-----------+

    * Register: 
    +-----------------------+----+----+-----+-----------+
    |          Name         | FF | LUT| Bits| Const Bits|
    +-----------------------+----+----+-----+-----------+
    |add_ln219_reg_556      |  10|   0|   10|          0|
    |add_ln220_1_reg_541    |  10|   0|   10|          0|
    |add_ln220_2_reg_485    |  10|   0|   10|          0|
    |add_ln220_3_reg_490    |  10|   0|   10|          0|
    |add_ln220_reg_546      |  10|   0|   10|          0|
    |ap_CS_fsm              |   9|   0|    9|          0|
    |count_1_fu_64          |  32|   0|   32|          0|
    |count_1_load_reg_599   |  32|   0|   32|          0|
    |cp_1_fu_68             |  32|   0|   32|          0|
    |i_0_reg_175            |   5|   0|    5|          0|
    |i_1_reg_244            |  10|   0|   10|          0|
    |i_2_reg_498            |   5|   0|    5|          0|
    |i_reg_574              |  10|   0|   10|          0|
    |icmp_ln220_reg_508     |   1|   0|    1|          0|
    |icmp_ln232_reg_595     |   1|   0|    1|          0|
    |j_0_reg_233            |   5|   0|    5|          0|
    |j_reg_531              |   5|   0|    5|          0|
    |k_0_reg_163            |  10|   0|   10|          0|
    |k_1_reg_222            |  10|   0|   10|          0|
    |k_reg_503              |  10|   0|   10|          0|
    |odoarr_load_1_reg_589  |  32|   0|   32|          0|
    |phi_mul1_reg_210       |  10|   0|   10|          0|
    |phi_mul_reg_198        |  10|   0|   10|          0|
    |select_ln243_reg_609   |  32|   0|   32|          0|
    |x_0_reg_186            |  32|   0|   32|          0|
    |zext_ln228_reg_566     |  10|   0|   11|          1|
    +-----------------------+----+----+-----+-----------+
    |Total                  | 353|   0|  354|          1|
    +-----------------------+----+----+-----+-----------+



================================================================
== Interface
================================================================
* Summary: 
+-------------+-----+-----+------------+--------------+--------------+
|  RTL Ports  | Dir | Bits|  Protocol  | Source Object|    C Type    |
+-------------+-----+-----+------------+--------------+--------------+
|ap_clk       |  in |    1| ap_ctrl_hs |   compressf  | return value |
|ap_rst       |  in |    1| ap_ctrl_hs |   compressf  | return value |
|ap_start     |  in |    1| ap_ctrl_hs |   compressf  | return value |
|ap_done      | out |    1| ap_ctrl_hs |   compressf  | return value |
|ap_idle      | out |    1| ap_ctrl_hs |   compressf  | return value |
|ap_ready     | out |    1| ap_ctrl_hs |   compressf  | return value |
|as_address0  | out |   10|  ap_memory |      as      |     array    |
|as_ce0       | out |    1|  ap_memory |      as      |     array    |
|as_q0        |  in |   32|  ap_memory |      as      |     array    |
|bs_address0  | out |   10|  ap_memory |      bs      |     array    |
|bs_ce0       | out |    1|  ap_memory |      bs      |     array    |
|bs_we0       | out |    1|  ap_memory |      bs      |     array    |
|bs_d0        | out |   32|  ap_memory |      bs      |     array    |
|bs_address1  | out |   10|  ap_memory |      bs      |     array    |
|bs_ce1       | out |    1|  ap_memory |      bs      |     array    |
|bs_we1       | out |    1|  ap_memory |      bs      |     array    |
|bs_d1        | out |   32|  ap_memory |      bs      |     array    |
+-------------+-----+-----+------------+--------------+--------------+

