

================================================================
== Vivado HLS Report for 'compressf'
================================================================
* Date:           Sat May 15 17:17:54 2021

* Version:        2019.1 (Build 2552052 on Fri May 24 15:28:33 MDT 2019)
* Project:        imageprosseing
* Solution:       compression
* Product family: zynq
* Target device:  xc7z020-clg484-1


================================================================
== Performance Estimates
================================================================
+ Timing (ns): 
    * Summary: 
    +--------+-------+----------+------------+
    |  Clock | Target| Estimated| Uncertainty|
    +--------+-------+----------+------------+
    |ap_clk  |  10.00|     8.240|        1.25|
    +--------+-------+----------+------------+

+ Latency (clock cycles): 
    * Summary: 
    +------+------+------+------+---------+
    |   Latency   |   Interval  | Pipeline|
    |  min |  max |  min |  max |   Type  |
    +------+------+------+------+---------+
    |  3802|  4427|  3802|  4427|   none  |
    +------+------+------+------+---------+

    + Detail: 
        * Instance: 
        N/A

        * Loop: 
        +----------+------+------+----------+-----------+-----------+------+----------+
        |          |   Latency   | Iteration|  Initiation Interval  | Trip |          |
        | Loop Name|  min |  max |  Latency |  achieved |   target  | Count| Pipelined|
        +----------+------+------+----------+-----------+-----------+------+----------+
        |- row1    |  1925|  1925|        77|          -|          -|    25|    no    |
        | + col1   |    75|    75|         3|          -|          -|    25|    no    |
        |- row     |  1875|  2500|   3 ~ 4  |          -|          -|   625|    no    |
        +----------+------+------+----------+-----------+-----------+------+----------+



================================================================
== Utilization Estimates
================================================================
* Summary: 
+-----------------+---------+-------+--------+-------+-----+
|       Name      | BRAM_18K| DSP48E|   FF   |  LUT  | URAM|
+-----------------+---------+-------+--------+-------+-----+
|DSP              |        -|      -|       -|      -|    -|
|Expression       |        -|      -|       0|    445|    -|
|FIFO             |        -|      -|       -|      -|    -|
|Instance         |        -|      -|       -|      -|    -|
|Memory           |        2|      -|       0|      0|    0|
|Multiplexer      |        -|      -|       -|    194|    -|
|Register         |        -|      -|     353|      -|    -|
+-----------------+---------+-------+--------+-------+-----+
|Total            |        2|      0|     353|    639|    0|
+-----------------+---------+-------+--------+-------+-----+
|Available        |      280|    220|  106400|  53200|    0|
+-----------------+---------+-------+--------+-------+-----+
|Utilization (%)  |    ~0   |      0|   ~0   |      1|    0|
+-----------------+---------+-------+--------+-------+-----+

+ Detail: 
    * Instance: 
    N/A

    * DSP48E: 
    N/A

    * Memory: 
    +----------+------------------+---------+---+----+-----+------+-----+------+-------------+
    |  Memory  |      Module      | BRAM_18K| FF| LUT| URAM| Words| Bits| Banks| W*Bits*Banks|
    +----------+------------------+---------+---+----+-----+------+-----+------+-------------+
    |odoarr_U  |compressf_odoarr  |        2|  0|   0|    0|   625|   32|     1|        20000|
    +----------+------------------+---------+---+----+-----+------+-----+------+-------------+
    |Total     |                  |        2|  0|   0|    0|   625|   32|     1|        20000|
    +----------+------------------+---------+---+----+-----+------+-----+------+-------------+

    * FIFO: 
    N/A

    * Expression: 
    +------------------------+----------+-------+---+----+------------+------------+
    |      Variable Name     | Operation| DSP48E| FF| LUT| Bitwidth P0| Bitwidth P1|
    +------------------------+----------+-------+---+----+------------+------------+
    |add_ln218_fu_313_p2     |     +    |      0|  0|  14|          10|          10|
    |add_ln219_fu_364_p2     |     +    |      0|  0|  14|          10|           1|
    |add_ln220_1_fu_341_p2   |     +    |      0|  0|  14|          10|          10|
    |add_ln220_2_fu_251_p2   |     +    |      0|  0|  14|          10|           5|
    |add_ln220_3_fu_257_p2   |     +    |      0|  0|  14|          10|           5|
    |add_ln220_fu_347_p2     |     +    |      0|  0|  14|          10|          10|
    |add_ln237_fu_413_p2     |     +    |      0|  0|  13|          11|           2|
    |add_ln241_fu_459_p2     |     +    |      0|  0|  39|          32|           1|
    |count_fu_423_p2         |     +    |      0|  0|  39|          32|           1|
    |cp_fu_470_p2            |     +    |      0|  0|  39|          32|           2|
    |i_2_fu_269_p2           |     +    |      0|  0|  15|           5|           1|
    |i_fu_388_p2             |     +    |      0|  0|  14|          10|           1|
    |j_fu_307_p2             |     +    |      0|  0|  15|           5|           1|
    |k_fu_275_p2             |     +    |      0|  0|  14|          10|           5|
    |sub_ln220_fu_324_p2     |     -    |      0|  0|  15|           5|           5|
    |icmp_ln211_fu_263_p2    |   icmp   |      0|  0|  11|           5|           4|
    |icmp_ln214_fu_301_p2    |   icmp   |      0|  0|  11|           5|           4|
    |icmp_ln220_fu_281_p2    |   icmp   |      0|  0|  18|          32|           1|
    |icmp_ln228_fu_382_p2    |   icmp   |      0|  0|  13|          10|          10|
    |icmp_ln232_fu_404_p2    |   icmp   |      0|  0|  18|          32|          32|
    |icmp_ln237_fu_434_p2    |   icmp   |      0|  0|  18|          32|          32|
    |select_ln220_fu_330_p3  |  select  |      0|  0|   5|           1|           5|
    |select_ln243_fu_439_p3  |  select  |      0|  0|  32|           1|          32|
    |x_fu_353_p2             |    xor   |      0|  0|  32|          32|           1|
    +------------------------+----------+-------+---+----+------------+------------+
    |Total                   |          |      0|  0| 445|         352|         181|
    +------------------------+----------+-------+---+----+------------+------------+

    * Multiplexer: 
    +------------------+----+-----------+-----+-----------+
    |       Name       | LUT| Input Size| Bits| Total Bits|
    +------------------+----+-----------+-----+-----------+
    |ap_NS_fsm         |  47|         10|    1|         10|
    |as_address0       |  15|          3|   10|         30|
    |count_1_fu_60     |  15|          3|   32|         96|
    |cp_1_fu_64        |   9|          2|   32|         64|
    |i_0_reg_171       |   9|          2|    5|         10|
    |i_1_reg_240       |   9|          2|   10|         20|
    |j_0_reg_229       |   9|          2|    5|         10|
    |k_0_reg_159       |   9|          2|   10|         20|
    |k_1_reg_218       |   9|          2|   10|         20|
    |odoarr_address0   |  21|          4|   10|         40|
    |odoarr_address1   |  15|          3|   10|         30|
    |phi_mul1_reg_206  |   9|          2|   10|         20|
    |phi_mul_reg_194   |   9|          2|   10|         20|
    |x_0_reg_182       |   9|          2|   32|         64|
    +------------------+----+-----------+-----+-----------+
    |Total             | 194|         41|  187|        454|
    +------------------+----+-----------+-----+-----------+

    * Register: 
    +-----------------------+----+----+-----+-----------+
    |          Name         | FF | LUT| Bits| Const Bits|
    +-----------------------+----+----+-----+-----------+
    |add_ln219_reg_552      |  10|   0|   10|          0|
    |add_ln220_1_reg_537    |  10|   0|   10|          0|
    |add_ln220_2_reg_481    |  10|   0|   10|          0|
    |add_ln220_3_reg_486    |  10|   0|   10|          0|
    |add_ln220_reg_542      |  10|   0|   10|          0|
    |ap_CS_fsm              |   9|   0|    9|          0|
    |count_1_fu_60          |  32|   0|   32|          0|
    |count_1_load_reg_595   |  32|   0|   32|          0|
    |cp_1_fu_64             |  32|   0|   32|          0|
    |i_0_reg_171            |   5|   0|    5|          0|
    |i_1_reg_240            |  10|   0|   10|          0|
    |i_2_reg_494            |   5|   0|    5|          0|
    |i_reg_570              |  10|   0|   10|          0|
    |icmp_ln220_reg_504     |   1|   0|    1|          0|
    |icmp_ln232_reg_591     |   1|   0|    1|          0|
    |j_0_reg_229            |   5|   0|    5|          0|
    |j_reg_527              |   5|   0|    5|          0|
    |k_0_reg_159            |  10|   0|   10|          0|
    |k_1_reg_218            |  10|   0|   10|          0|
    |k_reg_499              |  10|   0|   10|          0|
    |odoarr_load_1_reg_585  |  32|   0|   32|          0|
    |phi_mul1_reg_206       |  10|   0|   10|          0|
    |phi_mul_reg_194        |  10|   0|   10|          0|
    |select_ln243_reg_605   |  32|   0|   32|          0|
    |x_0_reg_182            |  32|   0|   32|          0|
    |zext_ln228_reg_562     |  10|   0|   11|          1|
    +-----------------------+----+----+-----+-----------+
    |Total                  | 353|   0|  354|          1|
    +-----------------------+----+----+-----+-----------+



================================================================
== Interface
================================================================
* Summary: 
+-------------+-----+-----+------------+--------------+--------------+
|  RTL Ports  | Dir | Bits|  Protocol  | Source Object|    C Type    |
+-------------+-----+-----+------------+--------------+--------------+
|ap_clk       |  in |    1| ap_ctrl_hs |   compressf  | return value |
|ap_rst       |  in |    1| ap_ctrl_hs |   compressf  | return value |
|ap_start     |  in |    1| ap_ctrl_hs |   compressf  | return value |
|ap_done      | out |    1| ap_ctrl_hs |   compressf  | return value |
|ap_idle      | out |    1| ap_ctrl_hs |   compressf  | return value |
|ap_ready     | out |    1| ap_ctrl_hs |   compressf  | return value |
|as_address0  | out |   10|  ap_memory |      as      |     array    |
|as_ce0       | out |    1|  ap_memory |      as      |     array    |
|as_q0        |  in |   32|  ap_memory |      as      |     array    |
|bs_address0  | out |   10|  ap_memory |      bs      |     array    |
|bs_ce0       | out |    1|  ap_memory |      bs      |     array    |
|bs_we0       | out |    1|  ap_memory |      bs      |     array    |
|bs_d0        | out |   32|  ap_memory |      bs      |     array    |
|bs_address1  | out |   10|  ap_memory |      bs      |     array    |
|bs_ce1       | out |    1|  ap_memory |      bs      |     array    |
|bs_we1       | out |    1|  ap_memory |      bs      |     array    |
|bs_d1        | out |   32|  ap_memory |      bs      |     array    |
+-------------+-----+-----+------------+--------------+--------------+

============================================================
+ Verbose Summary: Synthesis Manager
============================================================
InlineROM: 1
ExposeGlobal: 0
============================================================
+ Verbose Summary: CDFG Model
============================================================
IsTopModel: 1
ResetActiveHigh: 1
IsCombinational: 2
IsDatapathOnly: 2
HasWiredReturn: 1
HasMFsm: 0
HasVarLatency: 1
IsPipeline: 0
IsRtlPipelined: 0
IsInstanceOverlapped: 0
IsDontTouch: 0
HasImplIP: 0
IsGatedGlobalClock: 0


============================================================
+ Verbose Summary: Schedule
============================================================
* Number of FSM states : 9
* Pipeline : 0
* Dataflow Pipeline: 0

* FSM state transitions: 
1 --> 2 
2 --> 3 6 
3 --> 4 2 
4 --> 5 
5 --> 3 
6 --> 7 
7 --> 8 9 
8 --> 9 
9 --> 6 

* FSM state operations: 

State 1 <SV = 0> <Delay = 3.25>
ST_1 : Operation 10 [1/1] (0.00ns)   --->   "call void (...)* @_ssdm_op_SpecBitsMap([625 x i32]* %as) nounwind, !map !64"   --->   Operation 10 'specbitsmap' <Predicate = true> <Delay = 0.00>
ST_1 : Operation 11 [1/1] (0.00ns)   --->   "call void (...)* @_ssdm_op_SpecBitsMap([625 x i32]* %bs) nounwind, !map !68"   --->   Operation 11 'specbitsmap' <Predicate = true> <Delay = 0.00>
ST_1 : Operation 12 [1/1] (0.00ns)   --->   "call void (...)* @_ssdm_op_SpecTopModule([10 x i8]* @compressf_str) nounwind"   --->   Operation 12 'spectopmodule' <Predicate = true> <Delay = 0.00>
ST_1 : Operation 13 [1/1] (3.25ns)   --->   "%odoarr = alloca [625 x i32], align 16" [imageprosseing/imgpro.c:208]   --->   Operation 13 'alloca' 'odoarr' <Predicate = true> <Delay = 3.25> <Core = "RAM">   --->   Core 37 'RAM' <Latency = 1> <II = 1> <Delay = 3.25> <Storage> <Opcode : 'load' 'store'> <Ports = 2> <Width = 32> <Depth = 625> <RAM>
ST_1 : Operation 14 [1/1] (1.76ns)   --->   "br label %1" [imageprosseing/imgpro.c:211]   --->   Operation 14 'br' <Predicate = true> <Delay = 1.76>

State 2 <SV = 1> <Delay = 2.47>
ST_2 : Operation 15 [1/1] (0.00ns)   --->   "%k_0 = phi i10 [ 0, %0 ], [ %k, %row1_end ]"   --->   Operation 15 'phi' 'k_0' <Predicate = true> <Delay = 0.00>
ST_2 : Operation 16 [1/1] (0.00ns)   --->   "%i_0 = phi i5 [ 0, %0 ], [ %i_2, %row1_end ]"   --->   Operation 16 'phi' 'i_0' <Predicate = true> <Delay = 0.00>
ST_2 : Operation 17 [1/1] (0.00ns)   --->   "%x_0 = phi i32 [ 0, %0 ], [ %x, %row1_end ]"   --->   Operation 17 'phi' 'x_0' <Predicate = true> <Delay = 0.00>
ST_2 : Operation 18 [1/1] (0.00ns)   --->   "%phi_mul = phi i10 [ 0, %0 ], [ %add_ln220_3, %row1_end ]" [imageprosseing/imgpro.c:220]   --->   Operation 18 'phi' 'phi_mul' <Predicate = true> <Delay = 0.00>
ST_2 : Operation 19 [1/1] (0.00ns)   --->   "%phi_mul1 = phi i10 [ 0, %0 ], [ %add_ln220_2, %row1_end ]" [imageprosseing/imgpro.c:220]   --->   Operation 19 'phi' 'phi_mul1' <Predicate = true> <Delay = 0.00>
ST_2 : Operation 20 [1/1] (1.73ns)   --->   "%add_ln220_2 = add i10 %phi_mul1, 25" [imageprosseing/imgpro.c:220]   --->   Operation 20 'add' 'add_ln220_2' <Predicate = true> <Delay = 1.73> <Core = "AddSub">   --->   Core 14 'AddSub' <Latency = 0> <II = 1> <Delay = 1.78> <FuncUnit> <Opcode : 'add' 'sub'> <InPorts = 2> <OutPorts = 1>
ST_2 : Operation 21 [1/1] (1.73ns)   --->   "%add_ln220_3 = add i10 %phi_mul, 25" [imageprosseing/imgpro.c:220]   --->   Operation 21 'add' 'add_ln220_3' <Predicate = true> <Delay = 1.73> <Core = "AddSub">   --->   Core 14 'AddSub' <Latency = 0> <II = 1> <Delay = 1.78> <FuncUnit> <Opcode : 'add' 'sub'> <InPorts = 2> <OutPorts = 1>
ST_2 : Operation 22 [1/1] (1.36ns)   --->   "%icmp_ln211 = icmp eq i5 %i_0, -7" [imageprosseing/imgpro.c:211]   --->   Operation 22 'icmp' 'icmp_ln211' <Predicate = true> <Delay = 1.36> <Core = "Cmp">   --->   Core 25 'Cmp' <Latency = 0> <II = 1> <Delay = 2.47> <FuncUnit> <Opcode : 'icmp'> <InPorts = 2> <OutPorts = 1>
ST_2 : Operation 23 [1/1] (0.00ns)   --->   "%empty = call i32 (...)* @_ssdm_op_SpecLoopTripCount(i64 25, i64 25, i64 25) nounwind"   --->   Operation 23 'speclooptripcount' 'empty' <Predicate = true> <Delay = 0.00>
ST_2 : Operation 24 [1/1] (1.78ns)   --->   "%i_2 = add i5 %i_0, 1" [imageprosseing/imgpro.c:211]   --->   Operation 24 'add' 'i_2' <Predicate = true> <Delay = 1.78> <Core = "AddSub">   --->   Core 14 'AddSub' <Latency = 0> <II = 1> <Delay = 1.78> <FuncUnit> <Opcode : 'add' 'sub'> <InPorts = 2> <OutPorts = 1>
ST_2 : Operation 25 [1/1] (0.00ns)   --->   "br i1 %icmp_ln211, label %.preheader.preheader, label %row1_begin" [imageprosseing/imgpro.c:211]   --->   Operation 25 'br' <Predicate = true> <Delay = 0.00>
ST_2 : Operation 26 [1/1] (0.00ns)   --->   "call void (...)* @_ssdm_op_SpecLoopName([5 x i8]* @p_str6) nounwind" [imageprosseing/imgpro.c:212]   --->   Operation 26 'specloopname' <Predicate = (!icmp_ln211)> <Delay = 0.00>
ST_2 : Operation 27 [1/1] (0.00ns)   --->   "%tmp = call i32 (...)* @_ssdm_op_SpecRegionBegin([5 x i8]* @p_str6) nounwind" [imageprosseing/imgpro.c:212]   --->   Operation 27 'specregionbegin' 'tmp' <Predicate = (!icmp_ln211)> <Delay = 0.00>
ST_2 : Operation 28 [1/1] (1.73ns)   --->   "%k = add i10 %k_0, 25" [imageprosseing/imgpro.c:219]   --->   Operation 28 'add' 'k' <Predicate = (!icmp_ln211)> <Delay = 1.73> <Core = "AddSub">   --->   Core 14 'AddSub' <Latency = 0> <II = 1> <Delay = 1.78> <FuncUnit> <Opcode : 'add' 'sub'> <InPorts = 2> <OutPorts = 1>
ST_2 : Operation 29 [1/1] (2.47ns)   --->   "%icmp_ln220 = icmp eq i32 %x_0, 0" [imageprosseing/imgpro.c:220]   --->   Operation 29 'icmp' 'icmp_ln220' <Predicate = (!icmp_ln211)> <Delay = 2.47> <Core = "Cmp">   --->   Core 25 'Cmp' <Latency = 0> <II = 1> <Delay = 2.47> <FuncUnit> <Opcode : 'icmp'> <InPorts = 2> <OutPorts = 1>
ST_2 : Operation 30 [1/1] (1.76ns)   --->   "br label %2" [imageprosseing/imgpro.c:214]   --->   Operation 30 'br' <Predicate = (!icmp_ln211)> <Delay = 1.76>
ST_2 : Operation 31 [1/1] (0.00ns)   --->   "%count_1 = alloca i32"   --->   Operation 31 'alloca' 'count_1' <Predicate = (icmp_ln211)> <Delay = 0.00>
ST_2 : Operation 32 [1/1] (0.00ns)   --->   "%cp_1 = alloca i32"   --->   Operation 32 'alloca' 'cp_1' <Predicate = (icmp_ln211)> <Delay = 0.00>
ST_2 : Operation 33 [1/1] (1.76ns)   --->   "store i32 0, i32* %cp_1" [imageprosseing/imgpro.c:228]   --->   Operation 33 'store' <Predicate = (icmp_ln211)> <Delay = 1.76>
ST_2 : Operation 34 [1/1] (1.81ns)   --->   "store i32 1, i32* %count_1" [imageprosseing/imgpro.c:228]   --->   Operation 34 'store' <Predicate = (icmp_ln211)> <Delay = 1.81>
ST_2 : Operation 35 [1/1] (1.76ns)   --->   "br label %.preheader" [imageprosseing/imgpro.c:228]   --->   Operation 35 'br' <Predicate = (icmp_ln211)> <Delay = 1.76>

State 3 <SV = 2> <Delay = 4.98>
ST_3 : Operation 36 [1/1] (0.00ns)   --->   "%k_1 = phi i10 [ %k_0, %row1_begin ], [ %add_ln219, %3 ]" [imageprosseing/imgpro.c:219]   --->   Operation 36 'phi' 'k_1' <Predicate = true> <Delay = 0.00>
ST_3 : Operation 37 [1/1] (0.00ns)   --->   "%j_0 = phi i5 [ 0, %row1_begin ], [ %j, %3 ]"   --->   Operation 37 'phi' 'j_0' <Predicate = true> <Delay = 0.00>
ST_3 : Operation 38 [1/1] (0.00ns)   --->   "%zext_ln214 = zext i5 %j_0 to i10" [imageprosseing/imgpro.c:214]   --->   Operation 38 'zext' 'zext_ln214' <Predicate = true> <Delay = 0.00>
ST_3 : Operation 39 [1/1] (1.36ns)   --->   "%icmp_ln214 = icmp eq i5 %j_0, -7" [imageprosseing/imgpro.c:214]   --->   Operation 39 'icmp' 'icmp_ln214' <Predicate = true> <Delay = 1.36> <Core = "Cmp">   --->   Core 25 'Cmp' <Latency = 0> <II = 1> <Delay = 2.47> <FuncUnit> <Opcode : 'icmp'> <InPorts = 2> <OutPorts = 1>
ST_3 : Operation 40 [1/1] (0.00ns)   --->   "%empty_3 = call i32 (...)* @_ssdm_op_SpecLoopTripCount(i64 25, i64 25, i64 25) nounwind"   --->   Operation 40 'speclooptripcount' 'empty_3' <Predicate = true> <Delay = 0.00>
ST_3 : Operation 41 [1/1] (1.78ns)   --->   "%j = add i5 %j_0, 1" [imageprosseing/imgpro.c:214]   --->   Operation 41 'add' 'j' <Predicate = true> <Delay = 1.78> <Core = "AddSub">   --->   Core 14 'AddSub' <Latency = 0> <II = 1> <Delay = 1.78> <FuncUnit> <Opcode : 'add' 'sub'> <InPorts = 2> <OutPorts = 1>
ST_3 : Operation 42 [1/1] (0.00ns)   --->   "br i1 %icmp_ln214, label %row1_end, label %3" [imageprosseing/imgpro.c:214]   --->   Operation 42 'br' <Predicate = true> <Delay = 0.00>
ST_3 : Operation 43 [1/1] (1.73ns)   --->   "%add_ln218 = add i10 %phi_mul, %zext_ln214" [imageprosseing/imgpro.c:218]   --->   Operation 43 'add' 'add_ln218' <Predicate = (!icmp_ln214)> <Delay = 1.73> <Core = "AddSub">   --->   Core 14 'AddSub' <Latency = 0> <II = 1> <Delay = 1.78> <FuncUnit> <Opcode : 'add' 'sub'> <InPorts = 2> <OutPorts = 1>
ST_3 : Operation 44 [1/1] (0.00ns)   --->   "%zext_ln218 = zext i10 %add_ln218 to i64" [imageprosseing/imgpro.c:218]   --->   Operation 44 'zext' 'zext_ln218' <Predicate = (!icmp_ln214)> <Delay = 0.00>
ST_3 : Operation 45 [1/1] (0.00ns)   --->   "%as_addr = getelementptr [625 x i32]* %as, i64 0, i64 %zext_ln218" [imageprosseing/imgpro.c:218]   --->   Operation 45 'getelementptr' 'as_addr' <Predicate = (!icmp_ln214)> <Delay = 0.00>
ST_3 : Operation 46 [2/2] (3.25ns)   --->   "%as_load = load i32* %as_addr, align 4" [imageprosseing/imgpro.c:218]   --->   Operation 46 'load' 'as_load' <Predicate = (!icmp_ln214)> <Delay = 3.25> <Core = "RAM">   --->   Core 37 'RAM' <Latency = 1> <II = 1> <Delay = 3.25> <Storage> <Opcode : 'load' 'store'> <Ports = 2> <Width = 32> <Depth = 625> <RAM>
ST_3 : Operation 47 [1/1] (1.78ns)   --->   "%sub_ln220 = sub i5 -8, %j_0" [imageprosseing/imgpro.c:220]   --->   Operation 47 'sub' 'sub_ln220' <Predicate = (!icmp_ln214 & !icmp_ln220)> <Delay = 1.78> <Core = "AddSub">   --->   Core 14 'AddSub' <Latency = 0> <II = 1> <Delay = 1.78> <FuncUnit> <Opcode : 'add' 'sub'> <InPorts = 2> <OutPorts = 1>
ST_3 : Operation 48 [1/1] (0.00ns) (grouped into LUT with out node add_ln220_1)   --->   "%select_ln220 = select i1 %icmp_ln220, i5 %j_0, i5 %sub_ln220" [imageprosseing/imgpro.c:220]   --->   Operation 48 'select' 'select_ln220' <Predicate = (!icmp_ln214)> <Delay = 0.00> <Core = "Sel">   --->   Core 26 'Sel' <Latency = 0> <II = 1> <Delay = 0.69> <FuncUnit> <Opcode : 'select'> <InPorts = 3> <OutPorts = 1>
ST_3 : Operation 49 [1/1] (0.00ns) (grouped into LUT with out node add_ln220_1)   --->   "%zext_ln220 = zext i5 %select_ln220 to i10" [imageprosseing/imgpro.c:220]   --->   Operation 49 'zext' 'zext_ln220' <Predicate = (!icmp_ln214)> <Delay = 0.00>
ST_3 : Operation 50 [1/1] (1.73ns) (out node of the LUT)   --->   "%add_ln220_1 = add i10 %phi_mul, %zext_ln220" [imageprosseing/imgpro.c:220]   --->   Operation 50 'add' 'add_ln220_1' <Predicate = (!icmp_ln214)> <Delay = 1.73> <Core = "AddSub">   --->   Core 14 'AddSub' <Latency = 0> <II = 1> <Delay = 1.78> <FuncUnit> <Opcode : 'add' 'sub'> <InPorts = 2> <OutPorts = 1>
ST_3 : Operation 51 [1/1] (1.73ns)   --->   "%add_ln220 = add i10 %zext_ln214, %phi_mul1" [imageprosseing/imgpro.c:220]   --->   Operation 51 'add' 'add_ln220' <Predicate = (!icmp_ln214)> <Delay = 1.73> <Core = "AddSub">   --->   Core 14 'AddSub' <Latency = 0> <II = 1> <Delay = 1.78> <FuncUnit> <Opcode : 'add' 'sub'> <InPorts = 2> <OutPorts = 1>
ST_3 : Operation 52 [1/1] (0.99ns)   --->   "%x = xor i32 %x_0, 1" [imageprosseing/imgpro.c:224]   --->   Operation 52 'xor' 'x' <Predicate = (icmp_ln214)> <Delay = 0.99> <Core = "LogicGate">   --->   Core 27 'LogicGate' <Latency = 0> <II = 1> <Delay = 0.99> <FuncUnit> <Opcode : 'and' 'or' 'xor'> <InPorts = 2> <OutPorts = 1>
ST_3 : Operation 53 [1/1] (0.00ns)   --->   "%empty_4 = call i32 (...)* @_ssdm_op_SpecRegionEnd([5 x i8]* @p_str6, i32 %tmp) nounwind" [imageprosseing/imgpro.c:225]   --->   Operation 53 'specregionend' 'empty_4' <Predicate = (icmp_ln214)> <Delay = 0.00>
ST_3 : Operation 54 [1/1] (0.00ns)   --->   "br label %1" [imageprosseing/imgpro.c:211]   --->   Operation 54 'br' <Predicate = (icmp_ln214)> <Delay = 0.00>

State 4 <SV = 3> <Delay = 6.50>
ST_4 : Operation 55 [1/2] (3.25ns)   --->   "%as_load = load i32* %as_addr, align 4" [imageprosseing/imgpro.c:218]   --->   Operation 55 'load' 'as_load' <Predicate = true> <Delay = 3.25> <Core = "RAM">   --->   Core 37 'RAM' <Latency = 1> <II = 1> <Delay = 3.25> <Storage> <Opcode : 'load' 'store'> <Ports = 2> <Width = 32> <Depth = 625> <RAM>
ST_4 : Operation 56 [1/1] (0.00ns)   --->   "%zext_ln218_1 = zext i10 %k_1 to i64" [imageprosseing/imgpro.c:218]   --->   Operation 56 'zext' 'zext_ln218_1' <Predicate = true> <Delay = 0.00>
ST_4 : Operation 57 [1/1] (0.00ns)   --->   "%odoarr_addr_2 = getelementptr inbounds [625 x i32]* %odoarr, i64 0, i64 %zext_ln218_1" [imageprosseing/imgpro.c:218]   --->   Operation 57 'getelementptr' 'odoarr_addr_2' <Predicate = true> <Delay = 0.00>
ST_4 : Operation 58 [1/1] (3.25ns)   --->   "store i32 %as_load, i32* %odoarr_addr_2, align 4" [imageprosseing/imgpro.c:218]   --->   Operation 58 'store' <Predicate = true> <Delay = 3.25> <Core = "RAM">   --->   Core 37 'RAM' <Latency = 1> <II = 1> <Delay = 3.25> <Storage> <Opcode : 'load' 'store'> <Ports = 2> <Width = 32> <Depth = 625> <RAM>
ST_4 : Operation 59 [1/1] (1.73ns)   --->   "%add_ln219 = add i10 %k_1, 1" [imageprosseing/imgpro.c:219]   --->   Operation 59 'add' 'add_ln219' <Predicate = true> <Delay = 1.73> <Core = "AddSub">   --->   Core 14 'AddSub' <Latency = 0> <II = 1> <Delay = 1.78> <FuncUnit> <Opcode : 'add' 'sub'> <InPorts = 2> <OutPorts = 1>
ST_4 : Operation 60 [1/1] (0.00ns)   --->   "%zext_ln220_2 = zext i10 %add_ln220_1 to i64" [imageprosseing/imgpro.c:220]   --->   Operation 60 'zext' 'zext_ln220_2' <Predicate = true> <Delay = 0.00>
ST_4 : Operation 61 [1/1] (0.00ns)   --->   "%as_addr_1 = getelementptr [625 x i32]* %as, i64 0, i64 %zext_ln220_2" [imageprosseing/imgpro.c:220]   --->   Operation 61 'getelementptr' 'as_addr_1' <Predicate = true> <Delay = 0.00>
ST_4 : Operation 62 [2/2] (3.25ns)   --->   "%as_load_1 = load i32* %as_addr_1, align 4" [imageprosseing/imgpro.c:220]   --->   Operation 62 'load' 'as_load_1' <Predicate = true> <Delay = 3.25> <Core = "RAM">   --->   Core 37 'RAM' <Latency = 1> <II = 1> <Delay = 3.25> <Storage> <Opcode : 'load' 'store'> <Ports = 2> <Width = 32> <Depth = 625> <RAM>

State 5 <SV = 4> <Delay = 6.50>
ST_5 : Operation 63 [1/1] (0.00ns)   --->   "call void (...)* @_ssdm_op_SpecLoopName([5 x i8]* @p_str7) nounwind" [imageprosseing/imgpro.c:215]   --->   Operation 63 'specloopname' <Predicate = true> <Delay = 0.00>
ST_5 : Operation 64 [1/2] (3.25ns)   --->   "%as_load_1 = load i32* %as_addr_1, align 4" [imageprosseing/imgpro.c:220]   --->   Operation 64 'load' 'as_load_1' <Predicate = true> <Delay = 3.25> <Core = "RAM">   --->   Core 37 'RAM' <Latency = 1> <II = 1> <Delay = 3.25> <Storage> <Opcode : 'load' 'store'> <Ports = 2> <Width = 32> <Depth = 625> <RAM>
ST_5 : Operation 65 [1/1] (0.00ns)   --->   "%zext_ln220_1 = zext i10 %add_ln220 to i64" [imageprosseing/imgpro.c:220]   --->   Operation 65 'zext' 'zext_ln220_1' <Predicate = true> <Delay = 0.00>
ST_5 : Operation 66 [1/1] (0.00ns)   --->   "%odoarr_addr_3 = getelementptr inbounds [625 x i32]* %odoarr, i64 0, i64 %zext_ln220_1" [imageprosseing/imgpro.c:220]   --->   Operation 66 'getelementptr' 'odoarr_addr_3' <Predicate = true> <Delay = 0.00>
ST_5 : Operation 67 [1/1] (3.25ns)   --->   "store i32 %as_load_1, i32* %odoarr_addr_3, align 4" [imageprosseing/imgpro.c:220]   --->   Operation 67 'store' <Predicate = true> <Delay = 3.25> <Core = "RAM">   --->   Core 37 'RAM' <Latency = 1> <II = 1> <Delay = 3.25> <Storage> <Opcode : 'load' 'store'> <Ports = 2> <Width = 32> <Depth = 625> <RAM>
ST_5 : Operation 68 [1/1] (0.00ns)   --->   "br label %2" [imageprosseing/imgpro.c:214]   --->   Operation 68 'br' <Predicate = true> <Delay = 0.00>

State 6 <SV = 2> <Delay = 4.98>
ST_6 : Operation 69 [1/1] (0.00ns)   --->   "%i_1 = phi i10 [ 0, %.preheader.preheader ], [ %i, %.preheader.backedge ]"   --->   Operation 69 'phi' 'i_1' <Predicate = true> <Delay = 0.00>
ST_6 : Operation 70 [1/1] (0.00ns)   --->   "%zext_ln228 = zext i10 %i_1 to i11" [imageprosseing/imgpro.c:228]   --->   Operation 70 'zext' 'zext_ln228' <Predicate = true> <Delay = 0.00>
ST_6 : Operation 71 [1/1] (1.77ns)   --->   "%icmp_ln228 = icmp eq i10 %i_1, -399" [imageprosseing/imgpro.c:228]   --->   Operation 71 'icmp' 'icmp_ln228' <Predicate = true> <Delay = 1.77> <Core = "Cmp">   --->   Core 25 'Cmp' <Latency = 0> <II = 1> <Delay = 2.47> <FuncUnit> <Opcode : 'icmp'> <InPorts = 2> <OutPorts = 1>
ST_6 : Operation 72 [1/1] (0.00ns)   --->   "%empty_5 = call i32 (...)* @_ssdm_op_SpecLoopTripCount(i64 625, i64 625, i64 625) nounwind"   --->   Operation 72 'speclooptripcount' 'empty_5' <Predicate = true> <Delay = 0.00>
ST_6 : Operation 73 [1/1] (1.73ns)   --->   "%i = add i10 %i_1, 1" [imageprosseing/imgpro.c:232]   --->   Operation 73 'add' 'i' <Predicate = true> <Delay = 1.73> <Core = "AddSub">   --->   Core 14 'AddSub' <Latency = 0> <II = 1> <Delay = 1.78> <FuncUnit> <Opcode : 'add' 'sub'> <InPorts = 2> <OutPorts = 1>
ST_6 : Operation 74 [1/1] (0.00ns)   --->   "br i1 %icmp_ln228, label %7, label %4" [imageprosseing/imgpro.c:228]   --->   Operation 74 'br' <Predicate = true> <Delay = 0.00>
ST_6 : Operation 75 [1/1] (0.00ns)   --->   "%zext_ln232 = zext i10 %i to i64" [imageprosseing/imgpro.c:232]   --->   Operation 75 'zext' 'zext_ln232' <Predicate = (!icmp_ln228)> <Delay = 0.00>
ST_6 : Operation 76 [1/1] (0.00ns)   --->   "%odoarr_addr = getelementptr inbounds [625 x i32]* %odoarr, i64 0, i64 %zext_ln232" [imageprosseing/imgpro.c:232]   --->   Operation 76 'getelementptr' 'odoarr_addr' <Predicate = (!icmp_ln228)> <Delay = 0.00>
ST_6 : Operation 77 [2/2] (3.25ns)   --->   "%odoarr_load = load i32* %odoarr_addr, align 4" [imageprosseing/imgpro.c:232]   --->   Operation 77 'load' 'odoarr_load' <Predicate = (!icmp_ln228)> <Delay = 3.25> <Core = "RAM">   --->   Core 37 'RAM' <Latency = 1> <II = 1> <Delay = 3.25> <Storage> <Opcode : 'load' 'store'> <Ports = 2> <Width = 32> <Depth = 625> <RAM>
ST_6 : Operation 78 [1/1] (0.00ns)   --->   "%zext_ln232_1 = zext i10 %i_1 to i64" [imageprosseing/imgpro.c:232]   --->   Operation 78 'zext' 'zext_ln232_1' <Predicate = (!icmp_ln228)> <Delay = 0.00>
ST_6 : Operation 79 [1/1] (0.00ns)   --->   "%odoarr_addr_1 = getelementptr inbounds [625 x i32]* %odoarr, i64 0, i64 %zext_ln232_1" [imageprosseing/imgpro.c:232]   --->   Operation 79 'getelementptr' 'odoarr_addr_1' <Predicate = (!icmp_ln228)> <Delay = 0.00>
ST_6 : Operation 80 [2/2] (3.25ns)   --->   "%odoarr_load_1 = load i32* %odoarr_addr_1, align 4" [imageprosseing/imgpro.c:232]   --->   Operation 80 'load' 'odoarr_load_1' <Predicate = (!icmp_ln228)> <Delay = 3.25> <Core = "RAM">   --->   Core 37 'RAM' <Latency = 1> <II = 1> <Delay = 3.25> <Storage> <Opcode : 'load' 'store'> <Ports = 2> <Width = 32> <Depth = 625> <RAM>
ST_6 : Operation 81 [1/1] (0.00ns)   --->   "ret void" [imageprosseing/imgpro.c:274]   --->   Operation 81 'ret' <Predicate = (icmp_ln228)> <Delay = 0.00>

State 7 <SV = 3> <Delay = 5.72>
ST_7 : Operation 82 [1/1] (0.00ns)   --->   "call void (...)* @_ssdm_op_SpecLoopName([4 x i8]* @p_str) nounwind" [imageprosseing/imgpro.c:229]   --->   Operation 82 'specloopname' <Predicate = true> <Delay = 0.00>
ST_7 : Operation 83 [1/2] (3.25ns)   --->   "%odoarr_load = load i32* %odoarr_addr, align 4" [imageprosseing/imgpro.c:232]   --->   Operation 83 'load' 'odoarr_load' <Predicate = true> <Delay = 3.25> <Core = "RAM">   --->   Core 37 'RAM' <Latency = 1> <II = 1> <Delay = 3.25> <Storage> <Opcode : 'load' 'store'> <Ports = 2> <Width = 32> <Depth = 625> <RAM>
ST_7 : Operation 84 [1/2] (3.25ns)   --->   "%odoarr_load_1 = load i32* %odoarr_addr_1, align 4" [imageprosseing/imgpro.c:232]   --->   Operation 84 'load' 'odoarr_load_1' <Predicate = true> <Delay = 3.25> <Core = "RAM">   --->   Core 37 'RAM' <Latency = 1> <II = 1> <Delay = 3.25> <Storage> <Opcode : 'load' 'store'> <Ports = 2> <Width = 32> <Depth = 625> <RAM>
ST_7 : Operation 85 [1/1] (2.47ns)   --->   "%icmp_ln232 = icmp eq i32 %odoarr_load, %odoarr_load_1" [imageprosseing/imgpro.c:232]   --->   Operation 85 'icmp' 'icmp_ln232' <Predicate = true> <Delay = 2.47> <Core = "Cmp">   --->   Core 25 'Cmp' <Latency = 0> <II = 1> <Delay = 2.47> <FuncUnit> <Opcode : 'icmp'> <InPorts = 2> <OutPorts = 1>
ST_7 : Operation 86 [1/1] (0.00ns)   --->   "%count_1_load = load i32* %count_1" [imageprosseing/imgpro.c:234]   --->   Operation 86 'load' 'count_1_load' <Predicate = true> <Delay = 0.00>
ST_7 : Operation 87 [1/1] (0.00ns)   --->   "br i1 %icmp_ln232, label %5, label %6" [imageprosseing/imgpro.c:232]   --->   Operation 87 'br' <Predicate = true> <Delay = 0.00>
ST_7 : Operation 88 [1/1] (1.73ns)   --->   "%add_ln237 = add i11 %zext_ln228, -1" [imageprosseing/imgpro.c:237]   --->   Operation 88 'add' 'add_ln237' <Predicate = (!icmp_ln232)> <Delay = 1.73> <Core = "AddSub">   --->   Core 14 'AddSub' <Latency = 0> <II = 1> <Delay = 1.78> <FuncUnit> <Opcode : 'add' 'sub'> <InPorts = 2> <OutPorts = 1>
ST_7 : Operation 89 [1/1] (0.00ns)   --->   "%sext_ln237 = sext i11 %add_ln237 to i64" [imageprosseing/imgpro.c:237]   --->   Operation 89 'sext' 'sext_ln237' <Predicate = (!icmp_ln232)> <Delay = 0.00>
ST_7 : Operation 90 [1/1] (0.00ns)   --->   "%odoarr_addr_4 = getelementptr inbounds [625 x i32]* %odoarr, i64 0, i64 %sext_ln237" [imageprosseing/imgpro.c:237]   --->   Operation 90 'getelementptr' 'odoarr_addr_4' <Predicate = (!icmp_ln232)> <Delay = 0.00>
ST_7 : Operation 91 [2/2] (3.25ns)   --->   "%odoarr_load_2 = load i32* %odoarr_addr_4, align 4" [imageprosseing/imgpro.c:237]   --->   Operation 91 'load' 'odoarr_load_2' <Predicate = (!icmp_ln232)> <Delay = 3.25> <Core = "RAM">   --->   Core 37 'RAM' <Latency = 1> <II = 1> <Delay = 3.25> <Storage> <Opcode : 'load' 'store'> <Ports = 2> <Width = 32> <Depth = 625> <RAM>
ST_7 : Operation 92 [1/1] (2.55ns)   --->   "%count = add nsw i32 %count_1_load, 1" [imageprosseing/imgpro.c:234]   --->   Operation 92 'add' 'count' <Predicate = (icmp_ln232)> <Delay = 2.55> <Core = "AddSub">   --->   Core 14 'AddSub' <Latency = 0> <II = 1> <Delay = 1.78> <FuncUnit> <Opcode : 'add' 'sub'> <InPorts = 2> <OutPorts = 1>
ST_7 : Operation 93 [1/1] (1.81ns)   --->   "store i32 %count, i32* %count_1" [imageprosseing/imgpro.c:236]   --->   Operation 93 'store' <Predicate = (icmp_ln232)> <Delay = 1.81>
ST_7 : Operation 94 [1/1] (0.00ns)   --->   "br label %.preheader.backedge" [imageprosseing/imgpro.c:236]   --->   Operation 94 'br' <Predicate = (icmp_ln232)> <Delay = 0.00>

State 8 <SV = 4> <Delay = 8.23>
ST_8 : Operation 95 [1/2] (3.25ns)   --->   "%odoarr_load_2 = load i32* %odoarr_addr_4, align 4" [imageprosseing/imgpro.c:237]   --->   Operation 95 'load' 'odoarr_load_2' <Predicate = true> <Delay = 3.25> <Core = "RAM">   --->   Core 37 'RAM' <Latency = 1> <II = 1> <Delay = 3.25> <Storage> <Opcode : 'load' 'store'> <Ports = 2> <Width = 32> <Depth = 625> <RAM>
ST_8 : Operation 96 [1/1] (2.47ns)   --->   "%icmp_ln237 = icmp eq i32 %odoarr_load_2, %odoarr_load_1" [imageprosseing/imgpro.c:237]   --->   Operation 96 'icmp' 'icmp_ln237' <Predicate = true> <Delay = 2.47> <Core = "Cmp">   --->   Core 25 'Cmp' <Latency = 0> <II = 1> <Delay = 2.47> <FuncUnit> <Opcode : 'icmp'> <InPorts = 2> <OutPorts = 1>
ST_8 : Operation 97 [1/1] (0.69ns)   --->   "%select_ln243 = select i1 %icmp_ln237, i32 %count_1_load, i32 1" [imageprosseing/imgpro.c:243]   --->   Operation 97 'select' 'select_ln243' <Predicate = true> <Delay = 0.69> <Core = "Sel">   --->   Core 26 'Sel' <Latency = 0> <II = 1> <Delay = 0.69> <FuncUnit> <Opcode : 'select'> <InPorts = 3> <OutPorts = 1>
ST_8 : Operation 98 [1/1] (1.81ns)   --->   "store i32 %select_ln243, i32* %count_1" [imageprosseing/imgpro.c:243]   --->   Operation 98 'store' <Predicate = true> <Delay = 1.81>

State 9 <SV = 5> <Delay = 5.80>
ST_9 : Operation 99 [1/1] (0.00ns)   --->   "%cp_1_load = load i32* %cp_1" [imageprosseing/imgpro.c:242]   --->   Operation 99 'load' 'cp_1_load' <Predicate = (!icmp_ln232)> <Delay = 0.00>
ST_9 : Operation 100 [1/1] (0.00ns)   --->   "%sext_ln240 = sext i32 %cp_1_load to i64" [imageprosseing/imgpro.c:240]   --->   Operation 100 'sext' 'sext_ln240' <Predicate = (!icmp_ln232)> <Delay = 0.00>
ST_9 : Operation 101 [1/1] (0.00ns)   --->   "%bs_addr = getelementptr [625 x i32]* %bs, i64 0, i64 %sext_ln240" [imageprosseing/imgpro.c:240]   --->   Operation 101 'getelementptr' 'bs_addr' <Predicate = (!icmp_ln232)> <Delay = 0.00>
ST_9 : Operation 102 [1/1] (3.25ns)   --->   "store i32 %odoarr_load_1, i32* %bs_addr, align 4" [imageprosseing/imgpro.c:240]   --->   Operation 102 'store' <Predicate = (!icmp_ln232)> <Delay = 3.25> <Core = "RAM">   --->   Core 37 'RAM' <Latency = 1> <II = 1> <Delay = 3.25> <Storage> <Opcode : 'load' 'store'> <Ports = 2> <Width = 32> <Depth = 625> <RAM>
ST_9 : Operation 103 [1/1] (2.55ns)   --->   "%add_ln241 = add nsw i32 %cp_1_load, 1" [imageprosseing/imgpro.c:241]   --->   Operation 103 'add' 'add_ln241' <Predicate = (!icmp_ln232)> <Delay = 2.55> <Core = "AddSub">   --->   Core 14 'AddSub' <Latency = 0> <II = 1> <Delay = 1.78> <FuncUnit> <Opcode : 'add' 'sub'> <InPorts = 2> <OutPorts = 1>
ST_9 : Operation 104 [1/1] (0.00ns)   --->   "%sext_ln241 = sext i32 %add_ln241 to i64" [imageprosseing/imgpro.c:241]   --->   Operation 104 'sext' 'sext_ln241' <Predicate = (!icmp_ln232)> <Delay = 0.00>
ST_9 : Operation 105 [1/1] (0.00ns)   --->   "%bs_addr_1 = getelementptr [625 x i32]* %bs, i64 0, i64 %sext_ln241" [imageprosseing/imgpro.c:241]   --->   Operation 105 'getelementptr' 'bs_addr_1' <Predicate = (!icmp_ln232)> <Delay = 0.00>
ST_9 : Operation 106 [1/1] (3.25ns)   --->   "store i32 %select_ln243, i32* %bs_addr_1, align 4" [imageprosseing/imgpro.c:241]   --->   Operation 106 'store' <Predicate = (!icmp_ln232)> <Delay = 3.25> <Core = "RAM">   --->   Core 37 'RAM' <Latency = 1> <II = 1> <Delay = 3.25> <Storage> <Opcode : 'load' 'store'> <Ports = 2> <Width = 32> <Depth = 625> <RAM>
ST_9 : Operation 107 [1/1] (2.55ns)   --->   "%cp = add nsw i32 %cp_1_load, 2" [imageprosseing/imgpro.c:242]   --->   Operation 107 'add' 'cp' <Predicate = (!icmp_ln232)> <Delay = 2.55> <Core = "AddSub">   --->   Core 14 'AddSub' <Latency = 0> <II = 1> <Delay = 1.78> <FuncUnit> <Opcode : 'add' 'sub'> <InPorts = 2> <OutPorts = 1>
ST_9 : Operation 108 [1/1] (1.76ns)   --->   "store i32 %cp, i32* %cp_1" [imageprosseing/imgpro.c:242]   --->   Operation 108 'store' <Predicate = (!icmp_ln232)> <Delay = 1.76>
ST_9 : Operation 109 [1/1] (0.00ns)   --->   "br label %.preheader.backedge"   --->   Operation 109 'br' <Predicate = (!icmp_ln232)> <Delay = 0.00>
ST_9 : Operation 110 [1/1] (0.00ns)   --->   "br label %.preheader"   --->   Operation 110 'br' <Predicate = true> <Delay = 0.00>


============================================================
+ Verbose Summary: Binding
============================================================
STG Binding: 
---------------- STG Properties BEGIN ----------------
- Is combinational: 0
- Is one-state seq: 0
- Is datapath-only: 0
- Is pipelined: 0
- Is top level: 1
Port [ Return ] is wired: 1; IO mode=ap_ctrl_hs:ce=0
Port [ as]:  wired=1; compound=1; hidden=0; nouse=0; global=0; static=0; extern=0; dir=0; type=1; pingpong=0; private_global=0; MemPort=[13]; IO mode=ap_memory:ce=0
Port [ bs]:  wired=1; compound=1; hidden=0; nouse=0; global=0; static=0; extern=0; dir=1; type=1; pingpong=0; private_global=0; MemPort=[00]; IO mode=ap_memory:ce=0
---------------- STG Properties END ------------------

---------------- Datapath Model BEGIN ----------------

<LifeTime>
<method=bitvector/>
specbitsmap_ln0    (specbitsmap      ) [ 0000000000]
specbitsmap_ln0    (specbitsmap      ) [ 0000000000]
spectopmodule_ln0  (spectopmodule    ) [ 0000000000]
odoarr             (alloca           ) [ 0011111111]
br_ln211           (br               ) [ 0111110000]
k_0                (phi              ) [ 0011110000]
i_0                (phi              ) [ 0010000000]
x_0                (phi              ) [ 0011110000]
phi_mul            (phi              ) [ 0011110000]
phi_mul1           (phi              ) [ 0011110000]
add_ln220_2        (add              ) [ 0111110000]
add_ln220_3        (add              ) [ 0111110000]
icmp_ln211         (icmp             ) [ 0011110000]
empty              (speclooptripcount) [ 0000000000]
i_2                (add              ) [ 0111110000]
br_ln211           (br               ) [ 0000000000]
specloopname_ln212 (specloopname     ) [ 0000000000]
tmp                (specregionbegin  ) [ 0001110000]
k                  (add              ) [ 0111110000]
icmp_ln220         (icmp             ) [ 0001110000]
br_ln214           (br               ) [ 0011110000]
count_1            (alloca           ) [ 0011111111]
cp_1               (alloca           ) [ 0011111111]
store_ln228        (store            ) [ 0000000000]
store_ln228        (store            ) [ 0000000000]
br_ln228           (br               ) [ 0011111111]
k_1                (phi              ) [ 0001100000]
j_0                (phi              ) [ 0001000000]
zext_ln214         (zext             ) [ 0000000000]
icmp_ln214         (icmp             ) [ 0011110000]
empty_3            (speclooptripcount) [ 0000000000]
j                  (add              ) [ 0011110000]
br_ln214           (br               ) [ 0000000000]
add_ln218          (add              ) [ 0000000000]
zext_ln218         (zext             ) [ 0000000000]
as_addr            (getelementptr    ) [ 0000100000]
sub_ln220          (sub              ) [ 0000000000]
select_ln220       (select           ) [ 0000000000]
zext_ln220         (zext             ) [ 0000000000]
add_ln220_1        (add              ) [ 0000100000]
add_ln220          (add              ) [ 0000110000]
x                  (xor              ) [ 0111110000]
empty_4            (specregionend    ) [ 0000000000]
br_ln211           (br               ) [ 0111110000]
as_load            (load             ) [ 0000000000]
zext_ln218_1       (zext             ) [ 0000000000]
odoarr_addr_2      (getelementptr    ) [ 0000000000]
store_ln218        (store            ) [ 0000000000]
add_ln219          (add              ) [ 0011010000]
zext_ln220_2       (zext             ) [ 0000000000]
as_addr_1          (getelementptr    ) [ 0000010000]
specloopname_ln215 (specloopname     ) [ 0000000000]
as_load_1          (load             ) [ 0000000000]
zext_ln220_1       (zext             ) [ 0000000000]
odoarr_addr_3      (getelementptr    ) [ 0000000000]
store_ln220        (store            ) [ 0000000000]
br_ln214           (br               ) [ 0011110000]
i_1                (phi              ) [ 0000001000]
zext_ln228         (zext             ) [ 0000000100]
icmp_ln228         (icmp             ) [ 0000001111]
empty_5            (speclooptripcount) [ 0000000000]
i                  (add              ) [ 0010001111]
br_ln228           (br               ) [ 0000000000]
zext_ln232         (zext             ) [ 0000000000]
odoarr_addr        (getelementptr    ) [ 0000000100]
zext_ln232_1       (zext             ) [ 0000000000]
odoarr_addr_1      (getelementptr    ) [ 0000000100]
ret_ln274          (ret              ) [ 0000000000]
specloopname_ln229 (specloopname     ) [ 0000000000]
odoarr_load        (load             ) [ 0000000000]
odoarr_load_1      (load             ) [ 0000000011]
icmp_ln232         (icmp             ) [ 0000001111]
count_1_load       (load             ) [ 0000000010]
br_ln232           (br               ) [ 0000000000]
add_ln237          (add              ) [ 0000000000]
sext_ln237         (sext             ) [ 0000000000]
odoarr_addr_4      (getelementptr    ) [ 0000000010]
count              (add              ) [ 0000000000]
store_ln236        (store            ) [ 0000000000]
br_ln236           (br               ) [ 0000000000]
odoarr_load_2      (load             ) [ 0000000000]
icmp_ln237         (icmp             ) [ 0000000000]
select_ln243       (select           ) [ 0000001101]
store_ln243        (store            ) [ 0000000000]
cp_1_load          (load             ) [ 0000000000]
sext_ln240         (sext             ) [ 0000000000]
bs_addr            (getelementptr    ) [ 0000000000]
store_ln240        (store            ) [ 0000000000]
add_ln241          (add              ) [ 0000000000]
sext_ln241         (sext             ) [ 0000000000]
bs_addr_1          (getelementptr    ) [ 0000000000]
store_ln241        (store            ) [ 0000000000]
cp                 (add              ) [ 0000000000]
store_ln242        (store            ) [ 0000000000]
br_ln0             (br               ) [ 0000000000]
br_ln0             (br               ) [ 0010001111]
</LifeTime>

<model>

<comp_list>
<comp id="0" class="1000" name="as">
<pin_list>
<pin id="1" dir="1" index="0" bw="1" slack="0"/>
</pin_list>
<bind>
<StgValue><ssdm name="as"/><MemPortTyVec>1 3 </MemPortTyVec>
</StgValue>
</bind>
</comp>

<comp id="2" class="1000" name="bs">
<pin_list>
<pin id="3" dir="1" index="0" bw="1" slack="0"/>
</pin_list>
<bind>
<StgValue><ssdm name="bs"/><MemPortTyVec>0 0 </MemPortTyVec>
</StgValue>
</bind>
</comp>

<comp id="4" class="1001" name="const_4">
<pin_list>
<pin id="5" dir="1" index="0" bw="1" slack="2147483647"/>
</pin_list>
<bind>
<StgValue><ssdm name="_ssdm_op_SpecBitsMap"/></StgValue>
</bind>
</comp>

<comp id="6" class="1001" name="const_6">
<pin_list>
<pin id="7" dir="1" index="0" bw="1" slack="2147483647"/>
</pin_list>
<bind>
<StgValue><ssdm name="_ssdm_op_SpecTopModule"/></StgValue>
</bind>
</comp>

<comp id="8" class="1001" name="const_8">
<pin_list>
<pin id="9" dir="1" index="0" bw="1" slack="2147483647"/>
</pin_list>
<bind>
<StgValue><ssdm name="compressf_str"/></StgValue>
</bind>
</comp>

<comp id="10" class="1001" name="const_10">
<pin_list>
<pin id="11" dir="1" index="0" bw="1" slack="0"/>
</pin_list>
<bind>
<StgValue><ssdm name=""/></StgValue>
</bind>
</comp>

<comp id="12" class="1001" name="const_12">
<pin_list>
<pin id="13" dir="1" index="0" bw="1" slack="1"/>
</pin_list>
<bind>
<StgValue><ssdm name=""/></StgValue>
</bind>
</comp>

<comp id="14" class="1001" name="const_14">
<pin_list>
<pin id="15" dir="1" index="0" bw="1" slack="1"/>
</pin_list>
<bind>
<StgValue><ssdm name=""/></StgValue>
</bind>
</comp>

<comp id="16" class="1001" name="const_16">
<pin_list>
<pin id="17" dir="1" index="0" bw="1" slack="0"/>
</pin_list>
<bind>
<StgValue><ssdm name=""/></StgValue>
</bind>
</comp>

<comp id="18" class="1001" name="const_18">
<pin_list>
<pin id="19" dir="1" index="0" bw="1" slack="0"/>
</pin_list>
<bind>
<StgValue><ssdm name=""/></StgValue>
</bind>
</comp>

<comp id="20" class="1001" name="const_20">
<pin_list>
<pin id="21" dir="1" index="0" bw="1" slack="0"/>
</pin_list>
<bind>
<StgValue><ssdm name=""/></StgValue>
</bind>
</comp>

<comp id="22" class="1001" name="const_22">
<pin_list>
<pin id="23" dir="1" index="0" bw="1" slack="2147483647"/>
</pin_list>
<bind>
<StgValue><ssdm name="_ssdm_op_SpecLoopTripCount"/></StgValue>
</bind>
</comp>

<comp id="24" class="1001" name="const_24">
<pin_list>
<pin id="25" dir="1" index="0" bw="1" slack="2147483647"/>
</pin_list>
<bind>
<StgValue><ssdm name=""/></StgValue>
</bind>
</comp>

<comp id="26" class="1001" name="const_26">
<pin_list>
<pin id="27" dir="1" index="0" bw="1" slack="0"/>
</pin_list>
<bind>
<StgValue><ssdm name=""/></StgValue>
</bind>
</comp>

<comp id="28" class="1001" name="const_28">
<pin_list>
<pin id="29" dir="1" index="0" bw="1" slack="2147483647"/>
</pin_list>
<bind>
<StgValue><ssdm name="_ssdm_op_SpecLoopName"/></StgValue>
</bind>
</comp>

<comp id="30" class="1001" name="const_30">
<pin_list>
<pin id="31" dir="1" index="0" bw="1" slack="2147483647"/>
</pin_list>
<bind>
<StgValue><ssdm name="p_str6"/></StgValue>
</bind>
</comp>

<comp id="32" class="1001" name="const_32">
<pin_list>
<pin id="33" dir="1" index="0" bw="1" slack="2147483647"/>
</pin_list>
<bind>
<StgValue><ssdm name="_ssdm_op_SpecRegionBegin"/></StgValue>
</bind>
</comp>

<comp id="34" class="1001" name="const_34">
<pin_list>
<pin id="35" dir="1" index="0" bw="1" slack="0"/>
</pin_list>
<bind>
<StgValue><ssdm name=""/></StgValue>
</bind>
</comp>

<comp id="36" class="1001" name="const_36">
<pin_list>
<pin id="37" dir="1" index="0" bw="1" slack="0"/>
</pin_list>
<bind>
<StgValue><ssdm name=""/></StgValue>
</bind>
</comp>

<comp id="38" class="1001" name="const_38">
<pin_list>
<pin id="39" dir="1" index="0" bw="1" slack="0"/>
</pin_list>
<bind>
<StgValue><ssdm name=""/></StgValue>
</bind>
</comp>

<comp id="40" class="1001" name="const_40">
<pin_list>
<pin id="41" dir="1" index="0" bw="1" slack="2147483647"/>
</pin_list>
<bind>
<StgValue><ssdm name="_ssdm_op_SpecRegionEnd"/></StgValue>
</bind>
</comp>

<comp id="42" class="1001" name="const_42">
<pin_list>
<pin id="43" dir="1" index="0" bw="1" slack="0"/>
</pin_list>
<bind>
<StgValue><ssdm name=""/></StgValue>
</bind>
</comp>

<comp id="44" class="1001" name="const_44">
<pin_list>
<pin id="45" dir="1" index="0" bw="1" slack="2147483647"/>
</pin_list>
<bind>
<StgValue><ssdm name="p_str7"/></StgValue>
</bind>
</comp>

<comp id="46" class="1001" name="const_46">
<pin_list>
<pin id="47" dir="1" index="0" bw="1" slack="0"/>
</pin_list>
<bind>
<StgValue><ssdm name=""/></StgValue>
</bind>
</comp>

<comp id="48" class="1001" name="const_48">
<pin_list>
<pin id="49" dir="1" index="0" bw="1" slack="2147483647"/>
</pin_list>
<bind>
<StgValue><ssdm name=""/></StgValue>
</bind>
</comp>

<comp id="50" class="1001" name="const_50">
<pin_list>
<pin id="51" dir="1" index="0" bw="1" slack="2147483647"/>
</pin_list>
<bind>
<StgValue><ssdm name="p_str"/></StgValue>
</bind>
</comp>

<comp id="52" class="1001" name="const_52">
<pin_list>
<pin id="53" dir="1" index="0" bw="1" slack="0"/>
</pin_list>
<bind>
<StgValue><ssdm name=""/></StgValue>
</bind>
</comp>

<comp id="54" class="1001" name="const_54">
<pin_list>
<pin id="55" dir="1" index="0" bw="1" slack="0"/>
</pin_list>
<bind>
<StgValue><ssdm name=""/></StgValue>
</bind>
</comp>

<comp id="56" class="1004" name="odoarr_alloca_fu_56">
<pin_list>
<pin id="57" dir="0" index="0" bw="1" slack="0"/>
<pin id="58" dir="1" index="1" bw="32" slack="2147483647"/>
</pin_list>
<bind>
<opcode="alloca(26) " fcode="alloca"/>
<opset="odoarr/1 "/>
</bind>
</comp>

<comp id="60" class="1004" name="count_1_fu_60">
<pin_list>
<pin id="61" dir="0" index="0" bw="1" slack="0"/>
<pin id="62" dir="1" index="1" bw="32" slack="0"/>
</pin_list>
<bind>
<opcode="alloca(26) " fcode="alloca"/>
<opset="count_1/2 "/>
</bind>
</comp>

<comp id="64" class="1004" name="cp_1_fu_64">
<pin_list>
<pin id="65" dir="0" index="0" bw="1" slack="0"/>
<pin id="66" dir="1" index="1" bw="32" slack="0"/>
</pin_list>
<bind>
<opcode="alloca(26) " fcode="alloca"/>
<opset="cp_1/2 "/>
</bind>
</comp>

<comp id="68" class="1004" name="as_addr_gep_fu_68">
<pin_list>
<pin id="69" dir="0" index="0" bw="32" slack="0"/>
<pin id="70" dir="0" index="1" bw="1" slack="0"/>
<pin id="71" dir="0" index="2" bw="10" slack="0"/>
<pin id="72" dir="1" index="3" bw="10" slack="0"/>
</pin_list>
<bind>
<opcode="getelementptr(29) " fcode="getelementptr"/>
<opset="as_addr/3 "/>
</bind>
</comp>

<comp id="75" class="1004" name="grp_access_fu_75">
<pin_list>
<pin id="76" dir="0" index="0" bw="10" slack="0"/>
<pin id="77" dir="0" index="1" bw="32" slack="2147483647"/>
<pin id="78" dir="0" index="2" bw="0" slack="2147483647"/>
<pin id="79" dir="1" index="3" bw="32" slack="0"/>
</pin_list>
<bind>
<opcode="load(27) " fcode="load"/>
<opset="as_load/3 as_load_1/4 "/>
</bind>
</comp>

<comp id="81" class="1004" name="odoarr_addr_2_gep_fu_81">
<pin_list>
<pin id="82" dir="0" index="0" bw="32" slack="2147483647"/>
<pin id="83" dir="0" index="1" bw="1" slack="0"/>
<pin id="84" dir="0" index="2" bw="10" slack="0"/>
<pin id="85" dir="1" index="3" bw="10" slack="0"/>
</pin_list>
<bind>
<opcode="getelementptr(29) " fcode="getelementptr"/>
<opset="odoarr_addr_2/4 "/>
</bind>
</comp>

<comp id="87" class="1004" name="grp_access_fu_87">
<pin_list>
<pin id="88" dir="0" index="0" bw="10" slack="0"/>
<pin id="89" dir="0" index="1" bw="32" slack="0"/>
<pin id="90" dir="0" index="2" bw="0" slack="0"/>
<pin id="122" dir="0" index="4" bw="10" slack="2147483647"/>
<pin id="123" dir="0" index="5" bw="32" slack="2147483647"/>
<pin id="124" dir="0" index="6" bw="0" slack="2147483647"/>
<pin id="91" dir="1" index="3" bw="32" slack="0"/>
<pin id="125" dir="1" index="7" bw="32" slack="0"/>
</pin_list>
<bind>
<opcode="load(27) store(28) " fcode="load"/>
<opset="store_ln218/4 store_ln220/5 odoarr_load/6 odoarr_load_1/6 odoarr_load_2/7 "/>
</bind>
</comp>

<comp id="94" class="1004" name="as_addr_1_gep_fu_94">
<pin_list>
<pin id="95" dir="0" index="0" bw="32" slack="0"/>
<pin id="96" dir="0" index="1" bw="1" slack="0"/>
<pin id="97" dir="0" index="2" bw="10" slack="0"/>
<pin id="98" dir="1" index="3" bw="10" slack="0"/>
</pin_list>
<bind>
<opcode="getelementptr(29) " fcode="getelementptr"/>
<opset="as_addr_1/4 "/>
</bind>
</comp>

<comp id="102" class="1004" name="odoarr_addr_3_gep_fu_102">
<pin_list>
<pin id="103" dir="0" index="0" bw="32" slack="2147483647"/>
<pin id="104" dir="0" index="1" bw="1" slack="0"/>
<pin id="105" dir="0" index="2" bw="10" slack="0"/>
<pin id="106" dir="1" index="3" bw="10" slack="0"/>
</pin_list>
<bind>
<opcode="getelementptr(29) " fcode="getelementptr"/>
<opset="odoarr_addr_3/5 "/>
</bind>
</comp>

<comp id="109" class="1004" name="odoarr_addr_gep_fu_109">
<pin_list>
<pin id="110" dir="0" index="0" bw="32" slack="2147483647"/>
<pin id="111" dir="0" index="1" bw="1" slack="0"/>
<pin id="112" dir="0" index="2" bw="10" slack="0"/>
<pin id="113" dir="1" index="3" bw="10" slack="0"/>
</pin_list>
<bind>
<opcode="getelementptr(29) " fcode="getelementptr"/>
<opset="odoarr_addr/6 "/>
</bind>
</comp>

<comp id="116" class="1004" name="odoarr_addr_1_gep_fu_116">
<pin_list>
<pin id="117" dir="0" index="0" bw="32" slack="2147483647"/>
<pin id="118" dir="0" index="1" bw="1" slack="0"/>
<pin id="119" dir="0" index="2" bw="10" slack="0"/>
<pin id="120" dir="1" index="3" bw="10" slack="0"/>
</pin_list>
<bind>
<opcode="getelementptr(29) " fcode="getelementptr"/>
<opset="odoarr_addr_1/6 "/>
</bind>
</comp>

<comp id="127" class="1004" name="odoarr_addr_4_gep_fu_127">
<pin_list>
<pin id="128" dir="0" index="0" bw="32" slack="2147483647"/>
<pin id="129" dir="0" index="1" bw="1" slack="0"/>
<pin id="130" dir="0" index="2" bw="11" slack="0"/>
<pin id="131" dir="1" index="3" bw="10" slack="0"/>
</pin_list>
<bind>
<opcode="getelementptr(29) " fcode="getelementptr"/>
<opset="odoarr_addr_4/7 "/>
</bind>
</comp>

<comp id="134" class="1004" name="bs_addr_gep_fu_134">
<pin_list>
<pin id="135" dir="0" index="0" bw="32" slack="0"/>
<pin id="136" dir="0" index="1" bw="1" slack="0"/>
<pin id="137" dir="0" index="2" bw="32" slack="0"/>
<pin id="138" dir="1" index="3" bw="10" slack="0"/>
</pin_list>
<bind>
<opcode="getelementptr(29) " fcode="getelementptr"/>
<opset="bs_addr/9 "/>
</bind>
</comp>

<comp id="141" class="1004" name="grp_access_fu_141">
<pin_list>
<pin id="142" dir="0" index="0" bw="10" slack="0"/>
<pin id="143" dir="0" index="1" bw="32" slack="2"/>
<pin id="144" dir="0" index="2" bw="0" slack="0"/>
<pin id="154" dir="0" index="4" bw="10" slack="1"/>
<pin id="155" dir="0" index="5" bw="32" slack="2147483647"/>
<pin id="156" dir="0" index="6" bw="0" slack="2147483647"/>
<pin id="145" dir="1" index="3" bw="32" slack="2147483647"/>
<pin id="157" dir="1" index="7" bw="32" slack="2147483647"/>
</pin_list>
<bind>
<opcode="store(28) " fcode="store"/>
<opset="store_ln240/9 store_ln241/9 "/>
</bind>
</comp>

<comp id="147" class="1004" name="bs_addr_1_gep_fu_147">
<pin_list>
<pin id="148" dir="0" index="0" bw="32" slack="0"/>
<pin id="149" dir="0" index="1" bw="1" slack="0"/>
<pin id="150" dir="0" index="2" bw="32" slack="0"/>
<pin id="151" dir="1" index="3" bw="10" slack="0"/>
</pin_list>
<bind>
<opcode="getelementptr(29) " fcode="getelementptr"/>
<opset="bs_addr_1/9 "/>
</bind>
</comp>

<comp id="159" class="1005" name="k_0_reg_159">
<pin_list>
<pin id="160" dir="0" index="0" bw="10" slack="1"/>
<pin id="161" dir="1" index="1" bw="10" slack="1"/>
</pin_list>
<bind>
<opset="k_0 (phireg) "/>
</bind>
</comp>

<comp id="163" class="1004" name="k_0_phi_fu_163">
<pin_list>
<pin id="164" dir="0" index="0" bw="1" slack="1"/>
<pin id="165" dir="0" index="1" bw="0" slack="2147483647"/>
<pin id="166" dir="0" index="2" bw="10" slack="0"/>
<pin id="167" dir="0" index="3" bw="0" slack="2147483647"/>
<pin id="168" dir="1" index="4" bw="10" slack="0"/>
</pin_list>
<bind>
<opcode="phi(47) " fcode="phi"/>
<opset="k_0/2 "/>
</bind>
</comp>

<comp id="171" class="1005" name="i_0_reg_171">
<pin_list>
<pin id="172" dir="0" index="0" bw="5" slack="1"/>
<pin id="173" dir="1" index="1" bw="5" slack="1"/>
</pin_list>
<bind>
<opset="i_0 (phireg) "/>
</bind>
</comp>

<comp id="175" class="1004" name="i_0_phi_fu_175">
<pin_list>
<pin id="176" dir="0" index="0" bw="1" slack="1"/>
<pin id="177" dir="0" index="1" bw="0" slack="2147483647"/>
<pin id="178" dir="0" index="2" bw="5" slack="0"/>
<pin id="179" dir="0" index="3" bw="0" slack="2147483647"/>
<pin id="180" dir="1" index="4" bw="5" slack="0"/>
</pin_list>
<bind>
<opcode="phi(47) " fcode="phi"/>
<opset="i_0/2 "/>
</bind>
</comp>

<comp id="182" class="1005" name="x_0_reg_182">
<pin_list>
<pin id="183" dir="0" index="0" bw="32" slack="1"/>
<pin id="184" dir="1" index="1" bw="32" slack="1"/>
</pin_list>
<bind>
<opset="x_0 (phireg) "/>
</bind>
</comp>

<comp id="186" class="1004" name="x_0_phi_fu_186">
<pin_list>
<pin id="187" dir="0" index="0" bw="1" slack="1"/>
<pin id="188" dir="0" index="1" bw="0" slack="2147483647"/>
<pin id="189" dir="0" index="2" bw="32" slack="1"/>
<pin id="190" dir="0" index="3" bw="0" slack="2147483647"/>
<pin id="191" dir="1" index="4" bw="32" slack="0"/>
</pin_list>
<bind>
<opcode="phi(47) " fcode="phi"/>
<opset="x_0/2 "/>
</bind>
</comp>

<comp id="194" class="1005" name="phi_mul_reg_194">
<pin_list>
<pin id="195" dir="0" index="0" bw="10" slack="1"/>
<pin id="196" dir="1" index="1" bw="10" slack="1"/>
</pin_list>
<bind>
<opset="phi_mul (phireg) "/>
</bind>
</comp>

<comp id="198" class="1004" name="phi_mul_phi_fu_198">
<pin_list>
<pin id="199" dir="0" index="0" bw="1" slack="1"/>
<pin id="200" dir="0" index="1" bw="0" slack="2147483647"/>
<pin id="201" dir="0" index="2" bw="10" slack="0"/>
<pin id="202" dir="0" index="3" bw="0" slack="2147483647"/>
<pin id="203" dir="1" index="4" bw="10" slack="0"/>
</pin_list>
<bind>
<opcode="phi(47) " fcode="phi"/>
<opset="phi_mul/2 "/>
</bind>
</comp>

<comp id="206" class="1005" name="phi_mul1_reg_206">
<pin_list>
<pin id="207" dir="0" index="0" bw="10" slack="1"/>
<pin id="208" dir="1" index="1" bw="10" slack="1"/>
</pin_list>
<bind>
<opset="phi_mul1 (phireg) "/>
</bind>
</comp>

<comp id="210" class="1004" name="phi_mul1_phi_fu_210">
<pin_list>
<pin id="211" dir="0" index="0" bw="1" slack="1"/>
<pin id="212" dir="0" index="1" bw="0" slack="2147483647"/>
<pin id="213" dir="0" index="2" bw="10" slack="0"/>
<pin id="214" dir="0" index="3" bw="0" slack="2147483647"/>
<pin id="215" dir="1" index="4" bw="10" slack="0"/>
</pin_list>
<bind>
<opcode="phi(47) " fcode="phi"/>
<opset="phi_mul1/2 "/>
</bind>
</comp>

<comp id="218" class="1005" name="k_1_reg_218">
<pin_list>
<pin id="219" dir="0" index="0" bw="10" slack="1"/>
<pin id="220" dir="1" index="1" bw="10" slack="1"/>
</pin_list>
<bind>
<opset="k_1 (phireg) "/>
</bind>
</comp>

<comp id="221" class="1004" name="k_1_phi_fu_221">
<pin_list>
<pin id="222" dir="0" index="0" bw="10" slack="1"/>
<pin id="223" dir="0" index="1" bw="0" slack="2147483647"/>
<pin id="224" dir="0" index="2" bw="10" slack="1"/>
<pin id="225" dir="0" index="3" bw="0" slack="2147483647"/>
<pin id="226" dir="1" index="4" bw="10" slack="1"/>
</pin_list>
<bind>
<opcode="phi(47) " fcode="phi"/>
<opset="k_1/3 "/>
</bind>
</comp>

<comp id="229" class="1005" name="j_0_reg_229">
<pin_list>
<pin id="230" dir="0" index="0" bw="5" slack="1"/>
<pin id="231" dir="1" index="1" bw="5" slack="1"/>
</pin_list>
<bind>
<opset="j_0 (phireg) "/>
</bind>
</comp>

<comp id="233" class="1004" name="j_0_phi_fu_233">
<pin_list>
<pin id="234" dir="0" index="0" bw="1" slack="1"/>
<pin id="235" dir="0" index="1" bw="0" slack="2147483647"/>
<pin id="236" dir="0" index="2" bw="5" slack="0"/>
<pin id="237" dir="0" index="3" bw="0" slack="2147483647"/>
<pin id="238" dir="1" index="4" bw="5" slack="0"/>
</pin_list>
<bind>
<opcode="phi(47) " fcode="phi"/>
<opset="j_0/3 "/>
</bind>
</comp>

<comp id="240" class="1005" name="i_1_reg_240">
<pin_list>
<pin id="241" dir="0" index="0" bw="10" slack="1"/>
<pin id="242" dir="1" index="1" bw="10" slack="1"/>
</pin_list>
<bind>
<opset="i_1 (phireg) "/>
</bind>
</comp>

<comp id="244" class="1004" name="i_1_phi_fu_244">
<pin_list>
<pin id="245" dir="0" index="0" bw="1" slack="1"/>
<pin id="246" dir="0" index="1" bw="0" slack="2147483647"/>
<pin id="247" dir="0" index="2" bw="10" slack="0"/>
<pin id="248" dir="0" index="3" bw="0" slack="2147483647"/>
<pin id="249" dir="1" index="4" bw="10" slack="0"/>
</pin_list>
<bind>
<opcode="phi(47) " fcode="phi"/>
<opset="i_1/6 "/>
</bind>
</comp>

<comp id="251" class="1004" name="add_ln220_2_fu_251">
<pin_list>
<pin id="252" dir="0" index="0" bw="10" slack="0"/>
<pin id="253" dir="0" index="1" bw="6" slack="0"/>
<pin id="254" dir="1" index="2" bw="10" slack="0"/>
</pin_list>
<bind>
<opcode="add(8) " fcode="add"/>
<opset="add_ln220_2/2 "/>
</bind>
</comp>

<comp id="257" class="1004" name="add_ln220_3_fu_257">
<pin_list>
<pin id="258" dir="0" index="0" bw="10" slack="0"/>
<pin id="259" dir="0" index="1" bw="6" slack="0"/>
<pin id="260" dir="1" index="2" bw="10" slack="0"/>
</pin_list>
<bind>
<opcode="add(8) " fcode="add"/>
<opset="add_ln220_3/2 "/>
</bind>
</comp>

<comp id="263" class="1004" name="icmp_ln211_fu_263">
<pin_list>
<pin id="264" dir="0" index="0" bw="5" slack="0"/>
<pin id="265" dir="0" index="1" bw="5" slack="0"/>
<pin id="266" dir="1" index="2" bw="1" slack="2147483647"/>
</pin_list>
<bind>
<opcode="icmp(45) " fcode="icmp"/>
<opset="icmp_ln211/2 "/>
</bind>
</comp>

<comp id="269" class="1004" name="i_2_fu_269">
<pin_list>
<pin id="270" dir="0" index="0" bw="5" slack="0"/>
<pin id="271" dir="0" index="1" bw="1" slack="0"/>
<pin id="272" dir="1" index="2" bw="5" slack="0"/>
</pin_list>
<bind>
<opcode="add(8) " fcode="add"/>
<opset="i_2/2 "/>
</bind>
</comp>

<comp id="275" class="1004" name="k_fu_275">
<pin_list>
<pin id="276" dir="0" index="0" bw="10" slack="0"/>
<pin id="277" dir="0" index="1" bw="6" slack="0"/>
<pin id="278" dir="1" index="2" bw="10" slack="0"/>
</pin_list>
<bind>
<opcode="add(8) " fcode="add"/>
<opset="k/2 "/>
</bind>
</comp>

<comp id="281" class="1004" name="icmp_ln220_fu_281">
<pin_list>
<pin id="282" dir="0" index="0" bw="32" slack="0"/>
<pin id="283" dir="0" index="1" bw="32" slack="0"/>
<pin id="284" dir="1" index="2" bw="1" slack="1"/>
</pin_list>
<bind>
<opcode="icmp(45) " fcode="icmp"/>
<opset="icmp_ln220/2 "/>
</bind>
</comp>

<comp id="287" class="1004" name="store_ln228_store_fu_287">
<pin_list>
<pin id="288" dir="0" index="0" bw="1" slack="0"/>
<pin id="289" dir="0" index="1" bw="32" slack="0"/>
<pin id="290" dir="1" index="2" bw="0" slack="2147483647"/>
</pin_list>
<bind>
<opcode="store(28) " fcode="store"/>
<opset="store_ln228/2 "/>
</bind>
</comp>

<comp id="292" class="1004" name="store_ln228_store_fu_292">
<pin_list>
<pin id="293" dir="0" index="0" bw="1" slack="0"/>
<pin id="294" dir="0" index="1" bw="32" slack="0"/>
<pin id="295" dir="1" index="2" bw="0" slack="2147483647"/>
</pin_list>
<bind>
<opcode="store(28) " fcode="store"/>
<opset="store_ln228/2 "/>
</bind>
</comp>

<comp id="297" class="1004" name="zext_ln214_fu_297">
<pin_list>
<pin id="298" dir="0" index="0" bw="5" slack="0"/>
<pin id="299" dir="1" index="1" bw="10" slack="0"/>
</pin_list>
<bind>
<opcode="zext(34) " fcode="zext"/>
<opset="zext_ln214/3 "/>
</bind>
</comp>

<comp id="301" class="1004" name="icmp_ln214_fu_301">
<pin_list>
<pin id="302" dir="0" index="0" bw="5" slack="0"/>
<pin id="303" dir="0" index="1" bw="5" slack="0"/>
<pin id="304" dir="1" index="2" bw="1" slack="2147483647"/>
</pin_list>
<bind>
<opcode="icmp(45) " fcode="icmp"/>
<opset="icmp_ln214/3 "/>
</bind>
</comp>

<comp id="307" class="1004" name="j_fu_307">
<pin_list>
<pin id="308" dir="0" index="0" bw="5" slack="0"/>
<pin id="309" dir="0" index="1" bw="1" slack="0"/>
<pin id="310" dir="1" index="2" bw="5" slack="0"/>
</pin_list>
<bind>
<opcode="add(8) " fcode="add"/>
<opset="j/3 "/>
</bind>
</comp>

<comp id="313" class="1004" name="add_ln218_fu_313">
<pin_list>
<pin id="314" dir="0" index="0" bw="10" slack="1"/>
<pin id="315" dir="0" index="1" bw="5" slack="0"/>
<pin id="316" dir="1" index="2" bw="10" slack="0"/>
</pin_list>
<bind>
<opcode="add(8) " fcode="add"/>
<opset="add_ln218/3 "/>
</bind>
</comp>

<comp id="319" class="1004" name="zext_ln218_fu_319">
<pin_list>
<pin id="320" dir="0" index="0" bw="10" slack="0"/>
<pin id="321" dir="1" index="1" bw="64" slack="0"/>
</pin_list>
<bind>
<opcode="zext(34) " fcode="zext"/>
<opset="zext_ln218/3 "/>
</bind>
</comp>

<comp id="324" class="1004" name="sub_ln220_fu_324">
<pin_list>
<pin id="325" dir="0" index="0" bw="4" slack="0"/>
<pin id="326" dir="0" index="1" bw="5" slack="0"/>
<pin id="327" dir="1" index="2" bw="5" slack="0"/>
</pin_list>
<bind>
<opcode="sub(10) " fcode="sub"/>
<opset="sub_ln220/3 "/>
</bind>
</comp>

<comp id="330" class="1004" name="select_ln220_fu_330">
<pin_list>
<pin id="331" dir="0" index="0" bw="1" slack="1"/>
<pin id="332" dir="0" index="1" bw="5" slack="0"/>
<pin id="333" dir="0" index="2" bw="5" slack="0"/>
<pin id="334" dir="1" index="3" bw="5" slack="0"/>
</pin_list>
<bind>
<opcode="select(49) " fcode="select"/>
<opset="select_ln220/3 "/>
</bind>
</comp>

<comp id="337" class="1004" name="zext_ln220_fu_337">
<pin_list>
<pin id="338" dir="0" index="0" bw="5" slack="0"/>
<pin id="339" dir="1" index="1" bw="10" slack="0"/>
</pin_list>
<bind>
<opcode="zext(34) " fcode="zext"/>
<opset="zext_ln220/3 "/>
</bind>
</comp>

<comp id="341" class="1004" name="add_ln220_1_fu_341">
<pin_list>
<pin id="342" dir="0" index="0" bw="10" slack="1"/>
<pin id="343" dir="0" index="1" bw="5" slack="0"/>
<pin id="344" dir="1" index="2" bw="10" slack="1"/>
</pin_list>
<bind>
<opcode="add(8) " fcode="add"/>
<opset="add_ln220_1/3 "/>
</bind>
</comp>

<comp id="347" class="1004" name="add_ln220_fu_347">
<pin_list>
<pin id="348" dir="0" index="0" bw="5" slack="0"/>
<pin id="349" dir="0" index="1" bw="10" slack="1"/>
<pin id="350" dir="1" index="2" bw="10" slack="2"/>
</pin_list>
<bind>
<opcode="add(8) " fcode="add"/>
<opset="add_ln220/3 "/>
</bind>
</comp>

<comp id="353" class="1004" name="x_fu_353">
<pin_list>
<pin id="354" dir="0" index="0" bw="32" slack="1"/>
<pin id="355" dir="0" index="1" bw="32" slack="0"/>
<pin id="356" dir="1" index="2" bw="32" slack="1"/>
</pin_list>
<bind>
<opcode="xor(25) " fcode="xor"/>
<opset="x/3 "/>
</bind>
</comp>

<comp id="359" class="1004" name="zext_ln218_1_fu_359">
<pin_list>
<pin id="360" dir="0" index="0" bw="10" slack="1"/>
<pin id="361" dir="1" index="1" bw="64" slack="0"/>
</pin_list>
<bind>
<opcode="zext(34) " fcode="zext"/>
<opset="zext_ln218_1/4 "/>
</bind>
</comp>

<comp id="364" class="1004" name="add_ln219_fu_364">
<pin_list>
<pin id="365" dir="0" index="0" bw="10" slack="1"/>
<pin id="366" dir="0" index="1" bw="1" slack="0"/>
<pin id="367" dir="1" index="2" bw="10" slack="1"/>
</pin_list>
<bind>
<opcode="add(8) " fcode="add"/>
<opset="add_ln219/4 "/>
</bind>
</comp>

<comp id="370" class="1004" name="zext_ln220_2_fu_370">
<pin_list>
<pin id="371" dir="0" index="0" bw="10" slack="1"/>
<pin id="372" dir="1" index="1" bw="64" slack="0"/>
</pin_list>
<bind>
<opcode="zext(34) " fcode="zext"/>
<opset="zext_ln220_2/4 "/>
</bind>
</comp>

<comp id="374" class="1004" name="zext_ln220_1_fu_374">
<pin_list>
<pin id="375" dir="0" index="0" bw="10" slack="2"/>
<pin id="376" dir="1" index="1" bw="64" slack="0"/>
</pin_list>
<bind>
<opcode="zext(34) " fcode="zext"/>
<opset="zext_ln220_1/5 "/>
</bind>
</comp>

<comp id="378" class="1004" name="zext_ln228_fu_378">
<pin_list>
<pin id="379" dir="0" index="0" bw="10" slack="0"/>
<pin id="380" dir="1" index="1" bw="11" slack="1"/>
</pin_list>
<bind>
<opcode="zext(34) " fcode="zext"/>
<opset="zext_ln228/6 "/>
</bind>
</comp>

<comp id="382" class="1004" name="icmp_ln228_fu_382">
<pin_list>
<pin id="383" dir="0" index="0" bw="10" slack="0"/>
<pin id="384" dir="0" index="1" bw="10" slack="0"/>
<pin id="385" dir="1" index="2" bw="1" slack="2147483647"/>
</pin_list>
<bind>
<opcode="icmp(45) " fcode="icmp"/>
<opset="icmp_ln228/6 "/>
</bind>
</comp>

<comp id="388" class="1004" name="i_fu_388">
<pin_list>
<pin id="389" dir="0" index="0" bw="10" slack="0"/>
<pin id="390" dir="0" index="1" bw="1" slack="0"/>
<pin id="391" dir="1" index="2" bw="10" slack="0"/>
</pin_list>
<bind>
<opcode="add(8) " fcode="add"/>
<opset="i/6 "/>
</bind>
</comp>

<comp id="394" class="1004" name="zext_ln232_fu_394">
<pin_list>
<pin id="395" dir="0" index="0" bw="10" slack="0"/>
<pin id="396" dir="1" index="1" bw="64" slack="0"/>
</pin_list>
<bind>
<opcode="zext(34) " fcode="zext"/>
<opset="zext_ln232/6 "/>
</bind>
</comp>

<comp id="399" class="1004" name="zext_ln232_1_fu_399">
<pin_list>
<pin id="400" dir="0" index="0" bw="10" slack="0"/>
<pin id="401" dir="1" index="1" bw="64" slack="0"/>
</pin_list>
<bind>
<opcode="zext(34) " fcode="zext"/>
<opset="zext_ln232_1/6 "/>
</bind>
</comp>

<comp id="404" class="1004" name="icmp_ln232_fu_404">
<pin_list>
<pin id="405" dir="0" index="0" bw="32" slack="0"/>
<pin id="406" dir="0" index="1" bw="32" slack="0"/>
<pin id="407" dir="1" index="2" bw="1" slack="2"/>
</pin_list>
<bind>
<opcode="icmp(45) " fcode="icmp"/>
<opset="icmp_ln232/7 "/>
</bind>
</comp>

<comp id="410" class="1004" name="count_1_load_load_fu_410">
<pin_list>
<pin id="411" dir="0" index="0" bw="32" slack="2"/>
<pin id="412" dir="1" index="1" bw="32" slack="0"/>
</pin_list>
<bind>
<opcode="load(27) " fcode="load"/>
<opset="count_1_load/7 "/>
</bind>
</comp>

<comp id="413" class="1004" name="add_ln237_fu_413">
<pin_list>
<pin id="414" dir="0" index="0" bw="10" slack="1"/>
<pin id="415" dir="0" index="1" bw="1" slack="0"/>
<pin id="416" dir="1" index="2" bw="11" slack="0"/>
</pin_list>
<bind>
<opcode="add(8) " fcode="add"/>
<opset="add_ln237/7 "/>
</bind>
</comp>

<comp id="418" class="1004" name="sext_ln237_fu_418">
<pin_list>
<pin id="419" dir="0" index="0" bw="11" slack="0"/>
<pin id="420" dir="1" index="1" bw="64" slack="0"/>
</pin_list>
<bind>
<opcode="sext(35) " fcode="sext"/>
<opset="sext_ln237/7 "/>
</bind>
</comp>

<comp id="423" class="1004" name="count_fu_423">
<pin_list>
<pin id="424" dir="0" index="0" bw="32" slack="0"/>
<pin id="425" dir="0" index="1" bw="1" slack="0"/>
<pin id="426" dir="1" index="2" bw="32" slack="0"/>
</pin_list>
<bind>
<opcode="add(8) " fcode="add"/>
<opset="count/7 "/>
</bind>
</comp>

<comp id="429" class="1004" name="store_ln236_store_fu_429">
<pin_list>
<pin id="430" dir="0" index="0" bw="32" slack="0"/>
<pin id="431" dir="0" index="1" bw="32" slack="2"/>
<pin id="432" dir="1" index="2" bw="0" slack="2147483647"/>
</pin_list>
<bind>
<opcode="store(28) " fcode="store"/>
<opset="store_ln236/7 "/>
</bind>
</comp>

<comp id="434" class="1004" name="icmp_ln237_fu_434">
<pin_list>
<pin id="435" dir="0" index="0" bw="32" slack="0"/>
<pin id="436" dir="0" index="1" bw="32" slack="1"/>
<pin id="437" dir="1" index="2" bw="1" slack="0"/>
</pin_list>
<bind>
<opcode="icmp(45) " fcode="icmp"/>
<opset="icmp_ln237/8 "/>
</bind>
</comp>

<comp id="439" class="1004" name="select_ln243_fu_439">
<pin_list>
<pin id="440" dir="0" index="0" bw="1" slack="0"/>
<pin id="441" dir="0" index="1" bw="32" slack="1"/>
<pin id="442" dir="0" index="2" bw="32" slack="0"/>
<pin id="443" dir="1" index="3" bw="32" slack="0"/>
</pin_list>
<bind>
<opcode="select(49) " fcode="select"/>
<opset="select_ln243/8 "/>
</bind>
</comp>

<comp id="446" class="1004" name="store_ln243_store_fu_446">
<pin_list>
<pin id="447" dir="0" index="0" bw="32" slack="0"/>
<pin id="448" dir="0" index="1" bw="32" slack="3"/>
<pin id="449" dir="1" index="2" bw="0" slack="2147483647"/>
</pin_list>
<bind>
<opcode="store(28) " fcode="store"/>
<opset="store_ln243/8 "/>
</bind>
</comp>

<comp id="451" class="1004" name="cp_1_load_load_fu_451">
<pin_list>
<pin id="452" dir="0" index="0" bw="32" slack="4"/>
<pin id="453" dir="1" index="1" bw="32" slack="0"/>
</pin_list>
<bind>
<opcode="load(27) " fcode="load"/>
<opset="cp_1_load/9 "/>
</bind>
</comp>

<comp id="454" class="1004" name="sext_ln240_fu_454">
<pin_list>
<pin id="455" dir="0" index="0" bw="32" slack="0"/>
<pin id="456" dir="1" index="1" bw="64" slack="0"/>
</pin_list>
<bind>
<opcode="sext(35) " fcode="sext"/>
<opset="sext_ln240/9 "/>
</bind>
</comp>

<comp id="459" class="1004" name="add_ln241_fu_459">
<pin_list>
<pin id="460" dir="0" index="0" bw="32" slack="0"/>
<pin id="461" dir="0" index="1" bw="1" slack="0"/>
<pin id="462" dir="1" index="2" bw="32" slack="0"/>
</pin_list>
<bind>
<opcode="add(8) " fcode="add"/>
<opset="add_ln241/9 "/>
</bind>
</comp>

<comp id="465" class="1004" name="sext_ln241_fu_465">
<pin_list>
<pin id="466" dir="0" index="0" bw="32" slack="0"/>
<pin id="467" dir="1" index="1" bw="64" slack="0"/>
</pin_list>
<bind>
<opcode="sext(35) " fcode="sext"/>
<opset="sext_ln241/9 "/>
</bind>
</comp>

<comp id="470" class="1004" name="cp_fu_470">
<pin_list>
<pin id="471" dir="0" index="0" bw="32" slack="0"/>
<pin id="472" dir="0" index="1" bw="3" slack="0"/>
<pin id="473" dir="1" index="2" bw="32" slack="0"/>
</pin_list>
<bind>
<opcode="add(8) " fcode="add"/>
<opset="cp/9 "/>
</bind>
</comp>

<comp id="476" class="1004" name="store_ln242_store_fu_476">
<pin_list>
<pin id="477" dir="0" index="0" bw="32" slack="0"/>
<pin id="478" dir="0" index="1" bw="32" slack="4"/>
<pin id="479" dir="1" index="2" bw="0" slack="2147483647"/>
</pin_list>
<bind>
<opcode="store(28) " fcode="store"/>
<opset="store_ln242/9 "/>
</bind>
</comp>

<comp id="481" class="1005" name="add_ln220_2_reg_481">
<pin_list>
<pin id="482" dir="0" index="0" bw="10" slack="0"/>
<pin id="483" dir="1" index="1" bw="10" slack="0"/>
</pin_list>
<bind>
<opset="add_ln220_2 "/>
</bind>
</comp>

<comp id="486" class="1005" name="add_ln220_3_reg_486">
<pin_list>
<pin id="487" dir="0" index="0" bw="10" slack="0"/>
<pin id="488" dir="1" index="1" bw="10" slack="0"/>
</pin_list>
<bind>
<opset="add_ln220_3 "/>
</bind>
</comp>

<comp id="494" class="1005" name="i_2_reg_494">
<pin_list>
<pin id="495" dir="0" index="0" bw="5" slack="0"/>
<pin id="496" dir="1" index="1" bw="5" slack="0"/>
</pin_list>
<bind>
<opset="i_2 "/>
</bind>
</comp>

<comp id="499" class="1005" name="k_reg_499">
<pin_list>
<pin id="500" dir="0" index="0" bw="10" slack="0"/>
<pin id="501" dir="1" index="1" bw="10" slack="0"/>
</pin_list>
<bind>
<opset="k "/>
</bind>
</comp>

<comp id="504" class="1005" name="icmp_ln220_reg_504">
<pin_list>
<pin id="505" dir="0" index="0" bw="1" slack="1"/>
<pin id="506" dir="1" index="1" bw="1" slack="1"/>
</pin_list>
<bind>
<opset="icmp_ln220 "/>
</bind>
</comp>

<comp id="509" class="1005" name="count_1_reg_509">
<pin_list>
<pin id="510" dir="0" index="0" bw="32" slack="0"/>
<pin id="511" dir="1" index="1" bw="32" slack="0"/>
</pin_list>
<bind>
<opset="count_1 "/>
</bind>
</comp>

<comp id="517" class="1005" name="cp_1_reg_517">
<pin_list>
<pin id="518" dir="0" index="0" bw="32" slack="0"/>
<pin id="519" dir="1" index="1" bw="32" slack="0"/>
</pin_list>
<bind>
<opset="cp_1 "/>
</bind>
</comp>

<comp id="527" class="1005" name="j_reg_527">
<pin_list>
<pin id="528" dir="0" index="0" bw="5" slack="0"/>
<pin id="529" dir="1" index="1" bw="5" slack="0"/>
</pin_list>
<bind>
<opset="j "/>
</bind>
</comp>

<comp id="532" class="1005" name="as_addr_reg_532">
<pin_list>
<pin id="533" dir="0" index="0" bw="10" slack="1"/>
<pin id="534" dir="1" index="1" bw="10" slack="1"/>
</pin_list>
<bind>
<opset="as_addr "/>
</bind>
</comp>

<comp id="537" class="1005" name="add_ln220_1_reg_537">
<pin_list>
<pin id="538" dir="0" index="0" bw="10" slack="1"/>
<pin id="539" dir="1" index="1" bw="10" slack="1"/>
</pin_list>
<bind>
<opset="add_ln220_1 "/>
</bind>
</comp>

<comp id="542" class="1005" name="add_ln220_reg_542">
<pin_list>
<pin id="543" dir="0" index="0" bw="10" slack="2"/>
<pin id="544" dir="1" index="1" bw="10" slack="2"/>
</pin_list>
<bind>
<opset="add_ln220 "/>
</bind>
</comp>

<comp id="547" class="1005" name="x_reg_547">
<pin_list>
<pin id="548" dir="0" index="0" bw="32" slack="1"/>
<pin id="549" dir="1" index="1" bw="32" slack="1"/>
</pin_list>
<bind>
<opset="x "/>
</bind>
</comp>

<comp id="552" class="1005" name="add_ln219_reg_552">
<pin_list>
<pin id="553" dir="0" index="0" bw="10" slack="1"/>
<pin id="554" dir="1" index="1" bw="10" slack="1"/>
</pin_list>
<bind>
<opset="add_ln219 "/>
</bind>
</comp>

<comp id="557" class="1005" name="as_addr_1_reg_557">
<pin_list>
<pin id="558" dir="0" index="0" bw="10" slack="1"/>
<pin id="559" dir="1" index="1" bw="10" slack="1"/>
</pin_list>
<bind>
<opset="as_addr_1 "/>
</bind>
</comp>

<comp id="562" class="1005" name="zext_ln228_reg_562">
<pin_list>
<pin id="563" dir="0" index="0" bw="11" slack="1"/>
<pin id="564" dir="1" index="1" bw="11" slack="1"/>
</pin_list>
<bind>
<opset="zext_ln228 "/>
</bind>
</comp>

<comp id="570" class="1005" name="i_reg_570">
<pin_list>
<pin id="571" dir="0" index="0" bw="10" slack="0"/>
<pin id="572" dir="1" index="1" bw="10" slack="0"/>
</pin_list>
<bind>
<opset="i "/>
</bind>
</comp>

<comp id="575" class="1005" name="odoarr_addr_reg_575">
<pin_list>
<pin id="576" dir="0" index="0" bw="10" slack="1"/>
<pin id="577" dir="1" index="1" bw="10" slack="1"/>
</pin_list>
<bind>
<opset="odoarr_addr "/>
</bind>
</comp>

<comp id="580" class="1005" name="odoarr_addr_1_reg_580">
<pin_list>
<pin id="581" dir="0" index="0" bw="10" slack="1"/>
<pin id="582" dir="1" index="1" bw="10" slack="1"/>
</pin_list>
<bind>
<opset="odoarr_addr_1 "/>
</bind>
</comp>

<comp id="585" class="1005" name="odoarr_load_1_reg_585">
<pin_list>
<pin id="586" dir="0" index="0" bw="32" slack="1"/>
<pin id="587" dir="1" index="1" bw="32" slack="1"/>
</pin_list>
<bind>
<opset="odoarr_load_1 "/>
</bind>
</comp>

<comp id="591" class="1005" name="icmp_ln232_reg_591">
<pin_list>
<pin id="592" dir="0" index="0" bw="1" slack="2"/>
<pin id="593" dir="1" index="1" bw="1" slack="2147483647"/>
</pin_list>
<bind>
<opset="icmp_ln232 "/>
</bind>
</comp>

<comp id="595" class="1005" name="count_1_load_reg_595">
<pin_list>
<pin id="596" dir="0" index="0" bw="32" slack="1"/>
<pin id="597" dir="1" index="1" bw="32" slack="1"/>
</pin_list>
<bind>
<opset="count_1_load "/>
</bind>
</comp>

<comp id="600" class="1005" name="odoarr_addr_4_reg_600">
<pin_list>
<pin id="601" dir="0" index="0" bw="10" slack="1"/>
<pin id="602" dir="1" index="1" bw="10" slack="1"/>
</pin_list>
<bind>
<opset="odoarr_addr_4 "/>
</bind>
</comp>

<comp id="605" class="1005" name="select_ln243_reg_605">
<pin_list>
<pin id="606" dir="0" index="0" bw="32" slack="1"/>
<pin id="607" dir="1" index="1" bw="32" slack="1"/>
</pin_list>
<bind>
<opset="select_ln243 "/>
</bind>
</comp>

</comp_list>

<net_list>
<net id="59"><net_src comp="10" pin="0"/><net_sink comp="56" pin=0"/></net>

<net id="63"><net_src comp="34" pin="0"/><net_sink comp="60" pin=0"/></net>

<net id="67"><net_src comp="34" pin="0"/><net_sink comp="64" pin=0"/></net>

<net id="73"><net_src comp="0" pin="0"/><net_sink comp="68" pin=0"/></net>

<net id="74"><net_src comp="36" pin="0"/><net_sink comp="68" pin=1"/></net>

<net id="80"><net_src comp="68" pin="3"/><net_sink comp="75" pin=0"/></net>

<net id="86"><net_src comp="36" pin="0"/><net_sink comp="81" pin=1"/></net>

<net id="92"><net_src comp="75" pin="3"/><net_sink comp="87" pin=1"/></net>

<net id="93"><net_src comp="81" pin="3"/><net_sink comp="87" pin=0"/></net>

<net id="99"><net_src comp="0" pin="0"/><net_sink comp="94" pin=0"/></net>

<net id="100"><net_src comp="36" pin="0"/><net_sink comp="94" pin=1"/></net>

<net id="101"><net_src comp="94" pin="3"/><net_sink comp="75" pin=0"/></net>

<net id="107"><net_src comp="36" pin="0"/><net_sink comp="102" pin=1"/></net>

<net id="108"><net_src comp="102" pin="3"/><net_sink comp="87" pin=0"/></net>

<net id="114"><net_src comp="36" pin="0"/><net_sink comp="109" pin=1"/></net>

<net id="115"><net_src comp="109" pin="3"/><net_sink comp="87" pin=0"/></net>

<net id="121"><net_src comp="36" pin="0"/><net_sink comp="116" pin=1"/></net>

<net id="126"><net_src comp="116" pin="3"/><net_sink comp="87" pin=2"/></net>

<net id="132"><net_src comp="36" pin="0"/><net_sink comp="127" pin=1"/></net>

<net id="133"><net_src comp="127" pin="3"/><net_sink comp="87" pin=2"/></net>

<net id="139"><net_src comp="2" pin="0"/><net_sink comp="134" pin=0"/></net>

<net id="140"><net_src comp="36" pin="0"/><net_sink comp="134" pin=1"/></net>

<net id="146"><net_src comp="134" pin="3"/><net_sink comp="141" pin=0"/></net>

<net id="152"><net_src comp="2" pin="0"/><net_sink comp="147" pin=0"/></net>

<net id="153"><net_src comp="36" pin="0"/><net_sink comp="147" pin=1"/></net>

<net id="158"><net_src comp="147" pin="3"/><net_sink comp="141" pin=2"/></net>

<net id="162"><net_src comp="12" pin="0"/><net_sink comp="159" pin=0"/></net>

<net id="169"><net_src comp="159" pin="1"/><net_sink comp="163" pin=0"/></net>

<net id="170"><net_src comp="163" pin="4"/><net_sink comp="159" pin=0"/></net>

<net id="174"><net_src comp="14" pin="0"/><net_sink comp="171" pin=0"/></net>

<net id="181"><net_src comp="171" pin="1"/><net_sink comp="175" pin=0"/></net>

<net id="185"><net_src comp="16" pin="0"/><net_sink comp="182" pin=0"/></net>

<net id="192"><net_src comp="182" pin="1"/><net_sink comp="186" pin=0"/></net>

<net id="193"><net_src comp="186" pin="4"/><net_sink comp="182" pin=0"/></net>

<net id="197"><net_src comp="12" pin="0"/><net_sink comp="194" pin=0"/></net>

<net id="204"><net_src comp="194" pin="1"/><net_sink comp="198" pin=0"/></net>

<net id="205"><net_src comp="198" pin="4"/><net_sink comp="194" pin=0"/></net>

<net id="209"><net_src comp="12" pin="0"/><net_sink comp="206" pin=0"/></net>

<net id="216"><net_src comp="206" pin="1"/><net_sink comp="210" pin=0"/></net>

<net id="217"><net_src comp="210" pin="4"/><net_sink comp="206" pin=0"/></net>

<net id="227"><net_src comp="159" pin="1"/><net_sink comp="221" pin=0"/></net>

<net id="228"><net_src comp="221" pin="4"/><net_sink comp="218" pin=0"/></net>

<net id="232"><net_src comp="14" pin="0"/><net_sink comp="229" pin=0"/></net>

<net id="239"><net_src comp="229" pin="1"/><net_sink comp="233" pin=0"/></net>

<net id="243"><net_src comp="12" pin="0"/><net_sink comp="240" pin=0"/></net>

<net id="250"><net_src comp="240" pin="1"/><net_sink comp="244" pin=0"/></net>

<net id="255"><net_src comp="210" pin="4"/><net_sink comp="251" pin=0"/></net>

<net id="256"><net_src comp="18" pin="0"/><net_sink comp="251" pin=1"/></net>

<net id="261"><net_src comp="198" pin="4"/><net_sink comp="257" pin=0"/></net>

<net id="262"><net_src comp="18" pin="0"/><net_sink comp="257" pin=1"/></net>

<net id="267"><net_src comp="175" pin="4"/><net_sink comp="263" pin=0"/></net>

<net id="268"><net_src comp="20" pin="0"/><net_sink comp="263" pin=1"/></net>

<net id="273"><net_src comp="175" pin="4"/><net_sink comp="269" pin=0"/></net>

<net id="274"><net_src comp="26" pin="0"/><net_sink comp="269" pin=1"/></net>

<net id="279"><net_src comp="163" pin="4"/><net_sink comp="275" pin=0"/></net>

<net id="280"><net_src comp="18" pin="0"/><net_sink comp="275" pin=1"/></net>

<net id="285"><net_src comp="186" pin="4"/><net_sink comp="281" pin=0"/></net>

<net id="286"><net_src comp="16" pin="0"/><net_sink comp="281" pin=1"/></net>

<net id="291"><net_src comp="16" pin="0"/><net_sink comp="287" pin=0"/></net>

<net id="296"><net_src comp="34" pin="0"/><net_sink comp="292" pin=0"/></net>

<net id="300"><net_src comp="233" pin="4"/><net_sink comp="297" pin=0"/></net>

<net id="305"><net_src comp="233" pin="4"/><net_sink comp="301" pin=0"/></net>

<net id="306"><net_src comp="20" pin="0"/><net_sink comp="301" pin=1"/></net>

<net id="311"><net_src comp="233" pin="4"/><net_sink comp="307" pin=0"/></net>

<net id="312"><net_src comp="26" pin="0"/><net_sink comp="307" pin=1"/></net>

<net id="317"><net_src comp="194" pin="1"/><net_sink comp="313" pin=0"/></net>

<net id="318"><net_src comp="297" pin="1"/><net_sink comp="313" pin=1"/></net>

<net id="322"><net_src comp="313" pin="2"/><net_sink comp="319" pin=0"/></net>

<net id="323"><net_src comp="319" pin="1"/><net_sink comp="68" pin=2"/></net>

<net id="328"><net_src comp="38" pin="0"/><net_sink comp="324" pin=0"/></net>

<net id="329"><net_src comp="233" pin="4"/><net_sink comp="324" pin=1"/></net>

<net id="335"><net_src comp="233" pin="4"/><net_sink comp="330" pin=1"/></net>

<net id="336"><net_src comp="324" pin="2"/><net_sink comp="330" pin=2"/></net>

<net id="340"><net_src comp="330" pin="3"/><net_sink comp="337" pin=0"/></net>

<net id="345"><net_src comp="194" pin="1"/><net_sink comp="341" pin=0"/></net>

<net id="346"><net_src comp="337" pin="1"/><net_sink comp="341" pin=1"/></net>

<net id="351"><net_src comp="297" pin="1"/><net_sink comp="347" pin=0"/></net>

<net id="352"><net_src comp="206" pin="1"/><net_sink comp="347" pin=1"/></net>

<net id="357"><net_src comp="182" pin="1"/><net_sink comp="353" pin=0"/></net>

<net id="358"><net_src comp="34" pin="0"/><net_sink comp="353" pin=1"/></net>

<net id="362"><net_src comp="218" pin="1"/><net_sink comp="359" pin=0"/></net>

<net id="363"><net_src comp="359" pin="1"/><net_sink comp="81" pin=2"/></net>

<net id="368"><net_src comp="218" pin="1"/><net_sink comp="364" pin=0"/></net>

<net id="369"><net_src comp="42" pin="0"/><net_sink comp="364" pin=1"/></net>

<net id="373"><net_src comp="370" pin="1"/><net_sink comp="94" pin=2"/></net>

<net id="377"><net_src comp="374" pin="1"/><net_sink comp="102" pin=2"/></net>

<net id="381"><net_src comp="244" pin="4"/><net_sink comp="378" pin=0"/></net>

<net id="386"><net_src comp="244" pin="4"/><net_sink comp="382" pin=0"/></net>

<net id="387"><net_src comp="46" pin="0"/><net_sink comp="382" pin=1"/></net>

<net id="392"><net_src comp="244" pin="4"/><net_sink comp="388" pin=0"/></net>

<net id="393"><net_src comp="42" pin="0"/><net_sink comp="388" pin=1"/></net>

<net id="397"><net_src comp="388" pin="2"/><net_sink comp="394" pin=0"/></net>

<net id="398"><net_src comp="394" pin="1"/><net_sink comp="109" pin=2"/></net>

<net id="402"><net_src comp="244" pin="4"/><net_sink comp="399" pin=0"/></net>

<net id="403"><net_src comp="399" pin="1"/><net_sink comp="116" pin=2"/></net>

<net id="408"><net_src comp="87" pin="3"/><net_sink comp="404" pin=0"/></net>

<net id="409"><net_src comp="87" pin="7"/><net_sink comp="404" pin=1"/></net>

<net id="417"><net_src comp="52" pin="0"/><net_sink comp="413" pin=1"/></net>

<net id="421"><net_src comp="413" pin="2"/><net_sink comp="418" pin=0"/></net>

<net id="422"><net_src comp="418" pin="1"/><net_sink comp="127" pin=2"/></net>

<net id="427"><net_src comp="410" pin="1"/><net_sink comp="423" pin=0"/></net>

<net id="428"><net_src comp="34" pin="0"/><net_sink comp="423" pin=1"/></net>

<net id="433"><net_src comp="423" pin="2"/><net_sink comp="429" pin=0"/></net>

<net id="438"><net_src comp="87" pin="7"/><net_sink comp="434" pin=0"/></net>

<net id="444"><net_src comp="434" pin="2"/><net_sink comp="439" pin=0"/></net>

<net id="445"><net_src comp="34" pin="0"/><net_sink comp="439" pin=2"/></net>

<net id="450"><net_src comp="439" pin="3"/><net_sink comp="446" pin=0"/></net>

<net id="457"><net_src comp="451" pin="1"/><net_sink comp="454" pin=0"/></net>

<net id="458"><net_src comp="454" pin="1"/><net_sink comp="134" pin=2"/></net>

<net id="463"><net_src comp="451" pin="1"/><net_sink comp="459" pin=0"/></net>

<net id="464"><net_src comp="34" pin="0"/><net_sink comp="459" pin=1"/></net>

<net id="468"><net_src comp="459" pin="2"/><net_sink comp="465" pin=0"/></net>

<net id="469"><net_src comp="465" pin="1"/><net_sink comp="147" pin=2"/></net>

<net id="474"><net_src comp="451" pin="1"/><net_sink comp="470" pin=0"/></net>

<net id="475"><net_src comp="54" pin="0"/><net_sink comp="470" pin=1"/></net>

<net id="480"><net_src comp="470" pin="2"/><net_sink comp="476" pin=0"/></net>

<net id="484"><net_src comp="251" pin="2"/><net_sink comp="481" pin=0"/></net>

<net id="485"><net_src comp="481" pin="1"/><net_sink comp="210" pin=2"/></net>

<net id="489"><net_src comp="257" pin="2"/><net_sink comp="486" pin=0"/></net>

<net id="490"><net_src comp="486" pin="1"/><net_sink comp="198" pin=2"/></net>

<net id="497"><net_src comp="269" pin="2"/><net_sink comp="494" pin=0"/></net>

<net id="498"><net_src comp="494" pin="1"/><net_sink comp="175" pin=2"/></net>

<net id="502"><net_src comp="275" pin="2"/><net_sink comp="499" pin=0"/></net>

<net id="503"><net_src comp="499" pin="1"/><net_sink comp="163" pin=2"/></net>

<net id="507"><net_src comp="281" pin="2"/><net_sink comp="504" pin=0"/></net>

<net id="508"><net_src comp="504" pin="1"/><net_sink comp="330" pin=0"/></net>

<net id="512"><net_src comp="60" pin="1"/><net_sink comp="509" pin=0"/></net>

<net id="513"><net_src comp="509" pin="1"/><net_sink comp="292" pin=1"/></net>

<net id="514"><net_src comp="509" pin="1"/><net_sink comp="410" pin=0"/></net>

<net id="515"><net_src comp="509" pin="1"/><net_sink comp="429" pin=1"/></net>

<net id="516"><net_src comp="509" pin="1"/><net_sink comp="446" pin=1"/></net>

<net id="520"><net_src comp="64" pin="1"/><net_sink comp="517" pin=0"/></net>

<net id="521"><net_src comp="517" pin="1"/><net_sink comp="287" pin=1"/></net>

<net id="522"><net_src comp="517" pin="1"/><net_sink comp="451" pin=0"/></net>

<net id="523"><net_src comp="517" pin="1"/><net_sink comp="476" pin=1"/></net>

<net id="530"><net_src comp="307" pin="2"/><net_sink comp="527" pin=0"/></net>

<net id="531"><net_src comp="527" pin="1"/><net_sink comp="233" pin=2"/></net>

<net id="535"><net_src comp="68" pin="3"/><net_sink comp="532" pin=0"/></net>

<net id="536"><net_src comp="532" pin="1"/><net_sink comp="75" pin=0"/></net>

<net id="540"><net_src comp="341" pin="2"/><net_sink comp="537" pin=0"/></net>

<net id="541"><net_src comp="537" pin="1"/><net_sink comp="370" pin=0"/></net>

<net id="545"><net_src comp="347" pin="2"/><net_sink comp="542" pin=0"/></net>

<net id="546"><net_src comp="542" pin="1"/><net_sink comp="374" pin=0"/></net>

<net id="550"><net_src comp="353" pin="2"/><net_sink comp="547" pin=0"/></net>

<net id="551"><net_src comp="547" pin="1"/><net_sink comp="186" pin=2"/></net>

<net id="555"><net_src comp="364" pin="2"/><net_sink comp="552" pin=0"/></net>

<net id="556"><net_src comp="552" pin="1"/><net_sink comp="221" pin=2"/></net>

<net id="560"><net_src comp="94" pin="3"/><net_sink comp="557" pin=0"/></net>

<net id="561"><net_src comp="557" pin="1"/><net_sink comp="75" pin=0"/></net>

<net id="565"><net_src comp="378" pin="1"/><net_sink comp="562" pin=0"/></net>

<net id="566"><net_src comp="562" pin="1"/><net_sink comp="413" pin=0"/></net>

<net id="573"><net_src comp="388" pin="2"/><net_sink comp="570" pin=0"/></net>

<net id="574"><net_src comp="570" pin="1"/><net_sink comp="244" pin=2"/></net>

<net id="578"><net_src comp="109" pin="3"/><net_sink comp="575" pin=0"/></net>

<net id="579"><net_src comp="575" pin="1"/><net_sink comp="87" pin=0"/></net>

<net id="583"><net_src comp="116" pin="3"/><net_sink comp="580" pin=0"/></net>

<net id="584"><net_src comp="580" pin="1"/><net_sink comp="87" pin=2"/></net>

<net id="588"><net_src comp="87" pin="7"/><net_sink comp="585" pin=0"/></net>

<net id="589"><net_src comp="585" pin="1"/><net_sink comp="434" pin=1"/></net>

<net id="590"><net_src comp="585" pin="1"/><net_sink comp="141" pin=1"/></net>

<net id="594"><net_src comp="404" pin="2"/><net_sink comp="591" pin=0"/></net>

<net id="598"><net_src comp="410" pin="1"/><net_sink comp="595" pin=0"/></net>

<net id="599"><net_src comp="595" pin="1"/><net_sink comp="439" pin=1"/></net>

<net id="603"><net_src comp="127" pin="3"/><net_sink comp="600" pin=0"/></net>

<net id="604"><net_src comp="600" pin="1"/><net_sink comp="87" pin=2"/></net>

<net id="608"><net_src comp="439" pin="3"/><net_sink comp="605" pin=0"/></net>

<net id="609"><net_src comp="605" pin="1"/><net_sink comp="141" pin=4"/></net>

</net_list>

</model> 
---------------- Datapath Model END ------------------

* FSMD analyzer results:
  - Output states:
	Port: bs | {9 }
 - Input state : 
	Port: compressf : as | {3 4 5 }
  - Chain level:
	State 1
	State 2
		add_ln220_2 : 1
		add_ln220_3 : 1
		icmp_ln211 : 1
		i_2 : 1
		br_ln211 : 2
		k : 1
		icmp_ln220 : 1
		store_ln228 : 1
		store_ln228 : 1
	State 3
		zext_ln214 : 1
		icmp_ln214 : 1
		j : 1
		br_ln214 : 2
		add_ln218 : 2
		zext_ln218 : 3
		as_addr : 4
		as_load : 5
		sub_ln220 : 1
		select_ln220 : 2
		zext_ln220 : 3
		add_ln220_1 : 4
		add_ln220 : 2
	State 4
		odoarr_addr_2 : 1
		store_ln218 : 2
		as_addr_1 : 1
		as_load_1 : 2
	State 5
		odoarr_addr_3 : 1
		store_ln220 : 2
	State 6
		zext_ln228 : 1
		icmp_ln228 : 1
		i : 1
		br_ln228 : 2
		zext_ln232 : 2
		odoarr_addr : 3
		odoarr_load : 4
		zext_ln232_1 : 1
		odoarr_addr_1 : 2
		odoarr_load_1 : 3
	State 7
		icmp_ln232 : 1
		br_ln232 : 2
		sext_ln237 : 1
		odoarr_addr_4 : 2
		odoarr_load_2 : 3
		count : 1
		store_ln236 : 2
	State 8
		icmp_ln237 : 1
		select_ln243 : 2
		store_ln243 : 3
	State 9
		sext_ln240 : 1
		bs_addr : 2
		store_ln240 : 3
		add_ln241 : 1
		sext_ln241 : 2
		bs_addr_1 : 3
		store_ln241 : 4
		cp : 1
		store_ln242 : 2


============================================================
+ Verbose Summary: Datapath Resource usage 
============================================================

* Functional unit list:
|----------|---------------------|---------|---------|
| Operation|   Functional Unit   |    FF   |   LUT   |
|----------|---------------------|---------|---------|
|          |  add_ln220_2_fu_251 |    0    |    14   |
|          |  add_ln220_3_fu_257 |    0    |    14   |
|          |      i_2_fu_269     |    0    |    15   |
|          |       k_fu_275      |    0    |    14   |
|          |       j_fu_307      |    0    |    15   |
|          |   add_ln218_fu_313  |    0    |    14   |
|    add   |  add_ln220_1_fu_341 |    0    |    14   |
|          |   add_ln220_fu_347  |    0    |    14   |
|          |   add_ln219_fu_364  |    0    |    14   |
|          |       i_fu_388      |    0    |    14   |
|          |   add_ln237_fu_413  |    0    |    14   |
|          |     count_fu_423    |    0    |    39   |
|          |   add_ln241_fu_459  |    0    |    39   |
|          |      cp_fu_470      |    0    |    39   |
|----------|---------------------|---------|---------|
|          |  icmp_ln211_fu_263  |    0    |    11   |
|          |  icmp_ln220_fu_281  |    0    |    18   |
|   icmp   |  icmp_ln214_fu_301  |    0    |    11   |
|          |  icmp_ln228_fu_382  |    0    |    13   |
|          |  icmp_ln232_fu_404  |    0    |    18   |
|          |  icmp_ln237_fu_434  |    0    |    18   |
|----------|---------------------|---------|---------|
|  select  | select_ln220_fu_330 |    0    |    5    |
|          | select_ln243_fu_439 |    0    |    32   |
|----------|---------------------|---------|---------|
|    xor   |       x_fu_353      |    0    |    32   |
|----------|---------------------|---------|---------|
|    sub   |   sub_ln220_fu_324  |    0    |    15   |
|----------|---------------------|---------|---------|
|          |  zext_ln214_fu_297  |    0    |    0    |
|          |  zext_ln218_fu_319  |    0    |    0    |
|          |  zext_ln220_fu_337  |    0    |    0    |
|          | zext_ln218_1_fu_359 |    0    |    0    |
|   zext   | zext_ln220_2_fu_370 |    0    |    0    |
|          | zext_ln220_1_fu_374 |    0    |    0    |
|          |  zext_ln228_fu_378  |    0    |    0    |
|          |  zext_ln232_fu_394  |    0    |    0    |
|          | zext_ln232_1_fu_399 |    0    |    0    |
|----------|---------------------|---------|---------|
|          |  sext_ln237_fu_418  |    0    |    0    |
|   sext   |  sext_ln240_fu_454  |    0    |    0    |
|          |  sext_ln241_fu_465  |    0    |    0    |
|----------|---------------------|---------|---------|
|   Total  |                     |    0    |   446   |
|----------|---------------------|---------|---------|

Memories:
+------+--------+--------+--------+--------+
|      |  BRAM  |   FF   |   LUT  |  URAM  |
+------+--------+--------+--------+--------+
|odoarr|    2   |    0   |    0   |    0   |
+------+--------+--------+--------+--------+
| Total|    2   |    0   |    0   |    0   |
+------+--------+--------+--------+--------+

* Register list:
+---------------------+--------+
|                     |   FF   |
+---------------------+--------+
|  add_ln219_reg_552  |   10   |
| add_ln220_1_reg_537 |   10   |
| add_ln220_2_reg_481 |   10   |
| add_ln220_3_reg_486 |   10   |
|  add_ln220_reg_542  |   10   |
|  as_addr_1_reg_557  |   10   |
|   as_addr_reg_532   |   10   |
| count_1_load_reg_595|   32   |
|   count_1_reg_509   |   32   |
|     cp_1_reg_517    |   32   |
|     i_0_reg_171     |    5   |
|     i_1_reg_240     |   10   |
|     i_2_reg_494     |    5   |
|      i_reg_570      |   10   |
|  icmp_ln220_reg_504 |    1   |
|  icmp_ln232_reg_591 |    1   |
|     j_0_reg_229     |    5   |
|      j_reg_527      |    5   |
|     k_0_reg_159     |   10   |
|     k_1_reg_218     |   10   |
|      k_reg_499      |   10   |
|odoarr_addr_1_reg_580|   10   |
|odoarr_addr_4_reg_600|   10   |
| odoarr_addr_reg_575 |   10   |
|odoarr_load_1_reg_585|   32   |
|   phi_mul1_reg_206  |   10   |
|   phi_mul_reg_194   |   10   |
| select_ln243_reg_605|   32   |
|     x_0_reg_182     |   32   |
|      x_reg_547      |   32   |
|  zext_ln228_reg_562 |   11   |
+---------------------+--------+
|        Total        |   427  |
+---------------------+--------+

* Multiplexer (MUX) list: 
|------------------|------|------|------|--------||---------||---------|
|       Comp       |  Pin | Size |  BW  | S x BW ||  Delay  ||   LUT   |
|------------------|------|------|------|--------||---------||---------|
| grp_access_fu_75 |  p0  |   4  |  10  |   40   ||    21   |
| grp_access_fu_87 |  p0  |   4  |  10  |   40   ||    21   |
| grp_access_fu_87 |  p2  |   4  |   0  |    0   ||    21   |
|    k_0_reg_159   |  p0  |   2  |  10  |   20   ||    9    |
|    x_0_reg_182   |  p0  |   2  |  32  |   64   ||    9    |
|  phi_mul_reg_194 |  p0  |   2  |  10  |   20   ||    9    |
| phi_mul1_reg_206 |  p0  |   2  |  10  |   20   ||    9    |
|------------------|------|------|------|--------||---------||---------|
|       Total      |      |      |      |   204  || 12.6575 ||    99   |
|------------------|------|------|------|--------||---------||---------|



* Summary:
+-----------+--------+--------+--------+--------+--------+
|           |  BRAM  |  Delay |   FF   |   LUT  |  URAM  |
+-----------+--------+--------+--------+--------+--------+
|  Function |    -   |    -   |    0   |   446  |    -   |
|   Memory  |    2   |    -   |    0   |    0   |    0   |
|Multiplexer|    -   |   12   |    -   |   99   |    -   |
|  Register |    -   |    -   |   427  |    -   |    -   |
+-----------+--------+--------+--------+--------+--------+
|   Total   |    2   |   12   |   427  |   545  |    0   |
+-----------+--------+--------+--------+--------+--------+
