==============================================================
Vivado(TM) HLS - High-Level Synthesis from C, C++ and SystemC v2019.1 (64-bit)
Copyright 1986-2019 Xilinx, Inc. All Rights Reserved.
==============================================================
INFO: [SYN 201-201] Setting up clock 'default' with a period of 10ns.
INFO: [HLS 200-10] Setting target device to 'xc7z020-clg484-1'
INFO: [SCHED 204-61] Option 'relax_ii_for_timing' is enabled, will increase II to preserve clock frequency constraints.
INFO: [HLS 200-10] Analyzing design file 'imageprosseing/imgpro.c' ... 
INFO: [HLS 200-111] Finished Linking Time (s): cpu = 00:00:03 ; elapsed = 00:00:29 . Memory (MB): peak = 174.609 ; gain = 84.656
INFO: [HLS 200-111] Finished Checking Pragmas Time (s): cpu = 00:00:03 ; elapsed = 00:00:29 . Memory (MB): peak = 174.609 ; gain = 84.656
INFO: [HLS 200-10] Starting code transformations ...
INFO: [HLS 200-111] Finished Standard Transforms Time (s): cpu = 00:00:03 ; elapsed = 00:00:33 . Memory (MB): peak = 174.609 ; gain = 84.656
INFO: [HLS 200-10] Checking synthesizability ...
INFO: [HLS 200-111] Finished Checking Synthesizability Time (s): cpu = 00:00:03 ; elapsed = 00:00:33 . Memory (MB): peak = 174.609 ; gain = 84.656
INFO: [XFORM 203-11] Balancing expressions in function 'blurf' (imageprosseing/imgpro.c:71)...40 expression(s) balanced.
INFO: [HLS 200-111] Finished Pre-synthesis Time (s): cpu = 00:00:03 ; elapsed = 00:00:34 . Memory (MB): peak = 174.609 ; gain = 84.656
INFO: [HLS 200-111] Finished Architecture Synthesis Time (s): cpu = 00:00:04 ; elapsed = 00:00:35 . Memory (MB): peak = 174.609 ; gain = 84.656
INFO: [HLS 200-10] Starting hardware synthesis ...
INFO: [HLS 200-10] Synthesizing 'blurf' ...
INFO: [HLS 200-10] ----------------------------------------------------------------
INFO: [HLS 200-42] -- Implementing module 'blurf' 
INFO: [HLS 200-10] ----------------------------------------------------------------
INFO: [SCHED 204-11] Starting scheduling ...
INFO: [SCHED 204-11] Finished scheduling.
INFO: [HLS 200-111]  Elapsed time: 35.978 seconds; current allocated memory: 96.742 MB.
INFO: [HLS 200-434] Only 0 loops out of a total 2 loops have been pipelined in this design.
INFO: [BIND 205-100] Starting micro-architecture generation ...
INFO: [BIND 205-101] Performing variable lifetime analysis.
INFO: [BIND 205-101] Exploring resource sharing.
INFO: [BIND 205-101] Binding ...
INFO: [BIND 205-100] Finished micro-architecture generation.
INFO: [HLS 200-111]  Elapsed time: 0.912 seconds; current allocated memory: 98.119 MB.
INFO: [HLS 200-10] ----------------------------------------------------------------
INFO: [HLS 200-10] -- Generating RTL for module 'blurf' 
INFO: [HLS 200-10] ----------------------------------------------------------------
INFO: [RTGEN 206-500] Setting interface mode on port 'blurf/a1' to 'ap_memory'.
INFO: [RTGEN 206-500] Setting interface mode on port 'blurf/b1' to 'ap_memory'.
INFO: [RTGEN 206-500] Setting interface mode on function 'blurf' to 'ap_ctrl_hs'.
INFO: [RTGEN 206-100] Finished creating RTL model for 'blurf'.
INFO: [HLS 200-111]  Elapsed time: 1.602 seconds; current allocated memory: 100.286 MB.
INFO: [HLS 200-111] Finished generating all RTL models Time (s): cpu = 00:00:08 ; elapsed = 00:00:45 . Memory (MB): peak = 174.609 ; gain = 84.656
INFO: [VHDL 208-304] Generating VHDL RTL for blurf.
INFO: [VLOG 209-307] Generating Verilog RTL for blurf.
INFO: [HLS 200-112] Total elapsed time: 45.181 seconds; peak allocated memory: 100.286 MB.
