==============================================================
Vivado(TM) HLS - High-Level Synthesis from C, C++ and SystemC v2019.1 (64-bit)
Copyright 1986-2019 Xilinx, Inc. All Rights Reserved.
==============================================================
INFO: [SYN 201-201] Setting up clock 'default' with a period of 10ns.
INFO: [HLS 200-10] Setting target device to 'xc7z020-clg484-1'
INFO: [SCHED 204-61] Option 'relax_ii_for_timing' is enabled, will increase II to preserve clock frequency constraints.
INFO: [HLS 200-10] Analyzing design file 'imageprosseing/imgpro.c' ... 
INFO: [HLS 200-111] Finished Linking Time (s): cpu = 00:00:01 ; elapsed = 00:00:10 . Memory (MB): peak = 174.563 ; gain = 84.539
INFO: [HLS 200-111] Finished Checking Pragmas Time (s): cpu = 00:00:01 ; elapsed = 00:00:10 . Memory (MB): peak = 174.563 ; gain = 84.539
INFO: [HLS 200-10] Starting code transformations ...
INFO: [HLS 200-111] Finished Standard Transforms Time (s): cpu = 00:00:01 ; elapsed = 00:00:11 . Memory (MB): peak = 174.563 ; gain = 84.539
INFO: [HLS 200-10] Checking synthesizability ...
INFO: [HLS 200-111] Finished Checking Synthesizability Time (s): cpu = 00:00:02 ; elapsed = 00:00:11 . Memory (MB): peak = 174.563 ; gain = 84.539
INFO: [HLS 200-489] Unrolling loop 'colll' (imageprosseing/imgpro.c:78) in function 'blurf' completely with a factor of 100.
INFO: [XFORM 203-11] Balancing expressions in function 'blurf' (imageprosseing/imgpro.c:71)...1786 expression(s) balanced.
INFO: [HLS 200-111] Finished Pre-synthesis Time (s): cpu = 00:00:22 ; elapsed = 00:00:31 . Memory (MB): peak = 176.043 ; gain = 86.020
INFO: [HLS 200-111] Finished Architecture Synthesis Time (s): cpu = 00:00:44 ; elapsed = 00:00:54 . Memory (MB): peak = 225.137 ; gain = 135.113
INFO: [HLS 200-10] Starting hardware synthesis ...
INFO: [HLS 200-10] Synthesizing 'blurf' ...
INFO: [HLS 200-10] ----------------------------------------------------------------
INFO: [HLS 200-42] -- Implementing module 'blurf' 
INFO: [HLS 200-10] ----------------------------------------------------------------
INFO: [SCHED 204-11] Starting scheduling ...
INFO: [SCHED 204-11] Finished scheduling.
INFO: [HLS 200-111]  Elapsed time: 100.111 seconds; current allocated memory: 188.679 MB.
INFO: [HLS 200-434] Only 0 loops out of a total 1 loops have been pipelined in this design.
INFO: [BIND 205-100] Starting micro-architecture generation ...
INFO: [BIND 205-101] Performing variable lifetime analysis.
INFO: [BIND 205-101] Exploring resource sharing.
INFO: [BIND 205-101] Binding ...
INFO: [BIND 205-100] Finished micro-architecture generation.
INFO: [HLS 200-111]  Elapsed time: 32.608 seconds; current allocated memory: 245.280 MB.
INFO: [HLS 200-10] ----------------------------------------------------------------
INFO: [HLS 200-10] -- Generating RTL for module 'blurf' 
INFO: [HLS 200-10] ----------------------------------------------------------------
INFO: [RTGEN 206-500] Setting interface mode on port 'blurf/a1' to 'ap_memory'.
INFO: [RTGEN 206-500] Setting interface mode on port 'blurf/b1' to 'ap_memory'.
INFO: [RTGEN 206-500] Setting interface mode on function 'blurf' to 'ap_ctrl_hs'.
INFO: [RTGEN 206-104] Estimated max fanout for 'blurf' is 5618 from HDL expression: ((1'b1 == ap_CS_fsm_state2) & (icmp_ln75_fu_4829_p2 == 1'd0))
INFO: [RTGEN 206-100] Finished creating RTL model for 'blurf'.
INFO: [HLS 200-111]  Elapsed time: 35.091 seconds; current allocated memory: 354.615 MB.
INFO: [HLS 200-111] Finished generating all RTL models Time (s): cpu = 00:03:05 ; elapsed = 00:03:50 . Memory (MB): peak = 608.539 ; gain = 518.516
INFO: [VHDL 208-304] Generating VHDL RTL for blurf.
INFO: [VLOG 209-307] Generating Verilog RTL for blurf.
INFO: [HLS 200-112] Total elapsed time: 230.71 seconds; peak allocated memory: 354.615 MB.
