#-----------------------------------------------------------
# Webtalk v2019.2 (64-bit)
# SW Build 2708876 on Wed Nov  6 21:40:23 MST 2019
# 
# Start of session at: Sun May  9 14:42:49 2021
# Process ID: 5856
# Current directory: C:/Users/raoja/Desktop/uni/520/finalproject/maybe/webtalk
# Command line: wbtcv.exe -mode batch -source vitis_webtalk.tcl
# Log file: C:/Users/raoja/Desktop/uni/520/finalproject/maybe/webtalk/webtalk.log
# Journal file: C:/Users/raoja/Desktop/uni/520/finalproject/maybe/webtalk\webtalk.jou
#-----------------------------------------------------------
source vitis_webtalk.tcl
# webtalk_init -webtalk_dir C:\\Users\\raoja\\Desktop\\uni\\520\\finalproject\\maybe\\webtalk
# webtalk_register_client -client project
# webtalk_add_data -client project -key date_generated -value "2021-05-09 14:42:48" -context "software_version_and_target_device"
# webtalk_add_data -client project -key product_version -value "Vitis v2019.2" -context "software_version_and_target_device"
# webtalk_add_data -client project -key build_version -value "2019.2" -context "software_version_and_target_device"
# webtalk_add_data -client project -key os_platform -value "amd64" -context "software_version_and_target_device"
# webtalk_add_data -client project -key registration_id -value "212011787_0_0_428" -context "software_version_and_target_device"
# webtalk_add_data -client project -key tool_flow -value "Vitis" -context "software_version_and_target_device"
# webtalk_add_data -client project -key beta -value "false" -context "software_version_and_target_device"
# webtalk_add_data -client project -key route_design -value "NA" -context "software_version_and_target_device"
# webtalk_add_data -client project -key target_family -value "NA" -context "software_version_and_target_device"
# webtalk_add_data -client project -key target_device -value "NA" -context "software_version_and_target_device"
# webtalk_add_data -client project -key target_package -value "NA" -context "software_version_and_target_device"
# webtalk_add_data -client project -key target_speed -value "NA" -context "software_version_and_target_device"
# webtalk_add_data -client project -key random_id -value "6iot6rqnu2oj9lehaclg39s6c3" -context "software_version_and_target_device"
# webtalk_add_data -client project -key project_id -value "2019.2_23" -context "software_version_and_target_device"
# webtalk_add_data -client project -key project_iteration -value "23" -context "software_version_and_target_device"
# webtalk_add_data -client project -key os_name -value "Microsoft Windows 8 or later , 64-bit" -context "user_environment"
# webtalk_add_data -client project -key os_release -value "major release  (build 9200)" -context "user_environment"
# webtalk_add_data -client project -key cpu_name -value "Intel(R) Core(TM) i7-10510U CPU @ 1.80GHz" -context "user_environment"
# webtalk_add_data -client project -key cpu_speed -value "2304 MHz" -context "user_environment"
# webtalk_add_data -client project -key total_processors -value "1" -context "user_environment"
# webtalk_add_data -client project -key system_ram -value "16.968 GB" -context "user_environment"
# webtalk_register_client -client vitis
# webtalk_add_data -client vitis -key uid -value "1620553593773" -context "vitis\\\\application/1620553593773"
# webtalk_add_data -client vitis -key project_type -value "sdk" -context "vitis\\\\application/1620553593773"
# webtalk_add_data -client vitis -key os -value "standalone" -context "vitis\\\\application/1620553593773"
# webtalk_add_data -client vitis -key processor -value "ps7_cortexa9" -context "vitis\\\\application/1620553593773"
# webtalk_add_data -client vitis -key runtime -value "cpp" -context "vitis\\\\application/1620553593773"
# webtalk_add_data -client vitis -key template -value "sdk" -context "vitis\\\\application/1620553593773"
# webtalk_add_data -client vitis -key platform -value "NA" -context "vitis\\\\application/1620553593773"
# webtalk_add_data -client vitis -key platform_type -value "NA" -context "vitis\\\\application/1620553593773"
# webtalk_add_data -client vitis -key application_type -value "application" -context "vitis\\\\application/1620553593773"
# webtalk_add_data -client vitis -key platform_source -value "dsa" -context "vitis\\\\application/1620553593773"
# webtalk_add_data -client vitis -key device_family -value "NA" -context "vitis\\\\application/1620553593773"
# webtalk_add_data -client vitis -key fpga -value "7z010" -context "vitis\\\\application/1620553593773"
# webtalk_add_data -client vitis -key uid -value "1620559693375" -context "vitis\\\\application/1620559693375"
# webtalk_add_data -client vitis -key project_type -value "sdk" -context "vitis\\\\application/1620559693375"
# webtalk_add_data -client vitis -key os -value "standalone" -context "vitis\\\\application/1620559693375"
# webtalk_add_data -client vitis -key processor -value "ps7_cortexa9" -context "vitis\\\\application/1620559693375"
# webtalk_add_data -client vitis -key runtime -value "cpp" -context "vitis\\\\application/1620559693375"
# webtalk_add_data -client vitis -key template -value "sdk" -context "vitis\\\\application/1620559693375"
# webtalk_add_data -client vitis -key platform -value "NA" -context "vitis\\\\application/1620559693375"
# webtalk_add_data -client vitis -key platform_type -value "NA" -context "vitis\\\\application/1620559693375"
# webtalk_add_data -client vitis -key application_type -value "application" -context "vitis\\\\application/1620559693375"
# webtalk_add_data -client vitis -key platform_source -value "dsa" -context "vitis\\\\application/1620559693375"
# webtalk_add_data -client vitis -key device_family -value "NA" -context "vitis\\\\application/1620559693375"
# webtalk_add_data -client vitis -key fpga -value "7z010" -context "vitis\\\\application/1620559693375"
# webtalk_transmit -clientid 1698837729 -regid "212011787_0_0_428" -xml C:\\Users\\raoja\\Desktop\\uni\\520\\finalproject\\maybe\\webtalk\\usage_statistics_ext_vitis.xml -html C:\\Users\\raoja\\Desktop\\uni\\520\\finalproject\\maybe\\webtalk\\usage_statistics_ext_vitis.html -wdm C:\\Users\\raoja\\Desktop\\uni\\520\\finalproject\\maybe\\webtalk\\vitis_webtalk.wdm -intro "<H3>Vitis Usage Report</H3><BR>"
INFO: [Common 17-186] 'C:\Users\raoja\Desktop\uni\520\finalproject\maybe\webtalk\usage_statistics_ext_vitis.xml' has been successfully sent to Xilinx on Sun May  9 14:42:56 2021. For additional details about this file, please refer to the WebTalk help file at C:/Xilinx/Vitis/2019.2/doc/webtalk_introduction.html.
webtalk_transmit: Time (s): cpu = 00:00:00 ; elapsed = 00:00:06 . Memory (MB): peak = 92.445 ; gain = 0.000
# webtalk_terminate
INFO: [Common 17-206] Exiting Webtalk at Sun May  9 14:42:56 2021...
