

================================================================
== Vivado HLS Report for 'compressf'
================================================================
* Date:           Sat May 15 17:19:32 2021

* Version:        2019.1 (Build 2552052 on Fri May 24 15:28:33 MDT 2019)
* Project:        imageprosseing
* Solution:       compressionpipe
* Product family: zynq
* Target device:  xc7z020-clg484-1


================================================================
== Performance Estimates
================================================================
+ Timing (ns): 
    * Summary: 
    +--------+-------+----------+------------+
    |  Clock | Target| Estimated| Uncertainty|
    +--------+-------+----------+------------+
    |ap_clk  |  10.00|     6.775|        1.25|
    +--------+-------+----------+------------+

+ Latency (clock cycles): 
    * Summary: 
    +------+------+------+------+---------+
    |   Latency   |   Interval  | Pipeline|
    |  min |  max |  min |  max |   Type  |
    +------+------+------+------+---------+
    |  2506|  2506|  2506|  2506|   none  |
    +------+------+------+------+---------+

    + Detail: 
        * Instance: 
        N/A

        * Loop: 
        +-------------+------+------+----------+-----------+-----------+------+----------+
        |             |   Latency   | Iteration|  Initiation Interval  | Trip |          |
        |  Loop Name  |  min |  max |  Latency |  achieved |   target  | Count| Pipelined|
        +-------------+------+------+----------+-----------+-----------+------+----------+
        |- row1_col1  |  1251|  1251|         4|          2|          2|   625|    yes   |
        |- row        |  1251|  1251|         4|          2|          2|   625|    yes   |
        +-------------+------+------+----------+-----------+-----------+------+----------+

============================================================
+ Verbose Summary: Synthesis Manager
============================================================
InlineROM: 1
ExposeGlobal: 0
============================================================
+ Verbose Summary: CDFG Model
============================================================
IsTopModel: 1
ResetActiveHigh: 1
IsCombinational: 0
IsDatapathOnly: 0
HasWiredReturn: 1
HasMFsm: 0
HasVarLatency: 1
IsPipeline: 0
IsRtlPipelined: 0
IsInstanceOverlapped: 0
IsDontTouch: 0
HasImplIP: 0
IsGatedGlobalClock: 0

+ Individual pipeline summary: 
  * Pipeline-0: initiation interval (II) = 2, depth = 4
  * Pipeline-1: initiation interval (II) = 2, depth = 4


============================================================
+ Verbose Summary: Schedule
============================================================
* Number of FSM states : 11
* Pipeline : 2
  Pipeline-0 : II = 2, D = 4, States = { 2 3 4 5 }
  Pipeline-1 : II = 2, D = 4, States = { 7 8 9 10 }
* Dataflow Pipeline: 0

* FSM state transitions: 
1 --> 2 
2 --> 6 3 
3 --> 4 
4 --> 5 
5 --> 2 
6 --> 7 
7 --> 11 8 
8 --> 9 
9 --> 10 
10 --> 7 
11 --> 

* FSM state operations: 

State 1 <SV = 0> <Delay = 1.76>
ST_1 : Operation 12 [1/1] (0.00ns)   --->   "call void (...)* @_ssdm_op_SpecBitsMap([625 x i32]* %as) nounwind, !map !64"   --->   Operation 12 'specbitsmap' <Predicate = true> <Delay = 0.00>
ST_1 : Operation 13 [1/1] (0.00ns)   --->   "call void (...)* @_ssdm_op_SpecBitsMap([625 x i32]* %bs) nounwind, !map !68"   --->   Operation 13 'specbitsmap' <Predicate = true> <Delay = 0.00>
ST_1 : Operation 14 [1/1] (0.00ns)   --->   "call void (...)* @_ssdm_op_SpecTopModule([10 x i8]* @compressf_str) nounwind"   --->   Operation 14 'spectopmodule' <Predicate = true> <Delay = 0.00>
ST_1 : Operation 15 [1/1] (0.00ns)   --->   "%odoarr = alloca [625 x i32], align 16" [imageprosseing/imgpro.c:208]   --->   Operation 15 'alloca' 'odoarr' <Predicate = true> <Delay = 0.00> <Core = "RAM">   --->   Core 37 'RAM' <Latency = 1> <II = 1> <Delay = 3.25> <Storage> <Opcode : 'load' 'store'> <Ports = 2> <Width = 32> <Depth = 625> <RAM>
ST_1 : Operation 16 [1/1] (1.76ns)   --->   "br label %1" [imageprosseing/imgpro.c:211]   --->   Operation 16 'br' <Predicate = true> <Delay = 1.76>

State 2 <SV = 1> <Delay = 6.77>
ST_2 : Operation 17 [1/1] (0.00ns)   --->   "%indvar_flatten = phi i10 [ 0, %0 ], [ %add_ln211, %col1 ]" [imageprosseing/imgpro.c:211]   --->   Operation 17 'phi' 'indvar_flatten' <Predicate = true> <Delay = 0.00>
ST_2 : Operation 18 [1/1] (0.00ns)   --->   "%k_0 = phi i10 [ 0, %0 ], [ %select_ln211, %col1 ]" [imageprosseing/imgpro.c:211]   --->   Operation 18 'phi' 'k_0' <Predicate = true> <Delay = 0.00>
ST_2 : Operation 19 [1/1] (0.00ns)   --->   "%i_0 = phi i5 [ 0, %0 ], [ %select_ln220_2, %col1 ]" [imageprosseing/imgpro.c:220]   --->   Operation 19 'phi' 'i_0' <Predicate = true> <Delay = 0.00>
ST_2 : Operation 20 [1/1] (0.00ns)   --->   "%x_0 = phi i32 [ 0, %0 ], [ %select_ln211_1, %col1 ]" [imageprosseing/imgpro.c:211]   --->   Operation 20 'phi' 'x_0' <Predicate = true> <Delay = 0.00>
ST_2 : Operation 21 [1/1] (0.00ns)   --->   "%k_1 = phi i10 [ 0, %0 ], [ %add_ln219, %col1 ]" [imageprosseing/imgpro.c:219]   --->   Operation 21 'phi' 'k_1' <Predicate = true> <Delay = 0.00>
ST_2 : Operation 22 [1/1] (0.00ns)   --->   "%j_0 = phi i5 [ 0, %0 ], [ %j, %col1 ]"   --->   Operation 22 'phi' 'j_0' <Predicate = true> <Delay = 0.00>
ST_2 : Operation 23 [1/1] (1.77ns)   --->   "%icmp_ln211 = icmp eq i10 %indvar_flatten, -399" [imageprosseing/imgpro.c:211]   --->   Operation 23 'icmp' 'icmp_ln211' <Predicate = true> <Delay = 1.77> <Core = "Cmp">   --->   Core 25 'Cmp' <Latency = 0> <II = 1> <Delay = 2.47> <FuncUnit> <Opcode : 'icmp'> <InPorts = 2> <OutPorts = 1>
ST_2 : Operation 24 [1/1] (1.73ns)   --->   "%add_ln211 = add i10 %indvar_flatten, 1" [imageprosseing/imgpro.c:211]   --->   Operation 24 'add' 'add_ln211' <Predicate = true> <Delay = 1.73> <Core = "AddSub">   --->   Core 14 'AddSub' <Latency = 0> <II = 1> <Delay = 2.55> <FuncUnit> <Opcode : 'add' 'sub'> <InPorts = 2> <OutPorts = 1>
ST_2 : Operation 25 [1/1] (0.00ns)   --->   "br i1 %icmp_ln211, label %.preheader.preheader, label %col1" [imageprosseing/imgpro.c:211]   --->   Operation 25 'br' <Predicate = true> <Delay = 0.00>
ST_2 : Operation 26 [1/1] (0.00ns) (grouped into LUT with out node select_ln211_1)   --->   "%x = xor i32 %x_0, 1" [imageprosseing/imgpro.c:224]   --->   Operation 26 'xor' 'x' <Predicate = (!icmp_ln211)> <Delay = 0.00> <Core = "LogicGate">   --->   Core 27 'LogicGate' <Latency = 0> <II = 1> <Delay = 0.99> <FuncUnit> <Opcode : 'and' 'or' 'xor'> <InPorts = 2> <OutPorts = 1>
ST_2 : Operation 27 [1/1] (1.78ns)   --->   "%i = add i5 %i_0, 1" [imageprosseing/imgpro.c:211]   --->   Operation 27 'add' 'i' <Predicate = (!icmp_ln211)> <Delay = 1.78> <Core = "AddSub">   --->   Core 14 'AddSub' <Latency = 0> <II = 1> <Delay = 2.55> <FuncUnit> <Opcode : 'add' 'sub'> <InPorts = 2> <OutPorts = 1>
ST_2 : Operation 28 [1/1] (1.73ns)   --->   "%add_ln219_1 = add i10 %k_0, 25" [imageprosseing/imgpro.c:219]   --->   Operation 28 'add' 'add_ln219_1' <Predicate = (!icmp_ln211)> <Delay = 1.73> <Core = "AddSub">   --->   Core 14 'AddSub' <Latency = 0> <II = 1> <Delay = 2.55> <FuncUnit> <Opcode : 'add' 'sub'> <InPorts = 2> <OutPorts = 1>
ST_2 : Operation 29 [1/1] (1.36ns)   --->   "%icmp_ln214 = icmp eq i5 %j_0, -7" [imageprosseing/imgpro.c:214]   --->   Operation 29 'icmp' 'icmp_ln214' <Predicate = (!icmp_ln211)> <Delay = 1.36> <Core = "Cmp">   --->   Core 25 'Cmp' <Latency = 0> <II = 1> <Delay = 2.47> <FuncUnit> <Opcode : 'icmp'> <InPorts = 2> <OutPorts = 1>
ST_2 : Operation 30 [1/1] (0.68ns)   --->   "%select_ln220 = select i1 %icmp_ln214, i10 %add_ln219_1, i10 %k_1" [imageprosseing/imgpro.c:220]   --->   Operation 30 'select' 'select_ln220' <Predicate = (!icmp_ln211)> <Delay = 0.68> <Core = "Sel">   --->   Core 26 'Sel' <Latency = 0> <II = 1> <Delay = 0.69> <FuncUnit> <Opcode : 'select'> <InPorts = 3> <OutPorts = 1>
ST_2 : Operation 31 [1/1] (1.21ns)   --->   "%select_ln220_1 = select i1 %icmp_ln214, i5 0, i5 %j_0" [imageprosseing/imgpro.c:220]   --->   Operation 31 'select' 'select_ln220_1' <Predicate = (!icmp_ln211)> <Delay = 1.21> <Core = "Sel">   --->   Core 26 'Sel' <Latency = 0> <II = 1> <Delay = 0.69> <FuncUnit> <Opcode : 'select'> <InPorts = 3> <OutPorts = 1>
ST_2 : Operation 32 [1/1] (1.21ns)   --->   "%select_ln220_2 = select i1 %icmp_ln214, i5 %i, i5 %i_0" [imageprosseing/imgpro.c:220]   --->   Operation 32 'select' 'select_ln220_2' <Predicate = (!icmp_ln211)> <Delay = 1.21> <Core = "Sel">   --->   Core 26 'Sel' <Latency = 0> <II = 1> <Delay = 0.69> <FuncUnit> <Opcode : 'select'> <InPorts = 3> <OutPorts = 1>
ST_2 : Operation 33 [1/1] (0.00ns)   --->   "%zext_ln218 = zext i5 %select_ln220_2 to i10" [imageprosseing/imgpro.c:218]   --->   Operation 33 'zext' 'zext_ln218' <Predicate = (!icmp_ln211)> <Delay = 0.00>
ST_2 : Operation 34 [1/1] (3.78ns)   --->   "%mul_ln218 = mul i10 %zext_ln218, 25" [imageprosseing/imgpro.c:218]   --->   Operation 34 'mul' 'mul_ln218' <Predicate = (!icmp_ln211)> <Delay = 3.78> <Core = "Mul">   --->   Core 16 'Mul' <Latency = 0> <II = 1> <Delay = 3.78> <FuncUnit> <Opcode : 'mul'> <InPorts = 2> <OutPorts = 1>
ST_2 : Operation 35 [1/1] (2.47ns)   --->   "%icmp_ln220 = icmp eq i32 %x_0, 1" [imageprosseing/imgpro.c:220]   --->   Operation 35 'icmp' 'icmp_ln220' <Predicate = (!icmp_ln211)> <Delay = 2.47> <Core = "Cmp">   --->   Core 25 'Cmp' <Latency = 0> <II = 1> <Delay = 2.47> <FuncUnit> <Opcode : 'icmp'> <InPorts = 2> <OutPorts = 1>
ST_2 : Operation 36 [1/1] (2.47ns)   --->   "%icmp_ln220_1 = icmp eq i32 %x_0, 0" [imageprosseing/imgpro.c:220]   --->   Operation 36 'icmp' 'icmp_ln220_1' <Predicate = (!icmp_ln211)> <Delay = 2.47> <Core = "Cmp">   --->   Core 25 'Cmp' <Latency = 0> <II = 1> <Delay = 2.47> <FuncUnit> <Opcode : 'icmp'> <InPorts = 2> <OutPorts = 1>
ST_2 : Operation 37 [1/1] (0.68ns)   --->   "%select_ln211 = select i1 %icmp_ln214, i10 %add_ln219_1, i10 %k_0" [imageprosseing/imgpro.c:211]   --->   Operation 37 'select' 'select_ln211' <Predicate = (!icmp_ln211)> <Delay = 0.68> <Core = "Sel">   --->   Core 26 'Sel' <Latency = 0> <II = 1> <Delay = 0.69> <FuncUnit> <Opcode : 'select'> <InPorts = 3> <OutPorts = 1>
ST_2 : Operation 38 [1/1] (0.99ns) (out node of the LUT)   --->   "%select_ln211_1 = select i1 %icmp_ln214, i32 %x, i32 %x_0" [imageprosseing/imgpro.c:211]   --->   Operation 38 'select' 'select_ln211_1' <Predicate = (!icmp_ln211)> <Delay = 0.99> <Core = "Sel">   --->   Core 26 'Sel' <Latency = 0> <II = 1> <Delay = 0.69> <FuncUnit> <Opcode : 'select'> <InPorts = 3> <OutPorts = 1>

State 3 <SV = 2> <Delay = 6.76>
ST_3 : Operation 39 [1/1] (0.00ns) (grouped into LUT with out node add_ln220_1)   --->   "%select_ln220_3 = select i1 %icmp_ln214, i1 %icmp_ln220, i1 %icmp_ln220_1" [imageprosseing/imgpro.c:220]   --->   Operation 39 'select' 'select_ln220_3' <Predicate = (!icmp_ln211)> <Delay = 0.00> <Core = "Sel">   --->   Core 26 'Sel' <Latency = 0> <II = 1> <Delay = 0.69> <FuncUnit> <Opcode : 'select'> <InPorts = 3> <OutPorts = 1>
ST_3 : Operation 40 [1/1] (0.00ns)   --->   "%zext_ln214 = zext i5 %select_ln220_1 to i10" [imageprosseing/imgpro.c:214]   --->   Operation 40 'zext' 'zext_ln214' <Predicate = (!icmp_ln211)> <Delay = 0.00>
ST_3 : Operation 41 [1/1] (1.73ns)   --->   "%add_ln218 = add i10 %mul_ln218, %zext_ln214" [imageprosseing/imgpro.c:218]   --->   Operation 41 'add' 'add_ln218' <Predicate = (!icmp_ln211)> <Delay = 1.73> <Core = "AddSub">   --->   Core 14 'AddSub' <Latency = 0> <II = 1> <Delay = 2.55> <FuncUnit> <Opcode : 'add' 'sub'> <InPorts = 2> <OutPorts = 1>
ST_3 : Operation 42 [1/1] (0.00ns)   --->   "%zext_ln218_2 = zext i10 %add_ln218 to i64" [imageprosseing/imgpro.c:218]   --->   Operation 42 'zext' 'zext_ln218_2' <Predicate = (!icmp_ln211)> <Delay = 0.00>
ST_3 : Operation 43 [1/1] (0.00ns)   --->   "%as_addr = getelementptr [625 x i32]* %as, i64 0, i64 %zext_ln218_2" [imageprosseing/imgpro.c:218]   --->   Operation 43 'getelementptr' 'as_addr' <Predicate = (!icmp_ln211)> <Delay = 0.00>
ST_3 : Operation 44 [2/2] (3.25ns)   --->   "%as_load = load i32* %as_addr, align 4" [imageprosseing/imgpro.c:218]   --->   Operation 44 'load' 'as_load' <Predicate = (!icmp_ln211)> <Delay = 3.25> <Core = "RAM">   --->   Core 37 'RAM' <Latency = 1> <II = 1> <Delay = 3.25> <Storage> <Opcode : 'load' 'store'> <Ports = 2> <Width = 32> <Depth = 625> <RAM>
ST_3 : Operation 45 [1/1] (1.73ns)   --->   "%add_ln219 = add i10 %select_ln220, 1" [imageprosseing/imgpro.c:219]   --->   Operation 45 'add' 'add_ln219' <Predicate = (!icmp_ln211)> <Delay = 1.73> <Core = "AddSub">   --->   Core 14 'AddSub' <Latency = 0> <II = 1> <Delay = 2.55> <FuncUnit> <Opcode : 'add' 'sub'> <InPorts = 2> <OutPorts = 1>
ST_3 : Operation 46 [1/1] (1.78ns)   --->   "%sub_ln220 = sub i5 -8, %select_ln220_1" [imageprosseing/imgpro.c:220]   --->   Operation 46 'sub' 'sub_ln220' <Predicate = (!icmp_ln211)> <Delay = 1.78> <Core = "AddSub">   --->   Core 14 'AddSub' <Latency = 0> <II = 1> <Delay = 2.55> <FuncUnit> <Opcode : 'add' 'sub'> <InPorts = 2> <OutPorts = 1>
ST_3 : Operation 47 [1/1] (0.00ns) (grouped into LUT with out node add_ln220_1)   --->   "%select_ln220_4 = select i1 %select_ln220_3, i5 %select_ln220_1, i5 %sub_ln220" [imageprosseing/imgpro.c:220]   --->   Operation 47 'select' 'select_ln220_4' <Predicate = (!icmp_ln211)> <Delay = 0.00> <Core = "Sel">   --->   Core 26 'Sel' <Latency = 0> <II = 1> <Delay = 0.69> <FuncUnit> <Opcode : 'select'> <InPorts = 3> <OutPorts = 1>
ST_3 : Operation 48 [1/1] (0.00ns) (grouped into LUT with out node add_ln220_1)   --->   "%zext_ln220_2 = zext i5 %select_ln220_4 to i10" [imageprosseing/imgpro.c:220]   --->   Operation 48 'zext' 'zext_ln220_2' <Predicate = (!icmp_ln211)> <Delay = 0.00>
ST_3 : Operation 49 [1/1] (1.73ns) (out node of the LUT)   --->   "%add_ln220_1 = add i10 %mul_ln218, %zext_ln220_2" [imageprosseing/imgpro.c:220]   --->   Operation 49 'add' 'add_ln220_1' <Predicate = (!icmp_ln211)> <Delay = 1.73> <Core = "AddSub">   --->   Core 14 'AddSub' <Latency = 0> <II = 1> <Delay = 2.55> <FuncUnit> <Opcode : 'add' 'sub'> <InPorts = 2> <OutPorts = 1>
ST_3 : Operation 50 [1/1] (0.00ns)   --->   "%zext_ln220_3 = zext i10 %add_ln220_1 to i64" [imageprosseing/imgpro.c:220]   --->   Operation 50 'zext' 'zext_ln220_3' <Predicate = (!icmp_ln211)> <Delay = 0.00>
ST_3 : Operation 51 [1/1] (0.00ns)   --->   "%as_addr_1 = getelementptr [625 x i32]* %as, i64 0, i64 %zext_ln220_3" [imageprosseing/imgpro.c:220]   --->   Operation 51 'getelementptr' 'as_addr_1' <Predicate = (!icmp_ln211)> <Delay = 0.00>
ST_3 : Operation 52 [2/2] (3.25ns)   --->   "%as_load_1 = load i32* %as_addr_1, align 4" [imageprosseing/imgpro.c:220]   --->   Operation 52 'load' 'as_load_1' <Predicate = (!icmp_ln211)> <Delay = 3.25> <Core = "RAM">   --->   Core 37 'RAM' <Latency = 1> <II = 1> <Delay = 3.25> <Storage> <Opcode : 'load' 'store'> <Ports = 2> <Width = 32> <Depth = 625> <RAM>
ST_3 : Operation 53 [1/1] (1.78ns)   --->   "%j = add i5 %select_ln220_1, 1" [imageprosseing/imgpro.c:214]   --->   Operation 53 'add' 'j' <Predicate = (!icmp_ln211)> <Delay = 1.78> <Core = "AddSub">   --->   Core 14 'AddSub' <Latency = 0> <II = 1> <Delay = 2.55> <FuncUnit> <Opcode : 'add' 'sub'> <InPorts = 2> <OutPorts = 1>

State 4 <SV = 3> <Delay = 6.50>
ST_4 : Operation 54 [1/1] (0.00ns)   --->   "%zext_ln220 = zext i5 %select_ln220_2 to i10" [imageprosseing/imgpro.c:220]   --->   Operation 54 'zext' 'zext_ln220' <Predicate = (!icmp_ln211)> <Delay = 0.00>
ST_4 : Operation 55 [1/1] (3.36ns) (grouped into DSP with root node add_ln220)   --->   "%mul_ln220 = mul i10 %zext_ln220, 25" [imageprosseing/imgpro.c:220]   --->   Operation 55 'mul' 'mul_ln220' <Predicate = (!icmp_ln211)> <Delay = 3.36> <Core = "DSP48">   --->   Core 88 'DSP48' <Latency = 0> <II = 1> <Delay = 6.38> <IPBlock> <Opcode : 'mul' 'add' 'sub' 'select'> <InPorts = 0> <OutPorts = 1> <Sync> <CReg>
ST_4 : Operation 56 [1/2] (3.25ns)   --->   "%as_load = load i32* %as_addr, align 4" [imageprosseing/imgpro.c:218]   --->   Operation 56 'load' 'as_load' <Predicate = (!icmp_ln211)> <Delay = 3.25> <Core = "RAM">   --->   Core 37 'RAM' <Latency = 1> <II = 1> <Delay = 3.25> <Storage> <Opcode : 'load' 'store'> <Ports = 2> <Width = 32> <Depth = 625> <RAM>
ST_4 : Operation 57 [1/1] (0.00ns)   --->   "%zext_ln218_1 = zext i10 %select_ln220 to i64" [imageprosseing/imgpro.c:218]   --->   Operation 57 'zext' 'zext_ln218_1' <Predicate = (!icmp_ln211)> <Delay = 0.00>
ST_4 : Operation 58 [1/1] (0.00ns)   --->   "%odoarr_addr_2 = getelementptr inbounds [625 x i32]* %odoarr, i64 0, i64 %zext_ln218_1" [imageprosseing/imgpro.c:218]   --->   Operation 58 'getelementptr' 'odoarr_addr_2' <Predicate = (!icmp_ln211)> <Delay = 0.00>
ST_4 : Operation 59 [1/1] (3.25ns)   --->   "store i32 %as_load, i32* %odoarr_addr_2, align 4" [imageprosseing/imgpro.c:218]   --->   Operation 59 'store' <Predicate = (!icmp_ln211)> <Delay = 3.25> <Core = "RAM">   --->   Core 37 'RAM' <Latency = 1> <II = 1> <Delay = 3.25> <Storage> <Opcode : 'load' 'store'> <Ports = 2> <Width = 32> <Depth = 625> <RAM>
ST_4 : Operation 60 [1/2] (3.25ns)   --->   "%as_load_1 = load i32* %as_addr_1, align 4" [imageprosseing/imgpro.c:220]   --->   Operation 60 'load' 'as_load_1' <Predicate = (!icmp_ln211)> <Delay = 3.25> <Core = "RAM">   --->   Core 37 'RAM' <Latency = 1> <II = 1> <Delay = 3.25> <Storage> <Opcode : 'load' 'store'> <Ports = 2> <Width = 32> <Depth = 625> <RAM>
ST_4 : Operation 61 [1/1] (3.02ns) (root node of the DSP)   --->   "%add_ln220 = add i10 %zext_ln214, %mul_ln220" [imageprosseing/imgpro.c:220]   --->   Operation 61 'add' 'add_ln220' <Predicate = (!icmp_ln211)> <Delay = 3.02> <Core = "DSP48">   --->   Core 88 'DSP48' <Latency = 0> <II = 1> <Delay = 6.38> <IPBlock> <Opcode : 'mul' 'add' 'sub' 'select'> <InPorts = 0> <OutPorts = 1> <Sync> <CReg>

State 5 <SV = 4> <Delay = 3.25>
ST_5 : Operation 62 [1/1] (0.00ns)   --->   "call void (...)* @_ssdm_op_SpecLoopName([10 x i8]* @row1_col1_str)"   --->   Operation 62 'specloopname' <Predicate = (!icmp_ln211)> <Delay = 0.00>
ST_5 : Operation 63 [1/1] (0.00ns)   --->   "%empty = call i32 (...)* @_ssdm_op_SpecLoopTripCount(i64 625, i64 625, i64 625) nounwind"   --->   Operation 63 'speclooptripcount' 'empty' <Predicate = (!icmp_ln211)> <Delay = 0.00>
ST_5 : Operation 64 [1/1] (0.00ns)   --->   "call void (...)* @_ssdm_op_SpecLoopName([5 x i8]* @p_str7) nounwind" [imageprosseing/imgpro.c:215]   --->   Operation 64 'specloopname' <Predicate = (!icmp_ln211)> <Delay = 0.00>
ST_5 : Operation 65 [1/1] (0.00ns)   --->   "%tmp_2 = call i32 (...)* @_ssdm_op_SpecRegionBegin([5 x i8]* @p_str7) nounwind" [imageprosseing/imgpro.c:215]   --->   Operation 65 'specregionbegin' 'tmp_2' <Predicate = (!icmp_ln211)> <Delay = 0.00>
ST_5 : Operation 66 [1/1] (0.00ns)   --->   "call void (...)* @_ssdm_op_SpecPipeline(i32 2, i32 1, i32 1, i32 0, [1 x i8]* @p_str8) nounwind" [imageprosseing/imgpro.c:216]   --->   Operation 66 'specpipeline' <Predicate = (!icmp_ln211)> <Delay = 0.00>
ST_5 : Operation 67 [1/1] (0.00ns)   --->   "%zext_ln220_1 = zext i10 %add_ln220 to i64" [imageprosseing/imgpro.c:220]   --->   Operation 67 'zext' 'zext_ln220_1' <Predicate = (!icmp_ln211)> <Delay = 0.00>
ST_5 : Operation 68 [1/1] (0.00ns)   --->   "%odoarr_addr_3 = getelementptr inbounds [625 x i32]* %odoarr, i64 0, i64 %zext_ln220_1" [imageprosseing/imgpro.c:220]   --->   Operation 68 'getelementptr' 'odoarr_addr_3' <Predicate = (!icmp_ln211)> <Delay = 0.00>
ST_5 : Operation 69 [1/1] (3.25ns)   --->   "store i32 %as_load_1, i32* %odoarr_addr_3, align 4" [imageprosseing/imgpro.c:220]   --->   Operation 69 'store' <Predicate = (!icmp_ln211)> <Delay = 3.25> <Core = "RAM">   --->   Core 37 'RAM' <Latency = 1> <II = 1> <Delay = 3.25> <Storage> <Opcode : 'load' 'store'> <Ports = 2> <Width = 32> <Depth = 625> <RAM>
ST_5 : Operation 70 [1/1] (0.00ns)   --->   "%empty_3 = call i32 (...)* @_ssdm_op_SpecRegionEnd([5 x i8]* @p_str7, i32 %tmp_2) nounwind" [imageprosseing/imgpro.c:223]   --->   Operation 70 'specregionend' 'empty_3' <Predicate = (!icmp_ln211)> <Delay = 0.00>
ST_5 : Operation 71 [1/1] (0.00ns)   --->   "br label %1" [imageprosseing/imgpro.c:214]   --->   Operation 71 'br' <Predicate = (!icmp_ln211)> <Delay = 0.00>

State 6 <SV = 2> <Delay = 1.81>
ST_6 : Operation 72 [1/1] (0.00ns)   --->   "%count_1 = alloca i32"   --->   Operation 72 'alloca' 'count_1' <Predicate = true> <Delay = 0.00>
ST_6 : Operation 73 [1/1] (0.00ns)   --->   "%cp_1 = alloca i32"   --->   Operation 73 'alloca' 'cp_1' <Predicate = true> <Delay = 0.00>
ST_6 : Operation 74 [1/1] (1.76ns)   --->   "store i32 0, i32* %cp_1" [imageprosseing/imgpro.c:228]   --->   Operation 74 'store' <Predicate = true> <Delay = 1.76>
ST_6 : Operation 75 [1/1] (1.81ns)   --->   "store i32 1, i32* %count_1" [imageprosseing/imgpro.c:228]   --->   Operation 75 'store' <Predicate = true> <Delay = 1.81>
ST_6 : Operation 76 [1/1] (1.76ns)   --->   "br label %.preheader" [imageprosseing/imgpro.c:228]   --->   Operation 76 'br' <Predicate = true> <Delay = 1.76>

State 7 <SV = 3> <Delay = 4.98>
ST_7 : Operation 77 [1/1] (0.00ns)   --->   "%i_1 = phi i10 [ %i_2, %row_end ], [ 0, %.preheader.preheader ]"   --->   Operation 77 'phi' 'i_1' <Predicate = true> <Delay = 0.00>
ST_7 : Operation 78 [1/1] (1.77ns)   --->   "%icmp_ln228 = icmp eq i10 %i_1, -399" [imageprosseing/imgpro.c:228]   --->   Operation 78 'icmp' 'icmp_ln228' <Predicate = true> <Delay = 1.77> <Core = "Cmp">   --->   Core 25 'Cmp' <Latency = 0> <II = 1> <Delay = 2.47> <FuncUnit> <Opcode : 'icmp'> <InPorts = 2> <OutPorts = 1>
ST_7 : Operation 79 [1/1] (0.00ns)   --->   "%empty_4 = call i32 (...)* @_ssdm_op_SpecLoopTripCount(i64 625, i64 625, i64 625) nounwind"   --->   Operation 79 'speclooptripcount' 'empty_4' <Predicate = true> <Delay = 0.00>
ST_7 : Operation 80 [1/1] (1.73ns)   --->   "%i_2 = add i10 %i_1, 1" [imageprosseing/imgpro.c:232]   --->   Operation 80 'add' 'i_2' <Predicate = true> <Delay = 1.73> <Core = "AddSub">   --->   Core 14 'AddSub' <Latency = 0> <II = 1> <Delay = 2.55> <FuncUnit> <Opcode : 'add' 'sub'> <InPorts = 2> <OutPorts = 1>
ST_7 : Operation 81 [1/1] (0.00ns)   --->   "br i1 %icmp_ln228, label %4, label %row_begin" [imageprosseing/imgpro.c:228]   --->   Operation 81 'br' <Predicate = true> <Delay = 0.00>
ST_7 : Operation 82 [1/1] (0.00ns)   --->   "%zext_ln228 = zext i10 %i_1 to i11" [imageprosseing/imgpro.c:228]   --->   Operation 82 'zext' 'zext_ln228' <Predicate = (!icmp_ln228)> <Delay = 0.00>
ST_7 : Operation 83 [1/1] (0.00ns)   --->   "%zext_ln232 = zext i10 %i_2 to i64" [imageprosseing/imgpro.c:232]   --->   Operation 83 'zext' 'zext_ln232' <Predicate = (!icmp_ln228)> <Delay = 0.00>
ST_7 : Operation 84 [1/1] (0.00ns)   --->   "%odoarr_addr = getelementptr inbounds [625 x i32]* %odoarr, i64 0, i64 %zext_ln232" [imageprosseing/imgpro.c:232]   --->   Operation 84 'getelementptr' 'odoarr_addr' <Predicate = (!icmp_ln228)> <Delay = 0.00>
ST_7 : Operation 85 [2/2] (3.25ns)   --->   "%odoarr_load = load i32* %odoarr_addr, align 4" [imageprosseing/imgpro.c:232]   --->   Operation 85 'load' 'odoarr_load' <Predicate = (!icmp_ln228)> <Delay = 3.25> <Core = "RAM">   --->   Core 37 'RAM' <Latency = 1> <II = 1> <Delay = 3.25> <Storage> <Opcode : 'load' 'store'> <Ports = 2> <Width = 32> <Depth = 625> <RAM>
ST_7 : Operation 86 [1/1] (0.00ns)   --->   "%zext_ln232_1 = zext i10 %i_1 to i64" [imageprosseing/imgpro.c:232]   --->   Operation 86 'zext' 'zext_ln232_1' <Predicate = (!icmp_ln228)> <Delay = 0.00>
ST_7 : Operation 87 [1/1] (0.00ns)   --->   "%odoarr_addr_1 = getelementptr inbounds [625 x i32]* %odoarr, i64 0, i64 %zext_ln232_1" [imageprosseing/imgpro.c:232]   --->   Operation 87 'getelementptr' 'odoarr_addr_1' <Predicate = (!icmp_ln228)> <Delay = 0.00>
ST_7 : Operation 88 [2/2] (3.25ns)   --->   "%odoarr_load_1 = load i32* %odoarr_addr_1, align 4" [imageprosseing/imgpro.c:232]   --->   Operation 88 'load' 'odoarr_load_1' <Predicate = (!icmp_ln228)> <Delay = 3.25> <Core = "RAM">   --->   Core 37 'RAM' <Latency = 1> <II = 1> <Delay = 3.25> <Storage> <Opcode : 'load' 'store'> <Ports = 2> <Width = 32> <Depth = 625> <RAM>

State 8 <SV = 4> <Delay = 5.72>
ST_8 : Operation 89 [1/2] (3.25ns)   --->   "%odoarr_load = load i32* %odoarr_addr, align 4" [imageprosseing/imgpro.c:232]   --->   Operation 89 'load' 'odoarr_load' <Predicate = (!icmp_ln228)> <Delay = 3.25> <Core = "RAM">   --->   Core 37 'RAM' <Latency = 1> <II = 1> <Delay = 3.25> <Storage> <Opcode : 'load' 'store'> <Ports = 2> <Width = 32> <Depth = 625> <RAM>
ST_8 : Operation 90 [1/2] (3.25ns)   --->   "%odoarr_load_1 = load i32* %odoarr_addr_1, align 4" [imageprosseing/imgpro.c:232]   --->   Operation 90 'load' 'odoarr_load_1' <Predicate = (!icmp_ln228)> <Delay = 3.25> <Core = "RAM">   --->   Core 37 'RAM' <Latency = 1> <II = 1> <Delay = 3.25> <Storage> <Opcode : 'load' 'store'> <Ports = 2> <Width = 32> <Depth = 625> <RAM>
ST_8 : Operation 91 [1/1] (2.47ns)   --->   "%icmp_ln232 = icmp eq i32 %odoarr_load, %odoarr_load_1" [imageprosseing/imgpro.c:232]   --->   Operation 91 'icmp' 'icmp_ln232' <Predicate = (!icmp_ln228)> <Delay = 2.47> <Core = "Cmp">   --->   Core 25 'Cmp' <Latency = 0> <II = 1> <Delay = 2.47> <FuncUnit> <Opcode : 'icmp'> <InPorts = 2> <OutPorts = 1>
ST_8 : Operation 92 [1/1] (0.00ns)   --->   "br i1 %icmp_ln232, label %2, label %3" [imageprosseing/imgpro.c:232]   --->   Operation 92 'br' <Predicate = (!icmp_ln228)> <Delay = 0.00>
ST_8 : Operation 93 [1/1] (1.73ns)   --->   "%add_ln237 = add i11 %zext_ln228, -1" [imageprosseing/imgpro.c:237]   --->   Operation 93 'add' 'add_ln237' <Predicate = (!icmp_ln228 & !icmp_ln232)> <Delay = 1.73> <Core = "AddSub">   --->   Core 14 'AddSub' <Latency = 0> <II = 1> <Delay = 2.55> <FuncUnit> <Opcode : 'add' 'sub'> <InPorts = 2> <OutPorts = 1>
ST_8 : Operation 94 [1/1] (0.00ns)   --->   "%sext_ln237 = sext i11 %add_ln237 to i64" [imageprosseing/imgpro.c:237]   --->   Operation 94 'sext' 'sext_ln237' <Predicate = (!icmp_ln228 & !icmp_ln232)> <Delay = 0.00>
ST_8 : Operation 95 [1/1] (0.00ns)   --->   "%odoarr_addr_4 = getelementptr inbounds [625 x i32]* %odoarr, i64 0, i64 %sext_ln237" [imageprosseing/imgpro.c:237]   --->   Operation 95 'getelementptr' 'odoarr_addr_4' <Predicate = (!icmp_ln228 & !icmp_ln232)> <Delay = 0.00>
ST_8 : Operation 96 [2/2] (3.25ns)   --->   "%odoarr_load_2 = load i32* %odoarr_addr_4, align 4" [imageprosseing/imgpro.c:237]   --->   Operation 96 'load' 'odoarr_load_2' <Predicate = (!icmp_ln228 & !icmp_ln232)> <Delay = 3.25> <Core = "RAM">   --->   Core 37 'RAM' <Latency = 1> <II = 1> <Delay = 3.25> <Storage> <Opcode : 'load' 'store'> <Ports = 2> <Width = 32> <Depth = 625> <RAM>

State 9 <SV = 5> <Delay = 5.72>
ST_9 : Operation 97 [1/1] (0.00ns)   --->   "%cp_1_load = load i32* %cp_1" [imageprosseing/imgpro.c:242]   --->   Operation 97 'load' 'cp_1_load' <Predicate = (!icmp_ln232)> <Delay = 0.00>
ST_9 : Operation 98 [1/2] (3.25ns)   --->   "%odoarr_load_2 = load i32* %odoarr_addr_4, align 4" [imageprosseing/imgpro.c:237]   --->   Operation 98 'load' 'odoarr_load_2' <Predicate = (!icmp_ln232)> <Delay = 3.25> <Core = "RAM">   --->   Core 37 'RAM' <Latency = 1> <II = 1> <Delay = 3.25> <Storage> <Opcode : 'load' 'store'> <Ports = 2> <Width = 32> <Depth = 625> <RAM>
ST_9 : Operation 99 [1/1] (2.47ns)   --->   "%icmp_ln237 = icmp eq i32 %odoarr_load_2, %odoarr_load_1" [imageprosseing/imgpro.c:237]   --->   Operation 99 'icmp' 'icmp_ln237' <Predicate = (!icmp_ln232)> <Delay = 2.47> <Core = "Cmp">   --->   Core 25 'Cmp' <Latency = 0> <II = 1> <Delay = 2.47> <FuncUnit> <Opcode : 'icmp'> <InPorts = 2> <OutPorts = 1>
ST_9 : Operation 100 [1/1] (0.00ns)   --->   "%sext_ln240 = sext i32 %cp_1_load to i64" [imageprosseing/imgpro.c:240]   --->   Operation 100 'sext' 'sext_ln240' <Predicate = (!icmp_ln232)> <Delay = 0.00>
ST_9 : Operation 101 [1/1] (0.00ns)   --->   "%bs_addr = getelementptr [625 x i32]* %bs, i64 0, i64 %sext_ln240" [imageprosseing/imgpro.c:240]   --->   Operation 101 'getelementptr' 'bs_addr' <Predicate = (!icmp_ln232)> <Delay = 0.00>
ST_9 : Operation 102 [1/1] (3.25ns)   --->   "store i32 %odoarr_load_1, i32* %bs_addr, align 4" [imageprosseing/imgpro.c:240]   --->   Operation 102 'store' <Predicate = (!icmp_ln232)> <Delay = 3.25> <Core = "RAM">   --->   Core 37 'RAM' <Latency = 1> <II = 1> <Delay = 3.25> <Storage> <Opcode : 'load' 'store'> <Ports = 2> <Width = 32> <Depth = 625> <RAM>

State 10 <SV = 6> <Delay = 5.80>
ST_10 : Operation 103 [1/1] (0.00ns)   --->   "call void (...)* @_ssdm_op_SpecLoopName([4 x i8]* @p_str) nounwind" [imageprosseing/imgpro.c:229]   --->   Operation 103 'specloopname' <Predicate = true> <Delay = 0.00>
ST_10 : Operation 104 [1/1] (0.00ns)   --->   "%tmp_1 = call i32 (...)* @_ssdm_op_SpecRegionBegin([4 x i8]* @p_str) nounwind" [imageprosseing/imgpro.c:229]   --->   Operation 104 'specregionbegin' 'tmp_1' <Predicate = true> <Delay = 0.00>
ST_10 : Operation 105 [1/1] (0.00ns)   --->   "call void (...)* @_ssdm_op_SpecPipeline(i32 2, i32 1, i32 1, i32 0, [1 x i8]* @p_str8) nounwind" [imageprosseing/imgpro.c:230]   --->   Operation 105 'specpipeline' <Predicate = true> <Delay = 0.00>
ST_10 : Operation 106 [1/1] (0.00ns)   --->   "%count_1_load = load i32* %count_1" [imageprosseing/imgpro.c:234]   --->   Operation 106 'load' 'count_1_load' <Predicate = true> <Delay = 0.00>
ST_10 : Operation 107 [1/1] (2.55ns)   --->   "%add_ln241 = add nsw i32 %cp_1_load, 1" [imageprosseing/imgpro.c:241]   --->   Operation 107 'add' 'add_ln241' <Predicate = (!icmp_ln232)> <Delay = 2.55> <Core = "AddSub">   --->   Core 14 'AddSub' <Latency = 0> <II = 1> <Delay = 2.55> <FuncUnit> <Opcode : 'add' 'sub'> <InPorts = 2> <OutPorts = 1>
ST_10 : Operation 108 [1/1] (0.00ns)   --->   "%sext_ln241 = sext i32 %add_ln241 to i64" [imageprosseing/imgpro.c:241]   --->   Operation 108 'sext' 'sext_ln241' <Predicate = (!icmp_ln232)> <Delay = 0.00>
ST_10 : Operation 109 [1/1] (0.00ns)   --->   "%bs_addr_1 = getelementptr [625 x i32]* %bs, i64 0, i64 %sext_ln241" [imageprosseing/imgpro.c:241]   --->   Operation 109 'getelementptr' 'bs_addr_1' <Predicate = (!icmp_ln232)> <Delay = 0.00>
ST_10 : Operation 110 [1/1] (0.69ns)   --->   "%select_ln243 = select i1 %icmp_ln237, i32 %count_1_load, i32 1" [imageprosseing/imgpro.c:243]   --->   Operation 110 'select' 'select_ln243' <Predicate = (!icmp_ln232)> <Delay = 0.69> <Core = "Sel">   --->   Core 26 'Sel' <Latency = 0> <II = 1> <Delay = 0.69> <FuncUnit> <Opcode : 'select'> <InPorts = 3> <OutPorts = 1>
ST_10 : Operation 111 [1/1] (3.25ns)   --->   "store i32 %select_ln243, i32* %bs_addr_1, align 4" [imageprosseing/imgpro.c:241]   --->   Operation 111 'store' <Predicate = (!icmp_ln232)> <Delay = 3.25> <Core = "RAM">   --->   Core 37 'RAM' <Latency = 1> <II = 1> <Delay = 3.25> <Storage> <Opcode : 'load' 'store'> <Ports = 2> <Width = 32> <Depth = 625> <RAM>
ST_10 : Operation 112 [1/1] (2.55ns)   --->   "%cp = add nsw i32 %cp_1_load, 2" [imageprosseing/imgpro.c:242]   --->   Operation 112 'add' 'cp' <Predicate = (!icmp_ln232)> <Delay = 2.55> <Core = "AddSub">   --->   Core 14 'AddSub' <Latency = 0> <II = 1> <Delay = 2.55> <FuncUnit> <Opcode : 'add' 'sub'> <InPorts = 2> <OutPorts = 1>
ST_10 : Operation 113 [1/1] (1.76ns)   --->   "store i32 %cp, i32* %cp_1" [imageprosseing/imgpro.c:242]   --->   Operation 113 'store' <Predicate = (!icmp_ln232)> <Delay = 1.76>
ST_10 : Operation 114 [1/1] (1.81ns)   --->   "store i32 %select_ln243, i32* %count_1" [imageprosseing/imgpro.c:243]   --->   Operation 114 'store' <Predicate = (!icmp_ln232)> <Delay = 1.81>
ST_10 : Operation 115 [1/1] (0.00ns)   --->   "br label %row_end"   --->   Operation 115 'br' <Predicate = (!icmp_ln232)> <Delay = 0.00>
ST_10 : Operation 116 [1/1] (2.55ns)   --->   "%count = add nsw i32 %count_1_load, 1" [imageprosseing/imgpro.c:234]   --->   Operation 116 'add' 'count' <Predicate = (icmp_ln232)> <Delay = 2.55> <Core = "AddSub">   --->   Core 14 'AddSub' <Latency = 0> <II = 1> <Delay = 2.55> <FuncUnit> <Opcode : 'add' 'sub'> <InPorts = 2> <OutPorts = 1>
ST_10 : Operation 117 [1/1] (1.81ns)   --->   "store i32 %count, i32* %count_1" [imageprosseing/imgpro.c:236]   --->   Operation 117 'store' <Predicate = (icmp_ln232)> <Delay = 1.81>
ST_10 : Operation 118 [1/1] (0.00ns)   --->   "br label %row_end" [imageprosseing/imgpro.c:236]   --->   Operation 118 'br' <Predicate = (icmp_ln232)> <Delay = 0.00>
ST_10 : Operation 119 [1/1] (0.00ns)   --->   "%empty_5 = call i32 (...)* @_ssdm_op_SpecRegionEnd([4 x i8]* @p_str, i32 %tmp_1) nounwind" [imageprosseing/imgpro.c:256]   --->   Operation 119 'specregionend' 'empty_5' <Predicate = (!icmp_ln228)> <Delay = 0.00>
ST_10 : Operation 120 [1/1] (0.00ns)   --->   "br label %.preheader" [imageprosseing/imgpro.c:228]   --->   Operation 120 'br' <Predicate = (!icmp_ln228)> <Delay = 0.00>

State 11 <SV = 4> <Delay = 0.00>
ST_11 : Operation 121 [1/1] (0.00ns)   --->   "ret void" [imageprosseing/imgpro.c:274]   --->   Operation 121 'ret' <Predicate = true> <Delay = 0.00>


============================================================
+ Verbose Summary: Timing violations
============================================================
Target clock period: 10ns, clock uncertainty: 1.25ns.

 <State 1>: 1.77ns
The critical path consists of the following:
	multiplexor before 'phi' operation ('indvar_flatten', imageprosseing/imgpro.c:211) with incoming values : ('add_ln211', imageprosseing/imgpro.c:211) [9]  (1.77 ns)

 <State 2>: 6.78ns
The critical path consists of the following:
	'phi' operation ('i_0', imageprosseing/imgpro.c:220) with incoming values : ('select_ln220_2', imageprosseing/imgpro.c:220) [11]  (0 ns)
	'add' operation ('i', imageprosseing/imgpro.c:211) [20]  (1.78 ns)
	'select' operation ('select_ln220_2', imageprosseing/imgpro.c:220) [27]  (1.22 ns)
	'mul' operation ('mul_ln218', imageprosseing/imgpro.c:218) [29]  (3.78 ns)

 <State 3>: 6.77ns
The critical path consists of the following:
	'sub' operation ('sub_ln220', imageprosseing/imgpro.c:220) [49]  (1.78 ns)
	'select' operation ('select_ln220_4', imageprosseing/imgpro.c:220) [50]  (0 ns)
	'add' operation ('add_ln220_1', imageprosseing/imgpro.c:220) [52]  (1.73 ns)
	'getelementptr' operation ('as_addr_1', imageprosseing/imgpro.c:220) [54]  (0 ns)
	'load' operation ('as_load_1', imageprosseing/imgpro.c:220) on array 'as' [55]  (3.25 ns)

 <State 4>: 6.51ns
The critical path consists of the following:
	'load' operation ('as_load', imageprosseing/imgpro.c:218) on array 'as' [44]  (3.25 ns)
	'store' operation ('store_ln218', imageprosseing/imgpro.c:218) of variable 'as_load', imageprosseing/imgpro.c:218 on array 'odoarr', imageprosseing/imgpro.c:208 [47]  (3.25 ns)

 <State 5>: 3.25ns
The critical path consists of the following:
	'getelementptr' operation ('odoarr_addr_3', imageprosseing/imgpro.c:220) [58]  (0 ns)
	'store' operation ('store_ln220', imageprosseing/imgpro.c:220) of variable 'as_load_1', imageprosseing/imgpro.c:220 on array 'odoarr', imageprosseing/imgpro.c:208 [59]  (3.25 ns)

 <State 6>: 1.81ns
The critical path consists of the following:
	'alloca' operation ('count') [64]  (0 ns)
	'store' operation ('store_ln228', imageprosseing/imgpro.c:228) of constant 1 on local variable 'count' [67]  (1.81 ns)

 <State 7>: 4.98ns
The critical path consists of the following:
	'phi' operation ('i') with incoming values : ('i', imageprosseing/imgpro.c:232) [70]  (0 ns)
	'add' operation ('i', imageprosseing/imgpro.c:232) [73]  (1.73 ns)
	'getelementptr' operation ('odoarr_addr', imageprosseing/imgpro.c:232) [81]  (0 ns)
	'load' operation ('odoarr_load', imageprosseing/imgpro.c:232) on array 'odoarr', imageprosseing/imgpro.c:208 [82]  (3.25 ns)

 <State 8>: 5.73ns
The critical path consists of the following:
	'load' operation ('odoarr_load', imageprosseing/imgpro.c:232) on array 'odoarr', imageprosseing/imgpro.c:208 [82]  (3.25 ns)
	'icmp' operation ('icmp_ln232', imageprosseing/imgpro.c:232) [86]  (2.47 ns)

 <State 9>: 5.73ns
The critical path consists of the following:
	'load' operation ('odoarr_load_2', imageprosseing/imgpro.c:237) on array 'odoarr', imageprosseing/imgpro.c:208 [94]  (3.25 ns)
	'icmp' operation ('icmp_ln237', imageprosseing/imgpro.c:237) [95]  (2.47 ns)

 <State 10>: 5.81ns
The critical path consists of the following:
	'add' operation ('add_ln241', imageprosseing/imgpro.c:241) [99]  (2.55 ns)
	'getelementptr' operation ('bs_addr_1', imageprosseing/imgpro.c:241) [101]  (0 ns)
	'store' operation ('store_ln241', imageprosseing/imgpro.c:241) of variable 'select_ln243', imageprosseing/imgpro.c:243 on array 'bs' [103]  (3.25 ns)

 <State 11>: 0ns
The critical path consists of the following:


============================================================
+ Verbose Summary: Binding
============================================================
N/A
* FSMD analyzer results:
  - Output states:
 - Input state : 
  - Chain level:
	State 1
	State 2
	State 3
	State 4
	State 5
	State 6
	State 7
	State 8
	State 9
	State 10
	State 11


============================================================
+ Verbose Summary: Datapath Resource usage 
============================================================
N/A
